###############################################################
#  Generated by:      Cadence Innovus 21.11-s130_1
#  OS:                Linux x86_64(Host ID redondo-asia-tpe-desktop-pawanekar-0)
#  Generated on:      Fri Nov  3 03:02:47 2023
#  Design:            aes_cipher_top
#  Command:           verifyConnectivity -type all -connLoop -append -dividePowerNet -rawViolsMark -useNewOpenVio -removeOldOpenVio -useVirtualConnection -error 1000000 -warning 50000
###############################################################
Verify Connectivity Report is created on Fri Nov  3 03:02:47 2023



Net us32.a[0]: loop at (312.960, 262.240) (321.380, 262.380)
Net VSS: dangling Wire at (2.300, 573.680) (2.300, 573.680) on layer: met5
Net VSS: dangling Wire at (771.420, 573.680) (771.420, 573.680) on layer: met5
Net VSS: dangling Wire at (2.300, 546.480) (2.300, 546.480) on layer: met5
Net VSS: dangling Wire at (771.420, 546.480) (771.420, 546.480) on layer: met5
Net VSS: dangling Wire at (2.300, 519.280) (2.300, 519.280) on layer: met5
Net VSS: dangling Wire at (771.420, 519.280) (771.420, 519.280) on layer: met5
Net VSS: dangling Wire at (2.300, 492.080) (2.300, 492.080) on layer: met5
Net VSS: dangling Wire at (771.420, 492.080) (771.420, 492.080) on layer: met5
Net VSS: dangling Wire at (2.300, 437.680) (2.300, 437.680) on layer: met5
Net VSS: dangling Wire at (771.420, 437.680) (771.420, 437.680) on layer: met5
Net VSS: dangling Wire at (2.300, 464.880) (2.300, 464.880) on layer: met5
Net VSS: dangling Wire at (771.420, 464.880) (771.420, 464.880) on layer: met5
Net VSS: dangling Wire at (2.300, 410.480) (2.300, 410.480) on layer: met5
Net VSS: dangling Wire at (771.420, 410.480) (771.420, 410.480) on layer: met5
Net VSS: dangling Wire at (2.300, 628.080) (2.300, 628.080) on layer: met5
Net VSS: dangling Wire at (771.420, 628.080) (771.420, 628.080) on layer: met5
Net VSS: dangling Wire at (2.300, 655.280) (2.300, 655.280) on layer: met5
Net VSS: dangling Wire at (771.420, 655.280) (771.420, 655.280) on layer: met5
Net VSS: dangling Wire at (2.300, 600.880) (2.300, 600.880) on layer: met5
Net VSS: dangling Wire at (771.420, 600.880) (771.420, 600.880) on layer: met5
Net VSS: dangling Wire at (2.300, 709.680) (2.300, 709.680) on layer: met5
Net VSS: dangling Wire at (771.420, 709.680) (771.420, 709.680) on layer: met5
Net VSS: dangling Wire at (2.300, 682.480) (2.300, 682.480) on layer: met5
Net VSS: dangling Wire at (771.420, 682.480) (771.420, 682.480) on layer: met5
Net VSS: dangling Wire at (2.300, 736.880) (2.300, 736.880) on layer: met5
Net VSS: dangling Wire at (771.420, 736.880) (771.420, 736.880) on layer: met5
Net VSS: dangling Wire at (2.300, 764.080) (2.300, 764.080) on layer: met5
Net VSS: dangling Wire at (771.420, 764.080) (771.420, 764.080) on layer: met5
Net VSS: dangling Wire at (2.300, 192.880) (2.300, 192.880) on layer: met5
Net VSS: dangling Wire at (771.420, 192.880) (771.420, 192.880) on layer: met5
Net VSS: dangling Wire at (2.300, 165.680) (2.300, 165.680) on layer: met5
Net VSS: dangling Wire at (771.420, 165.680) (771.420, 165.680) on layer: met5
Net VSS: dangling Wire at (2.300, 138.480) (2.300, 138.480) on layer: met5
Net VSS: dangling Wire at (771.420, 138.480) (771.420, 138.480) on layer: met5
Net VSS: dangling Wire at (2.300, 111.280) (2.300, 111.280) on layer: met5
Net VSS: dangling Wire at (771.420, 111.280) (771.420, 111.280) on layer: met5
Net VSS: dangling Wire at (2.300, 84.080) (2.300, 84.080) on layer: met5
Net VSS: dangling Wire at (771.420, 84.080) (771.420, 84.080) on layer: met5
Net VSS: dangling Wire at (2.300, 56.880) (2.300, 56.880) on layer: met5
Net VSS: dangling Wire at (771.420, 56.880) (771.420, 56.880) on layer: met5
Net VSS: dangling Wire at (2.300, 29.680) (2.300, 29.680) on layer: met5
Net VSS: dangling Wire at (771.420, 29.680) (771.420, 29.680) on layer: met5
Net VSS: dangling Wire at (2.300, 247.280) (2.300, 247.280) on layer: met5
Net VSS: dangling Wire at (771.420, 247.280) (771.420, 247.280) on layer: met5
Net VSS: dangling Wire at (2.300, 274.480) (2.300, 274.480) on layer: met5
Net VSS: dangling Wire at (771.420, 274.480) (771.420, 274.480) on layer: met5
Net VSS: dangling Wire at (2.300, 220.080) (2.300, 220.080) on layer: met5
Net VSS: dangling Wire at (771.420, 220.080) (771.420, 220.080) on layer: met5
Net VSS: dangling Wire at (2.300, 328.880) (2.300, 328.880) on layer: met5
Net VSS: dangling Wire at (771.420, 328.880) (771.420, 328.880) on layer: met5
Net VSS: dangling Wire at (2.300, 301.680) (2.300, 301.680) on layer: met5
Net VSS: dangling Wire at (771.420, 301.680) (771.420, 301.680) on layer: met5
Net VSS: dangling Wire at (2.300, 356.080) (2.300, 356.080) on layer: met5
Net VSS: dangling Wire at (771.420, 356.080) (771.420, 356.080) on layer: met5
Net VSS: dangling Wire at (2.300, 383.280) (2.300, 383.280) on layer: met5
Net VSS: dangling Wire at (771.420, 383.280) (771.420, 383.280) on layer: met5
Net VDD: dangling Wire at (395.830, 2.480) (395.830, 2.480) on layer: met4
Net VDD: dangling Wire at (395.830, 770.000) (395.830, 770.000) on layer: met4
Net VDD: dangling Wire at (422.970, 2.480) (422.970, 2.480) on layer: met4
Net VDD: dangling Wire at (422.970, 770.000) (422.970, 770.000) on layer: met4
Net VDD: dangling Wire at (450.110, 2.480) (450.110, 2.480) on layer: met4
Net VDD: dangling Wire at (450.110, 770.000) (450.110, 770.000) on layer: met4
Net VDD: dangling Wire at (477.250, 2.480) (477.250, 2.480) on layer: met4
Net VDD: dangling Wire at (477.250, 770.000) (477.250, 770.000) on layer: met4
Net VDD: dangling Wire at (504.390, 2.480) (504.390, 2.480) on layer: met4
Net VDD: dangling Wire at (504.390, 770.000) (504.390, 770.000) on layer: met4
Net VDD: dangling Wire at (531.530, 2.480) (531.530, 2.480) on layer: met4
Net VDD: dangling Wire at (531.530, 770.000) (531.530, 770.000) on layer: met4
Net VDD: dangling Wire at (558.670, 2.480) (558.670, 2.480) on layer: met4
Net VDD: dangling Wire at (558.670, 770.000) (558.670, 770.000) on layer: met4
Net VDD: dangling Wire at (585.810, 2.480) (585.810, 2.480) on layer: met4
Net VDD: dangling Wire at (585.810, 770.000) (585.810, 770.000) on layer: met4
Net VDD: dangling Wire at (612.950, 2.480) (612.950, 2.480) on layer: met4
Net VDD: dangling Wire at (612.950, 770.000) (612.950, 770.000) on layer: met4
Net VDD: dangling Wire at (667.230, 2.480) (667.230, 2.480) on layer: met4
Net VDD: dangling Wire at (667.230, 770.000) (667.230, 770.000) on layer: met4
Net VDD: dangling Wire at (694.370, 2.480) (694.370, 2.480) on layer: met4
Net VDD: dangling Wire at (694.370, 770.000) (694.370, 770.000) on layer: met4
Net VDD: dangling Wire at (721.510, 2.480) (721.510, 2.480) on layer: met4
Net VDD: dangling Wire at (721.510, 770.000) (721.510, 770.000) on layer: met4
Net VDD: dangling Wire at (748.650, 2.480) (748.650, 2.480) on layer: met4
Net VDD: dangling Wire at (748.650, 770.000) (748.650, 770.000) on layer: met4
Net VDD: dangling Wire at (640.090, 2.480) (640.090, 2.480) on layer: met4
Net VDD: dangling Wire at (640.090, 770.000) (640.090, 770.000) on layer: met4
Net VDD: dangling Wire at (2.300, 451.280) (2.300, 451.280) on layer: met5
Net VDD: dangling Wire at (771.420, 451.280) (771.420, 451.280) on layer: met5
Net VDD: dangling Wire at (2.300, 424.080) (2.300, 424.080) on layer: met5
Net VDD: dangling Wire at (771.420, 424.080) (771.420, 424.080) on layer: met5
Net VDD: dangling Wire at (2.300, 396.880) (2.300, 396.880) on layer: met5
Net VDD: dangling Wire at (771.420, 396.880) (771.420, 396.880) on layer: met5
Net VDD: dangling Wire at (2.300, 723.280) (2.300, 723.280) on layer: met5
Net VDD: dangling Wire at (771.420, 723.280) (771.420, 723.280) on layer: met5
Net VDD: dangling Wire at (2.300, 750.480) (2.300, 750.480) on layer: met5
Net VDD: dangling Wire at (771.420, 750.480) (771.420, 750.480) on layer: met5
Net VDD: dangling Wire at (2.300, 696.080) (2.300, 696.080) on layer: met5
Net VDD: dangling Wire at (771.420, 696.080) (771.420, 696.080) on layer: met5
Net VDD: dangling Wire at (2.300, 478.480) (2.300, 478.480) on layer: met5
Net VDD: dangling Wire at (771.420, 478.480) (771.420, 478.480) on layer: met5
Net VDD: dangling Wire at (2.300, 505.680) (2.300, 505.680) on layer: met5
Net VDD: dangling Wire at (771.420, 505.680) (771.420, 505.680) on layer: met5
Net VDD: dangling Wire at (2.300, 532.880) (2.300, 532.880) on layer: met5
Net VDD: dangling Wire at (771.420, 532.880) (771.420, 532.880) on layer: met5
Net VDD: dangling Wire at (2.300, 560.080) (2.300, 560.080) on layer: met5
Net VDD: dangling Wire at (771.420, 560.080) (771.420, 560.080) on layer: met5
Net VDD: dangling Wire at (2.300, 587.280) (2.300, 587.280) on layer: met5
Net VDD: dangling Wire at (771.420, 587.280) (771.420, 587.280) on layer: met5
Net VDD: dangling Wire at (2.300, 614.480) (2.300, 614.480) on layer: met5
Net VDD: dangling Wire at (771.420, 614.480) (771.420, 614.480) on layer: met5
Net VDD: dangling Wire at (2.300, 641.680) (2.300, 641.680) on layer: met5
Net VDD: dangling Wire at (771.420, 641.680) (771.420, 641.680) on layer: met5
Net VDD: dangling Wire at (2.300, 668.880) (2.300, 668.880) on layer: met5
Net VDD: dangling Wire at (771.420, 668.880) (771.420, 668.880) on layer: met5
Net VDD: dangling Wire at (15.870, 2.480) (15.870, 2.480) on layer: met4
Net VDD: dangling Wire at (15.870, 770.000) (15.870, 770.000) on layer: met4
Net VDD: dangling Wire at (2.300, 179.280) (2.300, 179.280) on layer: met5
Net VDD: dangling Wire at (771.420, 179.280) (771.420, 179.280) on layer: met5
Net VDD: dangling Wire at (43.010, 2.480) (43.010, 2.480) on layer: met4
Net VDD: dangling Wire at (43.010, 770.000) (43.010, 770.000) on layer: met4
Net VDD: dangling Wire at (2.300, 97.680) (2.300, 97.680) on layer: met5
Net VDD: dangling Wire at (771.420, 97.680) (771.420, 97.680) on layer: met5
Net VDD: dangling Wire at (70.150, 2.480) (70.150, 2.480) on layer: met4
Net VDD: dangling Wire at (70.150, 770.000) (70.150, 770.000) on layer: met4
Net VDD: dangling Wire at (2.300, 152.080) (2.300, 152.080) on layer: met5
Net VDD: dangling Wire at (771.420, 152.080) (771.420, 152.080) on layer: met5
Net VDD: dangling Wire at (97.290, 2.480) (97.290, 2.480) on layer: met4
Net VDD: dangling Wire at (97.290, 770.000) (97.290, 770.000) on layer: met4
Net VDD: dangling Wire at (2.300, 124.880) (2.300, 124.880) on layer: met5
Net VDD: dangling Wire at (771.420, 124.880) (771.420, 124.880) on layer: met5
Net VDD: dangling Wire at (124.430, 2.480) (124.430, 2.480) on layer: met4
Net VDD: dangling Wire at (124.430, 770.000) (124.430, 770.000) on layer: met4
Net VDD: dangling Wire at (2.300, 70.480) (2.300, 70.480) on layer: met5
Net VDD: dangling Wire at (771.420, 70.480) (771.420, 70.480) on layer: met5
Net VDD: dangling Wire at (151.570, 2.480) (151.570, 2.480) on layer: met4
Net VDD: dangling Wire at (151.570, 770.000) (151.570, 770.000) on layer: met4
Net VDD: dangling Wire at (2.300, 43.280) (2.300, 43.280) on layer: met5
Net VDD: dangling Wire at (771.420, 43.280) (771.420, 43.280) on layer: met5
Net VDD: dangling Wire at (178.710, 2.480) (178.710, 2.480) on layer: met4
Net VDD: dangling Wire at (178.710, 770.000) (178.710, 770.000) on layer: met4
Net VDD: dangling Wire at (2.300, 16.080) (2.300, 16.080) on layer: met5
Net VDD: dangling Wire at (771.420, 16.080) (771.420, 16.080) on layer: met5
Net VDD: dangling Wire at (205.850, 2.480) (205.850, 2.480) on layer: met4
Net VDD: dangling Wire at (205.850, 770.000) (205.850, 770.000) on layer: met4
Net VDD: dangling Wire at (232.990, 2.480) (232.990, 2.480) on layer: met4
Net VDD: dangling Wire at (232.990, 770.000) (232.990, 770.000) on layer: met4
Net VDD: dangling Wire at (260.130, 2.480) (260.130, 2.480) on layer: met4
Net VDD: dangling Wire at (260.130, 770.000) (260.130, 770.000) on layer: met4
Net VDD: dangling Wire at (287.270, 2.480) (287.270, 2.480) on layer: met4
Net VDD: dangling Wire at (287.270, 770.000) (287.270, 770.000) on layer: met4
Net VDD: dangling Wire at (2.300, 288.080) (2.300, 288.080) on layer: met5
Net VDD: dangling Wire at (771.420, 288.080) (771.420, 288.080) on layer: met5
Net VDD: dangling Wire at (341.550, 2.480) (341.550, 2.480) on layer: met4
Net VDD: dangling Wire at (341.550, 770.000) (341.550, 770.000) on layer: met4
Net VDD: dangling Wire at (368.690, 2.480) (368.690, 2.480) on layer: met4
Net VDD: dangling Wire at (368.690, 770.000) (368.690, 770.000) on layer: met4
Net VDD: dangling Wire at (2.300, 260.880) (2.300, 260.880) on layer: met5
Net VDD: dangling Wire at (771.420, 260.880) (771.420, 260.880) on layer: met5
Net VDD: dangling Wire at (2.300, 233.680) (2.300, 233.680) on layer: met5
Net VDD: dangling Wire at (771.420, 233.680) (771.420, 233.680) on layer: met5
Net VDD: dangling Wire at (2.300, 206.480) (2.300, 206.480) on layer: met5
Net VDD: dangling Wire at (771.420, 206.480) (771.420, 206.480) on layer: met5
Net VDD: dangling Wire at (2.300, 342.480) (2.300, 342.480) on layer: met5
Net VDD: dangling Wire at (771.420, 342.480) (771.420, 342.480) on layer: met5
Net VDD: dangling Wire at (2.300, 315.280) (2.300, 315.280) on layer: met5
Net VDD: dangling Wire at (771.420, 315.280) (771.420, 315.280) on layer: met5
Net VDD: dangling Wire at (2.300, 369.680) (2.300, 369.680) on layer: met5
Net VDD: dangling Wire at (771.420, 369.680) (771.420, 369.680) on layer: met5
Net VDD: dangling Wire at (314.410, 2.480) (314.410, 2.480) on layer: met4
Net VDD: dangling Wire at (314.410, 770.000) (314.410, 770.000) on layer: met4

Begin Summary
    1 Problem(s) (IMPVFC-93): The net has a loop.
    168 Problem(s) (IMPVFC-94): The net has dangling wire(s).
    169 total info(s) created.
End Summary
