###############################################################
#  Generated by:      Cadence Innovus 21.11-s130_1
#  OS:                Linux x86_64(Host ID redondo-asia-tpe-desktop-pawanekar-0)
#  Generated on:      Fri Nov  3 03:55:08 2023
#  Design:            aes_cipher_top
#  Command:           verifyConnectivity -type all -connLoop -append -dividePowerNet -rawViolsMark -useNewOpenVio -removeOldOpenVio -useVirtualConnection -error 1000000 -warning 50000
###############################################################
Verify Connectivity Report is created on Fri Nov  3 03:55:08 2023



Net VSS: dangling Wire at (2.090, 144.715) (2.090, 144.715) on layer: metal7
Net VSS: dangling Wire at (336.110, 144.715) (336.110, 144.715) on layer: metal7
Net VSS: dangling Wire at (2.090, 224.715) (2.090, 224.715) on layer: metal7
Net VSS: dangling Wire at (336.110, 224.715) (336.110, 224.715) on layer: metal7
Net VSS: dangling Wire at (2.090, 184.715) (2.090, 184.715) on layer: metal7
Net VSS: dangling Wire at (336.110, 184.715) (336.110, 184.715) on layer: metal7
Net VSS: dangling Wire at (2.090, 264.715) (2.090, 264.715) on layer: metal7
Net VSS: dangling Wire at (336.110, 264.715) (336.110, 264.715) on layer: metal7
Net VSS: dangling Wire at (2.090, 304.715) (2.090, 304.715) on layer: metal7
Net VSS: dangling Wire at (336.110, 304.715) (336.110, 304.715) on layer: metal7
Net VSS: dangling Wire at (2.090, 64.715) (2.090, 64.715) on layer: metal7
Net VSS: dangling Wire at (336.110, 64.715) (336.110, 64.715) on layer: metal7
Net VSS: dangling Wire at (2.090, 24.715) (2.090, 24.715) on layer: metal7
Net VSS: dangling Wire at (336.110, 24.715) (336.110, 24.715) on layer: metal7
Net VSS: dangling Wire at (2.090, 104.715) (2.090, 104.715) on layer: metal7
Net VSS: dangling Wire at (336.110, 104.715) (336.110, 104.715) on layer: metal7
Net VDD: dangling Wire at (2.090, 244.715) (2.090, 244.715) on layer: metal7
Net VDD: dangling Wire at (336.110, 244.715) (336.110, 244.715) on layer: metal7
Net VDD: dangling Wire at (228.090, 2.715) (228.090, 2.715) on layer: metal4
Net VDD: dangling Wire at (228.090, 336.085) (228.090, 336.085) on layer: metal4
Net VDD: dangling Wire at (2.090, 204.715) (2.090, 204.715) on layer: metal7
Net VDD: dangling Wire at (336.110, 204.715) (336.110, 204.715) on layer: metal7
Net VDD: dangling Wire at (2.090, 284.715) (2.090, 284.715) on layer: metal7
Net VDD: dangling Wire at (336.110, 284.715) (336.110, 284.715) on layer: metal7
Net VDD: dangling Wire at (2.090, 324.715) (2.090, 324.715) on layer: metal7
Net VDD: dangling Wire at (336.110, 324.715) (336.110, 324.715) on layer: metal7
Net VDD: dangling Wire at (172.090, 2.715) (172.090, 2.715) on layer: metal4
Net VDD: dangling Wire at (172.090, 336.085) (172.090, 336.085) on layer: metal4
Net VDD: dangling Wire at (2.090, 84.715) (2.090, 84.715) on layer: metal7
Net VDD: dangling Wire at (336.110, 84.715) (336.110, 84.715) on layer: metal7
Net VDD: dangling Wire at (284.090, 2.715) (284.090, 2.715) on layer: metal4
Net VDD: dangling Wire at (284.090, 336.085) (284.090, 336.085) on layer: metal4
Net VDD: dangling Wire at (2.090, 44.715) (2.090, 44.715) on layer: metal7
Net VDD: dangling Wire at (336.110, 44.715) (336.110, 44.715) on layer: metal7
Net VDD: dangling Wire at (2.090, 4.715) (2.090, 4.715) on layer: metal7
Net VDD: dangling Wire at (336.110, 4.715) (336.110, 4.715) on layer: metal7
Net VDD: dangling Wire at (2.090, 124.715) (2.090, 124.715) on layer: metal7
Net VDD: dangling Wire at (336.110, 124.715) (336.110, 124.715) on layer: metal7
Net VDD: dangling Wire at (4.090, 2.715) (4.090, 2.715) on layer: metal4
Net VDD: dangling Wire at (4.090, 336.085) (4.090, 336.085) on layer: metal4
Net VDD: dangling Wire at (60.090, 2.715) (60.090, 2.715) on layer: metal4
Net VDD: dangling Wire at (60.090, 336.085) (60.090, 336.085) on layer: metal4
Net VDD: dangling Wire at (116.090, 2.715) (116.090, 2.715) on layer: metal4
Net VDD: dangling Wire at (116.090, 336.085) (116.090, 336.085) on layer: metal4
Net VDD: dangling Wire at (2.090, 164.715) (2.090, 164.715) on layer: metal7
Net VDD: dangling Wire at (336.110, 164.715) (336.110, 164.715) on layer: metal7

Begin Summary
    46 Problem(s) (IMPVFC-94): The net has dangling wire(s).
    46 total info(s) created.
End Summary
