###############################################################
#  Generated by:      Cadence Innovus 21.11-s130_1
#  OS:                Linux x86_64(Host ID redondo-asia-tpe-desktop-pawanekar-0)
#  Generated on:      Fri Nov  3 03:02:49 2023
#  Design:            aes_cipher_top
#  Command:           verifyProcessAntenna -report aes_cipher_top_3.sky130hd.antenna.rpt -error 1000000
###############################################################
clk (2)
  clkbuf_0_clk  (sky130_fd_sc_hd__buf_1) A
[1]      met4:  Area: 21.4536  S.Area:115.3600  G.Area:  0.1965  D.Area:  0.0000
                Fact:  1.0000     PAR:587.0738   Ratio:400.0000       (S.Area)
u0.w[2][23] (4)
  _48378_  (sky130_fd_sc_hd__xor2_1) A
[1]      met3:  Area: 39.5830  S.Area:211.5760  G.Area:  0.4950  D.Area:  0.0000
                Fact:  1.0000     PAR:427.4263   Ratio:400.0000       (S.Area)
text_in_r[98] (3)
  _45841_  (sky130_fd_sc_hd__nand2_1) B
[1]      met3:  Area: 64.4638  S.Area:344.7440  G.Area:  0.2475  D.Area:  0.0000
                Fact:  1.0000     PAR:1.3929e+03   Ratio:400.0000       (S.Area)
net892 (7)
  rebuffer402  (sky130_fd_sc_hd__dlygate4sd1_1) A
[1]      met3:  Area: 14.8760  S.Area: 80.2720  G.Area:  0.1260  D.Area:  0.0000
                Fact:  1.0000     PAR:637.0794   Ratio:400.0000       (S.Area)
net857 (7)
  rebuffer440  (sky130_fd_sc_hd__dlygate4sd1_1) A
[1]      met1:  Area: 11.4265  S.Area: 56.9100  G.Area:  0.1260  D.Area:  0.0000
                Fact:  1.0000     PAR:451.6667   Ratio:400.0000       (S.Area)
net466 (11)
  _25080_  (sky130_fd_sc_hd__a31oi_1) A2
[1]      met3:  Area:105.3435  S.Area:562.7520  G.Area:  1.2375  D.Area:  0.0000
                Fact:  1.0000     PAR:454.7491   Ratio:400.0000       (S.Area)
  _24573_  (sky130_fd_sc_hd__nand2_4) B
[1]      met3:  Area:105.3435  S.Area:562.7520  G.Area:  1.2375  D.Area:  0.0000
                Fact:  1.0000     PAR:454.7491   Ratio:400.0000       (S.Area)
net391 (23)
  _32920_  (sky130_fd_sc_hd__nand2_1) A
[1]      met3:  Area: 45.8787  S.Area:245.1360  G.Area:  0.2475  D.Area:  0.0000
                Fact:  1.0000     PAR:990.4485   Ratio:400.0000       (S.Area)
clknet_3_7_0_clk (9)
  clkbuf_leaf_34_clk  (sky130_fd_sc_hd__buf_1) A
[1]      met3:  Area: 18.5470  S.Area: 99.3840  G.Area:  0.1965  D.Area:  0.0000
                Fact:  1.0000     PAR:505.7710   Ratio:400.0000       (S.Area)
clknet_3_0_0_clk (10)
  clkbuf_leaf_71_clk  (sky130_fd_sc_hd__buf_1) A
[1]      met3:  Area: 23.7190  S.Area:126.9680  G.Area:  0.1965  D.Area:  0.0000
                Fact:  1.0000     PAR:646.1476   Ratio:400.0000       (S.Area)
clknet_1_1_1_clk (3)
  clkbuf_2_3_0_clk  (sky130_fd_sc_hd__buf_1) A
[1]      met3:  Area: 16.0438  S.Area: 86.5040  G.Area:  0.1965  D.Area:  0.0000
                Fact:  1.0000     PAR:440.2239   Ratio:400.0000       (S.Area)
clknet_1_0_1_clk (3)
  clkbuf_2_1_0_clk  (sky130_fd_sc_hd__buf_1) A
[1]      met3:  Area: 32.6224  S.Area:174.4480  G.Area:  0.3930  D.Area:  0.0000
                Fact:  1.0000     PAR:443.8880   Ratio:400.0000       (S.Area)
  clkbuf_2_0_0_clk  (sky130_fd_sc_hd__buf_1) A
[1]      met3:  Area: 32.6224  S.Area:174.4480  G.Area:  0.3930  D.Area:  0.0000
                Fact:  1.0000     PAR:443.8880   Ratio:400.0000       (S.Area)
_24251_ (3)
  _33059_  (sky130_fd_sc_hd__nand3_1) C
[1]      met3:  Area: 59.1730  S.Area:316.0560  G.Area:  0.4950  D.Area:  0.0000
                Fact:  1.0000     PAR:638.4970   Ratio:400.0000       (S.Area)
  _33057_  (sky130_fd_sc_hd__nand2_1) B
[1]      met3:  Area: 59.1730  S.Area:316.0560  G.Area:  0.4950  D.Area:  0.0000
                Fact:  1.0000     PAR:638.4970   Ratio:400.0000       (S.Area)
_24159_ (2)
  _32961_  (sky130_fd_sc_hd__nand2_1) A
[1]      met3:  Area: 29.0950  S.Area:155.6400  G.Area:  0.2475  D.Area:  0.0000
                Fact:  1.0000     PAR:628.8485   Ratio:400.0000       (S.Area)
_21746_ (2)
  _30540_  (sky130_fd_sc_hd__nor2_1) A
[1]      met3:  Area: 29.3110  S.Area:156.7920  G.Area:  0.2475  D.Area:  0.0000
                Fact:  1.0000     PAR:633.5030   Ratio:400.0000       (S.Area)
_21012_ (10)
  _32000_  (sky130_fd_sc_hd__o21ai_0) B1
[1]      met3:  Area: 18.3910  S.Area: 99.0000  G.Area:  0.1590  D.Area:  0.0000
                Fact:  1.0000     PAR:622.6415   Ratio:400.0000       (S.Area)
_20959_ (4)
  _29751_  (sky130_fd_sc_hd__nor2_1) A
[1]      met3:  Area: 21.6671  S.Area:116.0160  G.Area:  0.2475  D.Area:  0.0000
                Fact:  1.0000     PAR:468.7515   Ratio:400.0000       (S.Area)
_20602_ (8)
  _29394_  (sky130_fd_sc_hd__o21ai_0) A1
[1]      met3:  Area: 16.1528  S.Area: 87.5520  G.Area:  0.1590  D.Area:  0.0000
                Fact:  1.0000     PAR:550.6415   Ratio:400.0000       (S.Area)
_19729_ (3)
  _29033_  (sky130_fd_sc_hd__nand3_1) A
[1]      met3:  Area: 38.5846  S.Area:207.1920  G.Area:  0.4950  D.Area:  0.0000
                Fact:  1.0000     PAR:418.5697   Ratio:400.0000       (S.Area)
  _28655_  (sky130_fd_sc_hd__nand3_1) A
[1]      met3:  Area: 38.5846  S.Area:207.1920  G.Area:  0.4950  D.Area:  0.0000
                Fact:  1.0000     PAR:418.5697   Ratio:400.0000       (S.Area)
_19506_ (14)
  _32285_  (sky130_fd_sc_hd__o21ai_0) A2
[1]      met3:  Area: 12.1512  S.Area: 65.2560  G.Area:  0.1590  D.Area:  0.0000
                Fact:  1.0000     PAR:410.4151   Ratio:400.0000       (S.Area)
_19411_ (2)
  _28194_  (sky130_fd_sc_hd__nand2_1) B
[1]      met3:  Area: 34.2070  S.Area:182.9040  G.Area:  0.2475  D.Area:  0.0000
                Fact:  1.0000     PAR:739.0061   Ratio:400.0000       (S.Area)
_19394_ (2)
  _28171_  (sky130_fd_sc_hd__nand2_1) B
[1]      met3:  Area: 51.9430  S.Area:277.4960  G.Area:  0.2475  D.Area:  0.0000
                Fact:  1.0000     PAR:1.1212e+03   Ratio:400.0000       (S.Area)
_19378_ (2)
  _28151_  (sky130_fd_sc_hd__nand2_1) B
[1]      met3:  Area: 23.3650  S.Area:125.0800  G.Area:  0.2475  D.Area:  0.0000
                Fact:  1.0000     PAR:505.3737   Ratio:400.0000       (S.Area)
_19373_ (2)
  _28145_  (sky130_fd_sc_hd__nand2_1) B
[1]      met4:  Area: 41.0548  S.Area:215.3040  G.Area:  0.2475  D.Area:  0.0000
                Fact:  1.0000     PAR:869.9152   Ratio:400.0000       (S.Area)
_19361_ (2)
  _28130_  (sky130_fd_sc_hd__nand2_1) B
[1]      met3:  Area: 32.6506  S.Area:175.5440  G.Area:  0.2475  D.Area:  0.0000
                Fact:  1.0000     PAR:709.2687   Ratio:400.0000       (S.Area)
_19356_ (2)
  _28124_  (sky130_fd_sc_hd__nand2_1) B
[1]      met4:  Area: 21.4108  S.Area:110.5360  G.Area:  0.2475  D.Area:  0.0000
                Fact:  1.0000     PAR:446.6101   Ratio:400.0000       (S.Area)
_19345_ (2)
  _28110_  (sky130_fd_sc_hd__o21ai_0) B1
[1]      met3:  Area: 14.4538  S.Area: 78.0240  G.Area:  0.1590  D.Area:  0.0000
                Fact:  1.0000     PAR:490.7170   Ratio:400.0000       (S.Area)
_19338_ (2)
  _28101_  (sky130_fd_sc_hd__nand2_1) B
[1]      met3:  Area: 36.4750  S.Area:195.0000  G.Area:  0.2475  D.Area:  0.0000
                Fact:  1.0000     PAR:787.8788   Ratio:400.0000       (S.Area)
_19315_ (2)
  _28072_  (sky130_fd_sc_hd__o21ai_0) B1
[1]      met4:  Area:123.2496  S.Area:658.2720  G.Area:  0.1590  D.Area:  2.8620
                Fact:  1.0000     PAR:4.1401e+03   Ratio:3.7448e+03       (S.Area)
_19309_ (2)
  _28065_  (sky130_fd_sc_hd__o21ai_0) B1
[1]      met2:  Area: 14.6327  S.Area: 72.9925  G.Area:  0.1590  D.Area:  0.0000
                Fact:  1.0000     PAR:459.0723   Ratio:400.0000       (S.Area)
[1]      met3:  Area: 17.9950  S.Area: 96.4400  G.Area:  0.1590  D.Area:  0.0000
                Fact:  1.0000     PAR:606.5409   Ratio:400.0000       (S.Area)
_19230_ (2)
  _27974_  (sky130_fd_sc_hd__a31oi_1) B1
[1]      met3:  Area: 30.9610  S.Area:165.5920  G.Area:  0.2475  D.Area:  0.0000
                Fact:  1.0000     PAR:669.0586   Ratio:400.0000       (S.Area)
_19217_ (2)
  _27959_  (sky130_fd_sc_hd__o21ai_0) B1
[1]      met4:  Area:132.7188  S.Area:708.3040  G.Area:  0.1590  D.Area:  2.8620
                Fact:  1.0000     PAR:4.4547e+03   Ratio:3.7448e+03       (S.Area)
_19208_ (2)
  _27948_  (sky130_fd_sc_hd__nand2_1) B
[1]      met4:  Area: 41.8708  S.Area:219.6560  G.Area:  0.2475  D.Area:  0.0000
                Fact:  1.0000     PAR:887.4990   Ratio:400.0000       (S.Area)
_19189_ (2)
  _27925_  (sky130_fd_sc_hd__nand2_1) B
[1]      met3:  Area:109.5958  S.Area:585.4480  G.Area:  0.2475  D.Area:  0.0000
                Fact:  1.0000     PAR:2.3654e+03   Ratio:400.0000       (S.Area)
_19178_ (2)
  _27912_  (sky130_fd_sc_hd__nand2_1) B
[1]      met5:  Area:735.6160  S.Area:1.1073e+03  G.Area:  0.2475  D.Area:  2.8620
                Fact:  1.0000     PAR:4.4738e+03   Ratio:3.7448e+03       (S.Area)
_19154_ (2)
  _27882_  (sky130_fd_sc_hd__nand2_1) B
[1]      met3:  Area: 55.3150  S.Area:295.4800  G.Area:  0.2475  D.Area:  0.0000
                Fact:  1.0000     PAR:1.1939e+03   Ratio:400.0000       (S.Area)
_19138_ (2)
  _27864_  (sky130_fd_sc_hd__o21ai_0) B1
[1]      met2:  Area: 15.1423  S.Area: 75.5405  G.Area:  0.1590  D.Area:  0.0000
                Fact:  1.0000     PAR:475.0975   Ratio:400.0000       (S.Area)
[1]      met3:  Area: 13.4410  S.Area: 72.1520  G.Area:  0.1590  D.Area:  0.0000
                Fact:  1.0000     PAR:453.7862   Ratio:400.0000       (S.Area)
_19019_ (2)
  _27725_  (sky130_fd_sc_hd__nand2_1) B
[1]      met3:  Area: 38.8330  S.Area:207.5760  G.Area:  0.2475  D.Area:  0.0000
                Fact:  1.0000     PAR:838.6909   Ratio:400.0000       (S.Area)
_18995_ (2)
  _27697_  (sky130_fd_sc_hd__o21ai_0) B1
[1]      met3:  Area: 18.1330  S.Area: 97.1760  G.Area:  0.1590  D.Area:  0.0000
                Fact:  1.0000     PAR:611.1698   Ratio:400.0000       (S.Area)
_18983_ (2)
  _27683_  (sky130_fd_sc_hd__o21ai_0) B1
[1]      met3:  Area: 20.6170  S.Area:110.4240  G.Area:  0.1590  D.Area:  0.0000
                Fact:  1.0000     PAR:694.4906   Ratio:400.0000       (S.Area)
_18965_ (2)
  _27662_  (sky130_fd_sc_hd__nand2_1) B
[1]      met3:  Area: 53.7178  S.Area:287.4320  G.Area:  0.2475  D.Area:  0.0000
                Fact:  1.0000     PAR:1.1613e+03   Ratio:400.0000       (S.Area)
_18959_ (2)
  _27655_  (sky130_fd_sc_hd__nand2_1) B
[1]      met5:  Area:691.4560  S.Area:1.0410e+03  G.Area:  0.2475  D.Area:  2.8620
                Fact:  1.0000     PAR:4.2062e+03   Ratio:3.7448e+03       (S.Area)
_18950_ (2)
  _27646_  (sky130_fd_sc_hd__nand2_1) A
[1]      met3:  Area: 57.0490  S.Area:304.7280  G.Area:  0.2475  D.Area:  0.0000
                Fact:  1.0000     PAR:1.2312e+03   Ratio:400.0000       (S.Area)
_18938_ (2)
  _27631_  (sky130_fd_sc_hd__nand2_1) B
[1]      met1:  Area: 23.0116  S.Area:114.9435  G.Area:  0.2475  D.Area:  0.0000
                Fact:  1.0000     PAR:464.4182   Ratio:400.0000       (S.Area)
_18928_ (2)
  _27625_  (sky130_fd_sc_hd__and3_2) B
[1]      met1:  Area: 11.0836  S.Area: 55.3035  G.Area:  0.1260  D.Area:  0.0000
                Fact:  1.0000     PAR:438.9167   Ratio:400.0000       (S.Area)
_18881_ (2)
  _27573_  (sky130_fd_sc_hd__nand2_1) B
[1]      met3:  Area: 25.3090  S.Area:135.4480  G.Area:  0.2475  D.Area:  0.0000
                Fact:  1.0000     PAR:547.2646   Ratio:400.0000       (S.Area)
_18758_ (2)
  _27448_  (sky130_fd_sc_hd__nand2_1) B
[1]      met4:  Area: 32.2300  S.Area:169.1840  G.Area:  0.2475  D.Area:  0.0000
                Fact:  1.0000     PAR:683.5717   Ratio:400.0000       (S.Area)
_18619_ (2)
  _27307_  (sky130_fd_sc_hd__nand2_1) B
[1]      met5:  Area:813.6320  S.Area:1.2243e+03  G.Area:  0.2475  D.Area:  2.8620
                Fact:  1.0000     PAR:4.9466e+03   Ratio:3.7448e+03       (S.Area)
_18052_ (2)
  _26735_  (sky130_fd_sc_hd__nand2_1) B
[1]      met4:  Area: 54.6712  S.Area:289.3360  G.Area:  0.2475  D.Area:  0.0000
                Fact:  1.0000     PAR:1.1690e+03   Ratio:400.0000       (S.Area)
_17187_ (2)
  _25861_  (sky130_fd_sc_hd__nand2_1) B
[1]      met3:  Area: 83.3158  S.Area:445.2880  G.Area:  0.2475  D.Area:  0.0000
                Fact:  1.0000     PAR:1.7991e+03   Ratio:400.0000       (S.Area)
_17082_ (2)
  _48792_  (sky130_fd_sc_hd__o21ai_0) B1
[1]      met3:  Area: 36.9670  S.Area:197.6240  G.Area:  0.1590  D.Area:  0.0000
                Fact:  1.0000     PAR:1.2429e+03   Ratio:400.0000       (S.Area)
_17076_ (2)
  _48784_  (sky130_fd_sc_hd__o21ai_0) B1
[1]      met3:  Area:119.2008  S.Area:636.2080  G.Area:  0.1590  D.Area:  2.8620
                Fact:  1.0000     PAR:4.0013e+03   Ratio:3.7448e+03       (S.Area)
_17059_ (2)
  _48761_  (sky130_fd_sc_hd__o21ai_0) B1
[1]      met3:  Area:111.5316  S.Area:595.7760  G.Area:  0.1590  D.Area:  2.8620
                Fact:  1.0000     PAR:3.7470e+03   Ratio:3.7448e+03       (S.Area)
_17056_ (2)
  _48756_  (sky130_fd_sc_hd__o21ai_0) B1
[1]      met3:  Area: 37.5910  S.Area:200.9520  G.Area:  0.1590  D.Area:  0.0000
                Fact:  1.0000     PAR:1.2638e+03   Ratio:400.0000       (S.Area)
_17026_ (2)
  _48717_  (sky130_fd_sc_hd__o21ai_0) B1
[1]      met4:  Area:176.8284  S.Area:944.4960  G.Area:  0.1590  D.Area:  2.8620
                Fact:  1.0000     PAR:5.9402e+03   Ratio:3.7448e+03       (S.Area)
_17013_ (2)
  _48698_  (sky130_fd_sc_hd__o21ai_0) B1
[1]      met4:  Area:114.3708  S.Area:610.4480  G.Area:  0.1590  D.Area:  2.8620
                Fact:  1.0000     PAR:3.8393e+03   Ratio:3.7448e+03       (S.Area)
_17007_ (2)
  _48690_  (sky130_fd_sc_hd__o21ai_0) B1
[1]      met5:  Area:492.7360  S.Area:742.9440  G.Area:  0.1590  D.Area:  2.8620
                Fact:  1.0000     PAR:4.6726e+03   Ratio:3.7448e+03       (S.Area)
_16997_ (2)
  _48675_  (sky130_fd_sc_hd__nand2_1) B
[1]      met3:  Area: 23.4430  S.Area:125.4960  G.Area:  0.2475  D.Area:  0.0000
                Fact:  1.0000     PAR:507.0545   Ratio:400.0000       (S.Area)
_16992_ (2)
  _48669_  (sky130_fd_sc_hd__o21ai_0) B1
[1]      met5:  Area:669.3760  S.Area:1.0079e+03  G.Area:  0.1590  D.Area:  2.8620
                Fact:  1.0000     PAR:6.3390e+03   Ratio:3.7448e+03       (S.Area)
_16991_ (2)
  _48667_  (sky130_fd_sc_hd__o21ai_0) B1
[1]      met3:  Area:114.7248  S.Area:612.3360  G.Area:  0.1590  D.Area:  2.8620
                Fact:  1.0000     PAR:3.8512e+03   Ratio:3.7448e+03       (S.Area)
_16975_ (2)
  _48645_  (sky130_fd_sc_hd__o21ai_0) B1
[1]      met3:  Area: 14.0590  S.Area: 75.4480  G.Area:  0.1590  D.Area:  0.0000
                Fact:  1.0000     PAR:474.5157   Ratio:400.0000       (S.Area)
_16970_ (2)
  _48638_  (sky130_fd_sc_hd__o21ai_0) B1
[1]      met4:  Area: 36.4468  S.Area:190.7280  G.Area:  0.1590  D.Area:  0.0000
                Fact:  1.0000     PAR:1.1995e+03   Ratio:400.0000       (S.Area)
_16956_ (2)
  _48617_  (sky130_fd_sc_hd__o21ai_0) B1
[1]      met5:  Area:703.2320  S.Area:1.0587e+03  G.Area:  0.1590  D.Area:  2.8620
                Fact:  1.0000     PAR:6.6584e+03   Ratio:3.7448e+03       (S.Area)
_16954_ (2)
  _48614_  (sky130_fd_sc_hd__o21ai_0) B1
[1]      met3:  Area: 35.5870  S.Area:190.2640  G.Area:  0.1590  D.Area:  0.0000
                Fact:  1.0000     PAR:1.1966e+03   Ratio:400.0000       (S.Area)
_16951_ (2)
  _48610_  (sky130_fd_sc_hd__o21ai_0) B1
[1]      met3:  Area: 20.7550  S.Area:111.1600  G.Area:  0.1590  D.Area:  0.0000
                Fact:  1.0000     PAR:699.1195   Ratio:400.0000       (S.Area)
_16915_ (2)
  _48560_  (sky130_fd_sc_hd__o21ai_0) B1
[1]      met3:  Area: 16.4770  S.Area: 88.3440  G.Area:  0.1590  D.Area:  0.0000
                Fact:  1.0000     PAR:555.6226   Ratio:400.0000       (S.Area)
_16914_ (2)
  _48558_  (sky130_fd_sc_hd__nand2_1) B
[1]      met3:  Area: 19.9870  S.Area:107.0640  G.Area:  0.2475  D.Area:  0.0000
                Fact:  1.0000     PAR:432.5818   Ratio:400.0000       (S.Area)
_16912_ (2)
  _48555_  (sky130_fd_sc_hd__o21ai_0) B1
[1]      met3:  Area: 41.6398  S.Area:223.0160  G.Area:  0.1590  D.Area:  0.0000
                Fact:  1.0000     PAR:1.4026e+03   Ratio:400.0000       (S.Area)
_16901_ (2)
  _48540_  (sky130_fd_sc_hd__o21ai_0) B1
[1]      met3:  Area: 27.8398  S.Area:149.4160  G.Area:  0.1590  D.Area:  0.0000
                Fact:  1.0000     PAR:939.7233   Ratio:400.0000       (S.Area)
_16884_ (2)
  _48518_  (sky130_fd_sc_hd__nand2_1) B
[1]      met3:  Area: 38.8138  S.Area:207.9440  G.Area:  0.2475  D.Area:  0.0000
                Fact:  1.0000     PAR:840.1778   Ratio:400.0000       (S.Area)
_16875_ (2)
  _48506_  (sky130_fd_sc_hd__o21ai_0) B1
[1]      met5:  Area:372.0320  S.Area:561.8880  G.Area:  0.1590  D.Area:  1.4310
                Fact:  1.0000     PAR:3.5339e+03   Ratio:3.1724e+03       (S.Area)
_16867_ (2)
  _48494_  (sky130_fd_sc_hd__o21ai_0) B1
[1]      met2:  Area: 15.3803  S.Area: 76.7305  G.Area:  0.1590  D.Area:  0.0000
                Fact:  1.0000     PAR:482.5818   Ratio:400.0000       (S.Area)
_16802_ (3)
  _48307_  (sky130_fd_sc_hd__nand3_1) C
[1]      met4:  Area: 39.2188  S.Area:205.5120  G.Area:  0.4950  D.Area:  0.0000
                Fact:  1.0000     PAR:415.1758   Ratio:400.0000       (S.Area)
  _48304_  (sky130_fd_sc_hd__nand2_1) B
[1]      met4:  Area: 39.2188  S.Area:205.5120  G.Area:  0.4950  D.Area:  0.0000
                Fact:  1.0000     PAR:415.1758   Ratio:400.0000       (S.Area)
_16612_ (2)
  _25711_  (sky130_fd_sc_hd__nand2_1) B
[1]      met3:  Area: 51.6226  S.Area:276.7280  G.Area:  0.2475  D.Area:  0.0000
                Fact:  1.0000     PAR:1.1181e+03   Ratio:400.0000       (S.Area)
_16284_ (3)
  _47818_  (sky130_fd_sc_hd__nand3_1) A
[1]      met3:  Area: 41.0686  S.Area:220.4400  G.Area:  0.4950  D.Area:  0.0000
                Fact:  1.0000     PAR:445.3333   Ratio:400.0000       (S.Area)
  _47816_  (sky130_fd_sc_hd__nand2_1) A
[1]      met3:  Area: 41.0686  S.Area:220.4400  G.Area:  0.4950  D.Area:  0.0000
                Fact:  1.0000     PAR:445.3333   Ratio:400.0000       (S.Area)
_14170_ (2)
  _45892_  (sky130_fd_sc_hd__nor2_1) A
[1]      met3:  Area: 22.8250  S.Area:122.2000  G.Area:  0.2475  D.Area:  0.0000
                Fact:  1.0000     PAR:493.7374   Ratio:400.0000       (S.Area)
_12641_ (8)
  _25899_  (sky130_fd_sc_hd__a31oi_1) A2
[1]      met3:  Area: 22.6870  S.Area:121.4640  G.Area:  0.2475  D.Area:  0.0000
                Fact:  1.0000     PAR:490.7636   Ratio:400.0000       (S.Area)
_11855_ (6)
  _46814_  (sky130_fd_sc_hd__nor2_1) B
[1]      met3:  Area: 22.2560  S.Area:119.6320  G.Area:  0.2475  D.Area:  0.0000
                Fact:  1.0000     PAR:483.3616   Ratio:400.0000       (S.Area)
_11055_ (3)
  _43032_  (sky130_fd_sc_hd__nand2_1) A
[1]      met3:  Area: 73.8880  S.Area:394.5360  G.Area:  0.2475  D.Area:  0.0000
                Fact:  1.0000     PAR:1.5941e+03   Ratio:400.0000       (S.Area)
_09626_ (2)
  _25071_  (sky130_fd_sc_hd__nand2_1) B
[1]      met3:  Area: 24.4810  S.Area:131.0320  G.Area:  0.2475  D.Area:  0.0000
                Fact:  1.0000     PAR:529.4222   Ratio:400.0000       (S.Area)
_07739_ (2)
  _24899_  (sky130_fd_sc_hd__nand2_1) B
[1]      met5:  Area:735.6160  S.Area:1.1073e+03  G.Area:  0.2475  D.Area:  2.8620
                Fact:  1.0000     PAR:4.4738e+03   Ratio:3.7448e+03       (S.Area)
_07541_ (6)
  _28081_  (sky130_fd_sc_hd__nand3_1) C
[1]      met3:  Area: 26.8919  S.Area:144.3520  G.Area:  0.2475  D.Area:  0.0000
                Fact:  1.0000     PAR:583.2404   Ratio:400.0000       (S.Area)
_07114_ (7)
  _39893_  (sky130_fd_sc_hd__a21oi_1) A1
[1]      met3:  Area: 18.7556  S.Area:100.4880  G.Area:  0.2475  D.Area:  0.0000
                Fact:  1.0000     PAR:406.0121   Ratio:400.0000       (S.Area)
_06912_ (2)
  _39251_  (sky130_fd_sc_hd__nor2_1) A
[1]      met3:  Area: 30.6790  S.Area:164.0880  G.Area:  0.2475  D.Area:  0.0000
                Fact:  1.0000     PAR:662.9818   Ratio:400.0000       (S.Area)
_06759_ (6)
  _39171_  (sky130_fd_sc_hd__o21ai_0) A1
[1]      met3:  Area: 23.7130  S.Area:126.9360  G.Area:  0.1590  D.Area:  0.0000
                Fact:  1.0000     PAR:798.3396   Ratio:400.0000       (S.Area)
_06688_ (9)
  _39135_  (sky130_fd_sc_hd__nand2_1) B
[1]      met3:  Area: 18.8716  S.Area:101.0880  G.Area:  0.2475  D.Area:  0.0000
                Fact:  1.0000     PAR:408.4364   Ratio:400.0000       (S.Area)
_06172_ (7)
  rebuffer94  (sky130_fd_sc_hd__dlygate4sd1_1) A
[1]      met1:  Area: 10.9445  S.Area: 54.5370  G.Area:  0.1260  D.Area:  0.0000
                Fact:  1.0000     PAR:432.8333   Ratio:400.0000       (S.Area)
_05632_ (3)
  _38074_  (sky130_fd_sc_hd__nand3_1) C
[1]      met3:  Area: 61.5910  S.Area:328.9520  G.Area:  0.4950  D.Area:  0.0000
                Fact:  1.0000     PAR:664.5495   Ratio:400.0000       (S.Area)
  _38072_  (sky130_fd_sc_hd__nand2_1) B
[1]      met3:  Area: 61.5910  S.Area:328.9520  G.Area:  0.4950  D.Area:  0.0000
                Fact:  1.0000     PAR:664.5495   Ratio:400.0000       (S.Area)
_05388_ (2)
  _37849_  (sky130_fd_sc_hd__nor2_1) A
[1]      met3:  Area: 24.8758  S.Area:133.6080  G.Area:  0.2475  D.Area:  0.0000
                Fact:  1.0000     PAR:539.8303   Ratio:400.0000       (S.Area)
_04761_ (5)
  _38151_  (sky130_fd_sc_hd__nand2_1) A
[1]      met2:  Area: 20.2257  S.Area:100.7965  G.Area:  0.2475  D.Area:  0.0000
                Fact:  1.0000     PAR:407.2586   Ratio:400.0000       (S.Area)
_03595_ (3)
  _36242_  (sky130_fd_sc_hd__nor3_1) B
[1]      met3:  Area: 19.5130  S.Area:104.5360  G.Area:  0.2475  D.Area:  0.0000
                Fact:  1.0000     PAR:422.3677   Ratio:400.0000       (S.Area)
_02926_ (6)
  _35599_  (sky130_fd_sc_hd__nand4_1) A
[1]      met3:  Area: 20.3486  S.Area:108.9840  G.Area:  0.2475  D.Area:  0.0000
                Fact:  1.0000     PAR:440.3394   Ratio:400.0000       (S.Area)
_01776_ (5)
  _34703_  (sky130_fd_sc_hd__o21ai_0) A1
[1]      met3:  Area: 12.6070  S.Area: 67.7040  G.Area:  0.1590  D.Area:  0.0000
                Fact:  1.0000     PAR:425.8113   Ratio:400.0000       (S.Area)
  _34623_  (sky130_fd_sc_hd__o21ai_0) A2
[1]      met3:  Area: 19.0270  S.Area:101.9440  G.Area:  0.1590  D.Area:  0.0000
                Fact:  1.0000     PAR:641.1572   Ratio:400.0000       (S.Area)
_01677_ (9)
  _37765_  (sky130_fd_sc_hd__o21ai_0) A1
[1]      met3:  Area: 16.2610  S.Area: 87.1920  G.Area:  0.1590  D.Area:  0.0000
                Fact:  1.0000     PAR:548.3774   Ratio:400.0000       (S.Area)
_00255_ (2)
  _48953_  (sky130_fd_sc_hd__dfxtp_1) D
[1]      met3:  Area: 75.6132  S.Area:405.1520  G.Area:  0.1260  D.Area:  1.5245
                Fact:  1.0000     PAR:3.2155e+03   Ratio:3.2098e+03       (S.Area)
_00254_ (2)
  _48952_  (sky130_fd_sc_hd__dfxtp_1) D
[1]      met4:  Area: 77.0268  S.Area:411.2800  G.Area:  0.1260  D.Area:  1.5245
                Fact:  1.0000     PAR:3.2641e+03   Ratio:3.2098e+03       (S.Area)
_00253_ (2)
  _48951_  (sky130_fd_sc_hd__dfxtp_1) D
[1]      met4:  Area:139.4508  S.Area:744.2080  G.Area:  0.1260  D.Area:  1.5245
                Fact:  1.0000     PAR:5.9064e+03   Ratio:3.2098e+03       (S.Area)
_00251_ (2)
  _48949_  (sky130_fd_sc_hd__dfxtp_1) D
[1]      met4:  Area:104.3496  S.Area:557.4720  G.Area:  0.1260  D.Area:  1.5245
                Fact:  1.0000     PAR:4.4244e+03   Ratio:3.2098e+03       (S.Area)
_00250_ (2)
  _48948_  (sky130_fd_sc_hd__dfxtp_1) D
[1]      met4:  Area: 97.8348  S.Area:522.2560  G.Area:  0.1260  D.Area:  1.5245
                Fact:  1.0000     PAR:4.1449e+03   Ratio:3.2098e+03       (S.Area)
_00249_ (2)
  _48947_  (sky130_fd_sc_hd__dfxtp_1) D
[1]      met5:  Area:742.9760  S.Area:1.1183e+03  G.Area:  0.1260  D.Area:  1.5245
                Fact:  1.0000     PAR:8.8754e+03   Ratio:3.2098e+03       (S.Area)
_00247_ (2)
  _48921_  (sky130_fd_sc_hd__dfxtp_1) D
[1]      met2:  Area: 13.4595  S.Area: 67.1265  G.Area:  0.1260  D.Area:  0.0000
                Fact:  1.0000     PAR:532.7500   Ratio:400.0000       (S.Area)
[1]      met3:  Area: 46.4230  S.Area:248.0560  G.Area:  0.1260  D.Area:  0.0000
                Fact:  1.0000     PAR:1.9687e+03   Ratio:400.0000       (S.Area)
_00246_ (2)
  _48920_  (sky130_fd_sc_hd__dfxtp_1) D
[1]      met4:  Area: 51.5308  S.Area:271.1760  G.Area:  0.1260  D.Area:  0.0000
                Fact:  1.0000     PAR:2.1522e+03   Ratio:400.0000       (S.Area)
_00245_ (2)
  _48919_  (sky130_fd_sc_hd__dfxtp_1) D
[1]      met4:  Area: 86.1804  S.Area:461.0400  G.Area:  0.1260  D.Area:  1.5245
                Fact:  1.0000     PAR:3.6590e+03   Ratio:3.2098e+03       (S.Area)
_00243_ (2)
  _48917_  (sky130_fd_sc_hd__dfxtp_1) D
[1]      met3:  Area: 10.7806  S.Area: 58.9040  G.Area:  0.1260  D.Area:  0.0000
                Fact:  1.0000     PAR:467.4921   Ratio:400.0000       (S.Area)
_00242_ (2)
  _48916_  (sky130_fd_sc_hd__dfxtp_1) D
[1]      met2:  Area: 15.2515  S.Area: 76.0865  G.Area:  0.1260  D.Area:  0.0000
                Fact:  1.0000     PAR:603.8611   Ratio:400.0000       (S.Area)
[1]      met3:  Area: 49.8730  S.Area:266.4560  G.Area:  0.1260  D.Area:  0.0000
                Fact:  1.0000     PAR:2.1147e+03   Ratio:400.0000       (S.Area)
_00241_ (2)
  _48915_  (sky130_fd_sc_hd__dfxtp_1) D
[1]      met1:  Area: 28.9619  S.Area:144.7320  G.Area:  0.1260  D.Area:  0.0000
                Fact:  1.0000     PAR:1.1487e+03   Ratio:400.0000       (S.Area)
[1]      met3:  Area: 13.5790  S.Area: 72.8880  G.Area:  0.1260  D.Area:  0.0000
                Fact:  1.0000     PAR:578.4762   Ratio:400.0000       (S.Area)
[1]      met4:  Area: 86.4108  S.Area:461.3280  G.Area:  0.1260  D.Area:  1.5245
                Fact:  1.0000     PAR:3.6613e+03   Ratio:3.2098e+03       (S.Area)
_00240_ (2)
  _48842_  (sky130_fd_sc_hd__dfxtp_1) D
[1]      met3:  Area:137.7048  S.Area:734.8960  G.Area:  0.1260  D.Area:  1.5245
                Fact:  1.0000     PAR:5.8325e+03   Ratio:3.2098e+03       (S.Area)
_00239_ (2)
  _48841_  (sky130_fd_sc_hd__dfxtp_1) D
[1]      met2:  Area: 26.6615  S.Area:133.1365  G.Area:  0.1260  D.Area:  0.0000
                Fact:  1.0000     PAR:1.0566e+03   Ratio:400.0000       (S.Area)
[1]      met3:  Area: 11.8510  S.Area: 63.6720  G.Area:  0.1260  D.Area:  0.0000
                Fact:  1.0000     PAR:505.3333   Ratio:400.0000       (S.Area)
_00238_ (2)
  _48840_  (sky130_fd_sc_hd__dfxtp_1) D
[1]      met4:  Area: 89.6748  S.Area:478.7360  G.Area:  0.1260  D.Area:  1.5245
                Fact:  1.0000     PAR:3.7995e+03   Ratio:3.2098e+03       (S.Area)
_00237_ (2)
  _48839_  (sky130_fd_sc_hd__dfxtp_1) D
[1]      met5:  Area:692.9280  S.Area:1.0432e+03  G.Area:  0.1260  D.Area:  1.5245
                Fact:  1.0000     PAR:8.2796e+03   Ratio:3.2098e+03       (S.Area)
_00236_ (2)
  _48838_  (sky130_fd_sc_hd__dfxtp_1) D
[1]      met2:  Area: 31.3403  S.Area:156.5305  G.Area:  0.1260  D.Area:  0.0000
                Fact:  1.0000     PAR:1.2423e+03   Ratio:400.0000       (S.Area)
[1]      met3:  Area: 31.8610  S.Area:170.3920  G.Area:  0.1260  D.Area:  0.0000
                Fact:  1.0000     PAR:1.3523e+03   Ratio:400.0000       (S.Area)
_00235_ (2)
  _48837_  (sky130_fd_sc_hd__dfxtp_1) D
[1]      met4:  Area: 82.0416  S.Area:438.4960  G.Area:  0.1260  D.Area:  1.5245
                Fact:  1.0000     PAR:3.4801e+03   Ratio:3.2098e+03       (S.Area)
_00234_ (2)
  _48836_  (sky130_fd_sc_hd__dfxtp_1) D
[1]      met4:  Area: 80.4948  S.Area:429.7760  G.Area:  0.1260  D.Area:  1.5245
                Fact:  1.0000     PAR:3.4109e+03   Ratio:3.2098e+03       (S.Area)
_00233_ (2)
  _48835_  (sky130_fd_sc_hd__dfxtp_1) D
[1]      met4:  Area:128.0724  S.Area:684.4640  G.Area:  0.1260  D.Area:  1.5245
                Fact:  1.0000     PAR:5.4323e+03   Ratio:3.2098e+03       (S.Area)
_00231_ (2)
  _48889_  (sky130_fd_sc_hd__dfxtp_1) D
[1]      met2:  Area: 34.1011  S.Area:170.3345  G.Area:  0.1260  D.Area:  0.0000
                Fact:  1.0000     PAR:1.3519e+03   Ratio:400.0000       (S.Area)
_00230_ (2)
  _48888_  (sky130_fd_sc_hd__dfxtp_1) D
[1]      met3:  Area: 17.0290  S.Area: 91.2880  G.Area:  0.1260  D.Area:  0.0000
                Fact:  1.0000     PAR:724.5079   Ratio:400.0000       (S.Area)
_00229_ (2)
  _48887_  (sky130_fd_sc_hd__dfxtp_1) D
[1]      met3:  Area: 54.8218  S.Area:293.3200  G.Area:  0.1260  D.Area:  0.0000
                Fact:  1.0000     PAR:2.3279e+03   Ratio:400.0000       (S.Area)
_00228_ (2)
  _48886_  (sky130_fd_sc_hd__dfxtp_1) D
[1]      met3:  Area: 17.7190  S.Area: 94.9680  G.Area:  0.1260  D.Area:  0.0000
                Fact:  1.0000     PAR:753.7143   Ratio:400.0000       (S.Area)
[1]      met4:  Area: 46.5628  S.Area:244.6800  G.Area:  0.1260  D.Area:  0.0000
                Fact:  1.0000     PAR:1.9419e+03   Ratio:400.0000       (S.Area)
[1]      met5:  Area:339.6480  S.Area:513.3120  G.Area:  0.1260  D.Area:  1.5245
                Fact:  1.0000     PAR:4.0739e+03   Ratio:3.2098e+03       (S.Area)
_00226_ (2)
  _48884_  (sky130_fd_sc_hd__dfxtp_1) D
[1]      met3:  Area: 84.4368  S.Area:450.8000  G.Area:  0.1260  D.Area:  1.5245
                Fact:  1.0000     PAR:3.5778e+03   Ratio:3.2098e+03       (S.Area)
_00224_ (2)
  _48858_  (sky130_fd_sc_hd__dfxtp_1) D
[1]      met3:  Area: 26.4130  S.Area:141.3360  G.Area:  0.1260  D.Area:  0.0000
                Fact:  1.0000     PAR:1.1217e+03   Ratio:400.0000       (S.Area)
_00223_ (2)
  _48857_  (sky130_fd_sc_hd__dfxtp_1) D
[1]      met3:  Area: 40.0558  S.Area:214.5680  G.Area:  0.1260  D.Area:  0.0000
                Fact:  1.0000     PAR:1.7029e+03   Ratio:400.0000       (S.Area)
[1]      met4:  Area: 32.3152  S.Area:169.1680  G.Area:  0.1260  D.Area:  0.0000
                Fact:  1.0000     PAR:1.3426e+03   Ratio:400.0000       (S.Area)
_00222_ (2)
  _48856_  (sky130_fd_sc_hd__dfxtp_1) D
[1]      met3:  Area:132.7368  S.Area:708.4000  G.Area:  0.1260  D.Area:  1.5245
                Fact:  1.0000     PAR:5.6222e+03   Ratio:3.2098e+03       (S.Area)
_00221_ (2)
  _48855_  (sky130_fd_sc_hd__dfxtp_1) D
[1]      met4:  Area:107.7792  S.Area:576.7040  G.Area:  0.1260  D.Area:  1.5245
                Fact:  1.0000     PAR:4.5770e+03   Ratio:3.2098e+03       (S.Area)
_00220_ (2)
  _48854_  (sky130_fd_sc_hd__dfxtp_1) D
[1]      met3:  Area: 18.8230  S.Area:100.8560  G.Area:  0.1260  D.Area:  0.0000
                Fact:  1.0000     PAR:800.4444   Ratio:400.0000       (S.Area)
[1]      met5:  Area:491.2640  S.Area:740.7360  G.Area:  0.1260  D.Area:  1.5245
                Fact:  1.0000     PAR:5.8789e+03   Ratio:3.2098e+03       (S.Area)
_00219_ (2)
  _48853_  (sky130_fd_sc_hd__dfxtp_1) D
[1]      met2:  Area: 14.6803  S.Area: 73.2305  G.Area:  0.1260  D.Area:  0.0000
                Fact:  1.0000     PAR:581.1944   Ratio:400.0000       (S.Area)
[1]      met3:  Area: 39.2278  S.Area:210.1520  G.Area:  0.1260  D.Area:  0.0000
                Fact:  1.0000     PAR:1.6679e+03   Ratio:400.0000       (S.Area)
_00218_ (2)
  _48852_  (sky130_fd_sc_hd__dfxtp_1) D
[1]      met3:  Area:145.8744  S.Area:779.4080  G.Area:  0.1260  D.Area:  1.5245
                Fact:  1.0000     PAR:6.1858e+03   Ratio:3.2098e+03       (S.Area)
_00217_ (2)
  _48851_  (sky130_fd_sc_hd__dfxtp_1) D
[1]      met3:  Area:133.9596  S.Area:715.3920  G.Area:  0.1260  D.Area:  1.5245
                Fact:  1.0000     PAR:5.6777e+03   Ratio:3.2098e+03       (S.Area)
_00216_ (2)
  _48946_  (sky130_fd_sc_hd__dfxtp_1) D
[1]      met3:  Area: 33.8650  S.Area:181.0800  G.Area:  0.1260  D.Area:  0.0000
                Fact:  1.0000     PAR:1.4371e+03   Ratio:400.0000       (S.Area)
[1]      met4:  Area:126.3268  S.Area:670.0880  G.Area:  0.1260  D.Area:  0.0000
                Fact:  1.0000     PAR:5.3182e+03   Ratio:400.0000       (S.Area)
[1]      met5:  Area:740.0320  S.Area:1.1139e+03  G.Area:  0.1260  D.Area:  1.7210
                Fact:  1.0000     PAR:8.8404e+03   Ratio:3.2884e+03       (S.Area)
_00215_ (2)
  _48945_  (sky130_fd_sc_hd__dfxtp_1) D
[1]      met3:  Area: 10.6810  S.Area: 57.4320  G.Area:  0.1260  D.Area:  0.0000
                Fact:  1.0000     PAR:455.8095   Ratio:400.0000       (S.Area)
[1]      met5:  Area:793.0240  S.Area:1.1934e+03  G.Area:  0.1260  D.Area:  1.5245
                Fact:  1.0000     PAR:9.4712e+03   Ratio:3.2098e+03       (S.Area)
_00212_ (2)
  _48942_  (sky130_fd_sc_hd__dfxtp_1) D
[1]      met4:  Area:107.1508  S.Area:567.8160  G.Area:  0.1260  D.Area:  0.0000
                Fact:  1.0000     PAR:4.5065e+03   Ratio:400.0000       (S.Area)
[1]      met5:  Area:357.3120  S.Area:539.8080  G.Area:  0.1260  D.Area:  1.5245
                Fact:  1.0000     PAR:4.2842e+03   Ratio:3.2098e+03       (S.Area)
_00211_ (2)
  _48941_  (sky130_fd_sc_hd__dfxtp_1) D
[1]      met5:  Area:804.8000  S.Area:1.2110e+03  G.Area:  0.1260  D.Area:  1.5245
                Fact:  1.0000     PAR:9.6114e+03   Ratio:3.2098e+03       (S.Area)
_00209_ (2)
  _48939_  (sky130_fd_sc_hd__dfxtp_1) D
[1]      met3:  Area: 62.3590  S.Area:333.0480  G.Area:  0.1260  D.Area:  0.0000
                Fact:  1.0000     PAR:2.6432e+03   Ratio:400.0000       (S.Area)
[1]      met4:  Area: 12.9028  S.Area: 65.1600  G.Area:  0.1260  D.Area:  0.0000
                Fact:  1.0000     PAR:517.1429   Ratio:400.0000       (S.Area)
[1]      met5:  Area:500.0960  S.Area:753.9840  G.Area:  0.1260  D.Area:  1.5245
                Fact:  1.0000     PAR:5.9840e+03   Ratio:3.2098e+03       (S.Area)
_00207_ (2)
  _48913_  (sky130_fd_sc_hd__dfxtp_1) D
[1]      met4:  Area:125.3952  S.Area:670.6560  G.Area:  0.1260  D.Area:  1.5245
                Fact:  1.0000     PAR:5.3227e+03   Ratio:3.2098e+03       (S.Area)
_00206_ (2)
  _48912_  (sky130_fd_sc_hd__dfxtp_1) D
[1]      met2:  Area: 63.9727  S.Area:319.5745  G.Area:  0.1260  D.Area:  0.0000
                Fact:  1.0000     PAR:2.5363e+03   Ratio:400.0000       (S.Area)
_00204_ (2)
  _48910_  (sky130_fd_sc_hd__dfxtp_1) D
[1]      met5:  Area:457.4080  S.Area:689.9520  G.Area:  0.1260  D.Area:  1.5245
                Fact:  1.0000     PAR:5.4758e+03   Ratio:3.2098e+03       (S.Area)
_00203_ (2)
  _48909_  (sky130_fd_sc_hd__dfxtp_1) D
[1]      met4:  Area: 98.9908  S.Area:524.2960  G.Area:  0.1260  D.Area:  0.0000
                Fact:  1.0000     PAR:4.1611e+03   Ratio:400.0000       (S.Area)
_00202_ (2)
  _48908_  (sky130_fd_sc_hd__dfxtp_1) D
[1]      met4:  Area:128.2672  S.Area:680.9120  G.Area:  0.1260  D.Area:  0.0000
                Fact:  1.0000     PAR:5.4041e+03   Ratio:400.0000       (S.Area)
[1]      met5:  Area:344.0640  S.Area:519.9360  G.Area:  0.1260  D.Area:  1.5245
                Fact:  1.0000     PAR:4.1265e+03   Ratio:3.2098e+03       (S.Area)
_00201_ (2)
  _48907_  (sky130_fd_sc_hd__dfxtp_1) D
[1]      met3:  Area: 97.9764  S.Area:523.9520  G.Area:  0.1260  D.Area:  1.5245
                Fact:  1.0000     PAR:4.1583e+03   Ratio:3.2098e+03       (S.Area)
_00199_ (2)
  _48881_  (sky130_fd_sc_hd__dfxtp_1) D
[1]      met4:  Area:136.5552  S.Area:730.1760  G.Area:  0.1260  D.Area:  1.5245
                Fact:  1.0000     PAR:5.7950e+03   Ratio:3.2098e+03       (S.Area)
_00198_ (2)
  _48880_  (sky130_fd_sc_hd__dfxtp_1) D
[1]      met2:  Area: 25.8179  S.Area:128.4465  G.Area:  0.1260  D.Area:  0.0000
                Fact:  1.0000     PAR:1.0194e+03   Ratio:400.0000       (S.Area)
_00197_ (2)
  _48879_  (sky130_fd_sc_hd__dfxtp_1) D
[1]      met2:  Area: 25.7905  S.Area:128.6635  G.Area:  0.1260  D.Area:  0.0000
                Fact:  1.0000     PAR:1.0211e+03   Ratio:400.0000       (S.Area)
[1]      met3:  Area: 16.4050  S.Area: 87.9600  G.Area:  0.1260  D.Area:  0.0000
                Fact:  1.0000     PAR:698.0952   Ratio:400.0000       (S.Area)
_00196_ (2)
  _48878_  (sky130_fd_sc_hd__dfxtp_1) D
[1]      met3:  Area: 21.5830  S.Area:115.5760  G.Area:  0.1260  D.Area:  0.0000
                Fact:  1.0000     PAR:917.2698   Ratio:400.0000       (S.Area)
_00193_ (2)
  _48875_  (sky130_fd_sc_hd__dfxtp_1) D
[1]      met2:  Area: 20.6779  S.Area:103.2185  G.Area:  0.1260  D.Area:  0.0000
                Fact:  1.0000     PAR:819.1944   Ratio:400.0000       (S.Area)
[1]      met3:  Area: 44.3410  S.Area:236.9520  G.Area:  0.1260  D.Area:  0.0000
                Fact:  1.0000     PAR:1.8806e+03   Ratio:400.0000       (S.Area)
_00192_ (2)
  _48850_  (sky130_fd_sc_hd__dfxtp_1) D
[1]      met2:  Area: 23.3435  S.Area:116.5465  G.Area:  0.1260  D.Area:  0.0000
                Fact:  1.0000     PAR:924.9722   Ratio:400.0000       (S.Area)
_00191_ (2)
  _48849_  (sky130_fd_sc_hd__dfxtp_1) D
[1]      met2:  Area: 31.9379  S.Area:159.4005  G.Area:  0.1260  D.Area:  0.0000
                Fact:  1.0000     PAR:1.2651e+03   Ratio:400.0000       (S.Area)
_00190_ (2)
  _48848_  (sky130_fd_sc_hd__dfxtp_1) D
[1]      met5:  Area:536.8960  S.Area:809.1840  G.Area:  0.1260  D.Area:  1.5245
                Fact:  1.0000     PAR:6.4221e+03   Ratio:3.2098e+03       (S.Area)
_00188_ (2)
  _48846_  (sky130_fd_sc_hd__dfxtp_1) D
[1]      met2:  Area: 11.0627  S.Area: 55.1425  G.Area:  0.1260  D.Area:  0.0000
                Fact:  1.0000     PAR:437.6389   Ratio:400.0000       (S.Area)
[1]      met3:  Area:137.0148  S.Area:731.2160  G.Area:  0.1260  D.Area:  1.5245
                Fact:  1.0000     PAR:5.8033e+03   Ratio:3.2098e+03       (S.Area)
_00184_ (2)
  _48938_  (sky130_fd_sc_hd__dfxtp_1) D
[1]      met3:  Area: 15.3538  S.Area: 82.8240  G.Area:  0.1260  D.Area:  0.0000
                Fact:  1.0000     PAR:657.3333   Ratio:400.0000       (S.Area)
_00180_ (2)
  _48934_  (sky130_fd_sc_hd__dfxtp_1) D
[1]      met3:  Area:124.9990  S.Area:667.1280  G.Area:  0.1260  D.Area:  0.0000
                Fact:  1.0000     PAR:5.2947e+03   Ratio:400.0000       (S.Area)
_00177_ (2)
  _48931_  (sky130_fd_sc_hd__dfxtp_1) D
[1]      met2:  Area: 15.4683  S.Area: 77.0525  G.Area:  0.1260  D.Area:  0.0000
                Fact:  1.0000     PAR:611.5278   Ratio:400.0000       (S.Area)
[1]      met3:  Area: 29.2918  S.Area:157.1600  G.Area:  0.1260  D.Area:  0.0000
                Fact:  1.0000     PAR:1.2473e+03   Ratio:400.0000       (S.Area)
[1]      met4:  Area: 22.3456  S.Area:115.9920  G.Area:  0.1260  D.Area:  0.0000
                Fact:  1.0000     PAR:920.5714   Ratio:400.0000       (S.Area)
_00176_ (2)
  _48906_  (sky130_fd_sc_hd__dfxtp_1) D
[1]      met2:  Area: 19.4403  S.Area: 97.0305  G.Area:  0.1260  D.Area:  0.0000
                Fact:  1.0000     PAR:770.0833   Ratio:400.0000       (S.Area)
_00175_ (2)
  _48905_  (sky130_fd_sc_hd__dfxtp_1) D
[1]      met3:  Area: 30.5530  S.Area:163.4160  G.Area:  0.1260  D.Area:  0.0000
                Fact:  1.0000     PAR:1.2970e+03   Ratio:400.0000       (S.Area)
_00174_ (2)
  _48904_  (sky130_fd_sc_hd__dfxtp_1) D
[1]      met4:  Area:121.1112  S.Area:647.8080  G.Area:  0.1260  D.Area:  1.5245
                Fact:  1.0000     PAR:5.1413e+03   Ratio:3.2098e+03       (S.Area)
_00171_ (2)
  _48901_  (sky130_fd_sc_hd__dfxtp_1) D
[1]      met2:  Area: 54.5747  S.Area:272.7025  G.Area:  0.1260  D.Area:  0.0000
                Fact:  1.0000     PAR:2.1643e+03   Ratio:400.0000       (S.Area)
_00170_ (2)
  _48900_  (sky130_fd_sc_hd__dfxtp_1) D
[1]      met2:  Area: 21.2967  S.Area:106.3125  G.Area:  0.1260  D.Area:  0.0000
                Fact:  1.0000     PAR:843.7500   Ratio:400.0000       (S.Area)
[1]      met3:  Area: 12.7450  S.Area: 68.4400  G.Area:  0.1260  D.Area:  0.0000
                Fact:  1.0000     PAR:543.1746   Ratio:400.0000       (S.Area)
_00168_ (2)
  _48874_  (sky130_fd_sc_hd__dfxtp_1) D
[1]      met3:  Area: 97.6656  S.Area:521.8240  G.Area:  0.1260  D.Area:  1.5245
                Fact:  1.0000     PAR:4.1415e+03   Ratio:3.2098e+03       (S.Area)
_00167_ (2)
  _48873_  (sky130_fd_sc_hd__dfxtp_1) D
[1]      met3:  Area:139.8936  S.Area:747.0400  G.Area:  0.1260  D.Area:  1.5245
                Fact:  1.0000     PAR:5.9289e+03   Ratio:3.2098e+03       (S.Area)
_00165_ (2)
  _48871_  (sky130_fd_sc_hd__dfxtp_1) D
[1]      met1:  Area: 12.5672  S.Area: 62.7585  G.Area:  0.1260  D.Area:  0.0000
                Fact:  1.0000     PAR:498.0833   Ratio:400.0000       (S.Area)
_00163_ (2)
  _48869_  (sky130_fd_sc_hd__dfxtp_1) D
[1]      met3:  Area: 87.8230  S.Area:468.8560  G.Area:  0.1260  D.Area:  0.0000
                Fact:  1.0000     PAR:3.7211e+03   Ratio:400.0000       (S.Area)
_00160_ (2)
  _48962_  (sky130_fd_sc_hd__dfxtp_1) D
[1]      met3:  Area: 37.5910  S.Area:200.9520  G.Area:  0.1260  D.Area:  0.0000
                Fact:  1.0000     PAR:1.5949e+03   Ratio:400.0000       (S.Area)
[1]      met4:  Area: 11.1856  S.Area: 56.4720  G.Area:  0.1260  D.Area:  0.0000
                Fact:  1.0000     PAR:448.1905   Ratio:400.0000       (S.Area)
_00158_ (2)
  _48960_  (sky130_fd_sc_hd__dfxtp_1) D
[1]      met3:  Area: 15.6490  S.Area: 83.9280  G.Area:  0.1260  D.Area:  0.0000
                Fact:  1.0000     PAR:666.0952   Ratio:400.0000       (S.Area)
[1]      met4:  Area:127.1752  S.Area:675.0880  G.Area:  0.1260  D.Area:  0.0000
                Fact:  1.0000     PAR:5.3578e+03   Ratio:400.0000       (S.Area)
[1]      met5:  Area:483.9040  S.Area:729.6960  G.Area:  0.1260  D.Area:  1.5245
                Fact:  1.0000     PAR:5.7912e+03   Ratio:3.2098e+03       (S.Area)
_00157_ (2)
  _48959_  (sky130_fd_sc_hd__dfxtp_1) D
[1]      met3:  Area: 24.4810  S.Area:131.0320  G.Area:  0.1260  D.Area:  0.0000
                Fact:  1.0000     PAR:1.0399e+03   Ratio:400.0000       (S.Area)
_00155_ (2)
  _48957_  (sky130_fd_sc_hd__dfxtp_2) D
[1]      met3:  Area: 82.2096  S.Area:439.3920  G.Area:  0.1260  D.Area:  1.7210
                Fact:  1.0000     PAR:3.4872e+03   Ratio:3.2884e+03       (S.Area)
_00149_ (2)
  _48927_  (sky130_fd_sc_hd__dfxtp_1) D
[1]      met2:  Area: 14.2783  S.Area: 71.1025  G.Area:  0.1260  D.Area:  0.0000
                Fact:  1.0000     PAR:564.3056   Ratio:400.0000       (S.Area)
[1]      met3:  Area: 29.1538  S.Area:156.4240  G.Area:  0.1260  D.Area:  0.0000
                Fact:  1.0000     PAR:1.2415e+03   Ratio:400.0000       (S.Area)
_00147_ (2)
  _48925_  (sky130_fd_sc_hd__dfxtp_1) D
[1]      met4:  Area: 94.4004  S.Area:504.8800  G.Area:  0.1260  D.Area:  1.5245
                Fact:  1.0000     PAR:4.0070e+03   Ratio:3.2098e+03       (S.Area)
_00146_ (2)
  _48924_  (sky130_fd_sc_hd__dfxtp_1) D
[1]      met3:  Area: 62.7070  S.Area:334.9040  G.Area:  0.1260  D.Area:  0.0000
                Fact:  1.0000     PAR:2.6580e+03   Ratio:400.0000       (S.Area)
_00143_ (2)
  _48897_  (sky130_fd_sc_hd__dfxtp_1) D
[1]      met3:  Area:123.3084  S.Area:659.0560  G.Area:  0.1260  D.Area:  1.5245
                Fact:  1.0000     PAR:5.2306e+03   Ratio:3.2098e+03       (S.Area)
_00142_ (2)
  _48896_  (sky130_fd_sc_hd__dfxtp_1) D
[1]      met3:  Area: 11.3518  S.Area: 61.4800  G.Area:  0.1260  D.Area:  0.0000
                Fact:  1.0000     PAR:487.9365   Ratio:400.0000       (S.Area)
_00141_ (2)
  _48895_  (sky130_fd_sc_hd__dfxtp_1) D
[1]      met2:  Area: 14.8707  S.Area: 74.1825  G.Area:  0.1260  D.Area:  0.0000
                Fact:  1.0000     PAR:588.7500   Ratio:400.0000       (S.Area)
[1]      met3:  Area: 10.6618  S.Area: 57.8000  G.Area:  0.1260  D.Area:  0.0000
                Fact:  1.0000     PAR:458.7302   Ratio:400.0000       (S.Area)
_00140_ (2)
  _48894_  (sky130_fd_sc_hd__dfxtp_1) D
[1]      met3:  Area: 38.2810  S.Area:204.6320  G.Area:  0.1260  D.Area:  0.0000
                Fact:  1.0000     PAR:1.6241e+03   Ratio:400.0000       (S.Area)
_00138_ (2)
  _48892_  (sky130_fd_sc_hd__dfxtp_1) D
[1]      met3:  Area: 35.9758  S.Area:192.8080  G.Area:  0.1260  D.Area:  0.0000
                Fact:  1.0000     PAR:1.5302e+03   Ratio:400.0000       (S.Area)
_00137_ (2)
  _48891_  (sky130_fd_sc_hd__dfxtp_1) D
[1]      met1:  Area: 18.5767  S.Area: 92.8060  G.Area:  0.1260  D.Area:  0.0000
                Fact:  1.0000     PAR:736.5556   Ratio:400.0000       (S.Area)
_00136_ (2)
  _48866_  (sky130_fd_sc_hd__dfxtp_1) D
[1]      met2:  Area: 27.1039  S.Area:135.3485  G.Area:  0.1260  D.Area:  0.0000
                Fact:  1.0000     PAR:1.0742e+03   Ratio:400.0000       (S.Area)
[1]      met3:  Area: 40.4890  S.Area:216.4080  G.Area:  0.1260  D.Area:  0.0000
                Fact:  1.0000     PAR:1.7175e+03   Ratio:400.0000       (S.Area)
[1]      met4:  Area: 32.2828  S.Area:168.5200  G.Area:  0.1260  D.Area:  0.0000
                Fact:  1.0000     PAR:1.3375e+03   Ratio:400.0000       (S.Area)
_00134_ (2)
  _48864_  (sky130_fd_sc_hd__dfxtp_1) D
[1]      met3:  Area: 87.1968  S.Area:465.5200  G.Area:  0.1260  D.Area:  1.5245
                Fact:  1.0000     PAR:3.6946e+03   Ratio:3.2098e+03       (S.Area)
_00133_ (2)
  _48863_  (sky130_fd_sc_hd__dfxtp_1) D
[1]      met2:  Area: 10.2087  S.Area: 50.8725  G.Area:  0.1260  D.Area:  0.0000
                Fact:  1.0000     PAR:403.7500   Ratio:400.0000       (S.Area)
[1]      met4:  Area:119.8872  S.Area:641.2800  G.Area:  0.1260  D.Area:  1.5245
                Fact:  1.0000     PAR:5.0895e+03   Ratio:3.2098e+03       (S.Area)
_00132_ (2)
  _48862_  (sky130_fd_sc_hd__dfxtp_1) D
[1]      met5:  Area:657.6000  S.Area:990.2400  G.Area:  0.1260  D.Area:  1.5245
                Fact:  1.0000     PAR:7.8590e+03   Ratio:3.2098e+03       (S.Area)
_00131_ (2)
  _48861_  (sky130_fd_sc_hd__dfxtp_1) D
[1]      met4:  Area: 92.7348  S.Area:495.0560  G.Area:  0.1260  D.Area:  1.5245
                Fact:  1.0000     PAR:3.9290e+03   Ratio:3.2098e+03       (S.Area)
_00130_ (2)
  _48860_  (sky130_fd_sc_hd__dfxtp_1) D
[1]      met3:  Area: 35.9158  S.Area:192.4880  G.Area:  0.1260  D.Area:  0.0000
                Fact:  1.0000     PAR:1.5277e+03   Ratio:400.0000       (S.Area)
_00126_ (2)
  _49088_  (sky130_fd_sc_hd__dfxtp_4) D
[1]      met3:  Area: 30.9670  S.Area:165.6240  G.Area:  0.1260  D.Area:  0.0000
                Fact:  1.0000     PAR:1.3145e+03   Ratio:400.0000       (S.Area)
_00123_ (2)
  _49085_  (sky130_fd_sc_hd__dfxtp_4) D
[1]      met3:  Area: 14.9590  S.Area: 80.2480  G.Area:  0.1260  D.Area:  0.0000
                Fact:  1.0000     PAR:636.8889   Ratio:400.0000       (S.Area)
_00122_ (2)
  _49084_  (sky130_fd_sc_hd__dfxtp_4) D
[1]      met3:  Area: 51.8908  S.Area:277.6880  G.Area:  0.1260  D.Area:  0.0000
                Fact:  1.0000     PAR:2.2039e+03   Ratio:400.0000       (S.Area)
_00121_ (2)
  _49083_  (sky130_fd_sc_hd__dfxtp_4) D
[1]      met3:  Area: 44.8330  S.Area:239.5760  G.Area:  0.1260  D.Area:  0.0000
                Fact:  1.0000     PAR:1.9014e+03   Ratio:400.0000       (S.Area)
_00112_ (2)
  _49026_  (sky130_fd_sc_hd__dfxtp_4) D
[1]      met3:  Area: 82.9656  S.Area:443.4240  G.Area:  0.1260  D.Area:  1.4310
                Fact:  1.0000     PAR:3.5192e+03   Ratio:3.1724e+03       (S.Area)
_00095_ (2)
  _49081_  (sky130_fd_sc_hd__dfxtp_4) D
[1]      met2:  Area: 11.5439  S.Area: 57.3125  G.Area:  0.1260  D.Area:  0.0000
                Fact:  1.0000     PAR:454.8611   Ratio:400.0000       (S.Area)
_00093_ (2)
  _49079_  (sky130_fd_sc_hd__dfxtp_4) D
[1]      met3:  Area:  9.9910  S.Area: 53.7520  G.Area:  0.1260  D.Area:  0.0000
                Fact:  1.0000     PAR:426.6032   Ratio:400.0000       (S.Area)
[1]      met4:  Area: 19.8388  S.Area:102.1520  G.Area:  0.1260  D.Area:  0.0000
                Fact:  1.0000     PAR:810.7302   Ratio:400.0000       (S.Area)
_00088_ (2)
  _49050_  (sky130_fd_sc_hd__dfxtp_4) D
[1]      met2:  Area: 19.1599  S.Area: 95.3925  G.Area:  0.1260  D.Area:  0.0000
                Fact:  1.0000     PAR:757.0833   Ratio:400.0000       (S.Area)
[1]      met3:  Area: 29.6073  S.Area:159.2960  G.Area:  0.1260  D.Area:  0.0000
                Fact:  1.0000     PAR:1.2643e+03   Ratio:400.0000       (S.Area)
_00085_ (2)
  _49047_  (sky130_fd_sc_hd__dfxtp_4) D
[1]      met4:  Area: 94.6044  S.Area:505.9680  G.Area:  0.1260  D.Area:  2.8620
                Fact:  1.0000     PAR:4.0156e+03   Ratio:3.7448e+03       (S.Area)
_00084_ (2)
  _49046_  (sky130_fd_sc_hd__dfxtp_4) D
[1]      met2:  Area: 21.1971  S.Area:105.6965  G.Area:  0.1260  D.Area:  0.0000
                Fact:  1.0000     PAR:838.8611   Ratio:400.0000       (S.Area)
[1]      met3:  Area:  9.5770  S.Area: 51.5440  G.Area:  0.1260  D.Area:  0.0000
                Fact:  1.0000     PAR:409.0794   Ratio:400.0000       (S.Area)
_00082_ (2)
  _49044_  (sky130_fd_sc_hd__dfxtp_4) D
[1]      met4:  Area: 93.2616  S.Area:498.3360  G.Area:  0.1260  D.Area:  2.8620
                Fact:  1.0000     PAR:3.9550e+03   Ratio:3.7448e+03       (S.Area)
_00081_ (2)
  _49043_  (sky130_fd_sc_hd__dfxtp_4) D
[1]      met4:  Area: 89.2668  S.Area:476.5600  G.Area:  0.1260  D.Area:  1.4310
                Fact:  1.0000     PAR:3.7822e+03   Ratio:3.1724e+03       (S.Area)
_00079_ (2)
  _49017_  (sky130_fd_sc_hd__dfxtp_4) D
[1]      met4:  Area:104.4816  S.Area:558.1760  G.Area:  0.1260  D.Area:  2.8620
                Fact:  1.0000     PAR:4.4300e+03   Ratio:3.7448e+03       (S.Area)
_00078_ (2)
  _49016_  (sky130_fd_sc_hd__dfxtp_4) D
[1]      met4:  Area: 94.0176  S.Area:502.3680  G.Area:  0.1260  D.Area:  2.8620
                Fact:  1.0000     PAR:3.9870e+03   Ratio:3.7448e+03       (S.Area)
_00077_ (2)
  _49015_  (sky130_fd_sc_hd__dfxtp_4) D
[1]      met4:  Area: 36.9748  S.Area:193.5440  G.Area:  0.1260  D.Area:  0.0000
                Fact:  1.0000     PAR:1.5361e+03   Ratio:400.0000       (S.Area)
_00076_ (2)
  _49014_  (sky130_fd_sc_hd__dfxtp_4) D
[1]      met3:  Area: 10.6810  S.Area: 57.4320  G.Area:  0.1260  D.Area:  0.0000
                Fact:  1.0000     PAR:455.8095   Ratio:400.0000       (S.Area)
_00050_ (2)
  _49036_  (sky130_fd_sc_hd__dfxtp_4) D
[1]      met5:  Area:319.0400  S.Area:482.4000  G.Area:  0.1260  D.Area:  1.4310
                Fact:  1.0000     PAR:3.8286e+03   Ratio:3.1724e+03       (S.Area)
_00047_ (2)
  _49009_  (sky130_fd_sc_hd__dfxtp_4) D
[1]      met3:  Area: 11.2330  S.Area: 60.3760  G.Area:  0.1260  D.Area:  0.0000
                Fact:  1.0000     PAR:479.1746   Ratio:400.0000       (S.Area)
_00044_ (2)
  _49006_  (sky130_fd_sc_hd__dfxtp_4) D
[1]      met3:  Area: 28.7590  S.Area:153.8480  G.Area:  0.1260  D.Area:  0.0000
                Fact:  1.0000     PAR:1.2210e+03   Ratio:400.0000       (S.Area)
_00043_ (2)
  _49005_  (sky130_fd_sc_hd__dfxtp_4) D
[1]      met3:  Area: 25.3090  S.Area:135.4480  G.Area:  0.1260  D.Area:  0.0000
                Fact:  1.0000     PAR:1.0750e+03   Ratio:400.0000       (S.Area)
_00041_ (2)
  _49003_  (sky130_fd_sc_hd__dfxtp_4) D
[1]      met3:  Area: 13.9930  S.Area: 75.0960  G.Area:  0.1260  D.Area:  0.0000
                Fact:  1.0000     PAR:596.0000   Ratio:400.0000       (S.Area)
_00040_ (2)
  _48978_  (sky130_fd_sc_hd__dfxtp_4) D
[1]      met3:  Area: 85.5408  S.Area:456.6880  G.Area:  0.1260  D.Area:  1.4310
                Fact:  1.0000     PAR:3.6245e+03   Ratio:3.1724e+03       (S.Area)
_00038_ (2)
  _48976_  (sky130_fd_sc_hd__dfxtp_4) D
[1]      met3:  Area: 24.4618  S.Area:131.4000  G.Area:  0.1260  D.Area:  0.0000
                Fact:  1.0000     PAR:1.0429e+03   Ratio:400.0000       (S.Area)
_00036_ (2)
  _48974_  (sky130_fd_sc_hd__dfxtp_4) D
[1]      met3:  Area: 14.6830  S.Area: 78.7760  G.Area:  0.1260  D.Area:  0.0000
                Fact:  1.0000     PAR:625.2063   Ratio:400.0000       (S.Area)
_00022_ (2)
  _49032_  (sky130_fd_sc_hd__dfxtp_4) D
[1]      met2:  Area: 11.9671  S.Area: 59.6645  G.Area:  0.1260  D.Area:  0.0000
                Fact:  1.0000     PAR:473.5278   Ratio:400.0000       (S.Area)
_00011_ (2)
  _48997_  (sky130_fd_sc_hd__dfxtp_4) D
[1]      met3:  Area: 14.5450  S.Area: 78.0400  G.Area:  0.1260  D.Area:  0.0000
                Fact:  1.0000     PAR:619.3651   Ratio:400.0000       (S.Area)

Total number of process antenna violations: 248
   Number of pins violated: 211
   Number of nets violated: 203
