###############################################################
#  Generated by:      Cadence Innovus 21.11-s130_1
#  OS:                Linux x86_64(Host ID redondo-asia-tpe-desktop-pawanekar-0)
#  Generated on:      Fri Nov  3 03:01:31 2023
#  Design:            aes_cipher_top
#  Command:           verifyConnectivity -type all -connLoop -append -dividePowerNet -rawViolsMark -useNewOpenVio -removeOldOpenVio -useVirtualConnection -error 1000000 -warning 50000
###############################################################
Verify Connectivity Report is created on Fri Nov  3 03:01:31 2023



Net VSS: dangling Wire at (2.300, 546.480) (2.300, 546.480) on layer: met5
Net VSS: dangling Wire at (1090.200, 546.480) (1090.200, 546.480) on layer: met5
Net VSS: dangling Wire at (572.240, 1088.240) (572.240, 1088.240) on layer: met4
Net VSS: dangling Wire at (2.300, 274.480) (2.300, 274.480) on layer: met5
Net VSS: dangling Wire at (1090.200, 274.480) (1090.200, 274.480) on layer: met5
Net VSS: dangling Wire at (626.520, 1088.240) (626.520, 1088.240) on layer: met4
Net VSS: dangling Wire at (2.300, 138.480) (2.300, 138.480) on layer: met5
Net VSS: dangling Wire at (1090.200, 138.480) (1090.200, 138.480) on layer: met5
Net VSS: dangling Wire at (653.660, 1088.240) (653.660, 1088.240) on layer: met4
Net VSS: dangling Wire at (680.800, 1088.240) (680.800, 1088.240) on layer: met4
Net VSS: dangling Wire at (707.940, 1088.240) (707.940, 1088.240) on layer: met4
Net VSS: dangling Wire at (735.080, 1088.240) (735.080, 1088.240) on layer: met4
Net VSS: dangling Wire at (762.220, 1088.240) (762.220, 1088.240) on layer: met4
Net VSS: dangling Wire at (789.360, 1088.240) (789.360, 1088.240) on layer: met4
Net VSS: dangling Wire at (2.300, 247.280) (2.300, 247.280) on layer: met5
Net VSS: dangling Wire at (1090.200, 247.280) (1090.200, 247.280) on layer: met5
Net VSS: dangling Wire at (816.500, 1088.240) (816.500, 1088.240) on layer: met4
Net VSS: dangling Wire at (843.640, 1088.240) (843.640, 1088.240) on layer: met4
Net VSS: dangling Wire at (2.300, 220.080) (2.300, 220.080) on layer: met5
Net VSS: dangling Wire at (1090.200, 220.080) (1090.200, 220.080) on layer: met5
Net VSS: dangling Wire at (870.780, 1088.240) (870.780, 1088.240) on layer: met4
Net VSS: dangling Wire at (897.920, 1088.240) (897.920, 1088.240) on layer: met4
Net VSS: dangling Wire at (925.060, 1088.240) (925.060, 1088.240) on layer: met4
Net VSS: dangling Wire at (952.200, 1088.240) (952.200, 1088.240) on layer: met4
Net VSS: dangling Wire at (979.340, 1088.240) (979.340, 1088.240) on layer: met4
Net VSS: dangling Wire at (1006.480, 1088.240) (1006.480, 1088.240) on layer: met4
Net VSS: dangling Wire at (1033.620, 1088.240) (1033.620, 1088.240) on layer: met4
Net VSS: dangling Wire at (2.300, 192.880) (2.300, 192.880) on layer: met5
Net VSS: dangling Wire at (1090.200, 192.880) (1090.200, 192.880) on layer: met5
Net VSS: dangling Wire at (1060.760, 1088.240) (1060.760, 1088.240) on layer: met4
Net VSS: dangling Wire at (1087.900, 1088.240) (1087.900, 1088.240) on layer: met4
Net VSS: dangling Wire at (2.300, 165.680) (2.300, 165.680) on layer: met5
Net VSS: dangling Wire at (1090.200, 165.680) (1090.200, 165.680) on layer: met5
Net VSS: dangling Wire at (2.300, 111.280) (2.300, 111.280) on layer: met5
Net VSS: dangling Wire at (1090.200, 111.280) (1090.200, 111.280) on layer: met5
Net VSS: dangling Wire at (2.300, 84.080) (2.300, 84.080) on layer: met5
Net VSS: dangling Wire at (1090.200, 84.080) (1090.200, 84.080) on layer: met5
Net VSS: dangling Wire at (2.300, 56.880) (2.300, 56.880) on layer: met5
Net VSS: dangling Wire at (1090.200, 56.880) (1090.200, 56.880) on layer: met5
Net VSS: dangling Wire at (2.300, 29.680) (2.300, 29.680) on layer: met5
Net VSS: dangling Wire at (1090.200, 29.680) (1090.200, 29.680) on layer: met5
Net VSS: dangling Wire at (2.300, 410.480) (2.300, 410.480) on layer: met5
Net VSS: dangling Wire at (1090.200, 410.480) (1090.200, 410.480) on layer: met5
Net VSS: dangling Wire at (2.300, 383.280) (2.300, 383.280) on layer: met5
Net VSS: dangling Wire at (1090.200, 383.280) (1090.200, 383.280) on layer: met5
Net VSS: dangling Wire at (2.300, 356.080) (2.300, 356.080) on layer: met5
Net VSS: dangling Wire at (1090.200, 356.080) (1090.200, 356.080) on layer: met5
Net VSS: dangling Wire at (2.300, 328.880) (2.300, 328.880) on layer: met5
Net VSS: dangling Wire at (1090.200, 328.880) (1090.200, 328.880) on layer: met5
Net VSS: dangling Wire at (2.300, 301.680) (2.300, 301.680) on layer: met5
Net VSS: dangling Wire at (1090.200, 301.680) (1090.200, 301.680) on layer: met5
Net VSS: dangling Wire at (2.300, 464.880) (2.300, 464.880) on layer: met5
Net VSS: dangling Wire at (1090.200, 464.880) (1090.200, 464.880) on layer: met5
Net VSS: dangling Wire at (2.300, 437.680) (2.300, 437.680) on layer: met5
Net VSS: dangling Wire at (1090.200, 437.680) (1090.200, 437.680) on layer: met5
Net VSS: dangling Wire at (2.300, 492.080) (2.300, 492.080) on layer: met5
Net VSS: dangling Wire at (1090.200, 492.080) (1090.200, 492.080) on layer: met5
Net VSS: dangling Wire at (2.300, 519.280) (2.300, 519.280) on layer: met5
Net VSS: dangling Wire at (1090.200, 519.280) (1090.200, 519.280) on layer: met5
Net VSS: dangling Wire at (599.380, 1088.240) (599.380, 1088.240) on layer: met4
Net VSS: dangling Wire at (29.440, 1088.240) (29.440, 1088.240) on layer: met4
Net VSS: dangling Wire at (56.580, 1088.240) (56.580, 1088.240) on layer: met4
Net VSS: dangling Wire at (83.720, 1088.240) (83.720, 1088.240) on layer: met4
Net VSS: dangling Wire at (110.860, 1088.240) (110.860, 1088.240) on layer: met4
Net VSS: dangling Wire at (138.000, 1088.240) (138.000, 1088.240) on layer: met4
Net VSS: dangling Wire at (165.140, 1088.240) (165.140, 1088.240) on layer: met4
Net VSS: dangling Wire at (192.280, 1088.240) (192.280, 1088.240) on layer: met4
Net VSS: dangling Wire at (2.300, 791.280) (2.300, 791.280) on layer: met5
Net VSS: dangling Wire at (1090.200, 791.280) (1090.200, 791.280) on layer: met5
Net VSS: dangling Wire at (246.560, 1088.240) (246.560, 1088.240) on layer: met4
Net VSS: dangling Wire at (273.700, 1088.240) (273.700, 1088.240) on layer: met4
Net VSS: dangling Wire at (2.300, 764.080) (2.300, 764.080) on layer: met5
Net VSS: dangling Wire at (1090.200, 764.080) (1090.200, 764.080) on layer: met5
Net VSS: dangling Wire at (327.980, 1088.240) (327.980, 1088.240) on layer: met4
Net VSS: dangling Wire at (355.120, 1088.240) (355.120, 1088.240) on layer: met4
Net VSS: dangling Wire at (382.260, 1088.240) (382.260, 1088.240) on layer: met4
Net VSS: dangling Wire at (409.400, 1088.240) (409.400, 1088.240) on layer: met4
Net VSS: dangling Wire at (463.680, 1088.240) (463.680, 1088.240) on layer: met4
Net VSS: dangling Wire at (436.540, 1088.240) (436.540, 1088.240) on layer: met4
Net VSS: dangling Wire at (490.820, 1088.240) (490.820, 1088.240) on layer: met4
Net VSS: dangling Wire at (517.960, 1088.240) (517.960, 1088.240) on layer: met4
Net VSS: dangling Wire at (545.100, 1088.240) (545.100, 1088.240) on layer: met4
Net VSS: dangling Wire at (2.300, 709.680) (2.300, 709.680) on layer: met5
Net VSS: dangling Wire at (1090.200, 709.680) (1090.200, 709.680) on layer: met5
Net VSS: dangling Wire at (2.300, 736.880) (2.300, 736.880) on layer: met5
Net VSS: dangling Wire at (1090.200, 736.880) (1090.200, 736.880) on layer: met5
Net VSS: dangling Wire at (2.300, 682.480) (2.300, 682.480) on layer: met5
Net VSS: dangling Wire at (1090.200, 682.480) (1090.200, 682.480) on layer: met5
Net VSS: dangling Wire at (2.300, 655.280) (2.300, 655.280) on layer: met5
Net VSS: dangling Wire at (1090.200, 655.280) (1090.200, 655.280) on layer: met5
Net VSS: dangling Wire at (2.300, 628.080) (2.300, 628.080) on layer: met5
Net VSS: dangling Wire at (1090.200, 628.080) (1090.200, 628.080) on layer: met5
Net VSS: dangling Wire at (2.300, 573.680) (2.300, 573.680) on layer: met5
Net VSS: dangling Wire at (1090.200, 573.680) (1090.200, 573.680) on layer: met5
Net VSS: dangling Wire at (2.300, 600.880) (2.300, 600.880) on layer: met5
Net VSS: dangling Wire at (1090.200, 600.880) (1090.200, 600.880) on layer: met5
Net VSS: dangling Wire at (2.300, 954.480) (2.300, 954.480) on layer: met5
Net VSS: dangling Wire at (1090.200, 954.480) (1090.200, 954.480) on layer: met5
Net VSS: dangling Wire at (2.300, 927.280) (2.300, 927.280) on layer: met5
Net VSS: dangling Wire at (1090.200, 927.280) (1090.200, 927.280) on layer: met5
Net VSS: dangling Wire at (2.300, 900.080) (2.300, 900.080) on layer: met5
Net VSS: dangling Wire at (1090.200, 900.080) (1090.200, 900.080) on layer: met5
Net VSS: dangling Wire at (2.300, 845.680) (2.300, 845.680) on layer: met5
Net VSS: dangling Wire at (1090.200, 845.680) (1090.200, 845.680) on layer: met5
Net VSS: dangling Wire at (2.300, 872.880) (2.300, 872.880) on layer: met5
Net VSS: dangling Wire at (1090.200, 872.880) (1090.200, 872.880) on layer: met5
Net VSS: dangling Wire at (2.300, 818.480) (2.300, 818.480) on layer: met5
Net VSS: dangling Wire at (1090.200, 818.480) (1090.200, 818.480) on layer: met5
Net VSS: dangling Wire at (2.300, 981.680) (2.300, 981.680) on layer: met5
Net VSS: dangling Wire at (1090.200, 981.680) (1090.200, 981.680) on layer: met5
Net VSS: dangling Wire at (2.300, 1008.880) (2.300, 1008.880) on layer: met5
Net VSS: dangling Wire at (1090.200, 1008.880) (1090.200, 1008.880) on layer: met5
Net VSS: dangling Wire at (2.300, 1036.080) (2.300, 1036.080) on layer: met5
Net VSS: dangling Wire at (1090.200, 1036.080) (1090.200, 1036.080) on layer: met5
Net VSS: dangling Wire at (2.300, 1063.280) (2.300, 1063.280) on layer: met5
Net VSS: dangling Wire at (1090.200, 1063.280) (1090.200, 1063.280) on layer: met5
Net VSS: dangling Wire at (219.420, 1088.240) (219.420, 1088.240) on layer: met4
Net VSS: dangling Wire at (300.840, 1088.240) (300.840, 1088.240) on layer: met4
Net VDD: dangling Wire at (558.670, 2.480) (558.670, 2.480) on layer: met4
Net VDD: dangling Wire at (585.810, 2.480) (585.810, 2.480) on layer: met4
Net VDD: dangling Wire at (2.300, 804.880) (2.300, 804.880) on layer: met5
Net VDD: dangling Wire at (1090.200, 804.880) (1090.200, 804.880) on layer: met5
Net VDD: dangling Wire at (612.950, 2.480) (612.950, 2.480) on layer: met4
Net VDD: dangling Wire at (2.300, 777.680) (2.300, 777.680) on layer: met5
Net VDD: dangling Wire at (1090.200, 777.680) (1090.200, 777.680) on layer: met5
Net VDD: dangling Wire at (640.090, 2.480) (640.090, 2.480) on layer: met4
Net VDD: dangling Wire at (667.230, 2.480) (667.230, 2.480) on layer: met4
Net VDD: dangling Wire at (694.370, 2.480) (694.370, 2.480) on layer: met4
Net VDD: dangling Wire at (721.510, 2.480) (721.510, 2.480) on layer: met4
Net VDD: dangling Wire at (748.650, 2.480) (748.650, 2.480) on layer: met4
Net VDD: dangling Wire at (775.790, 2.480) (775.790, 2.480) on layer: met4
Net VDD: dangling Wire at (802.930, 2.480) (802.930, 2.480) on layer: met4
Net VDD: dangling Wire at (830.070, 2.480) (830.070, 2.480) on layer: met4
Net VDD: dangling Wire at (857.210, 2.480) (857.210, 2.480) on layer: met4
Net VDD: dangling Wire at (884.350, 2.480) (884.350, 2.480) on layer: met4
Net VDD: dangling Wire at (2.300, 641.680) (2.300, 641.680) on layer: met5
Net VDD: dangling Wire at (1090.200, 641.680) (1090.200, 641.680) on layer: met5
Net VDD: dangling Wire at (938.630, 2.480) (938.630, 2.480) on layer: met4
Net VDD: dangling Wire at (2.300, 750.480) (2.300, 750.480) on layer: met5
Net VDD: dangling Wire at (1090.200, 750.480) (1090.200, 750.480) on layer: met5
Net VDD: dangling Wire at (965.770, 2.480) (965.770, 2.480) on layer: met4
Net VDD: dangling Wire at (2.300, 723.280) (2.300, 723.280) on layer: met5
Net VDD: dangling Wire at (1090.200, 723.280) (1090.200, 723.280) on layer: met5
Net VDD: dangling Wire at (992.910, 2.480) (992.910, 2.480) on layer: met4
Net VDD: dangling Wire at (2.300, 696.080) (2.300, 696.080) on layer: met5
Net VDD: dangling Wire at (1090.200, 696.080) (1090.200, 696.080) on layer: met5
Net VDD: dangling Wire at (1020.050, 2.480) (1020.050, 2.480) on layer: met4
Net VDD: dangling Wire at (2.300, 614.480) (2.300, 614.480) on layer: met5
Net VDD: dangling Wire at (1090.200, 614.480) (1090.200, 614.480) on layer: met5
Net VDD: dangling Wire at (1047.190, 2.480) (1047.190, 2.480) on layer: met4
Net VDD: dangling Wire at (2.300, 668.880) (2.300, 668.880) on layer: met5
Net VDD: dangling Wire at (1090.200, 668.880) (1090.200, 668.880) on layer: met5
Net VDD: dangling Wire at (1074.330, 2.480) (1074.330, 2.480) on layer: met4
Net VDD: dangling Wire at (2.300, 587.280) (2.300, 587.280) on layer: met5
Net VDD: dangling Wire at (1090.200, 587.280) (1090.200, 587.280) on layer: met5
Net VDD: dangling Wire at (2.300, 560.080) (2.300, 560.080) on layer: met5
Net VDD: dangling Wire at (1090.200, 560.080) (1090.200, 560.080) on layer: met5
Net VDD: dangling Wire at (2.300, 886.480) (2.300, 886.480) on layer: met5
Net VDD: dangling Wire at (1090.200, 886.480) (1090.200, 886.480) on layer: met5
Net VDD: dangling Wire at (2.300, 940.880) (2.300, 940.880) on layer: met5
Net VDD: dangling Wire at (1090.200, 940.880) (1090.200, 940.880) on layer: met5
Net VDD: dangling Wire at (2.300, 913.680) (2.300, 913.680) on layer: met5
Net VDD: dangling Wire at (1090.200, 913.680) (1090.200, 913.680) on layer: met5
Net VDD: dangling Wire at (2.300, 859.280) (2.300, 859.280) on layer: met5
Net VDD: dangling Wire at (1090.200, 859.280) (1090.200, 859.280) on layer: met5
Net VDD: dangling Wire at (2.300, 832.080) (2.300, 832.080) on layer: met5
Net VDD: dangling Wire at (1090.200, 832.080) (1090.200, 832.080) on layer: met5
Net VDD: dangling Wire at (2.300, 1022.480) (2.300, 1022.480) on layer: met5
Net VDD: dangling Wire at (1090.200, 1022.480) (1090.200, 1022.480) on layer: met5
Net VDD: dangling Wire at (2.300, 995.280) (2.300, 995.280) on layer: met5
Net VDD: dangling Wire at (1090.200, 995.280) (1090.200, 995.280) on layer: met5
Net VDD: dangling Wire at (2.300, 968.080) (2.300, 968.080) on layer: met5
Net VDD: dangling Wire at (1090.200, 968.080) (1090.200, 968.080) on layer: met5
Net VDD: dangling Wire at (2.300, 1049.680) (2.300, 1049.680) on layer: met5
Net VDD: dangling Wire at (1090.200, 1049.680) (1090.200, 1049.680) on layer: met5
Net VDD: dangling Wire at (2.300, 1076.880) (2.300, 1076.880) on layer: met5
Net VDD: dangling Wire at (1090.200, 1076.880) (1090.200, 1076.880) on layer: met5
Net VDD: dangling Wire at (2.300, 260.880) (2.300, 260.880) on layer: met5
Net VDD: dangling Wire at (1090.200, 260.880) (1090.200, 260.880) on layer: met5
Net VDD: dangling Wire at (2.300, 233.680) (2.300, 233.680) on layer: met5
Net VDD: dangling Wire at (1090.200, 233.680) (1090.200, 233.680) on layer: met5
Net VDD: dangling Wire at (2.300, 342.480) (2.300, 342.480) on layer: met5
Net VDD: dangling Wire at (1090.200, 342.480) (1090.200, 342.480) on layer: met5
Net VDD: dangling Wire at (2.300, 396.880) (2.300, 396.880) on layer: met5
Net VDD: dangling Wire at (1090.200, 396.880) (1090.200, 396.880) on layer: met5
Net VDD: dangling Wire at (2.300, 369.680) (2.300, 369.680) on layer: met5
Net VDD: dangling Wire at (1090.200, 369.680) (1090.200, 369.680) on layer: met5
Net VDD: dangling Wire at (2.300, 315.280) (2.300, 315.280) on layer: met5
Net VDD: dangling Wire at (1090.200, 315.280) (1090.200, 315.280) on layer: met5
Net VDD: dangling Wire at (2.300, 288.080) (2.300, 288.080) on layer: met5
Net VDD: dangling Wire at (1090.200, 288.080) (1090.200, 288.080) on layer: met5
Net VDD: dangling Wire at (2.300, 478.480) (2.300, 478.480) on layer: met5
Net VDD: dangling Wire at (1090.200, 478.480) (1090.200, 478.480) on layer: met5
Net VDD: dangling Wire at (2.300, 451.280) (2.300, 451.280) on layer: met5
Net VDD: dangling Wire at (1090.200, 451.280) (1090.200, 451.280) on layer: met5
Net VDD: dangling Wire at (2.300, 424.080) (2.300, 424.080) on layer: met5
Net VDD: dangling Wire at (1090.200, 424.080) (1090.200, 424.080) on layer: met5
Net VDD: dangling Wire at (2.300, 505.680) (2.300, 505.680) on layer: met5
Net VDD: dangling Wire at (1090.200, 505.680) (1090.200, 505.680) on layer: met5
Net VDD: dangling Wire at (2.300, 532.880) (2.300, 532.880) on layer: met5
Net VDD: dangling Wire at (1090.200, 532.880) (1090.200, 532.880) on layer: met5
Net VDD: dangling Wire at (911.490, 2.480) (911.490, 2.480) on layer: met4
Net VDD: dangling Wire at (2.300, 206.480) (2.300, 206.480) on layer: met5
Net VDD: dangling Wire at (1090.200, 206.480) (1090.200, 206.480) on layer: met5
Net VDD: dangling Wire at (2.300, 16.080) (2.300, 16.080) on layer: met5
Net VDD: dangling Wire at (1090.200, 16.080) (1090.200, 16.080) on layer: met5
Net VDD: dangling Wire at (2.300, 43.280) (2.300, 43.280) on layer: met5
Net VDD: dangling Wire at (1090.200, 43.280) (1090.200, 43.280) on layer: met5
Net VDD: dangling Wire at (2.300, 70.480) (2.300, 70.480) on layer: met5
Net VDD: dangling Wire at (1090.200, 70.480) (1090.200, 70.480) on layer: met5
Net VDD: dangling Wire at (2.300, 97.680) (2.300, 97.680) on layer: met5
Net VDD: dangling Wire at (1090.200, 97.680) (1090.200, 97.680) on layer: met5
Net VDD: dangling Wire at (2.300, 124.880) (2.300, 124.880) on layer: met5
Net VDD: dangling Wire at (1090.200, 124.880) (1090.200, 124.880) on layer: met5
Net VDD: dangling Wire at (2.300, 152.080) (2.300, 152.080) on layer: met5
Net VDD: dangling Wire at (1090.200, 152.080) (1090.200, 152.080) on layer: met5
Net VDD: dangling Wire at (2.300, 179.280) (2.300, 179.280) on layer: met5
Net VDD: dangling Wire at (1090.200, 179.280) (1090.200, 179.280) on layer: met5
Net VDD: dangling Wire at (15.870, 2.480) (15.870, 2.480) on layer: met4
Net VDD: dangling Wire at (43.010, 2.480) (43.010, 2.480) on layer: met4
Net VDD: dangling Wire at (70.150, 2.480) (70.150, 2.480) on layer: met4
Net VDD: dangling Wire at (97.290, 2.480) (97.290, 2.480) on layer: met4
Net VDD: dangling Wire at (124.430, 2.480) (124.430, 2.480) on layer: met4
Net VDD: dangling Wire at (151.570, 2.480) (151.570, 2.480) on layer: met4
Net VDD: dangling Wire at (178.710, 2.480) (178.710, 2.480) on layer: met4
Net VDD: dangling Wire at (205.850, 2.480) (205.850, 2.480) on layer: met4
Net VDD: dangling Wire at (232.990, 2.480) (232.990, 2.480) on layer: met4
Net VDD: dangling Wire at (260.130, 2.480) (260.130, 2.480) on layer: met4
Net VDD: dangling Wire at (287.270, 2.480) (287.270, 2.480) on layer: met4
Net VDD: dangling Wire at (314.410, 2.480) (314.410, 2.480) on layer: met4
Net VDD: dangling Wire at (341.550, 2.480) (341.550, 2.480) on layer: met4
Net VDD: dangling Wire at (368.690, 2.480) (368.690, 2.480) on layer: met4
Net VDD: dangling Wire at (395.830, 2.480) (395.830, 2.480) on layer: met4
Net VDD: dangling Wire at (422.970, 2.480) (422.970, 2.480) on layer: met4
Net VDD: dangling Wire at (450.110, 2.480) (450.110, 2.480) on layer: met4
Net VDD: dangling Wire at (477.250, 2.480) (477.250, 2.480) on layer: met4
Net VDD: dangling Wire at (504.390, 2.480) (504.390, 2.480) on layer: met4
Net VDD: dangling Wire at (531.530, 2.480) (531.530, 2.480) on layer: met4

Begin Summary
    238 Problem(s) (IMPVFC-94): The net has dangling wire(s).
    238 total info(s) created.
End Summary
