###############################################################
#  Generated by:      Cadence Innovus 21.11-s130_1
#  OS:                Linux x86_64(Host ID redondo-asia-tpe-desktop-pawanekar-0)
#  Generated on:      Fri Nov  3 03:56:10 2023
#  Design:            aes_cipher_top
#  Command:           verifyConnectivity -type all -connLoop -append -dividePowerNet -rawViolsMark -useNewOpenVio -removeOldOpenVio -useVirtualConnection -error 1000000 -warning 50000
###############################################################
Verify Connectivity Report is created on Fri Nov  3 03:56:10 2023



Net VSS: dangling Wire at (2.090, 344.715) (2.090, 344.715) on layer: metal7
Net VSS: dangling Wire at (406.790, 344.715) (406.790, 344.715) on layer: metal7
Net VSS: dangling Wire at (2.090, 384.715) (2.090, 384.715) on layer: metal7
Net VSS: dangling Wire at (406.790, 384.715) (406.790, 384.715) on layer: metal7
Net VSS: dangling Wire at (2.090, 64.715) (2.090, 64.715) on layer: metal7
Net VSS: dangling Wire at (406.790, 64.715) (406.790, 64.715) on layer: metal7
Net VSS: dangling Wire at (2.090, 24.715) (2.090, 24.715) on layer: metal7
Net VSS: dangling Wire at (406.790, 24.715) (406.790, 24.715) on layer: metal7
Net VSS: dangling Wire at (2.090, 144.715) (2.090, 144.715) on layer: metal7
Net VSS: dangling Wire at (406.790, 144.715) (406.790, 144.715) on layer: metal7
Net VSS: dangling Wire at (2.090, 104.715) (2.090, 104.715) on layer: metal7
Net VSS: dangling Wire at (406.790, 104.715) (406.790, 104.715) on layer: metal7
Net VSS: dangling Wire at (2.090, 184.715) (2.090, 184.715) on layer: metal7
Net VSS: dangling Wire at (406.790, 184.715) (406.790, 184.715) on layer: metal7
Net VSS: dangling Wire at (2.090, 304.715) (2.090, 304.715) on layer: metal7
Net VSS: dangling Wire at (406.790, 304.715) (406.790, 304.715) on layer: metal7
Net VSS: dangling Wire at (2.090, 264.715) (2.090, 264.715) on layer: metal7
Net VSS: dangling Wire at (406.790, 264.715) (406.790, 264.715) on layer: metal7
Net VSS: dangling Wire at (2.090, 224.715) (2.090, 224.715) on layer: metal7
Net VSS: dangling Wire at (406.790, 224.715) (406.790, 224.715) on layer: metal7
Net VDD: dangling Wire at (2.090, 284.715) (2.090, 284.715) on layer: metal7
Net VDD: dangling Wire at (406.790, 284.715) (406.790, 284.715) on layer: metal7
Net VDD: dangling Wire at (2.090, 244.715) (2.090, 244.715) on layer: metal7
Net VDD: dangling Wire at (406.790, 244.715) (406.790, 244.715) on layer: metal7
Net VDD: dangling Wire at (2.090, 204.715) (2.090, 204.715) on layer: metal7
Net VDD: dangling Wire at (406.790, 204.715) (406.790, 204.715) on layer: metal7
Net VDD: dangling Wire at (228.090, 2.715) (228.090, 2.715) on layer: metal4
Net VDD: dangling Wire at (228.090, 406.085) (228.090, 406.085) on layer: metal4
Net VDD: dangling Wire at (284.090, 2.715) (284.090, 2.715) on layer: metal4
Net VDD: dangling Wire at (284.090, 406.085) (284.090, 406.085) on layer: metal4
Net VDD: dangling Wire at (340.090, 2.715) (340.090, 2.715) on layer: metal4
Net VDD: dangling Wire at (340.090, 406.085) (340.090, 406.085) on layer: metal4
Net VDD: dangling Wire at (396.090, 2.715) (396.090, 2.715) on layer: metal4
Net VDD: dangling Wire at (396.090, 406.085) (396.090, 406.085) on layer: metal4
Net VDD: dangling Wire at (2.090, 324.715) (2.090, 324.715) on layer: metal7
Net VDD: dangling Wire at (406.790, 324.715) (406.790, 324.715) on layer: metal7
Net VDD: dangling Wire at (2.090, 364.715) (2.090, 364.715) on layer: metal7
Net VDD: dangling Wire at (406.790, 364.715) (406.790, 364.715) on layer: metal7
Net VDD: dangling Wire at (4.090, 2.715) (4.090, 2.715) on layer: metal4
Net VDD: dangling Wire at (4.090, 406.085) (4.090, 406.085) on layer: metal4
Net VDD: dangling Wire at (2.090, 84.715) (2.090, 84.715) on layer: metal7
Net VDD: dangling Wire at (406.790, 84.715) (406.790, 84.715) on layer: metal7
Net VDD: dangling Wire at (60.090, 2.715) (60.090, 2.715) on layer: metal4
Net VDD: dangling Wire at (60.090, 406.085) (60.090, 406.085) on layer: metal4
Net VDD: dangling Wire at (2.090, 44.715) (2.090, 44.715) on layer: metal7
Net VDD: dangling Wire at (406.790, 44.715) (406.790, 44.715) on layer: metal7
Net VDD: dangling Wire at (116.090, 2.715) (116.090, 2.715) on layer: metal4
Net VDD: dangling Wire at (116.090, 406.085) (116.090, 406.085) on layer: metal4
Net VDD: dangling Wire at (2.090, 4.715) (2.090, 4.715) on layer: metal7
Net VDD: dangling Wire at (406.790, 4.715) (406.790, 4.715) on layer: metal7
Net VDD: dangling Wire at (172.090, 2.715) (172.090, 2.715) on layer: metal4
Net VDD: dangling Wire at (172.090, 406.085) (172.090, 406.085) on layer: metal4
Net VDD: dangling Wire at (2.090, 124.715) (2.090, 124.715) on layer: metal7
Net VDD: dangling Wire at (406.790, 124.715) (406.790, 124.715) on layer: metal7
Net VDD: dangling Wire at (2.090, 164.715) (2.090, 164.715) on layer: metal7
Net VDD: dangling Wire at (406.790, 164.715) (406.790, 164.715) on layer: metal7

Begin Summary
    56 Problem(s) (IMPVFC-94): The net has dangling wire(s).
    56 total info(s) created.
End Summary
