###############################################################
#  Generated by:      Cadence Innovus 21.11-s130_1
#  OS:                Linux x86_64(Host ID redondo-asia-tpe-desktop-pawanekar-0)
#  Generated on:      Fri Nov  3 03:00:23 2023
#  Design:            aes_cipher_top
#  Command:           verifyProcessAntenna -report aes_cipher_top_1.sky130hd.antenna.rpt -error 1000000
###############################################################
clk (2)
  clkbuf_0_clk  (sky130_fd_sc_hd__buf_1) A
[1]      met3:  Area:134.1072  S.Area:716.1840  G.Area:  0.1965  D.Area:  0.0000
                Fact:  1.0000     PAR:3.6447e+03   Ratio:400.0000       (S.Area)
text_in_r[55] (3)
  _48603_  (sky130_fd_sc_hd__nand2_1) B
[1]      met1:  Area: 41.9956  S.Area:209.8600  G.Area:  0.2475  D.Area:  0.0000
                Fact:  1.0000     PAR:847.9192   Ratio:400.0000       (S.Area)
text_in_r[39] (3)
  _48561_  (sky130_fd_sc_hd__nand2_1) B
[1]      met1:  Area: 20.3546  S.Area:101.5875  G.Area:  0.2475  D.Area:  0.0000
                Fact:  1.0000     PAR:410.4545   Ratio:400.0000       (S.Area)
text_in_r[117] (3)
  _48139_  (sky130_fd_sc_hd__nand2_1) B
[1]      met3:  Area: 20.4790  S.Area:109.6880  G.Area:  0.2475  D.Area:  0.0000
                Fact:  1.0000     PAR:443.1838   Ratio:400.0000       (S.Area)
net914 (7)
  rebuffer495  (sky130_fd_sc_hd__dlygate4sd3_1) A
[1]      met2:  Area: 10.4059  S.Area: 51.6005  G.Area:  0.1260  D.Area:  0.0000
                Fact:  1.0000     PAR:409.5278   Ratio:400.0000       (S.Area)
[1]      met3:  Area: 28.9868  S.Area:156.0000  G.Area:  0.1260  D.Area:  0.0000
                Fact:  1.0000     PAR:1.2381e+03   Ratio:400.0000       (S.Area)
net398 (61)
  _27701_  (sky130_fd_sc_hd__o21ai_0) A1
[1]      met1:  Area: 13.9962  S.Area: 69.7585  G.Area:  0.1590  D.Area:  0.0000
                Fact:  1.0000     PAR:438.7327   Ratio:400.0000       (S.Area)
net299 (2)
  output299  (sky130_fd_sc_hd__clkbuf_1) A
[1]      met1:  Area: 17.4140  S.Area: 86.9925  G.Area:  0.1965  D.Area:  0.0000
                Fact:  1.0000     PAR:442.7099   Ratio:400.0000       (S.Area)
net295 (2)
  output295  (sky130_fd_sc_hd__clkbuf_1) A
[1]      met2:  Area: 17.9171  S.Area: 89.4145  G.Area:  0.1965  D.Area:  0.0000
                Fact:  1.0000     PAR:455.0356   Ratio:400.0000       (S.Area)
clknet_3_7_0_clk (12)
  clkbuf_leaf_38_clk  (sky130_fd_sc_hd__buf_1) A
[1]      met1:  Area: 18.6424  S.Area: 93.0265  G.Area:  0.1965  D.Area:  0.0000
                Fact:  1.0000     PAR:473.4173   Ratio:400.0000       (S.Area)
clknet_3_6_0_clk (10)
  clkbuf_opt_14_0_clk  (sky130_fd_sc_hd__buf_1) A
[1]      met3:  Area: 33.6730  S.Area:180.0560  G.Area:  0.1965  D.Area:  0.0000
                Fact:  1.0000     PAR:916.3155   Ratio:400.0000       (S.Area)
clknet_3_5_0_clk (13)
  clkbuf_leaf_16_clk  (sky130_fd_sc_hd__buf_1) A
[1]      met1:  Area: 16.8896  S.Area: 84.2625  G.Area:  0.1965  D.Area:  0.0000
                Fact:  1.0000     PAR:428.8168   Ratio:400.0000       (S.Area)
clknet_3_4_0_clk (12)
  clkbuf_leaf_26_clk  (sky130_fd_sc_hd__buf_1) A
[1]      met1:  Area: 18.5185  S.Area: 92.4070  G.Area:  0.1965  D.Area:  0.0000
                Fact:  1.0000     PAR:470.2646   Ratio:400.0000       (S.Area)
  clkbuf_leaf_13_clk  (sky130_fd_sc_hd__buf_1) A
[1]      met1:  Area: 22.5660  S.Area:112.7525  G.Area:  0.1965  D.Area:  0.0000
                Fact:  1.0000     PAR:573.8041   Ratio:400.0000       (S.Area)
clknet_3_0_0_clk (11)
  clkbuf_leaf_76_clk  (sky130_fd_sc_hd__buf_1) A
[1]      met3:  Area: 22.9630  S.Area:122.9360  G.Area:  0.1965  D.Area:  0.0000
                Fact:  1.0000     PAR:625.6285   Ratio:400.0000       (S.Area)
_24381_ (3)
  _33195_  (sky130_fd_sc_hd__nand3_1) C
[1]      met3:  Area: 66.7090  S.Area:356.2480  G.Area:  0.4950  D.Area:  0.0000
                Fact:  1.0000     PAR:719.6929   Ratio:400.0000       (S.Area)
  _33193_  (sky130_fd_sc_hd__nand2_1) B
[1]      met3:  Area: 66.7090  S.Area:356.2480  G.Area:  0.4950  D.Area:  0.0000
                Fact:  1.0000     PAR:719.6929   Ratio:400.0000       (S.Area)
_19378_ (2)
  _28151_  (sky130_fd_sc_hd__nand2_1) B
[1]      met3:  Area: 69.7221  S.Area:373.7120  G.Area:  0.2475  D.Area:  0.0000
                Fact:  1.0000     PAR:1.5099e+03   Ratio:400.0000       (S.Area)
_19373_ (2)
  _28145_  (sky130_fd_sc_hd__nand2_1) B
[1]      met3:  Area: 26.1370  S.Area:139.8640  G.Area:  0.2475  D.Area:  0.0000
                Fact:  1.0000     PAR:565.1071   Ratio:400.0000       (S.Area)
_19342_ (2)
  _28106_  (sky130_fd_sc_hd__o21ai_0) B1
[1]      met3:  Area: 39.7210  S.Area:212.3120  G.Area:  0.1590  D.Area:  0.0000
                Fact:  1.0000     PAR:1.3353e+03   Ratio:400.0000       (S.Area)
_19318_ (2)
  _28076_  (sky130_fd_sc_hd__nand2_1) B
[1]      met4:  Area:186.1668  S.Area:993.3600  G.Area:  0.2475  D.Area:  2.8620
                Fact:  1.0000     PAR:4.0136e+03   Ratio:3.7448e+03       (S.Area)
_19315_ (2)
  _28072_  (sky130_fd_sc_hd__o21ai_0) B1
[1]      met4:  Area:157.5216  S.Area:841.0560  G.Area:  0.1590  D.Area:  2.8620
                Fact:  1.0000     PAR:5.2897e+03   Ratio:3.7448e+03       (S.Area)
_19264_ (2)
  _28014_  (sky130_fd_sc_hd__o21ai_0) B1
[1]      met3:  Area: 26.6890  S.Area:142.8080  G.Area:  0.1590  D.Area:  0.0000
                Fact:  1.0000     PAR:898.1635   Ratio:400.0000       (S.Area)
[1]      met4:  Area:143.9388  S.Area:768.1440  G.Area:  0.1590  D.Area:  2.8620
                Fact:  1.0000     PAR:4.8311e+03   Ratio:3.7448e+03       (S.Area)
_19252_ (2)
  _28000_  (sky130_fd_sc_hd__o21ai_0) B1
[1]      met4:  Area:104.3628  S.Area:557.0720  G.Area:  0.1590  D.Area:  1.4310
                Fact:  1.0000     PAR:3.5036e+03   Ratio:3.1724e+03       (S.Area)
_19227_ (2)
  _27970_  (sky130_fd_sc_hd__nand2_1) B
[1]      met3:  Area: 24.0670  S.Area:128.8240  G.Area:  0.2475  D.Area:  0.0000
                Fact:  1.0000     PAR:520.5010   Ratio:400.0000       (S.Area)
_19217_ (2)
  _27959_  (sky130_fd_sc_hd__o21ai_0) B1
[1]      met4:  Area:145.5840  S.Area:785.8560  G.Area:  0.1590  D.Area:  2.8620
                Fact:  1.0000     PAR:4.9425e+03   Ratio:3.7448e+03       (S.Area)
_19213_ (2)
  _27954_  (sky130_fd_sc_hd__nand2_1) B
[1]      met3:  Area: 42.4210  S.Area:226.7120  G.Area:  0.2475  D.Area:  0.0000
                Fact:  1.0000     PAR:916.0081   Ratio:400.0000       (S.Area)
_19208_ (2)
  _27948_  (sky130_fd_sc_hd__nand2_1) B
[1]      met3:  Area: 51.7606  S.Area:277.4640  G.Area:  0.2475  D.Area:  0.0000
                Fact:  1.0000     PAR:1.1211e+03   Ratio:400.0000       (S.Area)
_19154_ (2)
  _27882_  (sky130_fd_sc_hd__nand2_1) B
[1]      met3:  Area: 32.9448  S.Area:176.6240  G.Area:  0.2475  D.Area:  0.0000
                Fact:  1.0000     PAR:713.6323   Ratio:400.0000       (S.Area)
_19112_ (2)
  _27834_  (sky130_fd_sc_hd__o31ai_1) B1
[1]      met3:  Area: 25.1710  S.Area:134.7120  G.Area:  0.2475  D.Area:  0.0000
                Fact:  1.0000     PAR:544.2909   Ratio:400.0000       (S.Area)
_19088_ (2)
  _27807_  (sky130_fd_sc_hd__nand2_1) B
[1]      met3:  Area:139.0210  S.Area:741.9120  G.Area:  0.2475  D.Area:  0.0000
                Fact:  1.0000     PAR:2.9976e+03   Ratio:400.0000       (S.Area)
_19082_ (2)
  _27800_  (sky130_fd_sc_hd__o21ai_0) B1
[1]      met3:  Area: 15.0970  S.Area: 80.9840  G.Area:  0.1590  D.Area:  0.0000
                Fact:  1.0000     PAR:509.3333   Ratio:400.0000       (S.Area)
_19052_ (2)
  _27764_  (sky130_fd_sc_hd__nand2_1) B
[1]      met3:  Area: 52.9750  S.Area:283.0000  G.Area:  0.2475  D.Area:  0.0000
                Fact:  1.0000     PAR:1.1434e+03   Ratio:400.0000       (S.Area)
_19039_ (2)
  _27748_  (sky130_fd_sc_hd__nand2_1) B
[1]      met2:  Area: 44.6975  S.Area:223.1985  G.Area:  0.2475  D.Area:  0.0000
                Fact:  1.0000     PAR:901.8121   Ratio:400.0000       (S.Area)
_19031_ (2)
  _27739_  (sky130_fd_sc_hd__nand2_1) B
[1]      met2:  Area: 21.4395  S.Area:107.0265  G.Area:  0.2475  D.Area:  0.0000
                Fact:  1.0000     PAR:432.4303   Ratio:400.0000       (S.Area)
_18983_ (2)
  _27683_  (sky130_fd_sc_hd__o21ai_0) B1
[1]      met2:  Area: 22.5131  S.Area:112.2765  G.Area:  0.1590  D.Area:  0.0000
                Fact:  1.0000     PAR:706.1415   Ratio:400.0000       (S.Area)
_18881_ (2)
  _27573_  (sky130_fd_sc_hd__nand2_1) B
[1]      met4:  Area: 20.2468  S.Area:104.3280  G.Area:  0.2475  D.Area:  0.0000
                Fact:  1.0000     PAR:421.5273   Ratio:400.0000       (S.Area)
_18820_ (2)
  _27511_  (sky130_fd_sc_hd__nand2_1) B
[1]      met3:  Area: 41.5930  S.Area:222.2960  G.Area:  0.2475  D.Area:  0.0000
                Fact:  1.0000     PAR:898.1657   Ratio:400.0000       (S.Area)
_18696_ (2)
  _27385_  (sky130_fd_sc_hd__nand2_1) B
[1]      met3:  Area: 28.4830  S.Area:152.3760  G.Area:  0.2475  D.Area:  0.0000
                Fact:  1.0000     PAR:615.6606   Ratio:400.0000       (S.Area)
_18165_ (2)
  _26850_  (sky130_fd_sc_hd__o21ai_0) B1
[1]      met4:  Area:146.1828  S.Area:780.1120  G.Area:  0.1590  D.Area:  2.8620
                Fact:  1.0000     PAR:4.9064e+03   Ratio:3.7448e+03       (S.Area)
_18052_ (2)
  _26735_  (sky130_fd_sc_hd__nand2_1) B
[1]      met3:  Area: 65.7430  S.Area:351.0960  G.Area:  0.2475  D.Area:  0.0000
                Fact:  1.0000     PAR:1.4186e+03   Ratio:400.0000       (S.Area)
_17307_ (2)
  _25983_  (sky130_fd_sc_hd__nand2_1) B
[1]      met3:  Area: 59.4610  S.Area:317.5920  G.Area:  0.2475  D.Area:  0.0000
                Fact:  1.0000     PAR:1.2832e+03   Ratio:400.0000       (S.Area)
_17187_ (2)
  _25861_  (sky130_fd_sc_hd__nand2_1) B
[1]      met3:  Area: 41.7310  S.Area:223.0320  G.Area:  0.2475  D.Area:  0.0000
                Fact:  1.0000     PAR:901.1394   Ratio:400.0000       (S.Area)
_17126_ (2)
  _25799_  (sky130_fd_sc_hd__nand2_1) B
[1]      met3:  Area: 52.4950  S.Area:280.4400  G.Area:  0.2475  D.Area:  0.0000
                Fact:  1.0000     PAR:1.1331e+03   Ratio:400.0000       (S.Area)
_17076_ (2)
  _48784_  (sky130_fd_sc_hd__o21ai_0) B1
[1]      met3:  Area: 54.3348  S.Area:290.7040  G.Area:  0.1590  D.Area:  0.0000
                Fact:  1.0000     PAR:1.8283e+03   Ratio:400.0000       (S.Area)
_17070_ (2)
  _48775_  (sky130_fd_sc_hd__nand2_1) B
[1]      met5:  Area:651.7120  S.Area:981.4080  G.Area:  0.2475  D.Area:  2.8620
                Fact:  1.0000     PAR:3.9653e+03   Ratio:3.7448e+03       (S.Area)
_17062_ (2)
  _48764_  (sky130_fd_sc_hd__nand2_1) B
[1]      met2:  Area: 25.7975  S.Area:128.6985  G.Area:  0.2475  D.Area:  0.0000
                Fact:  1.0000     PAR:519.9939   Ratio:400.0000       (S.Area)
_17056_ (2)
  _48756_  (sky130_fd_sc_hd__o21ai_0) B1
[1]      met3:  Area:102.5148  S.Area:547.2160  G.Area:  0.1590  D.Area:  1.4310
                Fact:  1.0000     PAR:3.4416e+03   Ratio:3.1724e+03       (S.Area)
_17034_ (2)
  _48727_  (sky130_fd_sc_hd__nand2_1) B
[1]      met3:  Area: 19.3750  S.Area:103.8000  G.Area:  0.2475  D.Area:  0.0000
                Fact:  1.0000     PAR:419.3939   Ratio:400.0000       (S.Area)
_17026_ (2)
  _48717_  (sky130_fd_sc_hd__o21ai_0) B1
[1]      met4:  Area:128.5536  S.Area:686.5600  G.Area:  0.1590  D.Area:  2.8620
                Fact:  1.0000     PAR:4.3180e+03   Ratio:3.7448e+03       (S.Area)
_17013_ (2)
  _48698_  (sky130_fd_sc_hd__o21ai_0) B1
[1]      met3:  Area: 22.6150  S.Area:121.0800  G.Area:  0.1590  D.Area:  0.0000
                Fact:  1.0000     PAR:761.5094   Ratio:400.0000       (S.Area)
[1]      met4:  Area:129.6924  S.Area:693.1040  G.Area:  0.1590  D.Area:  2.8620
                Fact:  1.0000     PAR:4.3591e+03   Ratio:3.7448e+03       (S.Area)
_17007_ (2)
  _48690_  (sky130_fd_sc_hd__o21ai_0) B1
[1]      met3:  Area: 30.2386  S.Area:162.6800  G.Area:  0.1590  D.Area:  0.0000
                Fact:  1.0000     PAR:1.0231e+03   Ratio:400.0000       (S.Area)
_17002_ (2)
  _48682_  (sky130_fd_sc_hd__o21ai_0) B1
[1]      met4:  Area:104.6724  S.Area:559.6640  G.Area:  0.1590  D.Area:  1.4310
                Fact:  1.0000     PAR:3.5199e+03   Ratio:3.1724e+03       (S.Area)
_16992_ (2)
  _48669_  (sky130_fd_sc_hd__o21ai_0) B1
[1]      met3:  Area:152.6556  S.Area:815.1040  G.Area:  0.1590  D.Area:  2.8620
                Fact:  1.0000     PAR:5.1264e+03   Ratio:3.7448e+03       (S.Area)
_16991_ (2)
  _48667_  (sky130_fd_sc_hd__o21ai_0) B1
[1]      met5:  Area:822.4640  S.Area:1.2375e+03  G.Area:  0.1590  D.Area:  2.8620
                Fact:  1.0000     PAR:7.7832e+03   Ratio:3.7448e+03       (S.Area)
_16977_ (2)
  _48648_  (sky130_fd_sc_hd__o21ai_0) B1
[1]      met3:  Area:111.4848  S.Area:595.0560  G.Area:  0.1590  D.Area:  1.4310
                Fact:  1.0000     PAR:3.7425e+03   Ratio:3.1724e+03       (S.Area)
_16970_ (2)
  _48638_  (sky130_fd_sc_hd__o21ai_0) B1
[1]      met2:  Area: 13.8711  S.Area: 69.1845  G.Area:  0.1590  D.Area:  0.0000
                Fact:  1.0000     PAR:435.1226   Ratio:400.0000       (S.Area)
[1]      met3:  Area: 13.8550  S.Area: 74.3600  G.Area:  0.1590  D.Area:  0.0000
                Fact:  1.0000     PAR:467.6730   Ratio:400.0000       (S.Area)
_16956_ (2)
  _48617_  (sky130_fd_sc_hd__o21ai_0) B1
[1]      met3:  Area:170.9628  S.Area:912.2720  G.Area:  0.1590  D.Area:  2.8620
                Fact:  1.0000     PAR:5.7376e+03   Ratio:3.7448e+03       (S.Area)
_16954_ (2)
  _48614_  (sky130_fd_sc_hd__o21ai_0) B1
[1]      met3:  Area:183.7776  S.Area:981.0880  G.Area:  0.1590  D.Area:  2.8620
                Fact:  1.0000     PAR:6.1704e+03   Ratio:3.7448e+03       (S.Area)
_16935_ (2)
  _48587_  (sky130_fd_sc_hd__o21ai_0) B1
[1]      met4:  Area:145.7748  S.Area:777.9360  G.Area:  0.1590  D.Area:  2.8620
                Fact:  1.0000     PAR:4.8927e+03   Ratio:3.7448e+03       (S.Area)
_16915_ (2)
  _48560_  (sky130_fd_sc_hd__o21ai_0) B1
[1]      met3:  Area: 14.9470  S.Area: 80.1840  G.Area:  0.1590  D.Area:  0.0000
                Fact:  1.0000     PAR:504.3019   Ratio:400.0000       (S.Area)
_16903_ (2)
  _48542_  (sky130_fd_sc_hd__o21ai_0) B1
[1]      met3:  Area: 52.6930  S.Area:281.4960  G.Area:  0.1590  D.Area:  0.0000
                Fact:  1.0000     PAR:1.7704e+03   Ratio:400.0000       (S.Area)
_16901_ (2)
  _48540_  (sky130_fd_sc_hd__o21ai_0) B1
[1]      met3:  Area: 18.2710  S.Area: 97.9120  G.Area:  0.1590  D.Area:  0.0000
                Fact:  1.0000     PAR:615.7987   Ratio:400.0000       (S.Area)
[1]      met4:  Area:115.6164  S.Area:618.0320  G.Area:  0.1590  D.Area:  1.4310
                Fact:  1.0000     PAR:3.8870e+03   Ratio:3.1724e+03       (S.Area)
_16882_ (2)
  _48515_  (sky130_fd_sc_hd__o21ai_0) B1
[1]      met3:  Area: 44.7358  S.Area:239.5280  G.Area:  0.1590  D.Area:  0.0000
                Fact:  1.0000     PAR:1.5065e+03   Ratio:400.0000       (S.Area)
_16873_ (2)
  _48502_  (sky130_fd_sc_hd__o21ai_0) B1
[1]      met4:  Area:118.8804  S.Area:635.4400  G.Area:  0.1590  D.Area:  2.8620
                Fact:  1.0000     PAR:3.9965e+03   Ratio:3.7448e+03       (S.Area)
_16867_ (2)
  _48494_  (sky130_fd_sc_hd__o21ai_0) B1
[1]      met4:  Area:148.3536  S.Area:792.1600  G.Area:  0.1590  D.Area:  2.8620
                Fact:  1.0000     PAR:4.9821e+03   Ratio:3.7448e+03       (S.Area)
_14653_ (4)
  _46325_  (sky130_fd_sc_hd__a21oi_1) B1
[1]      met3:  Area: 19.5130  S.Area:104.5360  G.Area:  0.2475  D.Area:  0.0000
                Fact:  1.0000     PAR:422.3677   Ratio:400.0000       (S.Area)
_14385_ (4)
  _46648_  (sky130_fd_sc_hd__nand4_1) B
[1]      met3:  Area: 23.2198  S.Area:124.7760  G.Area:  0.2475  D.Area:  0.0000
                Fact:  1.0000     PAR:504.1455   Ratio:400.0000       (S.Area)
_13433_ (7)
  rebuffer975  (sky130_fd_sc_hd__dlygate4sd1_1) A
[1]      met1:  Area: 11.5982  S.Area: 57.6975  G.Area:  0.1260  D.Area:  0.0000
                Fact:  1.0000     PAR:457.9167   Ratio:400.0000       (S.Area)
_13408_ (2)
  _45190_  (sky130_fd_sc_hd__nand2_1) B
[1]      met3:  Area: 23.1010  S.Area:123.6720  G.Area:  0.2475  D.Area:  0.0000
                Fact:  1.0000     PAR:499.6848   Ratio:400.0000       (S.Area)
_13243_ (3)
  _45898_  (sky130_fd_sc_hd__nor3_1) A
[1]      met3:  Area: 27.9118  S.Area:149.8000  G.Area:  0.2475  D.Area:  0.0000
                Fact:  1.0000     PAR:605.2525   Ratio:400.0000       (S.Area)
_12629_ (21)
  _46187_  (sky130_fd_sc_hd__o21ai_0) A1
[1]      met1:  Area: 12.9997  S.Area: 64.8130  G.Area:  0.1590  D.Area:  0.0000
                Fact:  1.0000     PAR:407.6289   Ratio:400.0000       (S.Area)
_12318_ (5)
  _47234_  (sky130_fd_sc_hd__nand2_1) A
[1]      met3:  Area: 21.2878  S.Area:114.4720  G.Area:  0.2475  D.Area:  0.0000
                Fact:  1.0000     PAR:462.5131   Ratio:400.0000       (S.Area)
_12134_ (2)
  _44031_  (sky130_fd_sc_hd__nand4_1) D
[1]      met3:  Area: 19.0798  S.Area:102.6960  G.Area:  0.2475  D.Area:  0.0000
                Fact:  1.0000     PAR:414.9333   Ratio:400.0000       (S.Area)
_12097_ (16)
  _45233_  (sky130_fd_sc_hd__o21ai_0) A2
[1]      met1:  Area: 14.0283  S.Area: 69.8110  G.Area:  0.1590  D.Area:  0.0000
                Fact:  1.0000     PAR:439.0629   Ratio:400.0000       (S.Area)
_12051_ (7)
  rebuffer647  (sky130_fd_sc_hd__dlygate4sd1_1) A
[1]      met1:  Area: 11.9483  S.Area: 59.5560  G.Area:  0.1260  D.Area:  0.0000
                Fact:  1.0000     PAR:472.6667   Ratio:400.0000       (S.Area)
_11385_ (3)
  _43350_  (sky130_fd_sc_hd__nand2_1) A
[1]      met1:  Area: 21.7644  S.Area:108.6365  G.Area:  0.2475  D.Area:  0.0000
                Fact:  1.0000     PAR:438.9354   Ratio:400.0000       (S.Area)
_11203_ (3)
  _43176_  (sky130_fd_sc_hd__nand3_1) C
[1]      met3:  Area: 74.7790  S.Area:399.2880  G.Area:  0.4950  D.Area:  0.0000
                Fact:  1.0000     PAR:806.6424   Ratio:400.0000       (S.Area)
  _43173_  (sky130_fd_sc_hd__nand2_1) B
[1]      met3:  Area: 74.7790  S.Area:399.2880  G.Area:  0.4950  D.Area:  0.0000
                Fact:  1.0000     PAR:806.6424   Ratio:400.0000       (S.Area)
_08737_ (5)
  _24990_  (sky130_fd_sc_hd__xor2_1) B
[1]      met3:  Area: 53.1926  S.Area:284.1520  G.Area:  0.4950  D.Area:  0.0000
                Fact:  1.0000     PAR:574.0444   Ratio:400.0000       (S.Area)
_08446_ (3)
  _40920_  (sky130_fd_sc_hd__nand4_1) B
[1]      met3:  Area: 33.2464  S.Area:177.7760  G.Area:  0.4065  D.Area:  0.0000
                Fact:  1.0000     PAR:437.3333   Ratio:400.0000       (S.Area)
  _40647_  (sky130_fd_sc_hd__o21ai_0) A2
[1]      met3:  Area: 33.2464  S.Area:177.7760  G.Area:  0.4065  D.Area:  0.0000
                Fact:  1.0000     PAR:437.3333   Ratio:400.0000       (S.Area)
_07389_ (3)
  _39684_  (sky130_fd_sc_hd__nand3_1) C
[1]      met3:  Area: 39.3505  S.Area:211.2720  G.Area:  0.4950  D.Area:  0.0000
                Fact:  1.0000     PAR:426.8121   Ratio:400.0000       (S.Area)
  _39682_  (sky130_fd_sc_hd__nand2_1) B
[1]      met3:  Area: 39.3505  S.Area:211.2720  G.Area:  0.4950  D.Area:  0.0000
                Fact:  1.0000     PAR:426.8121   Ratio:400.0000       (S.Area)
_07057_ (3)
  _39381_  (sky130_fd_sc_hd__nand2_1) B
[1]      met3:  Area: 45.8710  S.Area:245.1120  G.Area:  0.4950  D.Area:  0.0000
                Fact:  1.0000     PAR:495.1758   Ratio:400.0000       (S.Area)
  _42823_  (sky130_fd_sc_hd__nor2_1) B
[1]      met3:  Area: 45.8710  S.Area:245.1120  G.Area:  0.4950  D.Area:  0.0000
                Fact:  1.0000     PAR:495.1758   Ratio:400.0000       (S.Area)
_06962_ (4)
  rebuffer370  (sky130_fd_sc_hd__dlygate4sd3_1) A
[1]      met1:  Area: 11.6641  S.Area: 58.1350  G.Area:  0.1260  D.Area:  0.0000
                Fact:  1.0000     PAR:461.3889   Ratio:400.0000       (S.Area)
_06863_ (4)
  _39204_  (sky130_fd_sc_hd__nand2_1) B
[1]      met3:  Area: 22.9630  S.Area:122.9360  G.Area:  0.2475  D.Area:  0.0000
                Fact:  1.0000     PAR:496.7111   Ratio:400.0000       (S.Area)
_06607_ (12)
  _39159_  (sky130_fd_sc_hd__nand3_1) A
[1]      met3:  Area: 41.6029  S.Area:222.3440  G.Area:  0.4950  D.Area:  0.0000
                Fact:  1.0000     PAR:449.1798   Ratio:400.0000       (S.Area)
  _41933_  (sky130_fd_sc_hd__nand3_1) A
[1]      met3:  Area: 41.6029  S.Area:222.3440  G.Area:  0.4950  D.Area:  0.0000
                Fact:  1.0000     PAR:449.1798   Ratio:400.0000       (S.Area)
_05630_ (3)
  _38074_  (sky130_fd_sc_hd__nand3_1) A
[1]      met3:  Area: 60.2230  S.Area:321.6560  G.Area:  0.4950  D.Area:  0.0000
                Fact:  1.0000     PAR:649.8101   Ratio:400.0000       (S.Area)
  _38072_  (sky130_fd_sc_hd__nand2_1) A
[1]      met3:  Area: 60.2230  S.Area:321.6560  G.Area:  0.4950  D.Area:  0.0000
                Fact:  1.0000     PAR:649.8101   Ratio:400.0000       (S.Area)
_05530_ (3)
  _37978_  (sky130_fd_sc_hd__nand3_1) C
[1]      met3:  Area:126.4438  S.Area:675.3040  G.Area:  0.4950  D.Area:  0.0000
                Fact:  1.0000     PAR:1.3643e+03   Ratio:400.0000       (S.Area)
  _37976_  (sky130_fd_sc_hd__nand2_1) B
[1]      met3:  Area:126.4438  S.Area:675.3040  G.Area:  0.4950  D.Area:  0.0000
                Fact:  1.0000     PAR:1.3643e+03   Ratio:400.0000       (S.Area)
_05388_ (2)
  _37849_  (sky130_fd_sc_hd__nor2_1) A
[1]      met3:  Area: 32.3470  S.Area:172.9840  G.Area:  0.2475  D.Area:  0.0000
                Fact:  1.0000     PAR:698.9253   Ratio:400.0000       (S.Area)
_05264_ (2)
  _37728_  (sky130_fd_sc_hd__nor3_1) B
[1]      met3:  Area: 21.7018  S.Area:116.6800  G.Area:  0.2475  D.Area:  0.0000
                Fact:  1.0000     PAR:471.4343   Ratio:400.0000       (S.Area)
_03938_ (2)
  _36522_  (sky130_fd_sc_hd__nand2_1) A
[1]      met3:  Area: 22.1350  S.Area:118.5200  G.Area:  0.2475  D.Area:  0.0000
                Fact:  1.0000     PAR:478.8687   Ratio:400.0000       (S.Area)
_03882_ (2)
  _36472_  (sky130_fd_sc_hd__nor2_1) A
[1]      met2:  Area: 20.8683  S.Area:104.1705  G.Area:  0.2475  D.Area:  0.0000
                Fact:  1.0000     PAR:420.8909   Ratio:400.0000       (S.Area)
_02906_ (3)
  _35581_  (sky130_fd_sc_hd__nand4_1) A
[1]      met3:  Area: 22.4770  S.Area:120.3440  G.Area:  0.2475  D.Area:  0.0000
                Fact:  1.0000     PAR:486.2384   Ratio:400.0000       (S.Area)
_01513_ (12)
  _35251_  (sky130_fd_sc_hd__o21ai_0) A1
[1]      met3:  Area: 21.7210  S.Area:116.3120  G.Area:  0.1590  D.Area:  0.0000
                Fact:  1.0000     PAR:731.5220   Ratio:400.0000       (S.Area)
_01179_ (6)
  rebuffer579  (sky130_fd_sc_hd__dlygate4sd1_1) A
[1]      met1:  Area: 11.4204  S.Area: 56.8085  G.Area:  0.1260  D.Area:  0.0000
                Fact:  1.0000     PAR:450.8611   Ratio:400.0000       (S.Area)
_00624_ (3)
  _33326_  (sky130_fd_sc_hd__nand3_1) C
[1]      met3:  Area:105.1726  S.Area:562.3280  G.Area:  0.4950  D.Area:  0.0000
                Fact:  1.0000     PAR:1.1360e+03   Ratio:400.0000       (S.Area)
  _33324_  (sky130_fd_sc_hd__nand2_1) B
[1]      met3:  Area:105.1726  S.Area:562.3280  G.Area:  0.4950  D.Area:  0.0000
                Fact:  1.0000     PAR:1.1360e+03   Ratio:400.0000       (S.Area)
_00256_ (2)
  _48954_  (sky130_fd_sc_hd__dfxtp_1) D
[1]      met2:  Area: 43.3047  S.Area:216.3525  G.Area:  0.1260  D.Area:  0.0000
                Fact:  1.0000     PAR:1.7171e+03   Ratio:400.0000       (S.Area)
_00254_ (2)
  _48952_  (sky130_fd_sc_hd__dfxtp_1) D
[1]      met4:  Area: 99.0588  S.Area:528.7840  G.Area:  0.1260  D.Area:  1.5245
                Fact:  1.0000     PAR:4.1967e+03   Ratio:3.2098e+03       (S.Area)
_00253_ (2)
  _48951_  (sky130_fd_sc_hd__dfxtp_1) D
[1]      met4:  Area:110.1936  S.Area:588.6400  G.Area:  0.1260  D.Area:  1.5245
                Fact:  1.0000     PAR:4.6717e+03   Ratio:3.2098e+03       (S.Area)
_00252_ (2)
  _48950_  (sky130_fd_sc_hd__dfxtp_1) D
[1]      met3:  Area: 93.3706  S.Area:499.3840  G.Area:  0.1260  D.Area:  0.0000
                Fact:  1.0000     PAR:3.9634e+03   Ratio:400.0000       (S.Area)
[1]      met5:  Area:447.1040  S.Area:674.4960  G.Area:  0.1260  D.Area:  1.5245
                Fact:  1.0000     PAR:5.3531e+03   Ratio:3.2098e+03       (S.Area)
_00251_ (2)
  _48949_  (sky130_fd_sc_hd__dfxtp_1) D
[1]      met3:  Area: 49.4590  S.Area:264.2480  G.Area:  0.1260  D.Area:  0.0000
                Fact:  1.0000     PAR:2.0972e+03   Ratio:400.0000       (S.Area)
[1]      met4:  Area:152.1108  S.Area:811.7280  G.Area:  0.1260  D.Area:  1.5245
                Fact:  1.0000     PAR:6.4423e+03   Ratio:3.2098e+03       (S.Area)
_00250_ (2)
  _48948_  (sky130_fd_sc_hd__dfxtp_1) D
[1]      met3:  Area: 12.7510  S.Area: 68.4720  G.Area:  0.1260  D.Area:  0.0000
                Fact:  1.0000     PAR:543.4286   Ratio:400.0000       (S.Area)
[1]      met4:  Area:144.2616  S.Area:770.3360  G.Area:  0.1260  D.Area:  1.5245
                Fact:  1.0000     PAR:6.1138e+03   Ratio:3.2098e+03       (S.Area)
_00249_ (2)
  _48947_  (sky130_fd_sc_hd__dfxtp_1) D
[1]      met2:  Area: 15.7919  S.Area: 78.7885  G.Area:  0.1260  D.Area:  0.0000
                Fact:  1.0000     PAR:625.3056   Ratio:400.0000       (S.Area)
[1]      met3:  Area:165.5616  S.Area:883.9360  G.Area:  0.1260  D.Area:  1.5245
                Fact:  1.0000     PAR:7.0154e+03   Ratio:3.2098e+03       (S.Area)
_00248_ (2)
  _48922_  (sky130_fd_sc_hd__dfxtp_1) D
[1]      met3:  Area: 92.0268  S.Area:491.2800  G.Area:  0.1260  D.Area:  1.5245
                Fact:  1.0000     PAR:3.8990e+03   Ratio:3.2098e+03       (S.Area)
_00247_ (2)
  _48921_  (sky130_fd_sc_hd__dfxtp_1) D
[1]      met2:  Area: 39.0039  S.Area:194.8485  G.Area:  0.1260  D.Area:  0.0000
                Fact:  1.0000     PAR:1.5464e+03   Ratio:400.0000       (S.Area)
[1]      met3:  Area: 94.5108  S.Area:504.5280  G.Area:  0.1260  D.Area:  1.5245
                Fact:  1.0000     PAR:4.0042e+03   Ratio:3.2098e+03       (S.Area)
_00246_ (2)
  _48920_  (sky130_fd_sc_hd__dfxtp_1) D
[1]      met2:  Area: 18.1243  S.Area: 90.4505  G.Area:  0.1260  D.Area:  0.0000
                Fact:  1.0000     PAR:717.8611   Ratio:400.0000       (S.Area)
[1]      met3:  Area: 19.2310  S.Area:103.0320  G.Area:  0.1260  D.Area:  0.0000
                Fact:  1.0000     PAR:817.7143   Ratio:400.0000       (S.Area)
_00245_ (2)
  _48919_  (sky130_fd_sc_hd__dfxtp_1) D
[1]      met4:  Area:115.4976  S.Area:616.9280  G.Area:  0.1260  D.Area:  1.5245
                Fact:  1.0000     PAR:4.8963e+03   Ratio:3.2098e+03       (S.Area)
_00244_ (2)
  _48918_  (sky130_fd_sc_hd__dfxtp_1) D
[1]      met4:  Area: 98.2428  S.Area:524.4320  G.Area:  0.1260  D.Area:  1.5245
                Fact:  1.0000     PAR:4.1622e+03   Ratio:3.2098e+03       (S.Area)
_00242_ (2)
  _48916_  (sky130_fd_sc_hd__dfxtp_1) D
[1]      met2:  Area: 32.1019  S.Area:160.3385  G.Area:  0.1260  D.Area:  0.0000
                Fact:  1.0000     PAR:1.2725e+03   Ratio:400.0000       (S.Area)
[1]      met3:  Area: 99.1836  S.Area:529.9200  G.Area:  0.1260  D.Area:  1.5245
                Fact:  1.0000     PAR:4.2057e+03   Ratio:3.2098e+03       (S.Area)
_00241_ (2)
  _48915_  (sky130_fd_sc_hd__dfxtp_1) D
[1]      met3:  Area: 49.4590  S.Area:264.2480  G.Area:  0.1260  D.Area:  0.0000
                Fact:  1.0000     PAR:2.0972e+03   Ratio:400.0000       (S.Area)
_00240_ (2)
  _48842_  (sky130_fd_sc_hd__dfxtp_1) D
[1]      met3:  Area:137.7048  S.Area:734.8960  G.Area:  0.1260  D.Area:  1.5245
                Fact:  1.0000     PAR:5.8325e+03   Ratio:3.2098e+03       (S.Area)
_00239_ (2)
  _48841_  (sky130_fd_sc_hd__dfxtp_1) D
[1]      met3:  Area: 13.5790  S.Area: 72.8880  G.Area:  0.1260  D.Area:  0.0000
                Fact:  1.0000     PAR:578.4762   Ratio:400.0000       (S.Area)
[1]      met4:  Area: 80.0868  S.Area:427.6000  G.Area:  0.1260  D.Area:  1.5245
                Fact:  1.0000     PAR:3.3937e+03   Ratio:3.2098e+03       (S.Area)
_00238_ (2)
  _48840_  (sky130_fd_sc_hd__dfxtp_1) D
[1]      met4:  Area: 99.8748  S.Area:533.1360  G.Area:  0.1260  D.Area:  1.5245
                Fact:  1.0000     PAR:4.2312e+03   Ratio:3.2098e+03       (S.Area)
_00237_ (2)
  _48839_  (sky130_fd_sc_hd__dfxtp_1) D
[1]      met3:  Area:127.4290  S.Area:680.0880  G.Area:  0.1260  D.Area:  0.0000
                Fact:  1.0000     PAR:5.3975e+03   Ratio:400.0000       (S.Area)
[1]      met4:  Area: 31.0588  S.Area:161.9920  G.Area:  0.1260  D.Area:  0.0000
                Fact:  1.0000     PAR:1.2857e+03   Ratio:400.0000       (S.Area)
_00236_ (2)
  _48838_  (sky130_fd_sc_hd__dfxtp_1) D
[1]      met3:  Area: 17.7190  S.Area: 94.9680  G.Area:  0.1260  D.Area:  0.0000
                Fact:  1.0000     PAR:753.7143   Ratio:400.0000       (S.Area)
[1]      met4:  Area:131.4096  S.Area:701.7920  G.Area:  0.1260  D.Area:  1.5245
                Fact:  1.0000     PAR:5.5698e+03   Ratio:3.2098e+03       (S.Area)
_00235_ (2)
  _48837_  (sky130_fd_sc_hd__dfxtp_1) D
[1]      met4:  Area: 80.9028  S.Area:431.9520  G.Area:  0.1260  D.Area:  1.5245
                Fact:  1.0000     PAR:3.4282e+03   Ratio:3.2098e+03       (S.Area)
_00233_ (2)
  _48835_  (sky130_fd_sc_hd__dfxtp_1) D
[1]      met4:  Area:104.6856  S.Area:559.2640  G.Area:  0.1260  D.Area:  1.5245
                Fact:  1.0000     PAR:4.4386e+03   Ratio:3.2098e+03       (S.Area)
_00231_ (2)
  _48889_  (sky130_fd_sc_hd__dfxtp_1) D
[1]      met2:  Area: 42.6215  S.Area:212.9365  G.Area:  0.1260  D.Area:  0.0000
                Fact:  1.0000     PAR:1.6900e+03   Ratio:400.0000       (S.Area)
[1]      met3:  Area: 93.1308  S.Area:497.1680  G.Area:  0.1260  D.Area:  1.5245
                Fact:  1.0000     PAR:3.9458e+03   Ratio:3.2098e+03       (S.Area)
_00230_ (2)
  _48888_  (sky130_fd_sc_hd__dfxtp_1) D
[1]      met3:  Area:111.4848  S.Area:595.0560  G.Area:  0.1260  D.Area:  1.5245
                Fact:  1.0000     PAR:4.7227e+03   Ratio:3.2098e+03       (S.Area)
_00229_ (2)
  _48887_  (sky130_fd_sc_hd__dfxtp_1) D
[1]      met2:  Area: 31.1835  S.Area:155.7465  G.Area:  0.1260  D.Area:  0.0000
                Fact:  1.0000     PAR:1.2361e+03   Ratio:400.0000       (S.Area)
[1]      met3:  Area: 76.7088  S.Area:409.5840  G.Area:  0.1260  D.Area:  1.5245
                Fact:  1.0000     PAR:3.2507e+03   Ratio:3.2098e+03       (S.Area)
_00228_ (2)
  _48886_  (sky130_fd_sc_hd__dfxtp_1) D
[1]      met3:  Area: 15.0970  S.Area: 80.9840  G.Area:  0.1260  D.Area:  0.0000
                Fact:  1.0000     PAR:642.7302   Ratio:400.0000       (S.Area)
[1]      met4:  Area:108.0348  S.Area:576.6560  G.Area:  0.1260  D.Area:  1.5245
                Fact:  1.0000     PAR:4.5766e+03   Ratio:3.2098e+03       (S.Area)
_00226_ (2)
  _48884_  (sky130_fd_sc_hd__dfxtp_1) D
[1]      met3:  Area:100.3068  S.Area:535.4400  G.Area:  0.1260  D.Area:  1.5245
                Fact:  1.0000     PAR:4.2495e+03   Ratio:3.2098e+03       (S.Area)
_00224_ (2)
  _48858_  (sky130_fd_sc_hd__dfxtp_1) D
[1]      met4:  Area: 79.2708  S.Area:423.2480  G.Area:  0.1260  D.Area:  1.5245
                Fact:  1.0000     PAR:3.3591e+03   Ratio:3.2098e+03       (S.Area)
_00223_ (2)
  _48857_  (sky130_fd_sc_hd__dfxtp_1) D
[1]      met3:  Area: 28.3450  S.Area:151.6400  G.Area:  0.1260  D.Area:  0.0000
                Fact:  1.0000     PAR:1.2035e+03   Ratio:400.0000       (S.Area)
[1]      met4:  Area:173.4336  S.Area:925.9200  G.Area:  0.1260  D.Area:  1.5245
                Fact:  1.0000     PAR:7.3486e+03   Ratio:3.2098e+03       (S.Area)
_00222_ (2)
  _48856_  (sky130_fd_sc_hd__dfxtp_1) D
[1]      met3:  Area:127.4148  S.Area:680.0160  G.Area:  0.1260  D.Area:  1.5245
                Fact:  1.0000     PAR:5.3970e+03   Ratio:3.2098e+03       (S.Area)
_00221_ (2)
  _48855_  (sky130_fd_sc_hd__dfxtp_1) D
[1]      met4:  Area:165.7668  S.Area:884.5600  G.Area:  0.1260  D.Area:  1.5245
                Fact:  1.0000     PAR:7.0203e+03   Ratio:3.2098e+03       (S.Area)
_00220_ (2)
  _48854_  (sky130_fd_sc_hd__dfxtp_1) D
[1]      met3:  Area:153.8508  S.Area:821.0080  G.Area:  0.1260  D.Area:  1.5245
                Fact:  1.0000     PAR:6.5159e+03   Ratio:3.2098e+03       (S.Area)
_00219_ (2)
  _48853_  (sky130_fd_sc_hd__dfxtp_1) D
[1]      met2:  Area: 31.3403  S.Area:156.5305  G.Area:  0.1260  D.Area:  0.0000
                Fact:  1.0000     PAR:1.2423e+03   Ratio:400.0000       (S.Area)
[1]      met3:  Area: 88.2624  S.Area:472.1440  G.Area:  0.1260  D.Area:  1.5245
                Fact:  1.0000     PAR:3.7472e+03   Ratio:3.2098e+03       (S.Area)
_00218_ (2)
  _48852_  (sky130_fd_sc_hd__dfxtp_1) D
[1]      met2:  Area: 27.5323  S.Area:137.4905  G.Area:  0.1260  D.Area:  0.0000
                Fact:  1.0000     PAR:1.0912e+03   Ratio:400.0000       (S.Area)
[1]      met3:  Area: 23.3578  S.Area:125.5120  G.Area:  0.1260  D.Area:  0.0000
                Fact:  1.0000     PAR:996.1270   Ratio:400.0000       (S.Area)
_00217_ (2)
  _48851_  (sky130_fd_sc_hd__dfxtp_1) D
[1]      met1:  Area: 16.5460  S.Area: 82.6525  G.Area:  0.1260  D.Area:  0.0000
                Fact:  1.0000     PAR:655.9722   Ratio:400.0000       (S.Area)
[1]      met3:  Area:118.9308  S.Area:634.7680  G.Area:  0.1260  D.Area:  1.5245
                Fact:  1.0000     PAR:5.0378e+03   Ratio:3.2098e+03       (S.Area)
_00216_ (2)
  _48946_  (sky130_fd_sc_hd__dfxtp_1) D
[1]      met3:  Area: 36.6250  S.Area:195.8000  G.Area:  0.1260  D.Area:  0.0000
                Fact:  1.0000     PAR:1.5540e+03   Ratio:400.0000       (S.Area)
[1]      met4:  Area:166.2936  S.Area:887.8400  G.Area:  0.1260  D.Area:  1.7210
                Fact:  1.0000     PAR:7.0463e+03   Ratio:3.2884e+03       (S.Area)
_00215_ (2)
  _48945_  (sky130_fd_sc_hd__dfxtp_1) D
[1]      met5:  Area:941.6960  S.Area:1.4164e+03  G.Area:  0.1260  D.Area:  1.5245
                Fact:  1.0000     PAR:1.1241e+04   Ratio:3.2098e+03       (S.Area)
_00214_ (2)
  _48944_  (sky130_fd_sc_hd__dfxtp_1) D
[1]      met3:  Area: 26.2750  S.Area:140.6000  G.Area:  0.1260  D.Area:  0.0000
                Fact:  1.0000     PAR:1.1159e+03   Ratio:400.0000       (S.Area)
_00212_ (2)
  _48942_  (sky130_fd_sc_hd__dfxtp_1) D
[1]      met2:  Area: 54.9499  S.Area:274.5785  G.Area:  0.1260  D.Area:  0.0000
                Fact:  1.0000     PAR:2.1792e+03   Ratio:400.0000       (S.Area)
[1]      met3:  Area: 80.0208  S.Area:427.2480  G.Area:  0.1260  D.Area:  1.5245
                Fact:  1.0000     PAR:3.3909e+03   Ratio:3.2098e+03       (S.Area)
_00211_ (2)
  _48941_  (sky130_fd_sc_hd__dfxtp_1) D
[1]      met3:  Area:180.4656  S.Area:963.4240  G.Area:  0.1260  D.Area:  1.5245
                Fact:  1.0000     PAR:7.6462e+03   Ratio:3.2098e+03       (S.Area)
_00209_ (2)
  _48939_  (sky130_fd_sc_hd__dfxtp_1) D
[1]      met3:  Area:184.6056  S.Area:985.5040  G.Area:  0.1260  D.Area:  1.5245
                Fact:  1.0000     PAR:7.8215e+03   Ratio:3.2098e+03       (S.Area)
_00207_ (2)
  _48913_  (sky130_fd_sc_hd__dfxtp_1) D
[1]      met4:  Area:109.7856  S.Area:586.4640  G.Area:  0.1260  D.Area:  1.5245
                Fact:  1.0000     PAR:4.6545e+03   Ratio:3.2098e+03       (S.Area)
_00206_ (2)
  _48912_  (sky130_fd_sc_hd__dfxtp_1) D
[1]      met4:  Area:131.4096  S.Area:701.7920  G.Area:  0.1260  D.Area:  1.5245
                Fact:  1.0000     PAR:5.5698e+03   Ratio:3.2098e+03       (S.Area)
_00205_ (2)
  _48911_  (sky130_fd_sc_hd__dfxtp_1) D
[1]      met3:  Area: 15.2350  S.Area: 81.7200  G.Area:  0.1260  D.Area:  0.0000
                Fact:  1.0000     PAR:648.5714   Ratio:400.0000       (S.Area)
_00203_ (2)
  _48909_  (sky130_fd_sc_hd__dfxtp_1) D
[1]      met2:  Area: 25.9783  S.Area:129.7205  G.Area:  0.1260  D.Area:  0.0000
                Fact:  1.0000     PAR:1.0295e+03   Ratio:400.0000       (S.Area)
[1]      met3:  Area:100.1688  S.Area:534.7040  G.Area:  0.1260  D.Area:  1.5245
                Fact:  1.0000     PAR:4.2437e+03   Ratio:3.2098e+03       (S.Area)
_00202_ (2)
  _48908_  (sky130_fd_sc_hd__dfxtp_1) D
[1]      met3:  Area: 20.0650  S.Area:107.4800  G.Area:  0.1260  D.Area:  0.0000
                Fact:  1.0000     PAR:853.0159   Ratio:400.0000       (S.Area)
[1]      met4:  Area:129.2508  S.Area:689.8080  G.Area:  0.1260  D.Area:  1.5245
                Fact:  1.0000     PAR:5.4747e+03   Ratio:3.2098e+03       (S.Area)
_00201_ (2)
  _48907_  (sky130_fd_sc_hd__dfxtp_1) D
[1]      met3:  Area:116.8668  S.Area:623.7600  G.Area:  0.1260  D.Area:  1.5245
                Fact:  1.0000     PAR:4.9505e+03   Ratio:3.2098e+03       (S.Area)
_00200_ (2)
  _48882_  (sky130_fd_sc_hd__dfxtp_1) D
[1]      met4:  Area: 77.0268  S.Area:411.2800  G.Area:  0.1260  D.Area:  1.5245
                Fact:  1.0000     PAR:3.2641e+03   Ratio:3.2098e+03       (S.Area)
_00198_ (2)
  _48880_  (sky130_fd_sc_hd__dfxtp_1) D
[1]      met5:  Area:573.6960  S.Area:864.3840  G.Area:  0.1260  D.Area:  1.5245
                Fact:  1.0000     PAR:6.8602e+03   Ratio:3.2098e+03       (S.Area)
_00197_ (2)
  _48879_  (sky130_fd_sc_hd__dfxtp_1) D
[1]      met4:  Area:150.1776  S.Area:801.8880  G.Area:  0.1260  D.Area:  1.5245
                Fact:  1.0000     PAR:6.3642e+03   Ratio:3.2098e+03       (S.Area)
_00195_ (2)
  _48877_  (sky130_fd_sc_hd__dfxtp_1) D
[1]      met3:  Area:158.5896  S.Area:846.7520  G.Area:  0.1260  D.Area:  1.5245
                Fact:  1.0000     PAR:6.7203e+03   Ratio:3.2098e+03       (S.Area)
_00193_ (2)
  _48875_  (sky130_fd_sc_hd__dfxtp_1) D
[1]      met4:  Area: 85.5948  S.Area:456.9760  G.Area:  0.1260  D.Area:  1.5245
                Fact:  1.0000     PAR:3.6268e+03   Ratio:3.2098e+03       (S.Area)
_00192_ (2)
  _48850_  (sky130_fd_sc_hd__dfxtp_1) D
[1]      met3:  Area: 61.5970  S.Area:328.9840  G.Area:  0.1260  D.Area:  0.0000
                Fact:  1.0000     PAR:2.6110e+03   Ratio:400.0000       (S.Area)
[1]      met4:  Area: 79.7976  S.Area:426.5280  G.Area:  0.1260  D.Area:  1.5245
                Fact:  1.0000     PAR:3.3851e+03   Ratio:3.2098e+03       (S.Area)
_00190_ (2)
  _48848_  (sky130_fd_sc_hd__dfxtp_1) D
[1]      met4:  Area: 29.4988  S.Area:153.6720  G.Area:  0.1260  D.Area:  0.0000
                Fact:  1.0000     PAR:1.2196e+03   Ratio:400.0000       (S.Area)
[1]      met5:  Area:773.5040  S.Area:1.1679e+03  G.Area:  0.1260  D.Area:  1.5245
                Fact:  1.0000     PAR:9.2693e+03   Ratio:3.2098e+03       (S.Area)
_00188_ (2)
  _48846_  (sky130_fd_sc_hd__dfxtp_1) D
[1]      met3:  Area:158.5428  S.Area:846.0320  G.Area:  0.1260  D.Area:  1.5245
                Fact:  1.0000     PAR:6.7145e+03   Ratio:3.2098e+03       (S.Area)
_00187_ (2)
  _48845_  (sky130_fd_sc_hd__dfxtp_1) D
[1]      met4:  Area:116.6028  S.Area:622.3520  G.Area:  0.1260  D.Area:  1.5245
                Fact:  1.0000     PAR:4.9393e+03   Ratio:3.2098e+03       (S.Area)
_00186_ (2)
  _48844_  (sky130_fd_sc_hd__dfxtp_1) D
[1]      met3:  Area: 50.8390  S.Area:271.6080  G.Area:  0.1260  D.Area:  0.0000
                Fact:  1.0000     PAR:2.1556e+03   Ratio:400.0000       (S.Area)
_00184_ (2)
  _48938_  (sky130_fd_sc_hd__dfxtp_1) D
[1]      met3:  Area: 15.5110  S.Area: 83.1920  G.Area:  0.1260  D.Area:  0.0000
                Fact:  1.0000     PAR:660.2540   Ratio:400.0000       (S.Area)
[1]      met4:  Area: 98.2428  S.Area:524.4320  G.Area:  0.1260  D.Area:  1.5245
                Fact:  1.0000     PAR:4.1622e+03   Ratio:3.2098e+03       (S.Area)
_00183_ (2)
  _48937_  (sky130_fd_sc_hd__dfxtp_1) D
[1]      met4:  Area: 53.7028  S.Area:282.7600  G.Area:  0.1260  D.Area:  0.0000
                Fact:  1.0000     PAR:2.2441e+03   Ratio:400.0000       (S.Area)
_00181_ (2)
  _48935_  (sky130_fd_sc_hd__dfxtp_1) D
[1]      met4:  Area:108.8508  S.Area:581.0080  G.Area:  0.1260  D.Area:  1.5245
                Fact:  1.0000     PAR:4.6112e+03   Ratio:3.2098e+03       (S.Area)
_00180_ (2)
  _48934_  (sky130_fd_sc_hd__dfxtp_1) D
[1]      met1:  Area: 14.3459  S.Area: 71.6520  G.Area:  0.1260  D.Area:  0.0000
                Fact:  1.0000     PAR:568.6667   Ratio:400.0000       (S.Area)
[1]      met2:  Area: 19.8379  S.Area: 99.0185  G.Area:  0.1260  D.Area:  0.0000
                Fact:  1.0000     PAR:785.8611   Ratio:400.0000       (S.Area)
[1]      met3:  Area:172.0690  S.Area:918.1680  G.Area:  0.1260  D.Area:  0.0000
                Fact:  1.0000     PAR:7.2870e+03   Ratio:400.0000       (S.Area)
_00179_ (2)
  _48933_  (sky130_fd_sc_hd__dfxtp_1) D
[1]      met2:  Area: 40.4795  S.Area:202.2265  G.Area:  0.1260  D.Area:  0.0000
                Fact:  1.0000     PAR:1.6050e+03   Ratio:400.0000       (S.Area)
_00177_ (2)
  _48931_  (sky130_fd_sc_hd__dfxtp_1) D
[1]      met3:  Area: 46.6606  S.Area:250.2640  G.Area:  0.1260  D.Area:  0.0000
                Fact:  1.0000     PAR:1.9862e+03   Ratio:400.0000       (S.Area)
[1]      met4:  Area: 76.6188  S.Area:409.1040  G.Area:  0.1260  D.Area:  1.5245
                Fact:  1.0000     PAR:3.2469e+03   Ratio:3.2098e+03       (S.Area)
_00176_ (2)
  _48906_  (sky130_fd_sc_hd__dfxtp_1) D
[1]      met2:  Area: 33.7231  S.Area:168.4445  G.Area:  0.1260  D.Area:  0.0000
                Fact:  1.0000     PAR:1.3369e+03   Ratio:400.0000       (S.Area)
_00175_ (2)
  _48905_  (sky130_fd_sc_hd__dfxtp_1) D
[1]      met4:  Area: 84.4896  S.Area:451.5520  G.Area:  0.1260  D.Area:  1.5245
                Fact:  1.0000     PAR:3.5837e+03   Ratio:3.2098e+03       (S.Area)
_00172_ (2)
  _48902_  (sky130_fd_sc_hd__dfxtp_1) D
[1]      met4:  Area: 83.2656  S.Area:445.0240  G.Area:  0.1260  D.Area:  1.5245
                Fact:  1.0000     PAR:3.5319e+03   Ratio:3.2098e+03       (S.Area)
_00171_ (2)
  _48901_  (sky130_fd_sc_hd__dfxtp_1) D
[1]      met4:  Area:159.8508  S.Area:853.0080  G.Area:  0.1260  D.Area:  1.5245
                Fact:  1.0000     PAR:6.7699e+03   Ratio:3.2098e+03       (S.Area)
_00170_ (2)
  _48900_  (sky130_fd_sc_hd__dfxtp_1) D
[1]      met4:  Area:141.8136  S.Area:757.2800  G.Area:  0.1260  D.Area:  1.5245
                Fact:  1.0000     PAR:6.0102e+03   Ratio:3.2098e+03       (S.Area)
_00168_ (2)
  _48874_  (sky130_fd_sc_hd__dfxtp_1) D
[1]      met3:  Area:154.6788  S.Area:825.4240  G.Area:  0.1260  D.Area:  1.5245
                Fact:  1.0000     PAR:6.5510e+03   Ratio:3.2098e+03       (S.Area)
_00167_ (2)
  _48873_  (sky130_fd_sc_hd__dfxtp_1) D
[1]      met3:  Area:153.2988  S.Area:818.0640  G.Area:  0.1260  D.Area:  1.5245
                Fact:  1.0000     PAR:6.4926e+03   Ratio:3.2098e+03       (S.Area)
_00164_ (2)
  _48870_  (sky130_fd_sc_hd__dfxtp_1) D
[1]      met1:  Area: 18.2911  S.Area: 91.3780  G.Area:  0.1260  D.Area:  0.0000
                Fact:  1.0000     PAR:725.2222   Ratio:400.0000       (S.Area)
_00163_ (2)
  _48869_  (sky130_fd_sc_hd__dfxtp_1) D
[1]      met2:  Area: 23.3435  S.Area:116.5465  G.Area:  0.1260  D.Area:  0.0000
                Fact:  1.0000     PAR:924.9722   Ratio:400.0000       (S.Area)
[1]      met3:  Area:129.7008  S.Area:692.2080  G.Area:  0.1260  D.Area:  1.5245
                Fact:  1.0000     PAR:5.4937e+03   Ratio:3.2098e+03       (S.Area)
_00161_ (2)
  _48867_  (sky130_fd_sc_hd__dfxtp_1) D
[1]      met4:  Area: 94.5708  S.Area:504.8480  G.Area:  0.1260  D.Area:  1.5245
                Fact:  1.0000     PAR:4.0067e+03   Ratio:3.2098e+03       (S.Area)
_00160_ (2)
  _48962_  (sky130_fd_sc_hd__dfxtp_1) D
[1]      met4:  Area: 15.0148  S.Area: 76.4240  G.Area:  0.1260  D.Area:  0.0000
                Fact:  1.0000     PAR:606.5397   Ratio:400.0000       (S.Area)
[1]      met5:  Area:551.6160  S.Area:831.2640  G.Area:  0.1260  D.Area:  1.5245
                Fact:  1.0000     PAR:6.5973e+03   Ratio:3.2098e+03       (S.Area)
_00159_ (2)
  _48961_  (sky130_fd_sc_hd__dfxtp_1) D
[1]      met3:  Area: 42.1450  S.Area:225.2400  G.Area:  0.1260  D.Area:  0.0000
                Fact:  1.0000     PAR:1.7876e+03   Ratio:400.0000       (S.Area)
[1]      met4:  Area:132.4296  S.Area:707.2320  G.Area:  0.1260  D.Area:  1.5245
                Fact:  1.0000     PAR:5.6130e+03   Ratio:3.2098e+03       (S.Area)
_00158_ (2)
  _48960_  (sky130_fd_sc_hd__dfxtp_1) D
[1]      met4:  Area:188.3256  S.Area:1.0053e+03  G.Area:  0.1260  D.Area:  1.5245
                Fact:  1.0000     PAR:7.9789e+03   Ratio:3.2098e+03       (S.Area)
_00155_ (2)
  _48957_  (sky130_fd_sc_hd__dfxtp_1) D
[1]      met2:  Area: 13.9831  S.Area: 69.7445  G.Area:  0.1260  D.Area:  0.0000
                Fact:  1.0000     PAR:553.5278   Ratio:400.0000       (S.Area)
[1]      met3:  Area: 81.9528  S.Area:437.5520  G.Area:  0.1260  D.Area:  1.7210
                Fact:  1.0000     PAR:3.4726e+03   Ratio:3.2884e+03       (S.Area)
_00154_ (2)
  _48956_  (sky130_fd_sc_hd__dfxtp_1) D
[1]      met3:  Area: 92.6976  S.Area:495.3280  G.Area:  0.1260  D.Area:  1.5245
                Fact:  1.0000     PAR:3.9312e+03   Ratio:3.2098e+03       (S.Area)
_00150_ (2)
  _48928_  (sky130_fd_sc_hd__dfxtp_1) D
[1]      met3:  Area: 78.9168  S.Area:421.3600  G.Area:  0.1260  D.Area:  1.5245
                Fact:  1.0000     PAR:3.3441e+03   Ratio:3.2098e+03       (S.Area)
_00149_ (2)
  _48927_  (sky130_fd_sc_hd__dfxtp_1) D
[1]      met3:  Area: 79.0548  S.Area:422.0960  G.Area:  0.1260  D.Area:  1.5245
                Fact:  1.0000     PAR:3.3500e+03   Ratio:3.2098e+03       (S.Area)
_00147_ (2)
  _48925_  (sky130_fd_sc_hd__dfxtp_1) D
[1]      met4:  Area:206.1588  S.Area:1.1000e+03  G.Area:  0.1260  D.Area:  1.5245
                Fact:  1.0000     PAR:8.7300e+03   Ratio:3.2098e+03       (S.Area)
_00146_ (2)
  _48924_  (sky130_fd_sc_hd__dfxtp_1) D
[1]      met1:  Area: 23.9247  S.Area:119.5460  G.Area:  0.1260  D.Area:  0.0000
                Fact:  1.0000     PAR:948.7778   Ratio:400.0000       (S.Area)
[1]      met3:  Area: 20.8930  S.Area:111.8960  G.Area:  0.1260  D.Area:  0.0000
                Fact:  1.0000     PAR:888.0635   Ratio:400.0000       (S.Area)
[1]      met4:  Area:104.3628  S.Area:557.0720  G.Area:  0.1260  D.Area:  1.5245
                Fact:  1.0000     PAR:4.4212e+03   Ratio:3.2098e+03       (S.Area)
_00145_ (2)
  _48923_  (sky130_fd_sc_hd__dfxtp_1) D
[1]      met3:  Area: 79.8828  S.Area:426.5120  G.Area:  0.1260  D.Area:  1.5245
                Fact:  1.0000     PAR:3.3850e+03   Ratio:3.2098e+03       (S.Area)
_00143_ (2)
  _48897_  (sky130_fd_sc_hd__dfxtp_1) D
[1]      met3:  Area:136.8576  S.Area:730.8480  G.Area:  0.1260  D.Area:  1.5245
                Fact:  1.0000     PAR:5.8004e+03   Ratio:3.2098e+03       (S.Area)
_00141_ (2)
  _48895_  (sky130_fd_sc_hd__dfxtp_1) D
[1]      met4:  Area:146.3524  S.Area:777.8320  G.Area:  0.1260  D.Area:  0.0000
                Fact:  1.0000     PAR:6.1733e+03   Ratio:400.0000       (S.Area)
[1]      met5:  Area:439.7440  S.Area:663.4560  G.Area:  0.1260  D.Area:  1.5245
                Fact:  1.0000     PAR:5.2655e+03   Ratio:3.2098e+03       (S.Area)
_00140_ (2)
  _48894_  (sky130_fd_sc_hd__dfxtp_1) D
[1]      met2:  Area: 35.2911  S.Area:176.2845  G.Area:  0.1260  D.Area:  0.0000
                Fact:  1.0000     PAR:1.3991e+03   Ratio:400.0000       (S.Area)
[1]      met3:  Area: 95.8188  S.Area:511.5040  G.Area:  0.1260  D.Area:  1.5245
                Fact:  1.0000     PAR:4.0596e+03   Ratio:3.2098e+03       (S.Area)
_00139_ (2)
  _48893_  (sky130_fd_sc_hd__dfxtp_1) D
[1]      met2:  Area: 28.2631  S.Area:141.1445  G.Area:  0.1260  D.Area:  0.0000
                Fact:  1.0000     PAR:1.1202e+03   Ratio:400.0000       (S.Area)
[1]      met3:  Area:118.5228  S.Area:632.5920  G.Area:  0.1260  D.Area:  1.5245
                Fact:  1.0000     PAR:5.0206e+03   Ratio:3.2098e+03       (S.Area)
_00138_ (2)
  _48892_  (sky130_fd_sc_hd__dfxtp_1) D
[1]      met3:  Area: 80.7576  S.Area:431.6480  G.Area:  0.1260  D.Area:  1.5245
                Fact:  1.0000     PAR:3.4258e+03   Ratio:3.2098e+03       (S.Area)
_00136_ (2)
  _48866_  (sky130_fd_sc_hd__dfxtp_1) D
[1]      met2:  Area: 46.1915  S.Area:230.7865  G.Area:  0.1260  D.Area:  0.0000
                Fact:  1.0000     PAR:1.8316e+03   Ratio:400.0000       (S.Area)
[1]      met3:  Area: 77.4648  S.Area:413.6160  G.Area:  0.1260  D.Area:  1.5245
                Fact:  1.0000     PAR:3.2827e+03   Ratio:3.2098e+03       (S.Area)
_00134_ (2)
  _48864_  (sky130_fd_sc_hd__dfxtp_1) D
[1]      met3:  Area:120.5928  S.Area:643.6320  G.Area:  0.1260  D.Area:  1.5245
                Fact:  1.0000     PAR:5.1082e+03   Ratio:3.2098e+03       (S.Area)
_00133_ (2)
  _48863_  (sky130_fd_sc_hd__dfxtp_1) D
[1]      met4:  Area:154.5468  S.Area:824.7200  G.Area:  0.1260  D.Area:  1.5245
                Fact:  1.0000     PAR:6.5454e+03   Ratio:3.2098e+03       (S.Area)
_00132_ (2)
  _48862_  (sky130_fd_sc_hd__dfxtp_1) D
[1]      met3:  Area:133.0128  S.Area:709.8720  G.Area:  0.1260  D.Area:  1.5245
                Fact:  1.0000     PAR:5.6339e+03   Ratio:3.2098e+03       (S.Area)
_00131_ (2)
  _48861_  (sky130_fd_sc_hd__dfxtp_1) D
[1]      met1:  Area: 24.8907  S.Area:124.3760  G.Area:  0.1260  D.Area:  0.0000
                Fact:  1.0000     PAR:987.1111   Ratio:400.0000       (S.Area)
_00130_ (2)
  _48860_  (sky130_fd_sc_hd__dfxtp_1) D
[1]      met3:  Area: 14.9590  S.Area: 80.2480  G.Area:  0.1260  D.Area:  0.0000
                Fact:  1.0000     PAR:636.8889   Ratio:400.0000       (S.Area)
[1]      met4:  Area:117.5376  S.Area:627.8080  G.Area:  0.1260  D.Area:  1.5245
                Fact:  1.0000     PAR:4.9826e+03   Ratio:3.2098e+03       (S.Area)
_00129_ (2)
  _48859_  (sky130_fd_sc_hd__dfxtp_1) D
[1]      met3:  Area: 15.9190  S.Area: 85.3680  G.Area:  0.1260  D.Area:  0.0000
                Fact:  1.0000     PAR:677.5238   Ratio:400.0000       (S.Area)
_00122_ (2)
  _49084_  (sky130_fd_sc_hd__dfxtp_4) D
[1]      met3:  Area: 19.2370  S.Area:103.0640  G.Area:  0.1260  D.Area:  0.0000
                Fact:  1.0000     PAR:817.9683   Ratio:400.0000       (S.Area)
_00121_ (2)
  _49083_  (sky130_fd_sc_hd__dfxtp_4) D
[1]      met3:  Area: 28.9630  S.Area:154.9360  G.Area:  0.1260  D.Area:  0.0000
                Fact:  1.0000     PAR:1.2297e+03   Ratio:400.0000       (S.Area)
_00120_ (2)
  _49058_  (sky130_fd_sc_hd__dfxtp_4) D
[1]      met3:  Area: 24.1138  S.Area:129.5440  G.Area:  0.1260  D.Area:  0.0000
                Fact:  1.0000     PAR:1.0281e+03   Ratio:400.0000       (S.Area)
_00112_ (2)
  _49026_  (sky130_fd_sc_hd__dfxtp_4) D
[1]      met3:  Area: 98.0988  S.Area:523.6640  G.Area:  0.1260  D.Area:  1.4310
                Fact:  1.0000     PAR:4.1561e+03   Ratio:3.1724e+03       (S.Area)
_00096_ (2)
  _49082_  (sky130_fd_sc_hd__dfxtp_4) D
[1]      met2:  Area: 21.7991  S.Area:108.7065  G.Area:  0.1260  D.Area:  0.0000
                Fact:  1.0000     PAR:862.7500   Ratio:400.0000       (S.Area)
_00085_ (2)
  _49047_  (sky130_fd_sc_hd__dfxtp_4) D
[1]      met4:  Area:113.8656  S.Area:608.2240  G.Area:  0.1260  D.Area:  2.8620
                Fact:  1.0000     PAR:4.8272e+03   Ratio:3.7448e+03       (S.Area)
_00082_ (2)
  _49044_  (sky130_fd_sc_hd__dfxtp_4) D
[1]      met4:  Area:137.0028  S.Area:731.1520  G.Area:  0.1260  D.Area:  2.8620
                Fact:  1.0000     PAR:5.8028e+03   Ratio:3.7448e+03       (S.Area)
_00081_ (2)
  _49043_  (sky130_fd_sc_hd__dfxtp_4) D
[1]      met4:  Area:100.2828  S.Area:535.3120  G.Area:  0.1260  D.Area:  1.4310
                Fact:  1.0000     PAR:4.2485e+03   Ratio:3.1724e+03       (S.Area)
_00080_ (2)
  _49018_  (sky130_fd_sc_hd__dfxtp_4) D
[1]      met3:  Area: 13.4410  S.Area: 72.1520  G.Area:  0.1260  D.Area:  0.0000
                Fact:  1.0000     PAR:572.6349   Ratio:400.0000       (S.Area)
[1]      met4:  Area: 89.3856  S.Area:477.6640  G.Area:  0.1260  D.Area:  2.8620
                Fact:  1.0000     PAR:3.7910e+03   Ratio:3.7448e+03       (S.Area)
_00079_ (2)
  _49017_  (sky130_fd_sc_hd__dfxtp_4) D
[1]      met2:  Area: 12.8575  S.Area: 64.1165  G.Area:  0.1260  D.Area:  0.0000
                Fact:  1.0000     PAR:508.8611   Ratio:400.0000       (S.Area)
_00074_ (2)
  _49012_  (sky130_fd_sc_hd__dfxtp_4) D
[1]      met3:  Area: 28.7590  S.Area:153.8480  G.Area:  0.1260  D.Area:  0.0000
                Fact:  1.0000     PAR:1.2210e+03   Ratio:400.0000       (S.Area)
_00073_ (2)
  _49011_  (sky130_fd_sc_hd__dfxtp_4) D
[1]      met3:  Area: 24.6190  S.Area:131.7680  G.Area:  0.1260  D.Area:  0.0000
                Fact:  1.0000     PAR:1.0458e+03   Ratio:400.0000       (S.Area)
_00072_ (2)
  _48986_  (sky130_fd_sc_hd__dfxtp_4) D
[1]      met3:  Area: 35.2258  S.Area:188.8080  G.Area:  0.1260  D.Area:  0.0000
                Fact:  1.0000     PAR:1.4985e+03   Ratio:400.0000       (S.Area)
_00066_ (2)
  _48980_  (sky130_fd_sc_hd__dfxtp_4) D
[1]      met3:  Area: 31.5190  S.Area:168.5680  G.Area:  0.1260  D.Area:  0.0000
                Fact:  1.0000     PAR:1.3378e+03   Ratio:400.0000       (S.Area)
_00064_ (2)
  _49074_  (sky130_fd_sc_hd__dfxtp_4) D
[1]      met3:  Area: 14.6830  S.Area: 78.7760  G.Area:  0.1260  D.Area:  0.0000
                Fact:  1.0000     PAR:625.2063   Ratio:400.0000       (S.Area)
_00063_ (2)
  _49073_  (sky130_fd_sc_hd__dfxtp_4) D
[1]      met3:  Area: 11.6470  S.Area: 62.5840  G.Area:  0.1260  D.Area:  0.0000
                Fact:  1.0000     PAR:496.6984   Ratio:400.0000       (S.Area)
_00058_ (2)
  _49068_  (sky130_fd_sc_hd__dfxtp_4) D
[1]      met2:  Area: 27.8515  S.Area:139.0865  G.Area:  0.1260  D.Area:  0.0000
                Fact:  1.0000     PAR:1.1039e+03   Ratio:400.0000       (S.Area)
_00050_ (2)
  _49036_  (sky130_fd_sc_hd__dfxtp_4) D
[1]      met3:  Area: 76.9848  S.Area:411.0560  G.Area:  0.1260  D.Area:  1.4310
                Fact:  1.0000     PAR:3.2623e+03   Ratio:3.1724e+03       (S.Area)
_00047_ (2)
  _49009_  (sky130_fd_sc_hd__dfxtp_4) D
[1]      met4:  Area: 82.9428  S.Area:442.8320  G.Area:  0.1260  D.Area:  1.4310
                Fact:  1.0000     PAR:3.5145e+03   Ratio:3.1724e+03       (S.Area)
_00045_ (2)
  _49007_  (sky130_fd_sc_hd__dfxtp_4) D
[1]      met3:  Area: 11.5090  S.Area: 61.8480  G.Area:  0.1260  D.Area:  0.0000
                Fact:  1.0000     PAR:490.8571   Ratio:400.0000       (S.Area)
_00044_ (2)
  _49006_  (sky130_fd_sc_hd__dfxtp_4) D
[1]      met2:  Area: 10.7295  S.Area: 53.4765  G.Area:  0.1260  D.Area:  0.0000
                Fact:  1.0000     PAR:424.4167   Ratio:400.0000       (S.Area)
_00043_ (2)
  _49005_  (sky130_fd_sc_hd__dfxtp_4) D
[1]      met3:  Area: 12.4750  S.Area: 67.0000  G.Area:  0.1260  D.Area:  0.0000
                Fact:  1.0000     PAR:531.7460   Ratio:400.0000       (S.Area)
_00040_ (2)
  _48978_  (sky130_fd_sc_hd__dfxtp_4) D
[1]      met3:  Area: 98.7888  S.Area:527.3440  G.Area:  0.1260  D.Area:  1.4310
                Fact:  1.0000     PAR:4.1853e+03   Ratio:3.1724e+03       (S.Area)
_00036_ (2)
  _48974_  (sky130_fd_sc_hd__dfxtp_4) D
[1]      met2:  Area: 29.2627  S.Area:146.1425  G.Area:  0.1260  D.Area:  0.0000
                Fact:  1.0000     PAR:1.1599e+03   Ratio:400.0000       (S.Area)
_00035_ (2)
  _48973_  (sky130_fd_sc_hd__dfxtp_4) D
[1]      met3:  Area: 27.7930  S.Area:148.6960  G.Area:  0.1260  D.Area:  0.0000
                Fact:  1.0000     PAR:1.1801e+03   Ratio:400.0000       (S.Area)
[1]      met4:  Area:106.4028  S.Area:567.9520  G.Area:  0.1260  D.Area:  2.8620
                Fact:  1.0000     PAR:4.5076e+03   Ratio:3.7448e+03       (S.Area)
_00033_ (2)
  _48971_  (sky130_fd_sc_hd__dfxtp_4) D
[1]      met3:  Area: 12.1930  S.Area: 65.4960  G.Area:  0.1260  D.Area:  0.0000
                Fact:  1.0000     PAR:519.8095   Ratio:400.0000       (S.Area)
_00015_ (2)
  _49001_  (sky130_fd_sc_hd__dfxtp_4) D
[1]      met3:  Area: 22.9630  S.Area:122.9360  G.Area:  0.1260  D.Area:  0.0000
                Fact:  1.0000     PAR:975.6825   Ratio:400.0000       (S.Area)
_00000_ (2)
  _49092_  (sky130_fd_sc_hd__dfxtp_1) D
[1]      met1:  Area: 38.3244  S.Area:191.5445  G.Area:  0.1260  D.Area:  0.0000
                Fact:  1.0000     PAR:1.5202e+03   Ratio:400.0000       (S.Area)

Total number of process antenna violations: 269
   Number of pins violated: 224
   Number of nets violated: 214
