###############################################################
#  Generated by:      Cadence Innovus 21.11-s130_1
#  OS:                Linux x86_64(Host ID redondo-asia-tpe-desktop-pawanekar-0)
#  Generated on:      Fri Nov  3 03:00:21 2023
#  Design:            aes_cipher_top
#  Command:           verifyConnectivity -type all -connLoop -append -dividePowerNet -rawViolsMark -useNewOpenVio -removeOldOpenVio -useVirtualConnection -error 1000000 -warning 50000
###############################################################
Verify Connectivity Report is created on Fri Nov  3 03:00:21 2023



Net VSS: dangling Wire at (2.300, 655.280) (2.300, 655.280) on layer: met5
Net VSS: dangling Wire at (890.560, 655.280) (890.560, 655.280) on layer: met5
Net VSS: dangling Wire at (2.300, 628.080) (2.300, 628.080) on layer: met5
Net VSS: dangling Wire at (890.560, 628.080) (890.560, 628.080) on layer: met5
Net VSS: dangling Wire at (2.300, 600.880) (2.300, 600.880) on layer: met5
Net VSS: dangling Wire at (890.560, 600.880) (890.560, 600.880) on layer: met5
Net VSS: dangling Wire at (2.300, 573.680) (2.300, 573.680) on layer: met5
Net VSS: dangling Wire at (890.560, 573.680) (890.560, 573.680) on layer: met5
Net VSS: dangling Wire at (2.300, 546.480) (2.300, 546.480) on layer: met5
Net VSS: dangling Wire at (890.560, 546.480) (890.560, 546.480) on layer: met5
Net VSS: dangling Wire at (2.300, 519.280) (2.300, 519.280) on layer: met5
Net VSS: dangling Wire at (890.560, 519.280) (890.560, 519.280) on layer: met5
Net VSS: dangling Wire at (2.300, 492.080) (2.300, 492.080) on layer: met5
Net VSS: dangling Wire at (890.560, 492.080) (890.560, 492.080) on layer: met5
Net VSS: dangling Wire at (2.300, 464.880) (2.300, 464.880) on layer: met5
Net VSS: dangling Wire at (890.560, 464.880) (890.560, 464.880) on layer: met5
Net VSS: dangling Wire at (2.300, 764.080) (2.300, 764.080) on layer: met5
Net VSS: dangling Wire at (890.560, 764.080) (890.560, 764.080) on layer: met5
Net VSS: dangling Wire at (2.300, 736.880) (2.300, 736.880) on layer: met5
Net VSS: dangling Wire at (890.560, 736.880) (890.560, 736.880) on layer: met5
Net VSS: dangling Wire at (2.300, 709.680) (2.300, 709.680) on layer: met5
Net VSS: dangling Wire at (890.560, 709.680) (890.560, 709.680) on layer: met5
Net VSS: dangling Wire at (2.300, 682.480) (2.300, 682.480) on layer: met5
Net VSS: dangling Wire at (890.560, 682.480) (890.560, 682.480) on layer: met5
Net VSS: dangling Wire at (2.300, 818.480) (2.300, 818.480) on layer: met5
Net VSS: dangling Wire at (890.560, 818.480) (890.560, 818.480) on layer: met5
Net VSS: dangling Wire at (2.300, 791.280) (2.300, 791.280) on layer: met5
Net VSS: dangling Wire at (890.560, 791.280) (890.560, 791.280) on layer: met5
Net VSS: dangling Wire at (2.300, 845.680) (2.300, 845.680) on layer: met5
Net VSS: dangling Wire at (890.560, 845.680) (890.560, 845.680) on layer: met5
Net VSS: dangling Wire at (2.300, 872.880) (2.300, 872.880) on layer: met5
Net VSS: dangling Wire at (890.560, 872.880) (890.560, 872.880) on layer: met5
Net VSS: dangling Wire at (2.300, 111.280) (2.300, 111.280) on layer: met5
Net VSS: dangling Wire at (890.560, 111.280) (890.560, 111.280) on layer: met5
Net VSS: dangling Wire at (2.300, 165.680) (2.300, 165.680) on layer: met5
Net VSS: dangling Wire at (890.560, 165.680) (890.560, 165.680) on layer: met5
Net VSS: dangling Wire at (2.300, 192.880) (2.300, 192.880) on layer: met5
Net VSS: dangling Wire at (890.560, 192.880) (890.560, 192.880) on layer: met5
Net VSS: dangling Wire at (2.300, 220.080) (2.300, 220.080) on layer: met5
Net VSS: dangling Wire at (890.560, 220.080) (890.560, 220.080) on layer: met5
Net VSS: dangling Wire at (2.300, 138.480) (2.300, 138.480) on layer: met5
Net VSS: dangling Wire at (890.560, 138.480) (890.560, 138.480) on layer: met5
Net VSS: dangling Wire at (2.300, 56.880) (2.300, 56.880) on layer: met5
Net VSS: dangling Wire at (890.560, 56.880) (890.560, 56.880) on layer: met5
Net VSS: dangling Wire at (2.300, 84.080) (2.300, 84.080) on layer: met5
Net VSS: dangling Wire at (890.560, 84.080) (890.560, 84.080) on layer: met5
Net VSS: dangling Wire at (2.300, 29.680) (2.300, 29.680) on layer: met5
Net VSS: dangling Wire at (890.560, 29.680) (890.560, 29.680) on layer: met5
Net VSS: dangling Wire at (2.300, 328.880) (2.300, 328.880) on layer: met5
Net VSS: dangling Wire at (890.560, 328.880) (890.560, 328.880) on layer: met5
Net VSS: dangling Wire at (2.300, 301.680) (2.300, 301.680) on layer: met5
Net VSS: dangling Wire at (890.560, 301.680) (890.560, 301.680) on layer: met5
Net VSS: dangling Wire at (2.300, 274.480) (2.300, 274.480) on layer: met5
Net VSS: dangling Wire at (890.560, 274.480) (890.560, 274.480) on layer: met5
Net VSS: dangling Wire at (2.300, 247.280) (2.300, 247.280) on layer: met5
Net VSS: dangling Wire at (890.560, 247.280) (890.560, 247.280) on layer: met5
Net VSS: dangling Wire at (2.300, 383.280) (2.300, 383.280) on layer: met5
Net VSS: dangling Wire at (890.560, 383.280) (890.560, 383.280) on layer: met5
Net VSS: dangling Wire at (2.300, 356.080) (2.300, 356.080) on layer: met5
Net VSS: dangling Wire at (890.560, 356.080) (890.560, 356.080) on layer: met5
Net VSS: dangling Wire at (2.300, 410.480) (2.300, 410.480) on layer: met5
Net VSS: dangling Wire at (890.560, 410.480) (890.560, 410.480) on layer: met5
Net VSS: dangling Wire at (2.300, 437.680) (2.300, 437.680) on layer: met5
Net VSS: dangling Wire at (890.560, 437.680) (890.560, 437.680) on layer: met5
Net VDD: dangling Wire at (450.110, 2.480) (450.110, 2.480) on layer: met4
Net VDD: dangling Wire at (450.110, 889.680) (450.110, 889.680) on layer: met4
Net VDD: dangling Wire at (477.250, 2.480) (477.250, 2.480) on layer: met4
Net VDD: dangling Wire at (477.250, 889.680) (477.250, 889.680) on layer: met4
Net VDD: dangling Wire at (504.390, 2.480) (504.390, 2.480) on layer: met4
Net VDD: dangling Wire at (504.390, 889.680) (504.390, 889.680) on layer: met4
Net VDD: dangling Wire at (531.530, 2.480) (531.530, 2.480) on layer: met4
Net VDD: dangling Wire at (531.530, 889.680) (531.530, 889.680) on layer: met4
Net VDD: dangling Wire at (585.810, 2.480) (585.810, 2.480) on layer: met4
Net VDD: dangling Wire at (585.810, 889.680) (585.810, 889.680) on layer: met4
Net VDD: dangling Wire at (612.950, 2.480) (612.950, 2.480) on layer: met4
Net VDD: dangling Wire at (612.950, 889.680) (612.950, 889.680) on layer: met4
Net VDD: dangling Wire at (640.090, 2.480) (640.090, 2.480) on layer: met4
Net VDD: dangling Wire at (640.090, 889.680) (640.090, 889.680) on layer: met4
Net VDD: dangling Wire at (667.230, 2.480) (667.230, 2.480) on layer: met4
Net VDD: dangling Wire at (667.230, 889.680) (667.230, 889.680) on layer: met4
Net VDD: dangling Wire at (694.370, 2.480) (694.370, 2.480) on layer: met4
Net VDD: dangling Wire at (694.370, 889.680) (694.370, 889.680) on layer: met4
Net VDD: dangling Wire at (2.300, 179.280) (2.300, 179.280) on layer: met5
Net VDD: dangling Wire at (890.560, 179.280) (890.560, 179.280) on layer: met5
Net VDD: dangling Wire at (721.510, 2.480) (721.510, 2.480) on layer: met4
Net VDD: dangling Wire at (721.510, 889.680) (721.510, 889.680) on layer: met4
Net VDD: dangling Wire at (748.650, 2.480) (748.650, 2.480) on layer: met4
Net VDD: dangling Wire at (748.650, 889.680) (748.650, 889.680) on layer: met4
Net VDD: dangling Wire at (775.790, 2.480) (775.790, 2.480) on layer: met4
Net VDD: dangling Wire at (775.790, 889.680) (775.790, 889.680) on layer: met4
Net VDD: dangling Wire at (802.930, 2.480) (802.930, 2.480) on layer: met4
Net VDD: dangling Wire at (802.930, 889.680) (802.930, 889.680) on layer: met4
Net VDD: dangling Wire at (2.300, 152.080) (2.300, 152.080) on layer: met5
Net VDD: dangling Wire at (890.560, 152.080) (890.560, 152.080) on layer: met5
Net VDD: dangling Wire at (830.070, 2.480) (830.070, 2.480) on layer: met4
Net VDD: dangling Wire at (830.070, 889.680) (830.070, 889.680) on layer: met4
Net VDD: dangling Wire at (2.300, 124.880) (2.300, 124.880) on layer: met5
Net VDD: dangling Wire at (890.560, 124.880) (890.560, 124.880) on layer: met5
Net VDD: dangling Wire at (857.210, 2.480) (857.210, 2.480) on layer: met4
Net VDD: dangling Wire at (857.210, 889.680) (857.210, 889.680) on layer: met4
Net VDD: dangling Wire at (884.350, 2.480) (884.350, 2.480) on layer: met4
Net VDD: dangling Wire at (884.350, 889.680) (884.350, 889.680) on layer: met4
Net VDD: dangling Wire at (2.300, 97.680) (2.300, 97.680) on layer: met5
Net VDD: dangling Wire at (890.560, 97.680) (890.560, 97.680) on layer: met5
Net VDD: dangling Wire at (2.300, 70.480) (2.300, 70.480) on layer: met5
Net VDD: dangling Wire at (890.560, 70.480) (890.560, 70.480) on layer: met5
Net VDD: dangling Wire at (2.300, 43.280) (2.300, 43.280) on layer: met5
Net VDD: dangling Wire at (890.560, 43.280) (890.560, 43.280) on layer: met5
Net VDD: dangling Wire at (2.300, 16.080) (2.300, 16.080) on layer: met5
Net VDD: dangling Wire at (890.560, 16.080) (890.560, 16.080) on layer: met5
Net VDD: dangling Wire at (2.300, 315.280) (2.300, 315.280) on layer: met5
Net VDD: dangling Wire at (890.560, 315.280) (890.560, 315.280) on layer: met5
Net VDD: dangling Wire at (2.300, 288.080) (2.300, 288.080) on layer: met5
Net VDD: dangling Wire at (890.560, 288.080) (890.560, 288.080) on layer: met5
Net VDD: dangling Wire at (2.300, 260.880) (2.300, 260.880) on layer: met5
Net VDD: dangling Wire at (890.560, 260.880) (890.560, 260.880) on layer: met5
Net VDD: dangling Wire at (2.300, 233.680) (2.300, 233.680) on layer: met5
Net VDD: dangling Wire at (890.560, 233.680) (890.560, 233.680) on layer: met5
Net VDD: dangling Wire at (2.300, 396.880) (2.300, 396.880) on layer: met5
Net VDD: dangling Wire at (890.560, 396.880) (890.560, 396.880) on layer: met5
Net VDD: dangling Wire at (2.300, 369.680) (2.300, 369.680) on layer: met5
Net VDD: dangling Wire at (890.560, 369.680) (890.560, 369.680) on layer: met5
Net VDD: dangling Wire at (2.300, 342.480) (2.300, 342.480) on layer: met5
Net VDD: dangling Wire at (890.560, 342.480) (890.560, 342.480) on layer: met5
Net VDD: dangling Wire at (2.300, 424.080) (2.300, 424.080) on layer: met5
Net VDD: dangling Wire at (890.560, 424.080) (890.560, 424.080) on layer: met5
Net VDD: dangling Wire at (558.670, 2.480) (558.670, 2.480) on layer: met4
Net VDD: dangling Wire at (558.670, 889.680) (558.670, 889.680) on layer: met4
Net VDD: dangling Wire at (15.870, 2.480) (15.870, 2.480) on layer: met4
Net VDD: dangling Wire at (15.870, 889.680) (15.870, 889.680) on layer: met4
Net VDD: dangling Wire at (2.300, 668.880) (2.300, 668.880) on layer: met5
Net VDD: dangling Wire at (890.560, 668.880) (890.560, 668.880) on layer: met5
Net VDD: dangling Wire at (70.150, 2.480) (70.150, 2.480) on layer: met4
Net VDD: dangling Wire at (70.150, 889.680) (70.150, 889.680) on layer: met4
Net VDD: dangling Wire at (2.300, 641.680) (2.300, 641.680) on layer: met5
Net VDD: dangling Wire at (890.560, 641.680) (890.560, 641.680) on layer: met5
Net VDD: dangling Wire at (97.290, 2.480) (97.290, 2.480) on layer: met4
Net VDD: dangling Wire at (97.290, 889.680) (97.290, 889.680) on layer: met4
Net VDD: dangling Wire at (124.430, 2.480) (124.430, 2.480) on layer: met4
Net VDD: dangling Wire at (124.430, 889.680) (124.430, 889.680) on layer: met4
Net VDD: dangling Wire at (151.570, 2.480) (151.570, 2.480) on layer: met4
Net VDD: dangling Wire at (151.570, 889.680) (151.570, 889.680) on layer: met4
Net VDD: dangling Wire at (2.300, 614.480) (2.300, 614.480) on layer: met5
Net VDD: dangling Wire at (890.560, 614.480) (890.560, 614.480) on layer: met5
Net VDD: dangling Wire at (178.710, 2.480) (178.710, 2.480) on layer: met4
Net VDD: dangling Wire at (178.710, 889.680) (178.710, 889.680) on layer: met4
Net VDD: dangling Wire at (205.850, 2.480) (205.850, 2.480) on layer: met4
Net VDD: dangling Wire at (205.850, 889.680) (205.850, 889.680) on layer: met4
Net VDD: dangling Wire at (232.990, 2.480) (232.990, 2.480) on layer: met4
Net VDD: dangling Wire at (232.990, 889.680) (232.990, 889.680) on layer: met4
Net VDD: dangling Wire at (260.130, 2.480) (260.130, 2.480) on layer: met4
Net VDD: dangling Wire at (260.130, 889.680) (260.130, 889.680) on layer: met4
Net VDD: dangling Wire at (287.270, 2.480) (287.270, 2.480) on layer: met4
Net VDD: dangling Wire at (287.270, 889.680) (287.270, 889.680) on layer: met4
Net VDD: dangling Wire at (2.300, 777.680) (2.300, 777.680) on layer: met5
Net VDD: dangling Wire at (890.560, 777.680) (890.560, 777.680) on layer: met5
Net VDD: dangling Wire at (2.300, 723.280) (2.300, 723.280) on layer: met5
Net VDD: dangling Wire at (890.560, 723.280) (890.560, 723.280) on layer: met5
Net VDD: dangling Wire at (2.300, 750.480) (2.300, 750.480) on layer: met5
Net VDD: dangling Wire at (890.560, 750.480) (890.560, 750.480) on layer: met5
Net VDD: dangling Wire at (2.300, 696.080) (2.300, 696.080) on layer: met5
Net VDD: dangling Wire at (890.560, 696.080) (890.560, 696.080) on layer: met5
Net VDD: dangling Wire at (2.300, 804.880) (2.300, 804.880) on layer: met5
Net VDD: dangling Wire at (890.560, 804.880) (890.560, 804.880) on layer: met5
Net VDD: dangling Wire at (2.300, 832.080) (2.300, 832.080) on layer: met5
Net VDD: dangling Wire at (890.560, 832.080) (890.560, 832.080) on layer: met5
Net VDD: dangling Wire at (2.300, 859.280) (2.300, 859.280) on layer: met5
Net VDD: dangling Wire at (890.560, 859.280) (890.560, 859.280) on layer: met5
Net VDD: dangling Wire at (2.300, 886.480) (2.300, 886.480) on layer: met5
Net VDD: dangling Wire at (890.560, 886.480) (890.560, 886.480) on layer: met5
Net VDD: dangling Wire at (2.300, 451.280) (2.300, 451.280) on layer: met5
Net VDD: dangling Wire at (890.560, 451.280) (890.560, 451.280) on layer: met5
Net VDD: dangling Wire at (2.300, 478.480) (2.300, 478.480) on layer: met5
Net VDD: dangling Wire at (890.560, 478.480) (890.560, 478.480) on layer: met5
Net VDD: dangling Wire at (2.300, 505.680) (2.300, 505.680) on layer: met5
Net VDD: dangling Wire at (890.560, 505.680) (890.560, 505.680) on layer: met5
Net VDD: dangling Wire at (2.300, 532.880) (2.300, 532.880) on layer: met5
Net VDD: dangling Wire at (890.560, 532.880) (890.560, 532.880) on layer: met5
Net VDD: dangling Wire at (2.300, 560.080) (2.300, 560.080) on layer: met5
Net VDD: dangling Wire at (890.560, 560.080) (890.560, 560.080) on layer: met5
Net VDD: dangling Wire at (2.300, 587.280) (2.300, 587.280) on layer: met5
Net VDD: dangling Wire at (890.560, 587.280) (890.560, 587.280) on layer: met5
Net VDD: dangling Wire at (43.010, 2.480) (43.010, 2.480) on layer: met4
Net VDD: dangling Wire at (43.010, 889.680) (43.010, 889.680) on layer: met4
Net VDD: dangling Wire at (2.300, 206.480) (2.300, 206.480) on layer: met5
Net VDD: dangling Wire at (890.560, 206.480) (890.560, 206.480) on layer: met5
Net VDD: dangling Wire at (314.410, 2.480) (314.410, 2.480) on layer: met4
Net VDD: dangling Wire at (314.410, 889.680) (314.410, 889.680) on layer: met4
Net VDD: dangling Wire at (341.550, 2.480) (341.550, 2.480) on layer: met4
Net VDD: dangling Wire at (341.550, 889.680) (341.550, 889.680) on layer: met4
Net VDD: dangling Wire at (368.690, 2.480) (368.690, 2.480) on layer: met4
Net VDD: dangling Wire at (368.690, 889.680) (368.690, 889.680) on layer: met4
Net VDD: dangling Wire at (395.830, 2.480) (395.830, 2.480) on layer: met4
Net VDD: dangling Wire at (395.830, 889.680) (395.830, 889.680) on layer: met4
Net VDD: dangling Wire at (422.970, 2.480) (422.970, 2.480) on layer: met4
Net VDD: dangling Wire at (422.970, 889.680) (422.970, 889.680) on layer: met4

Begin Summary
    196 Problem(s) (IMPVFC-94): The net has dangling wire(s).
    196 total info(s) created.
End Summary
