###############################################################
#  Generated by:      Cadence Innovus 21.11-s130_1
#  OS:                Linux x86_64(Host ID redondo-asia-tpe-desktop-pawanekar-0)
#  Generated on:      Fri Nov  3 03:01:34 2023
#  Design:            aes_cipher_top
#  Command:           verifyProcessAntenna -report aes_cipher_top_2.sky130hd.antenna.rpt -error 1000000
###############################################################
clk (2)
  clkbuf_0_clk  (sky130_fd_sc_hd__buf_1) A
[1]      met3:  Area:164.4480  S.Area:878.4720  G.Area:  0.1965  D.Area:  0.0000
                Fact:  1.0000     PAR:4.4706e+03   Ratio:400.0000       (S.Area)
us30.a[1] (6)
  rebuffer105  (sky130_fd_sc_hd__dlygate4sd3_1) A
[1]      met1:  Area: 11.8299  S.Area: 58.8560  G.Area:  0.1260  D.Area:  0.0000
                Fact:  1.0000     PAR:467.1111   Ratio:400.0000       (S.Area)
text_in_r[98] (3)
  _45841_  (sky130_fd_sc_hd__nand2_1) B
[1]      met3:  Area: 89.0650  S.Area:475.4800  G.Area:  0.2475  D.Area:  0.0000
                Fact:  1.0000     PAR:1.9211e+03   Ratio:400.0000       (S.Area)
text_in_r[83] (3)
  _43128_  (sky130_fd_sc_hd__nand2_1) B
[1]      met3:  Area: 75.1270  S.Area:401.1440  G.Area:  0.2475  D.Area:  0.0000
                Fact:  1.0000     PAR:1.6208e+03   Ratio:400.0000       (S.Area)
text_in_r[68] (3)
  _41852_  (sky130_fd_sc_hd__nand2_1) B
[1]      met3:  Area: 60.2038  S.Area:322.0240  G.Area:  0.2475  D.Area:  0.0000
                Fact:  1.0000     PAR:1.3011e+03   Ratio:400.0000       (S.Area)
text_in_r[55] (3)
  _48603_  (sky130_fd_sc_hd__nand2_1) B
[1]      met1:  Area: 49.3204  S.Area:246.4840  G.Area:  0.2475  D.Area:  0.0000
                Fact:  1.0000     PAR:995.8949   Ratio:400.0000       (S.Area)
text_in_r[126] (3)
  _48303_  (sky130_fd_sc_hd__nand2_1) B
[1]      met3:  Area: 64.3630  S.Area:343.7360  G.Area:  0.2475  D.Area:  0.0000
                Fact:  1.0000     PAR:1.3888e+03   Ratio:400.0000       (S.Area)
net85 (2)
  _27833_  (sky130_fd_sc_hd__nand2_1) B
[1]      met5:  Area:533.9520  S.Area:804.7680  G.Area:  0.2475  D.Area:  0.7952
                Fact:  1.0000     PAR:3.2516e+03   Ratio:2.9181e+03       (S.Area)
net740 (7)
  rebuffer147  (sky130_fd_sc_hd__dlygate4sd1_1) A
[1]      met3:  Area: 11.7670  S.Area: 63.6720  G.Area:  0.1260  D.Area:  0.0000
                Fact:  1.0000     PAR:505.3333   Ratio:400.0000       (S.Area)
net417 (2)
  _48835_  (sky130_fd_sc_hd__dfxtp_1) D
[1]      met4:  Area:189.3456  S.Area:1.0108e+03  G.Area:  0.1260  D.Area:  1.3365
                Fact:  1.0000     PAR:8.0221e+03   Ratio:3.1346e+03       (S.Area)
net398 (82)
  _48758_  (sky130_fd_sc_hd__nand2_1) A
[1]      met1:  Area: 20.1647  S.Area:100.7055  G.Area:  0.2475  D.Area:  0.0000
                Fact:  1.0000     PAR:406.8909   Ratio:400.0000       (S.Area)
net397 (61)
  _48542_  (sky130_fd_sc_hd__o21ai_0) A1
[1]      met1:  Area: 13.0689  S.Area: 65.0510  G.Area:  0.1590  D.Area:  0.0000
                Fact:  1.0000     PAR:409.1258   Ratio:400.0000       (S.Area)
net393 (62)
  _48762_  (sky130_fd_sc_hd__nand2_1) A
[1]      met1:  Area: 20.5883  S.Area:102.6480  G.Area:  0.2475  D.Area:  0.0000
                Fact:  1.0000     PAR:414.7394   Ratio:400.0000       (S.Area)
net373 (2)
  output373  (sky130_fd_sc_hd__clkbuf_1) A
[1]      met4:  Area:130.6788  S.Area:697.4240  G.Area:  0.1965  D.Area:  0.8910
                Fact:  1.0000     PAR:3.5492e+03   Ratio:2.9564e+03       (S.Area)
net367 (2)
  output367  (sky130_fd_sc_hd__clkbuf_1) A
[1]      met2:  Area: 16.4415  S.Area: 82.0365  G.Area:  0.1965  D.Area:  0.0000
                Fact:  1.0000     PAR:417.4885   Ratio:400.0000       (S.Area)
net366 (2)
  output366  (sky130_fd_sc_hd__clkbuf_1) A
[1]      met1:  Area: 26.3824  S.Area:131.8345  G.Area:  0.1965  D.Area:  0.0000
                Fact:  1.0000     PAR:670.9135   Ratio:400.0000       (S.Area)
net363 (2)
  output363  (sky130_fd_sc_hd__clkbuf_1) A
[1]      met4:  Area:128.6388  S.Area:686.5440  G.Area:  0.1965  D.Area:  0.8910
                Fact:  1.0000     PAR:3.4939e+03   Ratio:2.9564e+03       (S.Area)
net342 (2)
  output342  (sky130_fd_sc_hd__clkbuf_1) A
[1]      met1:  Area: 34.8538  S.Area:174.1915  G.Area:  0.1965  D.Area:  0.0000
                Fact:  1.0000     PAR:886.4707   Ratio:400.0000       (S.Area)
net336 (2)
  output336  (sky130_fd_sc_hd__clkbuf_1) A
[1]      met1:  Area: 18.5900  S.Area: 92.8725  G.Area:  0.1965  D.Area:  0.0000
                Fact:  1.0000     PAR:472.6336   Ratio:400.0000       (S.Area)
net332 (2)
  output332  (sky130_fd_sc_hd__clkbuf_1) A
[1]      met2:  Area: 34.7631  S.Area:173.5265  G.Area:  0.1965  D.Area:  0.0000
                Fact:  1.0000     PAR:883.0865   Ratio:400.0000       (S.Area)
net295 (2)
  output295  (sky130_fd_sc_hd__clkbuf_1) A
[1]      met5:  Area:465.7920  S.Area:702.5280  G.Area:  0.1965  D.Area:  0.4455
                Fact:  1.0000     PAR:3.5752e+03   Ratio:2.7782e+03       (S.Area)
net29 (2)
  _28202_  (sky130_fd_sc_hd__nand2_1) B
[1]      met5:  Area:510.4000  S.Area:769.4400  G.Area:  0.2475  D.Area:  0.7952
                Fact:  1.0000     PAR:3.1088e+03   Ratio:2.9181e+03       (S.Area)
net279 (2)
  output279  (sky130_fd_sc_hd__clkbuf_1) A
[1]      met4:  Area:110.0748  S.Area:587.5360  G.Area:  0.1965  D.Area:  0.8910
                Fact:  1.0000     PAR:2.9900e+03   Ratio:2.9564e+03       (S.Area)
net236 (2)
  _48472_  (sky130_fd_sc_hd__nand2_2) B
[1]      met1:  Area: 49.9402  S.Area:249.6235  G.Area:  0.4950  D.Area:  0.0000
                Fact:  1.0000     PAR:504.2899   Ratio:400.0000       (S.Area)
net134 (2)
  _48723_  (sky130_fd_sc_hd__nand2_1) B
[1]      met1:  Area: 25.2232  S.Area:126.0385  G.Area:  0.2475  D.Area:  0.0000
                Fact:  1.0000     PAR:509.2465   Ratio:400.0000       (S.Area)
net129 (22)
  _48789_  (sky130_fd_sc_hd__nand2_1) A
[1]      met1:  Area: 27.1984  S.Area:135.6985  G.Area:  0.2475  D.Area:  0.0000
                Fact:  1.0000     PAR:548.2768   Ratio:400.0000       (S.Area)
net114 (2)
  _28005_  (sky130_fd_sc_hd__nor2_1) A
[1]      met4:  Area:141.6948  S.Area:756.1760  G.Area:  0.2475  D.Area:  0.8910
                Fact:  1.0000     PAR:3.0553e+03   Ratio:2.9564e+03       (S.Area)
net1135 (3)
  _32556_  (sky130_fd_sc_hd__nand2_1) A
[1]      met3:  Area: 45.3190  S.Area:242.1680  G.Area:  0.3735  D.Area:  0.0000
                Fact:  1.0000     PAR:648.3748   Ratio:400.0000       (S.Area)
  rebuffer707  (sky130_fd_sc_hd__dlygate4sd3_1) A
[1]      met3:  Area: 45.3190  S.Area:242.1680  G.Area:  0.3735  D.Area:  0.0000
                Fact:  1.0000     PAR:648.3748   Ratio:400.0000       (S.Area)
clknet_3_7_1_clk (13)
  _48957_  (sky130_fd_sc_hd__dfxtp_2) CLK
[1]      met1:  Area: 21.5633  S.Area:107.6985  G.Area:  0.1590  D.Area:  0.0000
                Fact:  1.0000     PAR:677.3491   Ratio:400.0000       (S.Area)
clknet_3_6_1_clk (17)
  clkbuf_opt_13_0_clk  (sky130_fd_sc_hd__buf_1) A
[1]      met1:  Area: 32.1408  S.Area:160.3700  G.Area:  0.1965  D.Area:  0.0000
                Fact:  1.0000     PAR:816.1323   Ratio:400.0000       (S.Area)
clknet_3_5_1_clk (13)
  clkbuf_leaf_24_clk  (sky130_fd_sc_hd__buf_1) A
[1]      met3:  Area: 14.9590  S.Area: 80.2480  G.Area:  0.1965  D.Area:  0.0000
                Fact:  1.0000     PAR:408.3868   Ratio:400.0000       (S.Area)
clknet_3_2_1_clk (13)
  clkbuf_leaf_72_clk  (sky130_fd_sc_hd__buf_1) A
[1]      met1:  Area: 15.7564  S.Area: 78.7045  G.Area:  0.1965  D.Area:  0.0000
                Fact:  1.0000     PAR:400.5318   Ratio:400.0000       (S.Area)
clknet_3_1_1_clk (17)
  clkbuf_leaf_107_clk  (sky130_fd_sc_hd__buf_1) A
[1]      met3:  Area: 44.6290  S.Area:238.4880  G.Area:  0.1965  D.Area:  0.0000
                Fact:  1.0000     PAR:1.2137e+03   Ratio:400.0000       (S.Area)
_22860_ (2)
  _31655_  (sky130_fd_sc_hd__nor2_1) A
[1]      met3:  Area: 25.1518  S.Area:135.0800  G.Area:  0.2475  D.Area:  0.0000
                Fact:  1.0000     PAR:545.7778   Ratio:400.0000       (S.Area)
_21972_ (5)
  _30899_  (sky130_fd_sc_hd__nand2_1) B
[1]      met3:  Area: 58.6138  S.Area:313.5440  G.Area:  0.7470  D.Area:  0.0000
                Fact:  1.0000     PAR:419.7376   Ratio:400.0000       (S.Area)
  _30781_  (sky130_fd_sc_hd__nand2_1) A
[1]      met3:  Area: 58.6138  S.Area:313.5440  G.Area:  0.7470  D.Area:  0.0000
                Fact:  1.0000     PAR:419.7376   Ratio:400.0000       (S.Area)
  rebuffer222  (sky130_fd_sc_hd__dlygate4sd1_1) A
[1]      met3:  Area: 58.6138  S.Area:313.5440  G.Area:  0.7470  D.Area:  0.0000
                Fact:  1.0000     PAR:419.7376   Ratio:400.0000       (S.Area)
  rebuffer221  (sky130_fd_sc_hd__dlygate4sd1_1) A
[1]      met3:  Area: 58.6138  S.Area:313.5440  G.Area:  0.7470  D.Area:  0.0000
                Fact:  1.0000     PAR:419.7376   Ratio:400.0000       (S.Area)
_21867_ (4)
  _30742_  (sky130_fd_sc_hd__and3_1) A
[1]      met3:  Area: 14.1310  S.Area: 75.8320  G.Area:  0.1260  D.Area:  0.0000
                Fact:  1.0000     PAR:601.8413   Ratio:400.0000       (S.Area)
_21184_ (5)
  rebuffer373  (sky130_fd_sc_hd__dlygate4sd3_1) A
[1]      met1:  Area: 16.9029  S.Area: 84.3290  G.Area:  0.1260  D.Area:  0.0000
                Fact:  1.0000     PAR:669.2778   Ratio:400.0000       (S.Area)
_19939_ (6)
  rebuffer322  (sky130_fd_sc_hd__dlygate4sd3_1) A
[1]      met2:  Area: 10.1793  S.Area: 50.5645  G.Area:  0.1260  D.Area:  0.0000
                Fact:  1.0000     PAR:401.3056   Ratio:400.0000       (S.Area)
_19860_ (7)
  rebuffer384  (sky130_fd_sc_hd__dlygate4sd1_1) A
[1]      met1:  Area: 12.4233  S.Area: 61.8905  G.Area:  0.1260  D.Area:  0.0000
                Fact:  1.0000     PAR:491.1944   Ratio:400.0000       (S.Area)
_19529_ (9)
  rebuffer187  (sky130_fd_sc_hd__dlygate4sd1_1) A
[1]      met3:  Area: 28.2659  S.Area:151.6800  G.Area:  0.1260  D.Area:  0.0000
                Fact:  1.0000     PAR:1.2038e+03   Ratio:400.0000       (S.Area)
_19506_ (14)
  _28503_  (sky130_fd_sc_hd__nand2_1) A
[1]      met3:  Area: 20.0650  S.Area:107.4800  G.Area:  0.2475  D.Area:  0.0000
                Fact:  1.0000     PAR:434.2626   Ratio:400.0000       (S.Area)
_19417_ (2)
  _28205_  (sky130_fd_sc_hd__nand2_1) B
[1]      met3:  Area: 74.5366  S.Area:398.9360  G.Area:  0.2475  D.Area:  0.0000
                Fact:  1.0000     PAR:1.6119e+03   Ratio:400.0000       (S.Area)
_19412_ (2)
  _28196_  (sky130_fd_sc_hd__nand2_1) B
[1]      met3:  Area: 28.2070  S.Area:150.9040  G.Area:  0.2475  D.Area:  0.0000
                Fact:  1.0000     PAR:609.7131   Ratio:400.0000       (S.Area)
_19405_ (2)
  _28185_  (sky130_fd_sc_hd__nand2_1) B
[1]      met3:  Area: 77.4538  S.Area:414.0240  G.Area:  0.2475  D.Area:  0.0000
                Fact:  1.0000     PAR:1.6728e+03   Ratio:400.0000       (S.Area)
_19399_ (2)
  _28177_  (sky130_fd_sc_hd__nand2_1) B
[1]      met5:  Area:698.8160  S.Area:1.0521e+03  G.Area:  0.2475  D.Area:  2.8620
                Fact:  1.0000     PAR:4.2508e+03   Ratio:3.7448e+03       (S.Area)
_19378_ (2)
  _28151_  (sky130_fd_sc_hd__nand2_1) B
[1]      met5:  Area:875.4560  S.Area:1.3170e+03  G.Area:  0.2475  D.Area:  2.8620
                Fact:  1.0000     PAR:5.3213e+03   Ratio:3.7448e+03       (S.Area)
_19325_ (2)
  _28085_  (sky130_fd_sc_hd__nand2_1) B
[1]      met3:  Area: 37.1770  S.Area:198.7440  G.Area:  0.2475  D.Area:  0.0000
                Fact:  1.0000     PAR:803.0061   Ratio:400.0000       (S.Area)
_19318_ (2)
  _28076_  (sky130_fd_sc_hd__nand2_1) B
[1]      met4:  Area:191.1348  S.Area:1.0199e+03  G.Area:  0.2475  D.Area:  2.8620
                Fact:  1.0000     PAR:4.1206e+03   Ratio:3.7448e+03       (S.Area)
_19315_ (2)
  _28072_  (sky130_fd_sc_hd__o21ai_0) B1
[1]      met4:  Area:156.1788  S.Area:833.4240  G.Area:  0.1590  D.Area:  2.8620
                Fact:  1.0000     PAR:5.2417e+03   Ratio:3.7448e+03       (S.Area)
_19292_ (2)
  _28046_  (sky130_fd_sc_hd__o21ai_0) B1
[1]      met4:  Area:133.7388  S.Area:713.7440  G.Area:  0.1590  D.Area:  2.8620
                Fact:  1.0000     PAR:4.4890e+03   Ratio:3.7448e+03       (S.Area)
_19286_ (2)
  _28039_  (sky130_fd_sc_hd__o21ai_0) B1
[1]      met4:  Area:152.6256  S.Area:814.9440  G.Area:  0.1590  D.Area:  2.8620
                Fact:  1.0000     PAR:5.1254e+03   Ratio:3.7448e+03       (S.Area)
_19264_ (2)
  _28014_  (sky130_fd_sc_hd__o21ai_0) B1
[1]      met4:  Area:162.9108  S.Area:869.3280  G.Area:  0.1590  D.Area:  2.8620
                Fact:  1.0000     PAR:5.4675e+03   Ratio:3.7448e+03       (S.Area)
_19252_ (2)
  _28000_  (sky130_fd_sc_hd__o21ai_0) B1
[1]      met2:  Area: 21.3779  S.Area:106.7185  G.Area:  0.1590  D.Area:  0.0000
                Fact:  1.0000     PAR:671.1855   Ratio:400.0000       (S.Area)
_19235_ (2)
  _27980_  (sky130_fd_sc_hd__a31oi_1) B1
[1]      met3:  Area: 72.0910  S.Area:384.9520  G.Area:  0.2475  D.Area:  0.0000
                Fact:  1.0000     PAR:1.5554e+03   Ratio:400.0000       (S.Area)
_19227_ (2)
  _27970_  (sky130_fd_sc_hd__nand2_1) B
[1]      met3:  Area: 31.5190  S.Area:168.5680  G.Area:  0.2475  D.Area:  0.0000
                Fact:  1.0000     PAR:681.0828   Ratio:400.0000       (S.Area)
_19217_ (2)
  _27959_  (sky130_fd_sc_hd__o21ai_0) B1
[1]      met3:  Area: 18.9610  S.Area:101.5920  G.Area:  0.1590  D.Area:  0.0000
                Fact:  1.0000     PAR:638.9434   Ratio:400.0000       (S.Area)
[1]      met4:  Area:166.9056  S.Area:891.1040  G.Area:  0.1590  D.Area:  2.8620
                Fact:  1.0000     PAR:5.6044e+03   Ratio:3.7448e+03       (S.Area)
_19194_ (2)
  _27931_  (sky130_fd_sc_hd__nand2_1) B
[1]      met4:  Area:190.9776  S.Area:1.0195e+03  G.Area:  0.2475  D.Area:  2.8620
                Fact:  1.0000     PAR:4.1191e+03   Ratio:3.7448e+03       (S.Area)
_19173_ (2)
  _27905_  (sky130_fd_sc_hd__nand2_1) B
[1]      met2:  Area: 24.1959  S.Area:120.6905  G.Area:  0.2475  D.Area:  0.0000
                Fact:  1.0000     PAR:487.6384   Ratio:400.0000       (S.Area)
[1]      met3:  Area: 21.8470  S.Area:116.9840  G.Area:  0.2475  D.Area:  0.0000
                Fact:  1.0000     PAR:472.6626   Ratio:400.0000       (S.Area)
_19154_ (2)
  _27882_  (sky130_fd_sc_hd__nand2_1) B
[1]      met3:  Area: 39.5230  S.Area:211.2560  G.Area:  0.2475  D.Area:  0.0000
                Fact:  1.0000     PAR:853.5596   Ratio:400.0000       (S.Area)
_19146_ (2)
  _27873_  (sky130_fd_sc_hd__o21ai_0) B1
[1]      met4:  Area:128.9616  S.Area:688.7360  G.Area:  0.1590  D.Area:  2.8620
                Fact:  1.0000     PAR:4.3317e+03   Ratio:3.7448e+03       (S.Area)
_19088_ (2)
  _27807_  (sky130_fd_sc_hd__nand2_1) B
[1]      met3:  Area:183.0816  S.Area:977.3760  G.Area:  0.2475  D.Area:  2.8620
                Fact:  1.0000     PAR:3.9490e+03   Ratio:3.7448e+03       (S.Area)
_19082_ (2)
  _27800_  (sky130_fd_sc_hd__o21ai_0) B1
[1]      met4:  Area: 95.5908  S.Area:510.2880  G.Area:  0.1590  D.Area:  1.4310
                Fact:  1.0000     PAR:3.2094e+03   Ratio:3.1724e+03       (S.Area)
_19078_ (2)
  _27795_  (sky130_fd_sc_hd__nand2_1) B
[1]      met4:  Area:180.2508  S.Area:961.8080  G.Area:  0.2475  D.Area:  2.8620
                Fact:  1.0000     PAR:3.8861e+03   Ratio:3.7448e+03       (S.Area)
_19077_ (2)
  _27793_  (sky130_fd_sc_hd__nand2_1) B
[1]      met3:  Area: 37.3030  S.Area:199.4160  G.Area:  0.2475  D.Area:  0.0000
                Fact:  1.0000     PAR:805.7212   Ratio:400.0000       (S.Area)
_19052_ (2)
  _27764_  (sky130_fd_sc_hd__nand2_1) B
[1]      met5:  Area:648.7680  S.Area:976.9920  G.Area:  0.2475  D.Area:  2.8620
                Fact:  1.0000     PAR:3.9474e+03   Ratio:3.7448e+03       (S.Area)
_19039_ (2)
  _27748_  (sky130_fd_sc_hd__nand2_1) B
[1]      met4:  Area:174.9468  S.Area:933.5200  G.Area:  0.2475  D.Area:  2.8620
                Fact:  1.0000     PAR:3.7718e+03   Ratio:3.7448e+03       (S.Area)
_19005_ (2)
  _27709_  (sky130_fd_sc_hd__nand2_1) B
[1]      met5:  Area:828.3520  S.Area:1.2464e+03  G.Area:  0.2475  D.Area:  2.8620
                Fact:  1.0000     PAR:5.0358e+03   Ratio:3.7448e+03       (S.Area)
_18995_ (2)
  _27697_  (sky130_fd_sc_hd__o21ai_0) B1
[1]      met4:  Area:133.1268  S.Area:710.4800  G.Area:  0.1590  D.Area:  2.8620
                Fact:  1.0000     PAR:4.4684e+03   Ratio:3.7448e+03       (S.Area)
_18965_ (2)
  _27662_  (sky130_fd_sc_hd__nand2_1) B
[1]      met3:  Area: 50.0110  S.Area:267.1920  G.Area:  0.2475  D.Area:  0.0000
                Fact:  1.0000     PAR:1.0796e+03   Ratio:400.0000       (S.Area)
_18951_ (2)
  _27646_  (sky130_fd_sc_hd__nand2_1) B
[1]      met5:  Area:881.3440  S.Area:1.3259e+03  G.Area:  0.2475  D.Area:  2.8620
                Fact:  1.0000     PAR:5.3570e+03   Ratio:3.7448e+03       (S.Area)
_18531_ (2)
  _27218_  (sky130_fd_sc_hd__nand2_1) B
[1]      met2:  Area: 21.0095  S.Area:104.7585  G.Area:  0.2475  D.Area:  0.0000
                Fact:  1.0000     PAR:423.2667   Ratio:400.0000       (S.Area)
_18433_ (5)
  _27335_  (sky130_fd_sc_hd__nand2_1) B
[1]      met3:  Area: 25.1710  S.Area:134.7120  G.Area:  0.2475  D.Area:  0.0000
                Fact:  1.0000     PAR:544.2909   Ratio:400.0000       (S.Area)
_18165_ (2)
  _26850_  (sky130_fd_sc_hd__o21ai_0) B1
[1]      met4:  Area:185.2656  S.Area:989.0240  G.Area:  0.1590  D.Area:  2.8620
                Fact:  1.0000     PAR:6.2203e+03   Ratio:3.7448e+03       (S.Area)
_18052_ (2)
  _26735_  (sky130_fd_sc_hd__nand2_1) B
[1]      met3:  Area: 33.5050  S.Area:179.1600  G.Area:  0.2475  D.Area:  0.0000
                Fact:  1.0000     PAR:723.8788   Ratio:400.0000       (S.Area)
_17913_ (2)
  _26594_  (sky130_fd_sc_hd__nand2_1) B
[1]      met5:  Area:784.1920  S.Area:1.1801e+03  G.Area:  0.2475  D.Area:  2.8620
                Fact:  1.0000     PAR:4.7682e+03   Ratio:3.7448e+03       (S.Area)
_17089_ (2)
  _25785_  (sky130_fd_sc_hd__nand4_1) A
[1]      met3:  Area: 30.4150  S.Area:162.6800  G.Area:  0.2475  D.Area:  0.0000
                Fact:  1.0000     PAR:657.2929   Ratio:400.0000       (S.Area)
_17076_ (2)
  _48784_  (sky130_fd_sc_hd__o21ai_0) B1
[1]      met2:  Area: 18.9503  S.Area: 94.5805  G.Area:  0.1590  D.Area:  0.0000
                Fact:  1.0000     PAR:594.8459   Ratio:400.0000       (S.Area)
[1]      met3:  Area: 36.6910  S.Area:196.1520  G.Area:  0.1590  D.Area:  0.0000
                Fact:  1.0000     PAR:1.2337e+03   Ratio:400.0000       (S.Area)
_17075_ (2)
  _48782_  (sky130_fd_sc_hd__nand2_1) B
[1]      met1:  Area: 34.4324  S.Area:172.0845  G.Area:  0.2475  D.Area:  0.0000
                Fact:  1.0000     PAR:695.2909   Ratio:400.0000       (S.Area)
_17072_ (2)
  _48779_  (sky130_fd_sc_hd__o21ai_0) B1
[1]      met3:  Area: 22.2010  S.Area:118.8720  G.Area:  0.1590  D.Area:  0.0000
                Fact:  1.0000     PAR:747.6226   Ratio:400.0000       (S.Area)
_17056_ (2)
  _48756_  (sky130_fd_sc_hd__o21ai_0) B1
[1]      met3:  Area: 70.8430  S.Area:378.2960  G.Area:  0.1590  D.Area:  0.0000
                Fact:  1.0000     PAR:2.3792e+03   Ratio:400.0000       (S.Area)
_17046_ (2)
  _48742_  (sky130_fd_sc_hd__o21ai_0) B1
[1]      met3:  Area:124.4568  S.Area:664.2400  G.Area:  0.1590  D.Area:  2.8620
                Fact:  1.0000     PAR:4.1776e+03   Ratio:3.7448e+03       (S.Area)
_17044_ (2)
  _48740_  (sky130_fd_sc_hd__nand2_1) B
[1]      met1:  Area: 27.1552  S.Area:135.6985  G.Area:  0.2475  D.Area:  0.0000
                Fact:  1.0000     PAR:548.2768   Ratio:400.0000       (S.Area)
_17026_ (2)
  _48717_  (sky130_fd_sc_hd__o21ai_0) B1
[1]      met4:  Area:140.7420  S.Area:752.9760  G.Area:  0.1590  D.Area:  2.8620
                Fact:  1.0000     PAR:4.7357e+03   Ratio:3.7448e+03       (S.Area)
_17025_ (2)
  _48715_  (sky130_fd_sc_hd__o21ai_0) B1
[1]      met3:  Area:149.7108  S.Area:798.9280  G.Area:  0.1590  D.Area:  2.8620
                Fact:  1.0000     PAR:5.0247e+03   Ratio:3.7448e+03       (S.Area)
_17013_ (2)
  _48698_  (sky130_fd_sc_hd__o21ai_0) B1
[1]      met4:  Area:157.9296  S.Area:843.2320  G.Area:  0.1590  D.Area:  2.8620
                Fact:  1.0000     PAR:5.3033e+03   Ratio:3.7448e+03       (S.Area)
_17012_ (2)
  _48696_  (sky130_fd_sc_hd__nand2_1) B
[1]      met1:  Area: 34.6900  S.Area:173.3725  G.Area:  0.2475  D.Area:  0.0000
                Fact:  1.0000     PAR:700.4949   Ratio:400.0000       (S.Area)
_17007_ (2)
  _48690_  (sky130_fd_sc_hd__o21ai_0) B1
[1]      met2:  Area: 15.3327  S.Area: 76.4925  G.Area:  0.1590  D.Area:  0.0000
                Fact:  1.0000     PAR:481.0849   Ratio:400.0000       (S.Area)
[1]      met4:  Area:111.8256  S.Area:597.3440  G.Area:  0.1590  D.Area:  2.8620
                Fact:  1.0000     PAR:3.7569e+03   Ratio:3.7448e+03       (S.Area)
_17005_ (2)
  _48687_  (sky130_fd_sc_hd__o21ai_0) B1
[1]      met1:  Area: 65.7924  S.Area:328.8845  G.Area:  0.1590  D.Area:  0.0000
                Fact:  1.0000     PAR:2.0685e+03   Ratio:400.0000       (S.Area)
_16993_ (2)
  _48671_  (sky130_fd_sc_hd__o21ai_0) B1
[1]      met3:  Area: 12.1930  S.Area: 65.4960  G.Area:  0.1590  D.Area:  0.0000
                Fact:  1.0000     PAR:411.9245   Ratio:400.0000       (S.Area)
[1]      met4:  Area:127.9068  S.Area:682.6400  G.Area:  0.1590  D.Area:  2.8620
                Fact:  1.0000     PAR:4.2933e+03   Ratio:3.7448e+03       (S.Area)
_16991_ (2)
  _48667_  (sky130_fd_sc_hd__o21ai_0) B1
[1]      met3:  Area: 21.0310  S.Area:112.6320  G.Area:  0.1590  D.Area:  0.0000
                Fact:  1.0000     PAR:708.3774   Ratio:400.0000       (S.Area)
[1]      met5:  Area:747.3920  S.Area:1.1249e+03  G.Area:  0.1590  D.Area:  2.8620
                Fact:  1.0000     PAR:7.0750e+03   Ratio:3.7448e+03       (S.Area)
_16989_ (2)
  _48663_  (sky130_fd_sc_hd__nand2_1) B
[1]      met1:  Area: 21.2822  S.Area:106.3335  G.Area:  0.2475  D.Area:  0.0000
                Fact:  1.0000     PAR:429.6303   Ratio:400.0000       (S.Area)
_16986_ (2)
  _48660_  (sky130_fd_sc_hd__o21ai_0) B1
[1]      met4:  Area:135.3708  S.Area:722.4480  G.Area:  0.1590  D.Area:  2.8620
                Fact:  1.0000     PAR:4.5437e+03   Ratio:3.7448e+03       (S.Area)
_16977_ (2)
  _48648_  (sky130_fd_sc_hd__o21ai_0) B1
[1]      met3:  Area:115.3488  S.Area:615.6640  G.Area:  0.1590  D.Area:  2.8620
                Fact:  1.0000     PAR:3.8721e+03   Ratio:3.7448e+03       (S.Area)
_16970_ (2)
  _48638_  (sky130_fd_sc_hd__o21ai_0) B1
[1]      met3:  Area: 19.3030  S.Area:103.4160  G.Area:  0.1590  D.Area:  0.0000
                Fact:  1.0000     PAR:650.4151   Ratio:400.0000       (S.Area)
_16965_ (2)
  _48631_  (sky130_fd_sc_hd__nand2_1) B
[1]      met3:  Area: 40.3510  S.Area:215.6720  G.Area:  0.2475  D.Area:  0.0000
                Fact:  1.0000     PAR:871.4020   Ratio:400.0000       (S.Area)
_16960_ (2)
  _48622_  (sky130_fd_sc_hd__o21ai_0) B1
[1]      met3:  Area: 96.0288  S.Area:512.6240  G.Area:  0.1590  D.Area:  1.4310
                Fact:  1.0000     PAR:3.2241e+03   Ratio:3.1724e+03       (S.Area)
_16956_ (2)
  _48617_  (sky130_fd_sc_hd__o21ai_0) B1
[1]      met3:  Area:205.6931  S.Area:1.0984e+03  G.Area:  0.1590  D.Area:  2.8620
                Fact:  1.0000     PAR:6.9083e+03   Ratio:3.7448e+03       (S.Area)
_16954_ (2)
  _48614_  (sky130_fd_sc_hd__o21ai_0) B1
[1]      met3:  Area:210.5688  S.Area:1.1235e+03  G.Area:  0.1590  D.Area:  2.8620
                Fact:  1.0000     PAR:7.0661e+03   Ratio:3.7448e+03       (S.Area)
_16950_ (2)
  _48608_  (sky130_fd_sc_hd__nand2_1) B
[1]      met1:  Area: 22.5702  S.Area:112.7735  G.Area:  0.2475  D.Area:  0.0000
                Fact:  1.0000     PAR:455.6505   Ratio:400.0000       (S.Area)
_16948_ (2)
  _48605_  (sky130_fd_sc_hd__nand2_1) B
[1]      met1:  Area: 30.9898  S.Area:154.8715  G.Area:  0.2475  D.Area:  0.0000
                Fact:  1.0000     PAR:625.7434   Ratio:400.0000       (S.Area)
_16935_ (2)
  _48587_  (sky130_fd_sc_hd__o21ai_0) B1
[1]      met3:  Area: 95.2558  S.Area:508.9680  G.Area:  0.1590  D.Area:  0.0000
                Fact:  1.0000     PAR:3.2011e+03   Ratio:400.0000       (S.Area)
[1]      met4:  Area:173.9268  S.Area:928.0800  G.Area:  0.1590  D.Area:  2.8620
                Fact:  1.0000     PAR:5.8370e+03   Ratio:3.7448e+03       (S.Area)
_16920_ (2)
  _48567_  (sky130_fd_sc_hd__o21ai_0) B1
[1]      met3:  Area: 25.1710  S.Area:134.7120  G.Area:  0.1590  D.Area:  0.0000
                Fact:  1.0000     PAR:847.2453   Ratio:400.0000       (S.Area)
_16915_ (2)
  _48560_  (sky130_fd_sc_hd__o21ai_0) B1
[1]      met4:  Area:119.0508  S.Area:635.4080  G.Area:  0.1590  D.Area:  2.8620
                Fact:  1.0000     PAR:3.9963e+03   Ratio:3.7448e+03       (S.Area)
_16914_ (2)
  _48558_  (sky130_fd_sc_hd__nand2_1) B
[1]      met4:  Area: 32.5192  S.Area:170.2560  G.Area:  0.2475  D.Area:  0.0000
                Fact:  1.0000     PAR:687.9030   Ratio:400.0000       (S.Area)
_16903_ (2)
  _48542_  (sky130_fd_sc_hd__o21ai_0) B1
[1]      met4:  Area:135.7788  S.Area:724.6240  G.Area:  0.1590  D.Area:  2.8620
                Fact:  1.0000     PAR:4.5574e+03   Ratio:3.7448e+03       (S.Area)
_16901_ (2)
  _48540_  (sky130_fd_sc_hd__o21ai_0) B1
[1]      met3:  Area: 31.9798  S.Area:171.4960  G.Area:  0.1590  D.Area:  0.0000
                Fact:  1.0000     PAR:1.0786e+03   Ratio:400.0000       (S.Area)
_16894_ (2)
  _48531_  (sky130_fd_sc_hd__nand2_1) B
[1]      met1:  Area: 24.9362  S.Area:124.6035  G.Area:  0.2475  D.Area:  0.0000
                Fact:  1.0000     PAR:503.4485   Ratio:400.0000       (S.Area)
_16882_ (2)
  _48515_  (sky130_fd_sc_hd__o21ai_0) B1
[1]      met4:  Area: 23.1028  S.Area:119.5600  G.Area:  0.1590  D.Area:  0.0000
                Fact:  1.0000     PAR:751.9497   Ratio:400.0000       (S.Area)
[1]      met5:  Area:401.4720  S.Area:606.0480  G.Area:  0.1590  D.Area:  2.8620
                Fact:  1.0000     PAR:3.8116e+03   Ratio:3.7448e+03       (S.Area)
_16875_ (2)
  _48506_  (sky130_fd_sc_hd__o21ai_0) B1
[1]      met1:  Area: 16.8460  S.Area: 84.1155  G.Area:  0.1590  D.Area:  0.0000
                Fact:  1.0000     PAR:529.0283   Ratio:400.0000       (S.Area)
_16873_ (2)
  _48502_  (sky130_fd_sc_hd__o21ai_0) B1
[1]      met3:  Area: 70.4350  S.Area:376.1200  G.Area:  0.1590  D.Area:  0.0000
                Fact:  1.0000     PAR:2.3655e+03   Ratio:400.0000       (S.Area)
_16849_ (2)
  _48471_  (sky130_fd_sc_hd__o21ai_0) B1
[1]      met4:  Area:126.5988  S.Area:675.6640  G.Area:  0.1590  D.Area:  2.8620
                Fact:  1.0000     PAR:4.2495e+03   Ratio:3.7448e+03       (S.Area)
_15064_ (3)
  _46807_  (sky130_fd_sc_hd__nand2_1) B
[1]      met3:  Area: 26.8270  S.Area:143.5440  G.Area:  0.2475  D.Area:  0.0000
                Fact:  1.0000     PAR:579.9758   Ratio:400.0000       (S.Area)
_12717_ (7)
  _47303_  (sky130_fd_sc_hd__o21ai_0) A1
[1]      met3:  Area: 30.8284  S.Area:164.8800  G.Area:  0.3180  D.Area:  0.0000
                Fact:  1.0000     PAR:518.4906   Ratio:400.0000       (S.Area)
  _46175_  (sky130_fd_sc_hd__o21ai_0) A1
[1]      met3:  Area: 30.8284  S.Area:164.8800  G.Area:  0.3180  D.Area:  0.0000
                Fact:  1.0000     PAR:518.4906   Ratio:400.0000       (S.Area)
_12641_ (8)
  _25865_  (sky130_fd_sc_hd__a41oi_1) A2
[1]      met3:  Area: 37.4338  S.Area:200.5840  G.Area:  0.4950  D.Area:  0.0000
                Fact:  1.0000     PAR:405.2202   Ratio:400.0000       (S.Area)
  _25607_  (sky130_fd_sc_hd__a31oi_1) A2
[1]      met3:  Area: 37.4338  S.Area:200.5840  G.Area:  0.4950  D.Area:  0.0000
                Fact:  1.0000     PAR:405.2202   Ratio:400.0000       (S.Area)
_11898_ (8)
  _46132_  (sky130_fd_sc_hd__o21ai_0) A1
[1]      met3:  Area: 22.7530  S.Area:121.8160  G.Area:  0.1590  D.Area:  0.0000
                Fact:  1.0000     PAR:766.1384   Ratio:400.0000       (S.Area)
_11690_ (10)
  rebuffer876  (sky130_fd_sc_hd__dlygate4sd1_1) A
[1]      met1:  Area: 16.5615  S.Area: 82.3690  G.Area:  0.1260  D.Area:  0.0000
                Fact:  1.0000     PAR:653.7222   Ratio:400.0000       (S.Area)
_11663_ (2)
  _25259_  (sky130_fd_sc_hd__nand2_1) B
[1]      met2:  Area: 22.9207  S.Area:114.4325  G.Area:  0.2475  D.Area:  0.0000
                Fact:  1.0000     PAR:462.3535   Ratio:400.0000       (S.Area)
_11285_ (2)
  _25232_  (sky130_fd_sc_hd__and3_1) A
[1]      met3:  Area: 11.3650  S.Area: 61.0800  G.Area:  0.1260  D.Area:  0.0000
                Fact:  1.0000     PAR:484.7619   Ratio:400.0000       (S.Area)
_11004_ (3)
  _42985_  (sky130_fd_sc_hd__nand3_1) C
[1]      met3:  Area: 45.1510  S.Area:241.2720  G.Area:  0.4950  D.Area:  0.0000
                Fact:  1.0000     PAR:487.4182   Ratio:400.0000       (S.Area)
  _42983_  (sky130_fd_sc_hd__nand2_1) B
[1]      met3:  Area: 45.1510  S.Area:241.2720  G.Area:  0.4950  D.Area:  0.0000
                Fact:  1.0000     PAR:487.4182   Ratio:400.0000       (S.Area)
_10946_ (3)
  _42931_  (sky130_fd_sc_hd__nand3_1) C
[1]      met3:  Area: 67.4650  S.Area:360.2800  G.Area:  0.4950  D.Area:  0.0000
                Fact:  1.0000     PAR:727.8384   Ratio:400.0000       (S.Area)
  _42929_  (sky130_fd_sc_hd__nand2_1) B
[1]      met3:  Area: 67.4650  S.Area:360.2800  G.Area:  0.4950  D.Area:  0.0000
                Fact:  1.0000     PAR:727.8384   Ratio:400.0000       (S.Area)
_10404_ (5)
  _43205_  (sky130_fd_sc_hd__nand2_1) B
[1]      met3:  Area: 86.8378  S.Area:464.0720  G.Area:  0.9900  D.Area:  0.0000
                Fact:  1.0000     PAR:468.7596   Ratio:400.0000       (S.Area)
  _43203_  (sky130_fd_sc_hd__nand2_1) A
[1]      met3:  Area: 86.8378  S.Area:464.0720  G.Area:  0.9900  D.Area:  0.0000
                Fact:  1.0000     PAR:468.7596   Ratio:400.0000       (S.Area)
  _42553_  (sky130_fd_sc_hd__nand2_1) B
[1]      met3:  Area: 86.8378  S.Area:464.0720  G.Area:  0.9900  D.Area:  0.0000
                Fact:  1.0000     PAR:468.7596   Ratio:400.0000       (S.Area)
  _42477_  (sky130_fd_sc_hd__nand2_1) A
[1]      met3:  Area: 86.8378  S.Area:464.0720  G.Area:  0.9900  D.Area:  0.0000
                Fact:  1.0000     PAR:468.7596   Ratio:400.0000       (S.Area)
_10340_ (6)
  _43206_  (sky130_fd_sc_hd__nand2_1) A
[1]      met3:  Area: 87.7318  S.Area:468.8400  G.Area:  0.9900  D.Area:  0.0000
                Fact:  1.0000     PAR:473.5758   Ratio:400.0000       (S.Area)
  _43202_  (sky130_fd_sc_hd__nand2_1) B
[1]      met3:  Area: 87.7318  S.Area:468.8400  G.Area:  0.9900  D.Area:  0.0000
                Fact:  1.0000     PAR:473.5758   Ratio:400.0000       (S.Area)
  _42554_  (sky130_fd_sc_hd__nand2_1) A
[1]      met3:  Area: 87.7318  S.Area:468.8400  G.Area:  0.9900  D.Area:  0.0000
                Fact:  1.0000     PAR:473.5758   Ratio:400.0000       (S.Area)
  _42373_  (sky130_fd_sc_hd__nand2_1) B
[1]      met3:  Area: 87.7318  S.Area:468.8400  G.Area:  0.9900  D.Area:  0.0000
                Fact:  1.0000     PAR:473.5758   Ratio:400.0000       (S.Area)
_08770_ (2)
  _24993_  (sky130_fd_sc_hd__nand2_1) B
[1]      met3:  Area: 81.4030  S.Area:434.6160  G.Area:  0.2475  D.Area:  0.0000
                Fact:  1.0000     PAR:1.7560e+03   Ratio:400.0000       (S.Area)
_08600_ (6)
  _40955_  (sky130_fd_sc_hd__nand2_1) A
[1]      met1:  Area: 20.7287  S.Area:103.3130  G.Area:  0.2475  D.Area:  0.0000
                Fact:  1.0000     PAR:417.4263   Ratio:400.0000       (S.Area)
_07884_ (3)
  _42621_  (sky130_fd_sc_hd__o21ai_0) B1
[1]      met1:  Area: 13.3736  S.Area: 66.7905  G.Area:  0.1590  D.Area:  0.0000
                Fact:  1.0000     PAR:420.0660   Ratio:400.0000       (S.Area)
_06798_ (2)
  _39145_  (sky130_fd_sc_hd__nand2_1) A
[1]      met3:  Area: 27.3790  S.Area:146.4880  G.Area:  0.2475  D.Area:  0.0000
                Fact:  1.0000     PAR:591.8707   Ratio:400.0000       (S.Area)
_06486_ (9)
  rebuffer817  (sky130_fd_sc_hd__dlygate4sd1_1) A
[1]      met1:  Area: 10.9851  S.Area: 54.7400  G.Area:  0.1260  D.Area:  0.0000
                Fact:  1.0000     PAR:434.4444   Ratio:400.0000       (S.Area)
_05994_ (11)
  _42575_  (sky130_fd_sc_hd__nand2_1) B
[1]      met3:  Area: 27.9899  S.Area:150.2080  G.Area:  0.2475  D.Area:  0.0000
                Fact:  1.0000     PAR:606.9010   Ratio:400.0000       (S.Area)
_05264_ (2)
  _37728_  (sky130_fd_sc_hd__nor3_1) B
[1]      met3:  Area: 21.1690  S.Area:113.3680  G.Area:  0.2475  D.Area:  0.0000
                Fact:  1.0000     PAR:458.0525   Ratio:400.0000       (S.Area)
_01940_ (9)
  _37061_  (sky130_fd_sc_hd__o21ai_0) A1
[1]      met3:  Area: 16.9751  S.Area: 90.9920  G.Area:  0.1590  D.Area:  0.0000
                Fact:  1.0000     PAR:572.2767   Ratio:400.0000       (S.Area)
_00652_ (2)
  _33355_  (sky130_fd_sc_hd__nand3_1) A
[1]      met3:  Area: 21.1690  S.Area:113.3680  G.Area:  0.2475  D.Area:  0.0000
                Fact:  1.0000     PAR:458.0525   Ratio:400.0000       (S.Area)
_00255_ (2)
  _48953_  (sky130_fd_sc_hd__dfxtp_1) D
[1]      met3:  Area:  9.4390  S.Area: 50.8080  G.Area:  0.1260  D.Area:  0.0000
                Fact:  1.0000     PAR:403.2381   Ratio:400.0000       (S.Area)
[1]      met4:  Area: 98.1576  S.Area:524.4480  G.Area:  0.1260  D.Area:  1.5245
                Fact:  1.0000     PAR:4.1623e+03   Ratio:3.2098e+03       (S.Area)
_00254_ (2)
  _48952_  (sky130_fd_sc_hd__dfxtp_1) D
[1]      met2:  Area: 25.1523  S.Area:125.5905  G.Area:  0.1260  D.Area:  0.0000
                Fact:  1.0000     PAR:996.7500   Ratio:400.0000       (S.Area)
[1]      met3:  Area: 27.7930  S.Area:148.6960  G.Area:  0.1260  D.Area:  0.0000
                Fact:  1.0000     PAR:1.1801e+03   Ratio:400.0000       (S.Area)
[1]      met4:  Area: 85.5096  S.Area:456.9920  G.Area:  0.1260  D.Area:  1.5245
                Fact:  1.0000     PAR:3.6269e+03   Ratio:3.2098e+03       (S.Area)
_00253_ (2)
  _48951_  (sky130_fd_sc_hd__dfxtp_1) D
[1]      met2:  Area: 31.7687  S.Area:158.6725  G.Area:  0.1260  D.Area:  0.0000
                Fact:  1.0000     PAR:1.2593e+03   Ratio:400.0000       (S.Area)
_00252_ (2)
  _48950_  (sky130_fd_sc_hd__dfxtp_1) D
[1]      met2:  Area: 10.3963  S.Area: 51.8105  G.Area:  0.1260  D.Area:  0.0000
                Fact:  1.0000     PAR:411.1944   Ratio:400.0000       (S.Area)
[1]      met3:  Area:221.7468  S.Area:1.1831e+03  G.Area:  0.1260  D.Area:  1.5245
                Fact:  1.0000     PAR:9.3898e+03   Ratio:3.2098e+03       (S.Area)
_00251_ (2)
  _48949_  (sky130_fd_sc_hd__dfxtp_1) D
[1]      met4:  Area: 87.5496  S.Area:467.8720  G.Area:  0.1260  D.Area:  1.5245
                Fact:  1.0000     PAR:3.7133e+03   Ratio:3.2098e+03       (S.Area)
_00249_ (2)
  _48947_  (sky130_fd_sc_hd__dfxtp_1) D
[1]      met4:  Area: 19.6348  S.Area:101.0640  G.Area:  0.1260  D.Area:  0.0000
                Fact:  1.0000     PAR:802.0952   Ratio:400.0000       (S.Area)
[1]      met5:  Area:785.6640  S.Area:1.1823e+03  G.Area:  0.1260  D.Area:  1.5245
                Fact:  1.0000     PAR:9.3836e+03   Ratio:3.2098e+03       (S.Area)
_00247_ (2)
  _48921_  (sky130_fd_sc_hd__dfxtp_1) D
[1]      met2:  Area: 23.0271  S.Area:114.9645  G.Area:  0.1260  D.Area:  0.0000
                Fact:  1.0000     PAR:912.4167   Ratio:400.0000       (S.Area)
_00246_ (2)
  _48920_  (sky130_fd_sc_hd__dfxtp_1) D
[1]      met2:  Area: 67.6115  S.Area:337.8865  G.Area:  0.1260  D.Area:  0.0000
                Fact:  1.0000     PAR:2.6816e+03   Ratio:400.0000       (S.Area)
_00245_ (2)
  _48919_  (sky130_fd_sc_hd__dfxtp_1) D
[1]      met2:  Area: 43.1099  S.Area:215.2605  G.Area:  0.1260  D.Area:  0.0000
                Fact:  1.0000     PAR:1.7084e+03   Ratio:400.0000       (S.Area)
[1]      met3:  Area: 16.5178  S.Area: 89.0320  G.Area:  0.1260  D.Area:  0.0000
                Fact:  1.0000     PAR:706.6032   Ratio:400.0000       (S.Area)
_00244_ (2)
  _48918_  (sky130_fd_sc_hd__dfxtp_1) D
[1]      met3:  Area: 19.3750  S.Area:103.8000  G.Area:  0.1260  D.Area:  0.0000
                Fact:  1.0000     PAR:823.8095   Ratio:400.0000       (S.Area)
[1]      met4:  Area:143.8536  S.Area:768.1600  G.Area:  0.1260  D.Area:  1.5245
                Fact:  1.0000     PAR:6.0965e+03   Ratio:3.2098e+03       (S.Area)
_00243_ (2)
  _48917_  (sky130_fd_sc_hd__dfxtp_1) D
[1]      met2:  Area: 25.3427  S.Area:126.5425  G.Area:  0.1260  D.Area:  0.0000
                Fact:  1.0000     PAR:1.0043e+03   Ratio:400.0000       (S.Area)
[1]      met3:  Area: 18.6850  S.Area:100.1200  G.Area:  0.1260  D.Area:  0.0000
                Fact:  1.0000     PAR:794.6032   Ratio:400.0000       (S.Area)
_00241_ (2)
  _48915_  (sky130_fd_sc_hd__dfxtp_2) D
[1]      met3:  Area:105.1644  S.Area:562.2880  G.Area:  0.1260  D.Area:  1.5245
                Fact:  1.0000     PAR:4.4626e+03   Ratio:3.2098e+03       (S.Area)
_00240_ (2)
  _48842_  (sky130_fd_sc_hd__dfxtp_1) D
[1]      met3:  Area:200.0304  S.Area:1.0682e+03  G.Area:  0.1260  D.Area:  1.5245
                Fact:  1.0000     PAR:8.4781e+03   Ratio:3.2098e+03       (S.Area)
_00235_ (2)
  _48837_  (sky130_fd_sc_hd__dfxtp_1) D
[1]      met4:  Area: 94.2816  S.Area:503.7760  G.Area:  0.1260  D.Area:  1.5245
                Fact:  1.0000     PAR:3.9982e+03   Ratio:3.2098e+03       (S.Area)
_00232_ (2)
  _48890_  (sky130_fd_sc_hd__dfxtp_1) D
[1]      met4:  Area:159.7992  S.Area:854.1440  G.Area:  0.1260  D.Area:  1.5245
                Fact:  1.0000     PAR:6.7789e+03   Ratio:3.2098e+03       (S.Area)
_00229_ (2)
  _48887_  (sky130_fd_sc_hd__dfxtp_1) D
[1]      met4:  Area: 86.4108  S.Area:461.3280  G.Area:  0.1260  D.Area:  1.5245
                Fact:  1.0000     PAR:3.6613e+03   Ratio:3.2098e+03       (S.Area)
_00228_ (2)
  _48886_  (sky130_fd_sc_hd__dfxtp_1) D
[1]      met4:  Area:125.6976  S.Area:671.3280  G.Area:  0.1260  D.Area:  1.5245
                Fact:  1.0000     PAR:5.3280e+03   Ratio:3.2098e+03       (S.Area)
_00227_ (2)
  _48885_  (sky130_fd_sc_hd__dfxtp_1) D
[1]      met3:  Area: 12.7510  S.Area: 68.4720  G.Area:  0.1260  D.Area:  0.0000
                Fact:  1.0000     PAR:543.4286   Ratio:400.0000       (S.Area)
[1]      met4:  Area: 87.4308  S.Area:466.7680  G.Area:  0.1260  D.Area:  1.5245
                Fact:  1.0000     PAR:3.7045e+03   Ratio:3.2098e+03       (S.Area)
_00226_ (2)
  _48884_  (sky130_fd_sc_hd__dfxtp_1) D
[1]      met3:  Area: 55.1170  S.Area:294.4240  G.Area:  0.1260  D.Area:  0.0000
                Fact:  1.0000     PAR:2.3367e+03   Ratio:400.0000       (S.Area)
[1]      met5:  Area:434.8800  S.Area:656.1600  G.Area:  0.1260  D.Area:  1.5245
                Fact:  1.0000     PAR:5.2076e+03   Ratio:3.2098e+03       (S.Area)
_00225_ (2)
  _48883_  (sky130_fd_sc_hd__dfxtp_1) D
[1]      met5:  Area:737.0880  S.Area:1.1095e+03  G.Area:  0.1260  D.Area:  1.5245
                Fact:  1.0000     PAR:8.8053e+03   Ratio:3.2098e+03       (S.Area)
_00224_ (2)
  _48858_  (sky130_fd_sc_hd__dfxtp_1) D
[1]      met4:  Area:112.6588  S.Area:597.1920  G.Area:  0.1260  D.Area:  0.0000
                Fact:  1.0000     PAR:4.7396e+03   Ratio:400.0000       (S.Area)
[1]      met5:  Area:344.0640  S.Area:519.9360  G.Area:  0.1260  D.Area:  1.5245
                Fact:  1.0000     PAR:4.1265e+03   Ratio:3.2098e+03       (S.Area)
_00223_ (2)
  _48857_  (sky130_fd_sc_hd__dfxtp_1) D
[1]      met3:  Area:144.5796  S.Area:772.0320  G.Area:  0.1260  D.Area:  1.5245
                Fact:  1.0000     PAR:6.1272e+03   Ratio:3.2098e+03       (S.Area)
_00221_ (2)
  _48855_  (sky130_fd_sc_hd__dfxtp_1) D
[1]      met5:  Area:335.2320  S.Area:506.6880  G.Area:  0.1260  D.Area:  1.5245
                Fact:  1.0000     PAR:4.0213e+03   Ratio:3.2098e+03       (S.Area)
_00220_ (2)
  _48854_  (sky130_fd_sc_hd__dfxtp_1) D
[1]      met5:  Area:884.2880  S.Area:1.3303e+03  G.Area:  0.1260  D.Area:  1.5245
                Fact:  1.0000     PAR:1.0558e+04   Ratio:3.2098e+03       (S.Area)
_00219_ (2)
  _48853_  (sky130_fd_sc_hd__dfxtp_1) D
[1]      met3:  Area: 30.2770  S.Area:161.9440  G.Area:  0.1260  D.Area:  0.0000
                Fact:  1.0000     PAR:1.2853e+03   Ratio:400.0000       (S.Area)
_00218_ (2)
  _48852_  (sky130_fd_sc_hd__dfxtp_1) D
[1]      met3:  Area: 21.7150  S.Area:116.2800  G.Area:  0.1260  D.Area:  0.0000
                Fact:  1.0000     PAR:922.8571   Ratio:400.0000       (S.Area)
[1]      met4:  Area: 52.0708  S.Area:274.0560  G.Area:  0.1260  D.Area:  0.0000
                Fact:  1.0000     PAR:2.1750e+03   Ratio:400.0000       (S.Area)
[1]      met5:  Area:536.8960  S.Area:809.1840  G.Area:  0.1260  D.Area:  1.5245
                Fact:  1.0000     PAR:6.4221e+03   Ratio:3.2098e+03       (S.Area)
_00217_ (2)
  _48851_  (sky130_fd_sc_hd__dfxtp_2) D
[1]      met4:  Area: 79.0668  S.Area:422.1600  G.Area:  0.1260  D.Area:  1.5245
                Fact:  1.0000     PAR:3.3505e+03   Ratio:3.2098e+03       (S.Area)
_00216_ (2)
  _48946_  (sky130_fd_sc_hd__dfxtp_1) D
[1]      met2:  Area: 70.0587  S.Area:350.1225  G.Area:  0.1260  D.Area:  0.0000
                Fact:  1.0000     PAR:2.7788e+03   Ratio:400.0000       (S.Area)
[1]      met3:  Area:169.1688  S.Area:902.7040  G.Area:  0.1260  D.Area:  1.7210
                Fact:  1.0000     PAR:7.1643e+03   Ratio:3.2884e+03       (S.Area)
_00215_ (2)
  _48945_  (sky130_fd_sc_hd__dfxtp_1) D
[1]      met3:  Area:213.6048  S.Area:1.1397e+03  G.Area:  0.1260  D.Area:  1.5245
                Fact:  1.0000     PAR:9.0452e+03   Ratio:3.2098e+03       (S.Area)
_00214_ (2)
  _48944_  (sky130_fd_sc_hd__dfxtp_1) D
[1]      met3:  Area: 26.9650  S.Area:144.2800  G.Area:  0.1260  D.Area:  0.0000
                Fact:  1.0000     PAR:1.1451e+03   Ratio:400.0000       (S.Area)
[1]      met4:  Area:116.3988  S.Area:621.2640  G.Area:  0.1260  D.Area:  1.5245
                Fact:  1.0000     PAR:4.9307e+03   Ratio:3.2098e+03       (S.Area)
_00213_ (2)
  _48943_  (sky130_fd_sc_hd__dfxtp_1) D
[1]      met2:  Area: 23.6767  S.Area:118.2125  G.Area:  0.1260  D.Area:  0.0000
                Fact:  1.0000     PAR:938.1944   Ratio:400.0000       (S.Area)
[1]      met3:  Area: 62.0170  S.Area:331.2240  G.Area:  0.1260  D.Area:  0.0000
                Fact:  1.0000     PAR:2.6288e+03   Ratio:400.0000       (S.Area)
_00212_ (2)
  _48942_  (sky130_fd_sc_hd__dfxtp_2) D
[1]      met3:  Area: 15.5110  S.Area: 83.1920  G.Area:  0.1260  D.Area:  0.0000
                Fact:  1.0000     PAR:660.2540   Ratio:400.0000       (S.Area)
[1]      met4:  Area:122.4336  S.Area:653.9200  G.Area:  0.1260  D.Area:  1.5245
                Fact:  1.0000     PAR:5.1898e+03   Ratio:3.2098e+03       (S.Area)
_00210_ (2)
  _48940_  (sky130_fd_sc_hd__dfxtp_1) D
[1]      met3:  Area:109.6716  S.Area:585.8560  G.Area:  0.1260  D.Area:  1.5245
                Fact:  1.0000     PAR:4.6497e+03   Ratio:3.2098e+03       (S.Area)
_00209_ (2)
  _48939_  (sky130_fd_sc_hd__dfxtp_1) D
[1]      met3:  Area:222.3984  S.Area:1.1875e+03  G.Area:  0.1260  D.Area:  1.5245
                Fact:  1.0000     PAR:9.4249e+03   Ratio:3.2098e+03       (S.Area)
_00208_ (2)
  _48914_  (sky130_fd_sc_hd__dfxtp_1) D
[1]      met2:  Area: 27.8207  S.Area:138.9325  G.Area:  0.1260  D.Area:  0.0000
                Fact:  1.0000     PAR:1.1026e+03   Ratio:400.0000       (S.Area)
[1]      met3:  Area: 10.9570  S.Area: 58.9040  G.Area:  0.1260  D.Area:  0.0000
                Fact:  1.0000     PAR:467.4921   Ratio:400.0000       (S.Area)
_00207_ (2)
  _48913_  (sky130_fd_sc_hd__dfxtp_1) D
[1]      met3:  Area: 14.9590  S.Area: 80.2480  G.Area:  0.1260  D.Area:  0.0000
                Fact:  1.0000     PAR:636.8889   Ratio:400.0000       (S.Area)
[1]      met4:  Area:194.8536  S.Area:1.0402e+03  G.Area:  0.1260  D.Area:  1.5245
                Fact:  1.0000     PAR:8.2552e+03   Ratio:3.2098e+03       (S.Area)
_00206_ (2)
  _48912_  (sky130_fd_sc_hd__dfxtp_1) D
[1]      met3:  Area: 23.6530  S.Area:126.6160  G.Area:  0.1260  D.Area:  0.0000
                Fact:  1.0000     PAR:1.0049e+03   Ratio:400.0000       (S.Area)
_00201_ (2)
  _48907_  (sky130_fd_sc_hd__dfxtp_1) D
[1]      met3:  Area: 56.2870  S.Area:300.6640  G.Area:  0.1260  D.Area:  0.0000
                Fact:  1.0000     PAR:2.3862e+03   Ratio:400.0000       (S.Area)
_00199_ (2)
  _48881_  (sky130_fd_sc_hd__dfxtp_1) D
[1]      met4:  Area:138.8388  S.Area:740.9440  G.Area:  0.1260  D.Area:  1.5245
                Fact:  1.0000     PAR:5.8805e+03   Ratio:3.2098e+03       (S.Area)
_00198_ (2)
  _48880_  (sky130_fd_sc_hd__dfxtp_1) D
[1]      met2:  Area: 10.9059  S.Area: 54.3585  G.Area:  0.1260  D.Area:  0.0000
                Fact:  1.0000     PAR:431.4167   Ratio:400.0000       (S.Area)
[1]      met3:  Area: 39.2878  S.Area:210.4720  G.Area:  0.1260  D.Area:  0.0000
                Fact:  1.0000     PAR:1.6704e+03   Ratio:400.0000       (S.Area)
_00197_ (2)
  _48879_  (sky130_fd_sc_hd__dfxtp_1) D
[1]      met2:  Area: 70.5683  S.Area:352.6705  G.Area:  0.1260  D.Area:  0.0000
                Fact:  1.0000     PAR:2.7990e+03   Ratio:400.0000       (S.Area)
[1]      met3:  Area: 31.3810  S.Area:167.8320  G.Area:  0.1260  D.Area:  0.0000
                Fact:  1.0000     PAR:1.3320e+03   Ratio:400.0000       (S.Area)
[1]      met4:  Area: 20.8588  S.Area:107.5920  G.Area:  0.1260  D.Area:  0.0000
                Fact:  1.0000     PAR:853.9048   Ratio:400.0000       (S.Area)
[1]      met5:  Area:304.3200  S.Area:460.3200  G.Area:  0.1260  D.Area:  1.5245
                Fact:  1.0000     PAR:3.6533e+03   Ratio:3.2098e+03       (S.Area)
_00196_ (2)
  _48878_  (sky130_fd_sc_hd__dfxtp_1) D
[1]      met4:  Area:115.7016  S.Area:618.0160  G.Area:  0.1260  D.Area:  1.5245
                Fact:  1.0000     PAR:4.9049e+03   Ratio:3.2098e+03       (S.Area)
_00195_ (2)
  _48877_  (sky130_fd_sc_hd__dfxtp_1) D
[1]      met3:  Area:156.6648  S.Area:836.0160  G.Area:  0.1260  D.Area:  1.5245
                Fact:  1.0000     PAR:6.6350e+03   Ratio:3.2098e+03       (S.Area)
_00193_ (2)
  _48875_  (sky130_fd_sc_hd__dfxtp_1) D
[1]      met3:  Area: 82.1508  S.Area:438.6080  G.Area:  0.1260  D.Area:  1.5245
                Fact:  1.0000     PAR:3.4810e+03   Ratio:3.2098e+03       (S.Area)
_00191_ (2)
  _48849_  (sky130_fd_sc_hd__dfxtp_2) D
[1]      met2:  Area: 22.2655  S.Area:111.1565  G.Area:  0.1260  D.Area:  0.0000
                Fact:  1.0000     PAR:882.1944   Ratio:400.0000       (S.Area)
_00189_ (2)
  _48847_  (sky130_fd_sc_hd__dfxtp_1) D
[1]      met2:  Area: 39.2363  S.Area:195.8565  G.Area:  0.1260  D.Area:  0.0000
                Fact:  1.0000     PAR:1.5544e+03   Ratio:400.0000       (S.Area)
_00188_ (2)
  _48846_  (sky130_fd_sc_hd__dfxtp_1) D
[1]      met2:  Area: 32.2447  S.Area:161.0525  G.Area:  0.1260  D.Area:  0.0000
                Fact:  1.0000     PAR:1.2782e+03   Ratio:400.0000       (S.Area)
_00187_ (2)
  _48845_  (sky130_fd_sc_hd__dfxtp_1) D
[1]      met3:  Area: 21.7210  S.Area:116.3120  G.Area:  0.1260  D.Area:  0.0000
                Fact:  1.0000     PAR:923.1111   Ratio:400.0000       (S.Area)
[1]      met4:  Area:116.6028  S.Area:622.3520  G.Area:  0.1260  D.Area:  1.5245
                Fact:  1.0000     PAR:4.9393e+03   Ratio:3.2098e+03       (S.Area)
_00186_ (2)
  _48844_  (sky130_fd_sc_hd__dfxtp_1) D
[1]      met3:  Area: 38.7610  S.Area:207.1920  G.Area:  0.1260  D.Area:  0.0000
                Fact:  1.0000     PAR:1.6444e+03   Ratio:400.0000       (S.Area)
_00184_ (2)
  _48938_  (sky130_fd_sc_hd__dfxtp_1) D
[1]      met4:  Area:123.1644  S.Area:658.2880  G.Area:  0.1260  D.Area:  1.5245
                Fact:  1.0000     PAR:5.2245e+03   Ratio:3.2098e+03       (S.Area)
_00182_ (2)
  _48936_  (sky130_fd_sc_hd__dfxtp_1) D
[1]      met3:  Area: 80.3710  S.Area:429.1120  G.Area:  0.1260  D.Area:  0.0000
                Fact:  1.0000     PAR:3.4057e+03   Ratio:400.0000       (S.Area)
_00180_ (2)
  _48934_  (sky130_fd_sc_hd__dfxtp_1) D
[1]      met4:  Area: 83.2656  S.Area:445.0240  G.Area:  0.1260  D.Area:  1.5245
                Fact:  1.0000     PAR:3.5319e+03   Ratio:3.2098e+03       (S.Area)
_00178_ (2)
  _48932_  (sky130_fd_sc_hd__dfxtp_1) D
[1]      met3:  Area: 88.8528  S.Area:474.3520  G.Area:  0.1260  D.Area:  1.5245
                Fact:  1.0000     PAR:3.7647e+03   Ratio:3.2098e+03       (S.Area)
_00177_ (2)
  _48931_  (sky130_fd_sc_hd__dfxtp_1) D
[1]      met2:  Area: 38.4215  S.Area:191.9365  G.Area:  0.1260  D.Area:  0.0000
                Fact:  1.0000     PAR:1.5233e+03   Ratio:400.0000       (S.Area)
_00176_ (2)
  _48906_  (sky130_fd_sc_hd__dfxtp_1) D
[1]      met2:  Area: 37.4331  S.Area:186.9945  G.Area:  0.1260  D.Area:  0.0000
                Fact:  1.0000     PAR:1.4841e+03   Ratio:400.0000       (S.Area)
_00174_ (2)
  _48904_  (sky130_fd_sc_hd__dfxtp_1) D
[1]      met3:  Area: 50.4250  S.Area:269.4000  G.Area:  0.1260  D.Area:  0.0000
                Fact:  1.0000     PAR:2.1381e+03   Ratio:400.0000       (S.Area)
[1]      met4:  Area:197.5056  S.Area:1.0543e+03  G.Area:  0.1260  D.Area:  1.5245
                Fact:  1.0000     PAR:8.3675e+03   Ratio:3.2098e+03       (S.Area)
_00173_ (2)
  _48903_  (sky130_fd_sc_hd__dfxtp_1) D
[1]      met4:  Area: 95.5908  S.Area:510.2880  G.Area:  0.1260  D.Area:  1.5245
                Fact:  1.0000     PAR:4.0499e+03   Ratio:3.2098e+03       (S.Area)
_00172_ (2)
  _48902_  (sky130_fd_sc_hd__dfxtp_1) D
[1]      met2:  Area: 39.8775  S.Area:199.2165  G.Area:  0.1260  D.Area:  0.0000
                Fact:  1.0000     PAR:1.5811e+03   Ratio:400.0000       (S.Area)
_00171_ (2)
  _48901_  (sky130_fd_sc_hd__dfxtp_1) D
[1]      met5:  Area:357.3120  S.Area:539.8080  G.Area:  0.1260  D.Area:  1.5245
                Fact:  1.0000     PAR:4.2842e+03   Ratio:3.2098e+03       (S.Area)
_00170_ (2)
  _48900_  (sky130_fd_sc_hd__dfxtp_1) D
[1]      met4:  Area:184.4496  S.Area:984.6720  G.Area:  0.1260  D.Area:  1.5245
                Fact:  1.0000     PAR:7.8149e+03   Ratio:3.2098e+03       (S.Area)
_00168_ (2)
  _48874_  (sky130_fd_sc_hd__dfxtp_1) D
[1]      met5:  Area:958.9760  S.Area:1.4461e+03  G.Area:  0.1260  D.Area:  1.5245
                Fact:  1.0000     PAR:1.1477e+04   Ratio:3.2098e+03       (S.Area)
_00167_ (2)
  _48873_  (sky130_fd_sc_hd__dfxtp_1) D
[1]      met3:  Area:205.6906  S.Area:1.0984e+03  G.Area:  0.1260  D.Area:  0.0000
                Fact:  1.0000     PAR:8.7177e+03   Ratio:400.0000       (S.Area)
_00166_ (2)
  _48872_  (sky130_fd_sc_hd__dfxtp_1) D
[1]      met2:  Area: 11.0151  S.Area: 54.9045  G.Area:  0.1260  D.Area:  0.0000
                Fact:  1.0000     PAR:435.7500   Ratio:400.0000       (S.Area)
_00165_ (2)
  _48871_  (sky130_fd_sc_hd__dfxtp_1) D
[1]      met2:  Area: 29.7747  S.Area:148.4665  G.Area:  0.1260  D.Area:  0.0000
                Fact:  1.0000     PAR:1.1783e+03   Ratio:400.0000       (S.Area)
_00164_ (2)
  _48870_  (sky130_fd_sc_hd__dfxtp_2) D
[1]      met1:  Area: 13.5836  S.Area: 67.8405  G.Area:  0.1260  D.Area:  0.0000
                Fact:  1.0000     PAR:538.4167   Ratio:400.0000       (S.Area)
_00162_ (2)
  _48868_  (sky130_fd_sc_hd__dfxtp_1) D
[1]      met3:  Area: 56.5353  S.Area:302.4400  G.Area:  0.1260  D.Area:  0.0000
                Fact:  1.0000     PAR:2.4003e+03   Ratio:400.0000       (S.Area)
_00161_ (2)
  _48867_  (sky130_fd_sc_hd__dfxtp_1) D
[1]      met3:  Area:113.2344  S.Area:605.3280  G.Area:  0.1260  D.Area:  1.5245
                Fact:  1.0000     PAR:4.8042e+03   Ratio:3.2098e+03       (S.Area)
_00160_ (2)
  _48962_  (sky130_fd_sc_hd__dfxtp_1) D
[1]      met2:  Area: 13.0619  S.Area: 65.1385  G.Area:  0.1260  D.Area:  0.0000
                Fact:  1.0000     PAR:516.9722   Ratio:400.0000       (S.Area)
[1]      met3:  Area:166.9608  S.Area:890.9280  G.Area:  0.1260  D.Area:  1.5245
                Fact:  1.0000     PAR:7.0709e+03   Ratio:3.2098e+03       (S.Area)
_00159_ (2)
  _48961_  (sky130_fd_sc_hd__dfxtp_1) D
[1]      met3:  Area:127.8228  S.Area:682.1920  G.Area:  0.1260  D.Area:  1.5245
                Fact:  1.0000     PAR:5.4142e+03   Ratio:3.2098e+03       (S.Area)
_00158_ (2)
  _48960_  (sky130_fd_sc_hd__dfxtp_1) D
[1]      met3:  Area:101.6868  S.Area:542.8000  G.Area:  0.1260  D.Area:  1.5245
                Fact:  1.0000     PAR:4.3079e+03   Ratio:3.2098e+03       (S.Area)
_00156_ (2)
  _48958_  (sky130_fd_sc_hd__dfxtp_1) D
[1]      met1:  Area: 10.5127  S.Area: 52.4860  G.Area:  0.1260  D.Area:  0.0000
                Fact:  1.0000     PAR:416.5556   Ratio:400.0000       (S.Area)
[1]      met2:  Area: 27.1991  S.Area:135.8245  G.Area:  0.1260  D.Area:  0.0000
                Fact:  1.0000     PAR:1.0780e+03   Ratio:400.0000       (S.Area)
_00154_ (2)
  _48956_  (sky130_fd_sc_hd__dfxtp_1) D
[1]      met3:  Area:145.8468  S.Area:778.3200  G.Area:  0.1260  D.Area:  1.5245
                Fact:  1.0000     PAR:6.1771e+03   Ratio:3.2098e+03       (S.Area)
_00151_ (2)
  _48929_  (sky130_fd_sc_hd__dfxtp_1) D
[1]      met2:  Area: 17.6579  S.Area: 88.0005  G.Area:  0.1260  D.Area:  0.0000
                Fact:  1.0000     PAR:698.4167   Ratio:400.0000       (S.Area)
_00149_ (2)
  _48927_  (sky130_fd_sc_hd__dfxtp_1) D
[1]      met1:  Area: 35.8275  S.Area:179.0600  G.Area:  0.1260  D.Area:  0.0000
                Fact:  1.0000     PAR:1.4211e+03   Ratio:400.0000       (S.Area)
_00148_ (2)
  _48926_  (sky130_fd_sc_hd__dfxtp_1) D
[1]      met2:  Area: 13.5379  S.Area: 67.5185  G.Area:  0.1260  D.Area:  0.0000
                Fact:  1.0000     PAR:535.8611   Ratio:400.0000       (S.Area)
_00147_ (2)
  _48925_  (sky130_fd_sc_hd__dfxtp_1) D
[1]      met4:  Area:219.6736  S.Area:1.1684e+03  G.Area:  0.1260  D.Area:  0.0000
                Fact:  1.0000     PAR:9.2731e+03   Ratio:400.0000       (S.Area)
_00146_ (2)
  _48924_  (sky130_fd_sc_hd__dfxtp_1) D
[1]      met3:  Area: 13.5070  S.Area: 72.5040  G.Area:  0.1260  D.Area:  0.0000
                Fact:  1.0000     PAR:575.4286   Ratio:400.0000       (S.Area)
[1]      met4:  Area: 83.9628  S.Area:448.2720  G.Area:  0.1260  D.Area:  1.5245
                Fact:  1.0000     PAR:3.5577e+03   Ratio:3.2098e+03       (S.Area)
_00145_ (2)
  _48923_  (sky130_fd_sc_hd__dfxtp_1) D
[1]      met5:  Area:728.2560  S.Area:1.0962e+03  G.Area:  0.1260  D.Area:  1.5245
                Fact:  1.0000     PAR:8.7002e+03   Ratio:3.2098e+03       (S.Area)
_00143_ (2)
  _48897_  (sky130_fd_sc_hd__dfxtp_1) D
[1]      met3:  Area:140.3748  S.Area:749.1360  G.Area:  0.1260  D.Area:  1.5245
                Fact:  1.0000     PAR:5.9455e+03   Ratio:3.2098e+03       (S.Area)
_00141_ (2)
  _48895_  (sky130_fd_sc_hd__dfxtp_1) D
[1]      met4:  Area: 86.4108  S.Area:461.3280  G.Area:  0.1260  D.Area:  1.5245
                Fact:  1.0000     PAR:3.6613e+03   Ratio:3.2098e+03       (S.Area)
_00140_ (2)
  _48894_  (sky130_fd_sc_hd__dfxtp_1) D
[1]      met2:  Area: 17.6371  S.Area: 88.0145  G.Area:  0.1260  D.Area:  0.0000
                Fact:  1.0000     PAR:698.5278   Ratio:400.0000       (S.Area)
[1]      met3:  Area: 85.3666  S.Area:456.6960  G.Area:  0.1260  D.Area:  0.0000
                Fact:  1.0000     PAR:3.6246e+03   Ratio:400.0000       (S.Area)
_00139_ (2)
  _48893_  (sky130_fd_sc_hd__dfxtp_1) D
[1]      met3:  Area: 74.8510  S.Area:399.6720  G.Area:  0.1260  D.Area:  0.0000
                Fact:  1.0000     PAR:3.1720e+03   Ratio:400.0000       (S.Area)
_00138_ (2)
  _48892_  (sky130_fd_sc_hd__dfxtp_1) D
[1]      met3:  Area:125.2848  S.Area:668.6560  G.Area:  0.1260  D.Area:  1.5245
                Fact:  1.0000     PAR:5.3068e+03   Ratio:3.2098e+03       (S.Area)
_00136_ (2)
  _48866_  (sky130_fd_sc_hd__dfxtp_1) D
[1]      met2:  Area: 45.7183  S.Area:228.4205  G.Area:  0.1260  D.Area:  0.0000
                Fact:  1.0000     PAR:1.8129e+03   Ratio:400.0000       (S.Area)
[1]      met3:  Area:132.0276  S.Area:705.0880  G.Area:  0.1260  D.Area:  1.5245
                Fact:  1.0000     PAR:5.5959e+03   Ratio:3.2098e+03       (S.Area)
_00133_ (2)
  _48863_  (sky130_fd_sc_hd__dfxtp_1) D
[1]      met3:  Area: 42.9730  S.Area:229.6560  G.Area:  0.1260  D.Area:  0.0000
                Fact:  1.0000     PAR:1.8227e+03   Ratio:400.0000       (S.Area)
[1]      met4:  Area:215.1684  S.Area:1.1490e+03  G.Area:  0.1260  D.Area:  1.5245
                Fact:  1.0000     PAR:9.1189e+03   Ratio:3.2098e+03       (S.Area)
_00132_ (2)
  _48862_  (sky130_fd_sc_hd__dfxtp_1) D
[1]      met2:  Area: 13.1835  S.Area: 65.6285  G.Area:  0.1260  D.Area:  0.0000
                Fact:  1.0000     PAR:520.8611   Ratio:400.0000       (S.Area)
_00131_ (2)
  _48861_  (sky130_fd_sc_hd__dfxtp_1) D
[1]      met1:  Area: 17.1151  S.Area: 85.4980  G.Area:  0.1260  D.Area:  0.0000
                Fact:  1.0000     PAR:678.5556   Ratio:400.0000       (S.Area)
[1]      met2:  Area: 26.4375  S.Area:132.0165  G.Area:  0.1260  D.Area:  0.0000
                Fact:  1.0000     PAR:1.0478e+03   Ratio:400.0000       (S.Area)
[1]      met3:  Area:127.4676  S.Area:680.7680  G.Area:  0.1260  D.Area:  1.5245
                Fact:  1.0000     PAR:5.4029e+03   Ratio:3.2098e+03       (S.Area)
_00130_ (2)
  _48860_  (sky130_fd_sc_hd__dfxtp_1) D
[1]      met3:  Area: 15.0970  S.Area: 80.9840  G.Area:  0.1260  D.Area:  0.0000
                Fact:  1.0000     PAR:642.7302   Ratio:400.0000       (S.Area)
[1]      met4:  Area:182.3244  S.Area:973.8080  G.Area:  0.1260  D.Area:  1.5245
                Fact:  1.0000     PAR:7.7286e+03   Ratio:3.2098e+03       (S.Area)
_00123_ (2)
  _49085_  (sky130_fd_sc_hd__dfxtp_4) D
[1]      met3:  Area: 14.6830  S.Area: 78.7760  G.Area:  0.1260  D.Area:  0.0000
                Fact:  1.0000     PAR:625.2063   Ratio:400.0000       (S.Area)
[1]      met4:  Area: 84.4896  S.Area:451.5520  G.Area:  0.1260  D.Area:  1.4310
                Fact:  1.0000     PAR:3.5837e+03   Ratio:3.1724e+03       (S.Area)
_00122_ (2)
  _49084_  (sky130_fd_sc_hd__dfxtp_4) D
[1]      met4:  Area: 83.2656  S.Area:445.0240  G.Area:  0.1260  D.Area:  1.4310
                Fact:  1.0000     PAR:3.5319e+03   Ratio:3.1724e+03       (S.Area)
_00121_ (2)
  _49083_  (sky130_fd_sc_hd__dfxtp_4) D
[1]      met4:  Area: 31.7428  S.Area:165.6400  G.Area:  0.1260  D.Area:  0.0000
                Fact:  1.0000     PAR:1.3146e+03   Ratio:400.0000       (S.Area)
_00116_ (2)
  _49054_  (sky130_fd_sc_hd__dfxtp_4) D
[1]      met3:  Area: 32.8270  S.Area:175.5440  G.Area:  0.1260  D.Area:  0.0000
                Fact:  1.0000     PAR:1.3932e+03   Ratio:400.0000       (S.Area)
_00091_ (2)
  _49077_  (sky130_fd_sc_hd__dfxtp_4) D
[1]      met3:  Area: 22.2730  S.Area:119.2560  G.Area:  0.1260  D.Area:  0.0000
                Fact:  1.0000     PAR:946.4762   Ratio:400.0000       (S.Area)
_00088_ (2)
  _49050_  (sky130_fd_sc_hd__dfxtp_4) D
[1]      met2:  Area: 27.4495  S.Area:136.9585  G.Area:  0.1260  D.Area:  0.0000
                Fact:  1.0000     PAR:1.0870e+03   Ratio:400.0000       (S.Area)
_00087_ (2)
  _49049_  (sky130_fd_sc_hd__dfxtp_4) D
[1]      met2:  Area: 18.0291  S.Area: 89.9745  G.Area:  0.1260  D.Area:  0.0000
                Fact:  1.0000     PAR:714.0833   Ratio:400.0000       (S.Area)
[1]      met3:  Area: 17.7190  S.Area: 94.9680  G.Area:  0.1260  D.Area:  0.0000
                Fact:  1.0000     PAR:753.7143   Ratio:400.0000       (S.Area)
_00085_ (2)
  _49047_  (sky130_fd_sc_hd__dfxtp_4) D
[1]      met2:  Area: 30.5787  S.Area:152.7225  G.Area:  0.1260  D.Area:  0.0000
                Fact:  1.0000     PAR:1.2121e+03   Ratio:400.0000       (S.Area)
_00083_ (2)
  _49045_  (sky130_fd_sc_hd__dfxtp_4) D
[1]      met4:  Area: 87.0228  S.Area:464.5920  G.Area:  0.1260  D.Area:  1.4310
                Fact:  1.0000     PAR:3.6872e+03   Ratio:3.1724e+03       (S.Area)
_00082_ (2)
  _49044_  (sky130_fd_sc_hd__dfxtp_4) D
[1]      met2:  Area: 43.8811  S.Area:218.9985  G.Area:  0.1260  D.Area:  0.0000
                Fact:  1.0000     PAR:1.7381e+03   Ratio:400.0000       (S.Area)
_00080_ (2)
  _49018_  (sky130_fd_sc_hd__dfxtp_4) D
[1]      met3:  Area: 15.6490  S.Area: 83.9280  G.Area:  0.1260  D.Area:  0.0000
                Fact:  1.0000     PAR:666.0952   Ratio:400.0000       (S.Area)
_00079_ (2)
  _49017_  (sky130_fd_sc_hd__dfxtp_4) D
[1]      met3:  Area: 19.9078  S.Area:107.1120  G.Area:  0.1260  D.Area:  0.0000
                Fact:  1.0000     PAR:850.0952   Ratio:400.0000       (S.Area)
_00076_ (2)
  _49014_  (sky130_fd_sc_hd__dfxtp_4) D
[1]      met2:  Area: 17.3795  S.Area: 86.7265  G.Area:  0.1260  D.Area:  0.0000
                Fact:  1.0000     PAR:688.3056   Ratio:400.0000       (S.Area)
_00072_ (2)
  _48986_  (sky130_fd_sc_hd__dfxtp_4) D
[1]      met3:  Area: 43.0078  S.Area:230.3120  G.Area:  0.1260  D.Area:  0.0000
                Fact:  1.0000     PAR:1.8279e+03   Ratio:400.0000       (S.Area)
_00070_ (2)
  _48984_  (sky130_fd_sc_hd__dfxtp_4) D
[1]      met5:  Area:383.8080  S.Area:579.5520  G.Area:  0.1260  D.Area:  1.4310
                Fact:  1.0000     PAR:4.5996e+03   Ratio:3.1724e+03       (S.Area)
_00066_ (2)
  _48980_  (sky130_fd_sc_hd__dfxtp_4) D
[1]      met4:  Area: 77.3496  S.Area:413.4720  G.Area:  0.1260  D.Area:  1.4310
                Fact:  1.0000     PAR:3.2815e+03   Ratio:3.1724e+03       (S.Area)
_00064_ (2)
  _49074_  (sky130_fd_sc_hd__dfxtp_4) D
[1]      met3:  Area: 14.8210  S.Area: 79.5120  G.Area:  0.1260  D.Area:  0.0000
                Fact:  1.0000     PAR:631.0476   Ratio:400.0000       (S.Area)
_00056_ (2)
  _49042_  (sky130_fd_sc_hd__dfxtp_4) D
[1]      met3:  Area: 77.3796  S.Area:413.6320  G.Area:  0.1260  D.Area:  1.4310
                Fact:  1.0000     PAR:3.2828e+03   Ratio:3.1724e+03       (S.Area)
_00050_ (2)
  _49036_  (sky130_fd_sc_hd__dfxtp_4) D
[1]      met3:  Area: 98.9268  S.Area:528.0800  G.Area:  0.1260  D.Area:  2.8620
                Fact:  1.0000     PAR:4.1911e+03   Ratio:3.7448e+03       (S.Area)
_00047_ (2)
  _49009_  (sky130_fd_sc_hd__dfxtp_4) D
[1]      met3:  Area: 10.5430  S.Area: 56.6960  G.Area:  0.1260  D.Area:  0.0000
                Fact:  1.0000     PAR:449.9683   Ratio:400.0000       (S.Area)
[1]      met4:  Area:126.1056  S.Area:673.5040  G.Area:  0.1260  D.Area:  2.8620
                Fact:  1.0000     PAR:5.3453e+03   Ratio:3.7448e+03       (S.Area)
_00044_ (2)
  _49006_  (sky130_fd_sc_hd__dfxtp_4) D
[1]      met3:  Area: 14.6830  S.Area: 78.7760  G.Area:  0.1260  D.Area:  0.0000
                Fact:  1.0000     PAR:625.2063   Ratio:400.0000       (S.Area)
[1]      met4:  Area: 83.3508  S.Area:445.0080  G.Area:  0.1260  D.Area:  1.4310
                Fact:  1.0000     PAR:3.5318e+03   Ratio:3.1724e+03       (S.Area)
_00043_ (2)
  _49005_  (sky130_fd_sc_hd__dfxtp_4) D
[1]      met4:  Area: 77.8428  S.Area:415.6320  G.Area:  0.1260  D.Area:  1.4310
                Fact:  1.0000     PAR:3.2987e+03   Ratio:3.1724e+03       (S.Area)
_00041_ (2)
  _49003_  (sky130_fd_sc_hd__dfxtp_4) D
[1]      met2:  Area: 25.8355  S.Area:129.0065  G.Area:  0.1260  D.Area:  0.0000
                Fact:  1.0000     PAR:1.0239e+03   Ratio:400.0000       (S.Area)
_00036_ (2)
  _48974_  (sky130_fd_sc_hd__dfxtp_4) D
[1]      met2:  Area: 13.6147  S.Area: 67.7845  G.Area:  0.1260  D.Area:  0.0000
                Fact:  1.0000     PAR:537.9722   Ratio:400.0000       (S.Area)
_00035_ (2)
  _48973_  (sky130_fd_sc_hd__dfxtp_4) D
[1]      met2:  Area: 11.2139  S.Area: 55.8985  G.Area:  0.1260  D.Area:  0.0000
                Fact:  1.0000     PAR:443.6389   Ratio:400.0000       (S.Area)
_00032_ (2)
  _49066_  (sky130_fd_sc_hd__dfxtp_4) D
[1]      met3:  Area: 81.3108  S.Area:434.1280  G.Area:  0.1260  D.Area:  1.4310
                Fact:  1.0000     PAR:3.4455e+03   Ratio:3.1724e+03       (S.Area)
_00031_ (2)
  _49065_  (sky130_fd_sc_hd__dfxtp_4) D
[1]      met3:  Area: 49.2490  S.Area:263.1280  G.Area:  0.1260  D.Area:  0.0000
                Fact:  1.0000     PAR:2.0883e+03   Ratio:400.0000       (S.Area)
_00030_ (2)
  _49064_  (sky130_fd_sc_hd__dfxtp_4) D
[1]      met1:  Area: 21.5020  S.Area:107.4325  G.Area:  0.1260  D.Area:  0.0000
                Fact:  1.0000     PAR:852.6389   Ratio:400.0000       (S.Area)
_00007_ (2)
  _48969_  (sky130_fd_sc_hd__dfxtp_4) D
[1]      met2:  Area: 23.4387  S.Area:117.0225  G.Area:  0.1260  D.Area:  0.0000
                Fact:  1.0000     PAR:928.7500   Ratio:400.0000       (S.Area)

Total number of process antenna violations: 308
   Number of pins violated: 262
   Number of nets violated: 248
