###############################################################
#  Generated by:      Cadence Innovus 21.11-s130_1
#  OS:                Linux x86_64(Host ID redondo-asia-tpe-desktop-pawanekar-0)
#  Generated on:      Fri Nov  3 03:57:25 2023
#  Design:            aes_cipher_top
#  Command:           verifyConnectivity -type all -connLoop -append -dividePowerNet -rawViolsMark -useNewOpenVio -removeOldOpenVio -useVirtualConnection -error 1000000 -warning 50000
###############################################################
Verify Connectivity Report is created on Fri Nov  3 03:57:25 2023



Net VSS: dangling Wire at (200.090, 315.085) (200.090, 315.085) on layer: metal4
Net VSS: dangling Wire at (256.090, 315.085) (256.090, 315.085) on layer: metal4
Net VSS: dangling Wire at (312.090, 315.085) (312.090, 315.085) on layer: metal4
Net VSS: dangling Wire at (2.090, 224.715) (2.090, 224.715) on layer: metal7
Net VSS: dangling Wire at (315.400, 224.715) (315.400, 224.715) on layer: metal7
Net VSS: dangling Wire at (2.090, 184.715) (2.090, 184.715) on layer: metal7
Net VSS: dangling Wire at (315.400, 184.715) (315.400, 184.715) on layer: metal7
Net VSS: dangling Wire at (2.090, 264.715) (2.090, 264.715) on layer: metal7
Net VSS: dangling Wire at (315.400, 264.715) (315.400, 264.715) on layer: metal7
Net VSS: dangling Wire at (2.090, 304.715) (2.090, 304.715) on layer: metal7
Net VSS: dangling Wire at (315.400, 304.715) (315.400, 304.715) on layer: metal7
Net VSS: dangling Wire at (32.090, 315.085) (32.090, 315.085) on layer: metal4
Net VSS: dangling Wire at (88.090, 315.085) (88.090, 315.085) on layer: metal4
Net VSS: dangling Wire at (144.090, 315.085) (144.090, 315.085) on layer: metal4
Net VSS: dangling Wire at (2.090, 64.715) (2.090, 64.715) on layer: metal7
Net VSS: dangling Wire at (315.400, 64.715) (315.400, 64.715) on layer: metal7
Net VSS: dangling Wire at (2.090, 24.715) (2.090, 24.715) on layer: metal7
Net VSS: dangling Wire at (315.400, 24.715) (315.400, 24.715) on layer: metal7
Net VSS: dangling Wire at (2.090, 104.715) (2.090, 104.715) on layer: metal7
Net VSS: dangling Wire at (315.400, 104.715) (315.400, 104.715) on layer: metal7
Net VSS: dangling Wire at (2.090, 144.715) (2.090, 144.715) on layer: metal7
Net VSS: dangling Wire at (315.400, 144.715) (315.400, 144.715) on layer: metal7
Net VDD: dangling Wire at (172.090, 2.715) (172.090, 2.715) on layer: metal4
Net VDD: dangling Wire at (228.090, 2.715) (228.090, 2.715) on layer: metal4
Net VDD: dangling Wire at (284.090, 2.715) (284.090, 2.715) on layer: metal4
Net VDD: dangling Wire at (2.090, 204.715) (2.090, 204.715) on layer: metal7
Net VDD: dangling Wire at (315.400, 204.715) (315.400, 204.715) on layer: metal7
Net VDD: dangling Wire at (2.090, 164.715) (2.090, 164.715) on layer: metal7
Net VDD: dangling Wire at (315.400, 164.715) (315.400, 164.715) on layer: metal7
Net VDD: dangling Wire at (2.090, 244.715) (2.090, 244.715) on layer: metal7
Net VDD: dangling Wire at (315.400, 244.715) (315.400, 244.715) on layer: metal7
Net VDD: dangling Wire at (2.090, 284.715) (2.090, 284.715) on layer: metal7
Net VDD: dangling Wire at (315.400, 284.715) (315.400, 284.715) on layer: metal7
Net VDD: dangling Wire at (4.090, 2.715) (4.090, 2.715) on layer: metal4
Net VDD: dangling Wire at (60.090, 2.715) (60.090, 2.715) on layer: metal4
Net VDD: dangling Wire at (116.090, 2.715) (116.090, 2.715) on layer: metal4
Net VDD: dangling Wire at (2.090, 44.715) (2.090, 44.715) on layer: metal7
Net VDD: dangling Wire at (315.400, 44.715) (315.400, 44.715) on layer: metal7
Net VDD: dangling Wire at (2.090, 4.715) (2.090, 4.715) on layer: metal7
Net VDD: dangling Wire at (315.400, 4.715) (315.400, 4.715) on layer: metal7
Net VDD: dangling Wire at (2.090, 84.715) (2.090, 84.715) on layer: metal7
Net VDD: dangling Wire at (315.400, 84.715) (315.400, 84.715) on layer: metal7
Net VDD: dangling Wire at (2.090, 124.715) (2.090, 124.715) on layer: metal7
Net VDD: dangling Wire at (315.400, 124.715) (315.400, 124.715) on layer: metal7

Begin Summary
    44 Problem(s) (IMPVFC-94): The net has dangling wire(s).
    44 total info(s) created.
End Summary
