###############################################################
#  Generated by:      Cadence Innovus 21.11-s130_1
#  OS:                Linux x86_64(Host ID redondo-asia-tpe-desktop-pawanekar-0)
#  Generated on:      Fri Nov  3 03:27:51 2023
#  Design:            aes_cipher_top
#  Command:           verifyProcessAntenna -report aes_cipher_top_3.sky130hs.antenna.rpt -error 1000000
###############################################################
clk (2)
  clkbuf_0_clk  (sky130_fd_sc_hs__buf_1) A
[1]      met3:  Area: 16.7560  S.Area: 89.8320  G.Area:  0.2080  D.Area:  0.0000
                Fact:  1.0000     PAR:431.8846   Ratio:400.0000       (S.Area)
[1]      met4:  Area: 18.4876  S.Area: 95.4160  G.Area:  0.2080  D.Area:  0.0000
                Fact:  1.0000     PAR:458.7308   Ratio:400.0000       (S.Area)
[1]      met5:  Area:166.9120  S.Area:254.2080  G.Area:  0.2080  D.Area:  0.0000
                Fact:  1.0000     PAR:1.2222e+03   Ratio:400.0000       (S.Area)
us21.a[3] (12)
  rebuffer382  (sky130_fd_sc_hs__dlygate4sd2_1) A
[1]      met1:  Area: 11.6291  S.Area: 57.9600  G.Area:  0.1260  D.Area:  0.0000
                Fact:  1.0000     PAR:460.0000   Ratio:400.0000       (S.Area)
us01.a[0] (13)
  rebuffer632  (sky130_fd_sc_hs__dlygate4sd2_1) A
[1]      met1:  Area: 13.9499  S.Area: 69.4190  G.Area:  0.1260  D.Area:  0.0000
                Fact:  1.0000     PAR:550.9444   Ratio:400.0000       (S.Area)
u0.w[2][24] (4)
  _34667_  (sky130_fd_sc_hs__inv_1) A
[1]      met1:  Area: 29.7521  S.Area:148.5750  G.Area:  0.2790  D.Area:  0.0000
                Fact:  1.0000     PAR:532.5269   Ratio:400.0000       (S.Area)
text_in_r[94] (3)
  _39401_  (sky130_fd_sc_hs__nand2_1) B
[1]      met3:  Area: 32.5960  S.Area:174.3120  G.Area:  0.2790  D.Area:  0.0000
                Fact:  1.0000     PAR:624.7742   Ratio:400.0000       (S.Area)
text_in_r[66] (3)
  _37130_  (sky130_fd_sc_hs__nand2_1) B
[1]      met3:  Area: 36.1960  S.Area:193.5120  G.Area:  0.2790  D.Area:  0.0000
                Fact:  1.0000     PAR:693.5914   Ratio:400.0000       (S.Area)
text_in_r[55] (3)
  _34653_  (sky130_fd_sc_hs__nand2_1) B
[1]      met3:  Area: 93.9400  S.Area:501.4800  G.Area:  0.2790  D.Area:  0.0000
                Fact:  1.0000     PAR:1.7974e+03   Ratio:400.0000       (S.Area)
net84 (2)
  _22862_  (sky130_fd_sc_hs__nor2_1) A
[1]      met2:  Area: 23.7458  S.Area:118.4400  G.Area:  0.2790  D.Area:  0.0000
                Fact:  1.0000     PAR:424.5161   Ratio:400.0000       (S.Area)
net558 (6)
  rebuffer146  (sky130_fd_sc_hs__dlymetal6s2s_1) A
[1]      met1:  Area: 12.6237  S.Area: 62.8250  G.Area:  0.1260  D.Area:  0.0000
                Fact:  1.0000     PAR:498.6111   Ratio:400.0000       (S.Area)
net25 (2)
  _25694_  (sky130_fd_sc_hs__o2bb2ai_1) A2_N
[1]      met5:  Area:521.7280  S.Area:786.4320  G.Area:  0.2220  D.Area:  0.9240
                Fact:  1.0000     PAR:3.5425e+03   Ratio:2.9696e+03       (S.Area)
net196 (2)
  _44161_  (sky130_fd_sc_hs__mux2_1) A1
[1]      met4:  Area: 42.3448  S.Area:222.1840  G.Area:  0.2610  D.Area:  0.0000
                Fact:  1.0000     PAR:851.2797   Ratio:400.0000       (S.Area)
net1397 (8)
  rebuffer493  (sky130_fd_sc_hs__dlymetal6s4s_1) A
[1]      met3:  Area: 29.1767  S.Area:157.0080  G.Area:  0.3780  D.Area:  0.0000
                Fact:  1.0000     PAR:415.3651   Ratio:400.0000       (S.Area)
  rebuffer492  (sky130_fd_sc_hs__dlygate4sd2_1) A
[1]      met3:  Area: 29.1767  S.Area:157.0080  G.Area:  0.3780  D.Area:  0.0000
                Fact:  1.0000     PAR:415.3651   Ratio:400.0000       (S.Area)
  rebuffer491  (sky130_fd_sc_hs__dlygate4sd2_1) A
[1]      met3:  Area: 29.1767  S.Area:157.0080  G.Area:  0.3780  D.Area:  0.0000
                Fact:  1.0000     PAR:415.3651   Ratio:400.0000       (S.Area)
clknet_3_3_0_clk (12)
  clkbuf_opt_6_0_clk  (sky130_fd_sc_hs__buf_1) A
[1]      met3:  Area: 38.9419  S.Area:208.1520  G.Area:  0.4160  D.Area:  0.0000
                Fact:  1.0000     PAR:500.3654   Ratio:400.0000       (S.Area)
  clkbuf_leaf_67_clk  (sky130_fd_sc_hs__buf_1) A
[1]      met3:  Area: 38.9419  S.Area:208.1520  G.Area:  0.4160  D.Area:  0.0000
                Fact:  1.0000     PAR:500.3654   Ratio:400.0000       (S.Area)
clknet_2_3_1_clk (3)
  clkbuf_3_7_0_clk  (sky130_fd_sc_hs__buf_1) A
[1]      met3:  Area: 19.2040  S.Area:102.8880  G.Area:  0.2080  D.Area:  0.0000
                Fact:  1.0000     PAR:494.6538   Ratio:400.0000       (S.Area)
_21045_ (3)
  _29841_  (sky130_fd_sc_hs__nand3_1) A
[1]      met3:  Area: 43.2520  S.Area:231.1440  G.Area:  0.5580  D.Area:  0.0000
                Fact:  1.0000     PAR:414.2366   Ratio:400.0000       (S.Area)
  _29839_  (sky130_fd_sc_hs__nand2_1) A
[1]      met3:  Area: 43.2520  S.Area:231.1440  G.Area:  0.5580  D.Area:  0.0000
                Fact:  1.0000     PAR:414.2366   Ratio:400.0000       (S.Area)
_18034_ (11)
  _27723_  (sky130_fd_sc_hs__nand2_1) A
[1]      met3:  Area: 21.4828  S.Area:115.5120  G.Area:  0.2790  D.Area:  0.0000
                Fact:  1.0000     PAR:414.0215   Ratio:400.0000       (S.Area)
_16926_ (2)
  _25704_  (sky130_fd_sc_hs__nand2_1) B
[1]      met3:  Area: 33.7480  S.Area:180.4560  G.Area:  0.2790  D.Area:  0.0000
                Fact:  1.0000     PAR:646.7957   Ratio:400.0000       (S.Area)
_16924_ (2)
  _25700_  (sky130_fd_sc_hs__nand2_1) B
[1]      met3:  Area: 21.2200  S.Area:113.6400  G.Area:  0.2790  D.Area:  0.0000
                Fact:  1.0000     PAR:407.3118   Ratio:400.0000       (S.Area)
_16898_ (2)
  _25661_  (sky130_fd_sc_hs__o21ai_1) B1
[1]      met4:  Area: 60.9688  S.Area:321.5120  G.Area:  0.2790  D.Area:  0.0000
                Fact:  1.0000     PAR:1.1524e+03   Ratio:400.0000       (S.Area)
_16870_ (2)
  _25624_  (sky130_fd_sc_hs__nand2_1) B
[1]      met3:  Area: 21.7960  S.Area:116.7120  G.Area:  0.2790  D.Area:  0.0000
                Fact:  1.0000     PAR:418.3226   Ratio:400.0000       (S.Area)
_16866_ (2)
  _25619_  (sky130_fd_sc_hs__o21ai_1) B1
[1]      met3:  Area: 64.7080  S.Area:345.5760  G.Area:  0.2790  D.Area:  0.0000
                Fact:  1.0000     PAR:1.2386e+03   Ratio:400.0000       (S.Area)
_16796_ (2)
  _25537_  (sky130_fd_sc_hs__o21ai_1) B1
[1]      met3:  Area: 25.1080  S.Area:134.3760  G.Area:  0.2790  D.Area:  0.0000
                Fact:  1.0000     PAR:481.6344   Ratio:400.0000       (S.Area)
_16779_ (2)
  _25518_  (sky130_fd_sc_hs__a31oi_1) B1
[1]      met3:  Area: 28.3948  S.Area:152.3760  G.Area:  0.2790  D.Area:  0.0000
                Fact:  1.0000     PAR:546.1505   Ratio:400.0000       (S.Area)
_16752_ (2)
  _25484_  (sky130_fd_sc_hs__o21ai_1) B1
[1]      met2:  Area: 49.2776  S.Area:246.0990  G.Area:  0.2790  D.Area:  0.0000
                Fact:  1.0000     PAR:882.0753   Ratio:400.0000       (S.Area)
_16748_ (2)
  _25478_  (sky130_fd_sc_hs__nand2_1) B
[1]      met3:  Area: 57.8980  S.Area:309.2560  G.Area:  0.2790  D.Area:  0.0000
                Fact:  1.0000     PAR:1.1084e+03   Ratio:400.0000       (S.Area)
_16736_ (2)
  _25464_  (sky130_fd_sc_hs__a31oi_1) B1
[1]      met4:  Area:149.3644  S.Area:793.8960  G.Area:  0.2790  D.Area:  0.0000
                Fact:  1.0000     PAR:2.8455e+03   Ratio:400.0000       (S.Area)
_16733_ (2)
  _25460_  (sky130_fd_sc_hs__nand2_1) B
[1]      met4:  Area:191.2608  S.Area:1.0205e+03  G.Area:  0.2790  D.Area:  2.2848
                Fact:  1.0000     PAR:3.6578e+03   Ratio:3.5139e+03       (S.Area)
_16724_ (2)
  _25448_  (sky130_fd_sc_hs__nand2_1) B
[1]      met5:  Area:919.5520  S.Area:1.3832e+03  G.Area:  0.2790  D.Area:  2.2848
                Fact:  1.0000     PAR:4.9576e+03   Ratio:3.5139e+03       (S.Area)
_16710_ (2)
  _25431_  (sky130_fd_sc_hs__o21ai_1) B1
[1]      met2:  Area: 23.2668  S.Area:115.9270  G.Area:  0.2790  D.Area:  0.0000
                Fact:  1.0000     PAR:415.5090   Ratio:400.0000       (S.Area)
[1]      met3:  Area: 36.0520  S.Area:192.7440  G.Area:  0.2790  D.Area:  0.0000
                Fact:  1.0000     PAR:690.8387   Ratio:400.0000       (S.Area)
_16702_ (2)
  _25421_  (sky130_fd_sc_hs__a31oi_1) B1
[1]      met3:  Area: 35.7388  S.Area:191.5440  G.Area:  0.2790  D.Area:  0.0000
                Fact:  1.0000     PAR:686.5376   Ratio:400.0000       (S.Area)
_16699_ (2)
  _25417_  (sky130_fd_sc_hs__a31oi_1) B1
[1]      met3:  Area:136.6828  S.Area:729.9120  G.Area:  0.2790  D.Area:  0.0000
                Fact:  1.0000     PAR:2.6162e+03   Ratio:400.0000       (S.Area)
_16696_ (2)
  _25413_  (sky130_fd_sc_hs__o21ai_1) B1
[1]      met3:  Area: 40.8040  S.Area:218.0880  G.Area:  0.2790  D.Area:  0.0000
                Fact:  1.0000     PAR:781.6774   Ratio:400.0000       (S.Area)
_16684_ (2)
  _25398_  (sky130_fd_sc_hs__a21oi_1) B1
[1]      met3:  Area: 21.9148  S.Area:117.8160  G.Area:  0.2790  D.Area:  0.0000
                Fact:  1.0000     PAR:422.2796   Ratio:400.0000       (S.Area)
_16661_ (2)
  _25370_  (sky130_fd_sc_hs__a21oi_1) B1
[1]      met3:  Area: 83.2840  S.Area:444.6480  G.Area:  0.2790  D.Area:  0.0000
                Fact:  1.0000     PAR:1.5937e+03   Ratio:400.0000       (S.Area)
_16551_ (2)
  _25238_  (sky130_fd_sc_hs__nand2_1) B
[1]      met3:  Area:102.5800  S.Area:547.5600  G.Area:  0.2790  D.Area:  0.0000
                Fact:  1.0000     PAR:1.9626e+03   Ratio:400.0000       (S.Area)
_16449_ (2)
  _25131_  (sky130_fd_sc_hs__and3_1) C
[1]      met4:  Area: 25.2508  S.Area:131.0160  G.Area:  0.2220  D.Area:  0.0000
                Fact:  1.0000     PAR:590.1622   Ratio:400.0000       (S.Area)
_15341_ (4)
  _24313_  (sky130_fd_sc_hs__o2111ai_1) D1
[1]      met3:  Area: 21.7420  S.Area:116.4240  G.Area:  0.2790  D.Area:  0.0000
                Fact:  1.0000     PAR:417.2903   Ratio:400.0000       (S.Area)
_15142_ (6)
  _29856_  (sky130_fd_sc_hs__nand3_1) B
[1]      met3:  Area: 61.1944  S.Area:329.6110  G.Area:  0.2790  D.Area:  0.0000
                Fact:  1.0000     PAR:1.1814e+03   Ratio:400.0000       (S.Area)
_14618_ (2)
  _44291_  (sky130_fd_sc_hs__a21oi_1) B1
[1]      met3:  Area: 82.1320  S.Area:438.5040  G.Area:  0.2790  D.Area:  0.0000
                Fact:  1.0000     PAR:1.5717e+03   Ratio:400.0000       (S.Area)
_14613_ (2)
  _44276_  (sky130_fd_sc_hs__a21oi_1) B1
[1]      met2:  Area: 25.2090  S.Area:125.8740  G.Area:  0.2790  D.Area:  0.0000
                Fact:  1.0000     PAR:451.1613   Ratio:400.0000       (S.Area)
_14597_ (2)
  _44240_  (sky130_fd_sc_hs__a21oi_1) B1
[1]      met2:  Area: 27.6308  S.Area:137.8650  G.Area:  0.2790  D.Area:  0.0000
                Fact:  1.0000     PAR:494.1398   Ratio:400.0000       (S.Area)
_14585_ (2)
  _44219_  (sky130_fd_sc_hs__a21oi_1) B1
[1]      met4:  Area: 72.7138  S.Area:384.1520  G.Area:  0.2790  D.Area:  0.0000
                Fact:  1.0000     PAR:1.3769e+03   Ratio:400.0000       (S.Area)
_14580_ (2)
  _44206_  (sky130_fd_sc_hs__a21oi_1) B1
[1]      met3:  Area: 49.7068  S.Area:266.0400  G.Area:  0.2790  D.Area:  0.0000
                Fact:  1.0000     PAR:953.5484   Ratio:400.0000       (S.Area)
_14551_ (2)
  _44149_  (sky130_fd_sc_hs__a21oi_1) B1
[1]      met3:  Area: 24.1295  S.Area:129.6080  G.Area:  0.2790  D.Area:  0.0000
                Fact:  1.0000     PAR:464.5448   Ratio:400.0000       (S.Area)
_14550_ (2)
  _44144_  (sky130_fd_sc_hs__a21oi_1) B1
[1]      met3:  Area: 82.6324  S.Area:442.5840  G.Area:  0.2790  D.Area:  0.0000
                Fact:  1.0000     PAR:1.5863e+03   Ratio:400.0000       (S.Area)
_13809_ (5)
  _38981_  (sky130_fd_sc_hs__nand3_1) B
[1]      met3:  Area: 21.9102  S.Area:117.7680  G.Area:  0.2790  D.Area:  0.0000
                Fact:  1.0000     PAR:422.1075   Ratio:400.0000       (S.Area)
_09323_ (2)
  _22796_  (sky130_fd_sc_hs__nand2_1) B
[1]      met3:  Area:101.5720  S.Area:542.1840  G.Area:  0.2790  D.Area:  0.0000
                Fact:  1.0000     PAR:1.9433e+03   Ratio:400.0000       (S.Area)
_05409_ (2)
  _22438_  (sky130_fd_sc_hs__a31oi_1) B1
[1]      met3:  Area: 44.9548  S.Area:240.6960  G.Area:  0.2790  D.Area:  0.0000
                Fact:  1.0000     PAR:862.7097   Ratio:400.0000       (S.Area)
_04254_ (3)
  _34565_  (sky130_fd_sc_hs__nand3_1) C
[1]      met3:  Area: 57.7708  S.Area:309.0480  G.Area:  0.5580  D.Area:  0.0000
                Fact:  1.0000     PAR:553.8495   Ratio:400.0000       (S.Area)
  _34562_  (sky130_fd_sc_hs__nand2_1) B
[1]      met3:  Area: 57.7708  S.Area:309.0480  G.Area:  0.5580  D.Area:  0.0000
                Fact:  1.0000     PAR:553.8495   Ratio:400.0000       (S.Area)
_04245_ (5)
  _30166_  (sky130_fd_sc_hs__nand2_1) B
[1]      met3:  Area: 38.9188  S.Area:211.2830  G.Area:  0.2790  D.Area:  0.0000
                Fact:  1.0000     PAR:757.2867   Ratio:400.0000       (S.Area)
_04225_ (3)
  _34534_  (sky130_fd_sc_hs__nand2_1) A
[1]      met3:  Area: 86.5708  S.Area:462.6480  G.Area:  0.2790  D.Area:  0.0000
                Fact:  1.0000     PAR:1.6582e+03   Ratio:400.0000       (S.Area)
_02992_ (3)
  _33401_  (sky130_fd_sc_hs__nand2_1) A
[1]      met3:  Area:108.0520  S.Area:576.7440  G.Area:  0.2790  D.Area:  0.0000
                Fact:  1.0000     PAR:2.0672e+03   Ratio:400.0000       (S.Area)
_02054_ (3)
  _32501_  (sky130_fd_sc_hs__nand2_1) A
[1]      met3:  Area: 26.4040  S.Area:141.2880  G.Area:  0.2790  D.Area:  0.0000
                Fact:  1.0000     PAR:506.4086   Ratio:400.0000       (S.Area)
_00753_ (11)
  rebuffer940  (sky130_fd_sc_hs__dlygate4sd2_1) A
[1]      met1:  Area: 13.0865  S.Area: 65.2470  G.Area:  0.1260  D.Area:  0.0000
                Fact:  1.0000     PAR:517.8333   Ratio:400.0000       (S.Area)
_00256_ (2)
  _44458_  (sky130_fd_sc_hs__dfxtp_1) D
[1]      met3:  Area: 23.5240  S.Area:125.9280  G.Area:  0.1260  D.Area:  0.0000
                Fact:  1.0000     PAR:999.4286   Ratio:400.0000       (S.Area)
[1]      met4:  Area:126.4368  S.Area:674.8000  G.Area:  0.1260  D.Area:  1.4742
                Fact:  1.0000     PAR:5.3556e+03   Ratio:3.1897e+03       (S.Area)
_00255_ (2)
  _44457_  (sky130_fd_sc_hs__dfxtp_1) D
[1]      met2:  Area: 11.8194  S.Area: 58.9260  G.Area:  0.1260  D.Area:  0.0000
                Fact:  1.0000     PAR:467.6667   Ratio:400.0000       (S.Area)
_00254_ (2)
  _44456_  (sky130_fd_sc_hs__dfxtp_1) D
[1]      met4:  Area:112.8948  S.Area:602.5760  G.Area:  0.1260  D.Area:  1.4742
                Fact:  1.0000     PAR:4.7823e+03   Ratio:3.1897e+03       (S.Area)
_00253_ (2)
  _44455_  (sky130_fd_sc_hs__dfxtp_1) D
[1]      met4:  Area: 94.9128  S.Area:506.6720  G.Area:  0.1260  D.Area:  1.4742
                Fact:  1.0000     PAR:4.0212e+03   Ratio:3.1897e+03       (S.Area)
_00252_ (2)
  _44454_  (sky130_fd_sc_hs__dfxtp_1) D
[1]      met3:  Area:130.6348  S.Area:697.6560  G.Area:  0.1260  D.Area:  0.0000
                Fact:  1.0000     PAR:5.5370e+03   Ratio:400.0000       (S.Area)
_00251_ (2)
  _44453_  (sky130_fd_sc_hs__dfxtp_1) D
[1]      met4:  Area:101.5884  S.Area:543.2160  G.Area:  0.1260  D.Area:  1.4742
                Fact:  1.0000     PAR:4.3112e+03   Ratio:3.1897e+03       (S.Area)
_00250_ (2)
  _44452_  (sky130_fd_sc_hs__dfxtp_2) D
[1]      met3:  Area: 12.0040  S.Area: 64.4880  G.Area:  0.1260  D.Area:  0.0000
                Fact:  1.0000     PAR:511.8095   Ratio:400.0000       (S.Area)
_00249_ (2)
  _44451_  (sky130_fd_sc_hs__dfxtp_1) D
[1]      met3:  Area:154.6308  S.Area:825.1680  G.Area:  0.1260  D.Area:  1.4742
                Fact:  1.0000     PAR:6.5490e+03   Ratio:3.1897e+03       (S.Area)
_00248_ (2)
  _44426_  (sky130_fd_sc_hs__dfxtp_1) D
[1]      met5:  Area:441.8560  S.Area:666.6240  G.Area:  0.1260  D.Area:  1.4742
                Fact:  1.0000     PAR:5.2907e+03   Ratio:3.1897e+03       (S.Area)
_00247_ (2)
  _44425_  (sky130_fd_sc_hs__dfxtp_1) D
[1]      met3:  Area: 54.1960  S.Area:289.5120  G.Area:  0.1260  D.Area:  0.0000
                Fact:  1.0000     PAR:2.2977e+03   Ratio:400.0000       (S.Area)
_00246_ (2)
  _44424_  (sky130_fd_sc_hs__dfxtp_1) D
[1]      met3:  Area: 40.0840  S.Area:214.2480  G.Area:  0.1260  D.Area:  0.0000
                Fact:  1.0000     PAR:1.7004e+03   Ratio:400.0000       (S.Area)
[1]      met4:  Area:109.5804  S.Area:585.8400  G.Area:  0.1260  D.Area:  1.4742
                Fact:  1.0000     PAR:4.6495e+03   Ratio:3.1897e+03       (S.Area)
_00244_ (2)
  _44422_  (sky130_fd_sc_hs__dfxtp_1) D
[1]      met4:  Area:124.6913  S.Area:673.0160  G.Area:  0.1260  D.Area:  1.4742
                Fact:  1.0000     PAR:5.3414e+03   Ratio:3.1897e+03       (S.Area)
_00243_ (2)
  _44421_  (sky130_fd_sc_hs__dfxtp_1) D
[1]      met3:  Area: 45.3580  S.Area:242.3760  G.Area:  0.1260  D.Area:  0.0000
                Fact:  1.0000     PAR:1.9236e+03   Ratio:400.0000       (S.Area)
[1]      met4:  Area:110.2308  S.Area:588.3680  G.Area:  0.1260  D.Area:  1.4742
                Fact:  1.0000     PAR:4.6696e+03   Ratio:3.1897e+03       (S.Area)
_00242_ (2)
  _44420_  (sky130_fd_sc_hs__dfxtp_1) D
[1]      met3:  Area: 47.9380  S.Area:256.1360  G.Area:  0.1260  D.Area:  0.0000
                Fact:  1.0000     PAR:2.0328e+03   Ratio:400.0000       (S.Area)
_00239_ (2)
  _44345_  (sky130_fd_sc_hs__dfxtp_1) D
[1]      met2:  Area: 19.9520  S.Area: 99.5890  G.Area:  0.1260  D.Area:  0.0000
                Fact:  1.0000     PAR:790.3889   Ratio:400.0000       (S.Area)
_00237_ (2)
  _44343_  (sky130_fd_sc_hs__dfxtp_1) D
[1]      met3:  Area:148.8048  S.Area:794.0960  G.Area:  0.1260  D.Area:  1.4742
                Fact:  1.0000     PAR:6.3023e+03   Ratio:3.1897e+03       (S.Area)
_00236_ (2)
  _44342_  (sky130_fd_sc_hs__dfxtp_1) D
[1]      met4:  Area:111.2758  S.Area:589.8160  G.Area:  0.1260  D.Area:  0.0000
                Fact:  1.0000     PAR:4.6811e+03   Ratio:400.0000       (S.Area)
[1]      met5:  Area:454.1440  S.Area:685.0560  G.Area:  0.1260  D.Area:  1.4742
                Fact:  1.0000     PAR:5.4370e+03   Ratio:3.1897e+03       (S.Area)
_00233_ (2)
  _44339_  (sky130_fd_sc_hs__dfxtp_1) D
[1]      met4:  Area: 92.6928  S.Area:494.8320  G.Area:  0.1260  D.Area:  1.4742
                Fact:  1.0000     PAR:3.9272e+03   Ratio:3.1897e+03       (S.Area)
_00232_ (2)
  _44394_  (sky130_fd_sc_hs__dfxtp_1) D
[1]      met3:  Area: 11.5720  S.Area: 62.1840  G.Area:  0.1260  D.Area:  0.0000
                Fact:  1.0000     PAR:493.5238   Ratio:400.0000       (S.Area)
[1]      met4:  Area:127.7688  S.Area:681.9040  G.Area:  0.1260  D.Area:  1.4742
                Fact:  1.0000     PAR:5.4119e+03   Ratio:3.1897e+03       (S.Area)
_00231_ (2)
  _44393_  (sky130_fd_sc_hs__dfxtp_1) D
[1]      met4:  Area:120.4428  S.Area:642.8320  G.Area:  0.1260  D.Area:  1.4742
                Fact:  1.0000     PAR:5.1018e+03   Ratio:3.1897e+03       (S.Area)
_00230_ (2)
  _44392_  (sky130_fd_sc_hs__dfxtp_1) D
[1]      met3:  Area: 33.7480  S.Area:180.4560  G.Area:  0.1260  D.Area:  0.0000
                Fact:  1.0000     PAR:1.4322e+03   Ratio:400.0000       (S.Area)
_00229_ (2)
  _44391_  (sky130_fd_sc_hs__dfxtp_1) D
[1]      met3:  Area:  9.8440  S.Area: 52.9680  G.Area:  0.1260  D.Area:  0.0000
                Fact:  1.0000     PAR:420.3810   Ratio:400.0000       (S.Area)
_00227_ (2)
  _44389_  (sky130_fd_sc_hs__dfxtp_1) D
[1]      met2:  Area: 11.5604  S.Area: 57.6310  G.Area:  0.1260  D.Area:  0.0000
                Fact:  1.0000     PAR:457.3889   Ratio:400.0000       (S.Area)
_00224_ (2)
  _44362_  (sky130_fd_sc_hs__dfxtp_1) D
[1]      met4:  Area: 40.5688  S.Area:212.7120  G.Area:  0.1260  D.Area:  0.0000
                Fact:  1.0000     PAR:1.6882e+03   Ratio:400.0000       (S.Area)
_00223_ (2)
  _44361_  (sky130_fd_sc_hs__dfxtp_1) D
[1]      met2:  Area: 20.1592  S.Area:100.6250  G.Area:  0.1260  D.Area:  0.0000
                Fact:  1.0000     PAR:798.6111   Ratio:400.0000       (S.Area)
[1]      met3:  Area: 36.7720  S.Area:196.5840  G.Area:  0.1260  D.Area:  0.0000
                Fact:  1.0000     PAR:1.5602e+03   Ratio:400.0000       (S.Area)
[1]      met4:  Area: 66.4978  S.Area:351.0000  G.Area:  0.1260  D.Area:  0.0000
                Fact:  1.0000     PAR:2.7857e+03   Ratio:400.0000       (S.Area)
[1]      met5:  Area:292.8640  S.Area:443.1360  G.Area:  0.1260  D.Area:  1.4742
                Fact:  1.0000     PAR:3.5170e+03   Ratio:3.1897e+03       (S.Area)
_00222_ (2)
  _44360_  (sky130_fd_sc_hs__dfxtp_1) D
[1]      met3:  Area: 79.3048  S.Area:423.8960  G.Area:  0.1260  D.Area:  0.0000
                Fact:  1.0000     PAR:3.3643e+03   Ratio:400.0000       (S.Area)
_00221_ (2)
  _44359_  (sky130_fd_sc_hs__dfxtp_1) D
[1]      met2:  Area: 45.0930  S.Area:225.1760  G.Area:  0.1260  D.Area:  0.0000
                Fact:  1.0000     PAR:1.7871e+03   Ratio:400.0000       (S.Area)
[1]      met3:  Area: 39.0628  S.Area:209.2720  G.Area:  0.1260  D.Area:  0.0000
                Fact:  1.0000     PAR:1.6609e+03   Ratio:400.0000       (S.Area)
_00220_ (2)
  _44358_  (sky130_fd_sc_hs__dfxtp_1) D
[1]      met5:  Area:973.3120  S.Area:1.4638e+03  G.Area:  0.1260  D.Area:  1.4742
                Fact:  1.0000     PAR:1.1618e+04   Ratio:3.1897e+03       (S.Area)
_00219_ (2)
  _44357_  (sky130_fd_sc_hs__dfxtp_1) D
[1]      met4:  Area: 91.9618  S.Area:486.8080  G.Area:  0.1260  D.Area:  0.0000
                Fact:  1.0000     PAR:3.8636e+03   Ratio:400.0000       (S.Area)
_00218_ (2)
  _44356_  (sky130_fd_sc_hs__dfxtp_1) D
[1]      met4:  Area:103.9776  S.Area:555.4880  G.Area:  0.1260  D.Area:  1.4742
                Fact:  1.0000     PAR:4.4086e+03   Ratio:3.1897e+03       (S.Area)
_00217_ (2)
  _44355_  (sky130_fd_sc_hs__dfxtp_1) D
[1]      met2:  Area: 32.7984  S.Area:163.8210  G.Area:  0.1260  D.Area:  0.0000
                Fact:  1.0000     PAR:1.3002e+03   Ratio:400.0000       (S.Area)
[1]      met3:  Area:179.5428  S.Area:958.0320  G.Area:  0.1260  D.Area:  1.4742
                Fact:  1.0000     PAR:7.6034e+03   Ratio:3.1897e+03       (S.Area)
_00216_ (2)
  _44450_  (sky130_fd_sc_hs__dfxtp_1) D
[1]      met2:  Area: 37.1132  S.Area:185.3950  G.Area:  0.1260  D.Area:  0.0000
                Fact:  1.0000     PAR:1.4714e+03   Ratio:400.0000       (S.Area)
[1]      met3:  Area: 41.6680  S.Area:222.6960  G.Area:  0.1260  D.Area:  0.0000
                Fact:  1.0000     PAR:1.7674e+03   Ratio:400.0000       (S.Area)
_00215_ (2)
  _44449_  (sky130_fd_sc_hs__dfxtp_1) D
[1]      met4:  Area: 70.9972  S.Area:375.4720  G.Area:  0.1260  D.Area:  0.0000
                Fact:  1.0000     PAR:2.9799e+03   Ratio:400.0000       (S.Area)
[1]      met5:  Area:492.5440  S.Area:742.6560  G.Area:  0.1260  D.Area:  1.4742
                Fact:  1.0000     PAR:5.8941e+03   Ratio:3.1897e+03       (S.Area)
_00214_ (2)
  _44448_  (sky130_fd_sc_hs__dfxtp_1) D
[1]      met4:  Area:162.3264  S.Area:867.1520  G.Area:  0.1260  D.Area:  1.4742
                Fact:  1.0000     PAR:6.8822e+03   Ratio:3.1897e+03       (S.Area)
_00213_ (2)
  _44447_  (sky130_fd_sc_hs__dfxtp_2) D
[1]      met3:  Area: 99.0216  S.Area:529.0560  G.Area:  0.1260  D.Area:  1.4742
                Fact:  1.0000     PAR:4.1989e+03   Ratio:3.1897e+03       (S.Area)
_00212_ (2)
  _44446_  (sky130_fd_sc_hs__dfxtp_1) D
[1]      met3:  Area: 26.2600  S.Area:140.5200  G.Area:  0.1260  D.Area:  0.0000
                Fact:  1.0000     PAR:1.1152e+03   Ratio:400.0000       (S.Area)
[1]      met4:  Area: 18.2578  S.Area: 93.7200  G.Area:  0.1260  D.Area:  0.0000
                Fact:  1.0000     PAR:743.8095   Ratio:400.0000       (S.Area)
[1]      met5:  Area:624.6400  S.Area:940.8000  G.Area:  0.1260  D.Area:  1.4742
                Fact:  1.0000     PAR:7.4667e+03   Ratio:3.1897e+03       (S.Area)
_00211_ (2)
  _44445_  (sky130_fd_sc_hs__dfxtp_1) D
[1]      met4:  Area:117.1732  S.Area:621.7440  G.Area:  0.1260  D.Area:  0.0000
                Fact:  1.0000     PAR:4.9345e+03   Ratio:400.0000       (S.Area)
[1]      met5:  Area:318.9760  S.Area:482.3040  G.Area:  0.1260  D.Area:  1.4742
                Fact:  1.0000     PAR:3.8278e+03   Ratio:3.1897e+03       (S.Area)
_00210_ (2)
  _44444_  (sky130_fd_sc_hs__dfxtp_1) D
[1]      met2:  Area: 12.6636  S.Area: 63.1470  G.Area:  0.1260  D.Area:  0.0000
                Fact:  1.0000     PAR:501.1667   Ratio:400.0000       (S.Area)
[1]      met4:  Area:106.6294  S.Area:565.9760  G.Area:  0.1260  D.Area:  0.0000
                Fact:  1.0000     PAR:4.4919e+03   Ratio:400.0000       (S.Area)
_00209_ (2)
  _44443_  (sky130_fd_sc_hs__dfxtp_1) D
[1]      met1:  Area: 18.4528  S.Area: 92.1865  G.Area:  0.1260  D.Area:  0.0000
                Fact:  1.0000     PAR:731.6389   Ratio:400.0000       (S.Area)
_00208_ (2)
  _44418_  (sky130_fd_sc_hs__dfxtp_1) D
[1]      met2:  Area: 15.2116  S.Area: 75.8870  G.Area:  0.1260  D.Area:  0.0000
                Fact:  1.0000     PAR:602.2778   Ratio:400.0000       (S.Area)
_00207_ (2)
  _44417_  (sky130_fd_sc_hs__dfxtp_1) D
[1]      met4:  Area: 89.1408  S.Area:475.8880  G.Area:  0.1260  D.Area:  1.4742
                Fact:  1.0000     PAR:3.7769e+03   Ratio:3.1897e+03       (S.Area)
_00206_ (2)
  _44416_  (sky130_fd_sc_hs__dfxtp_1) D
[1]      met2:  Area: 18.8278  S.Area: 93.9680  G.Area:  0.1260  D.Area:  0.0000
                Fact:  1.0000     PAR:745.7778   Ratio:400.0000       (S.Area)
[1]      met3:  Area: 87.4348  S.Area:467.2560  G.Area:  0.1260  D.Area:  0.0000
                Fact:  1.0000     PAR:3.7084e+03   Ratio:400.0000       (S.Area)
_00205_ (2)
  _44415_  (sky130_fd_sc_hs__dfxtp_1) D
[1]      met3:  Area: 14.1640  S.Area: 76.0080  G.Area:  0.1260  D.Area:  0.0000
                Fact:  1.0000     PAR:603.2381   Ratio:400.0000       (S.Area)
_00204_ (2)
  _44414_  (sky130_fd_sc_hs__dfxtp_1) D
[1]      met4:  Area: 66.7858  S.Area:352.5360  G.Area:  0.1260  D.Area:  0.0000
                Fact:  1.0000     PAR:2.7979e+03   Ratio:400.0000       (S.Area)
[1]      met5:  Area:535.5520  S.Area:807.1680  G.Area:  0.1260  D.Area:  1.4742
                Fact:  1.0000     PAR:6.4061e+03   Ratio:3.1897e+03       (S.Area)
_00203_ (2)
  _44413_  (sky130_fd_sc_hs__dfxtp_1) D
[1]      met3:  Area: 40.9480  S.Area:218.8560  G.Area:  0.1260  D.Area:  0.0000
                Fact:  1.0000     PAR:1.7370e+03   Ratio:400.0000       (S.Area)
_00202_ (2)
  _44412_  (sky130_fd_sc_hs__dfxtp_1) D
[1]      met2:  Area: 17.7246  S.Area: 88.4520  G.Area:  0.1260  D.Area:  0.0000
                Fact:  1.0000     PAR:702.0000   Ratio:400.0000       (S.Area)
[1]      met3:  Area:123.2136  S.Area:658.0800  G.Area:  0.1260  D.Area:  1.4742
                Fact:  1.0000     PAR:5.2229e+03   Ratio:3.1897e+03       (S.Area)
_00201_ (2)
  _44411_  (sky130_fd_sc_hs__dfxtp_1) D
[1]      met5:  Area:653.8240  S.Area:984.5760  G.Area:  0.1260  D.Area:  1.4742
                Fact:  1.0000     PAR:7.8141e+03   Ratio:3.1897e+03       (S.Area)
_00200_ (2)
  _44386_  (sky130_fd_sc_hs__dfxtp_1) D
[1]      met2:  Area: 20.0556  S.Area:100.1070  G.Area:  0.1260  D.Area:  0.0000
                Fact:  1.0000     PAR:794.5000   Ratio:400.0000       (S.Area)
_00198_ (2)
  _44384_  (sky130_fd_sc_hs__dfxtp_1) D
[1]      met2:  Area: 22.5938  S.Area:112.7980  G.Area:  0.1260  D.Area:  0.0000
                Fact:  1.0000     PAR:895.2222   Ratio:400.0000       (S.Area)
[1]      met3:  Area: 96.0348  S.Area:512.6560  G.Area:  0.1260  D.Area:  1.4742
                Fact:  1.0000     PAR:4.0687e+03   Ratio:3.1897e+03       (S.Area)
_00197_ (2)
  _44383_  (sky130_fd_sc_hs__dfxtp_1) D
[1]      met3:  Area: 13.5880  S.Area: 72.9360  G.Area:  0.1260  D.Area:  0.0000
                Fact:  1.0000     PAR:578.8571   Ratio:400.0000       (S.Area)
_00196_ (2)
  _44382_  (sky130_fd_sc_hs__dfxtp_1) D
[1]      met1:  Area: 12.5490  S.Area: 62.6675  G.Area:  0.1260  D.Area:  0.0000
                Fact:  1.0000     PAR:497.3611   Ratio:400.0000       (S.Area)
[1]      met2:  Area: 26.0952  S.Area:130.3050  G.Area:  0.1260  D.Area:  0.0000
                Fact:  1.0000     PAR:1.0342e+03   Ratio:400.0000       (S.Area)
_00195_ (2)
  _44381_  (sky130_fd_sc_hs__dfxtp_1) D
[1]      met5:  Area:626.1760  S.Area:943.1040  G.Area:  0.1260  D.Area:  1.4742
                Fact:  1.0000     PAR:7.4850e+03   Ratio:3.1897e+03       (S.Area)
_00194_ (2)
  _44380_  (sky130_fd_sc_hs__dfxtp_1) D
[1]      met3:  Area:102.4480  S.Area:546.8560  G.Area:  0.1260  D.Area:  0.0000
                Fact:  1.0000     PAR:4.3401e+03   Ratio:400.0000       (S.Area)
_00193_ (2)
  _44379_  (sky130_fd_sc_hs__dfxtp_1) D
[1]      met4:  Area: 87.9658  S.Area:465.4960  G.Area:  0.1260  D.Area:  0.0000
                Fact:  1.0000     PAR:3.6944e+03   Ratio:400.0000       (S.Area)
[1]      met5:  Area:302.0800  S.Area:456.9600  G.Area:  0.1260  D.Area:  1.5045
                Fact:  1.0000     PAR:3.6267e+03   Ratio:3.2018e+03       (S.Area)
_00192_ (2)
  _44354_  (sky130_fd_sc_hs__dfxtp_1) D
[1]      met4:  Area: 43.2088  S.Area:226.7920  G.Area:  0.1260  D.Area:  0.0000
                Fact:  1.0000     PAR:1.7999e+03   Ratio:400.0000       (S.Area)
[1]      met5:  Area:616.9600  S.Area:929.2800  G.Area:  0.1260  D.Area:  1.4742
                Fact:  1.0000     PAR:7.3752e+03   Ratio:3.1897e+03       (S.Area)
_00191_ (2)
  _44353_  (sky130_fd_sc_hs__dfxtp_1) D
[1]      met4:  Area: 80.4828  S.Area:429.7120  G.Area:  0.1260  D.Area:  1.4742
                Fact:  1.0000     PAR:3.4104e+03   Ratio:3.1897e+03       (S.Area)
_00190_ (2)
  _44352_  (sky130_fd_sc_hs__dfxtp_1) D
[1]      met3:  Area:106.3240  S.Area:567.5280  G.Area:  0.1260  D.Area:  0.0000
                Fact:  1.0000     PAR:4.5042e+03   Ratio:400.0000       (S.Area)
_00188_ (2)
  _44350_  (sky130_fd_sc_hs__dfxtp_1) D
[1]      met4:  Area:134.2078  S.Area:712.1200  G.Area:  0.1260  D.Area:  0.0000
                Fact:  1.0000     PAR:5.6517e+03   Ratio:400.0000       (S.Area)
[1]      met5:  Area:563.2000  S.Area:848.6400  G.Area:  0.1260  D.Area:  1.4742
                Fact:  1.0000     PAR:6.7352e+03   Ratio:3.1897e+03       (S.Area)
_00187_ (2)
  _44349_  (sky130_fd_sc_hs__dfxtp_1) D
[1]      met3:  Area: 26.6920  S.Area:142.8240  G.Area:  0.1260  D.Area:  0.0000
                Fact:  1.0000     PAR:1.1335e+03   Ratio:400.0000       (S.Area)
[1]      met4:  Area:143.7528  S.Area:767.1520  G.Area:  0.1260  D.Area:  1.4742
                Fact:  1.0000     PAR:6.0885e+03   Ratio:3.1897e+03       (S.Area)
_00186_ (2)
  _44348_  (sky130_fd_sc_hs__dfxtp_1) D
[1]      met2:  Area: 43.0030  S.Area:214.8440  G.Area:  0.1260  D.Area:  0.0000
                Fact:  1.0000     PAR:1.7051e+03   Ratio:400.0000       (S.Area)
[1]      met3:  Area: 17.3320  S.Area: 92.9040  G.Area:  0.1260  D.Area:  0.0000
                Fact:  1.0000     PAR:737.3333   Ratio:400.0000       (S.Area)
_00185_ (2)
  _44347_  (sky130_fd_sc_hs__dfxtp_1) D
[1]      met3:  Area: 34.7560  S.Area:185.8320  G.Area:  0.1260  D.Area:  0.0000
                Fact:  1.0000     PAR:1.4749e+03   Ratio:400.0000       (S.Area)
[1]      met5:  Area:400.3840  S.Area:604.4160  G.Area:  0.1260  D.Area:  1.4742
                Fact:  1.0000     PAR:4.7970e+03   Ratio:3.1897e+03       (S.Area)
_00184_ (2)
  _44442_  (sky130_fd_sc_hs__dfxtp_1) D
[1]      met3:  Area: 16.0360  S.Area: 85.9920  G.Area:  0.1260  D.Area:  0.0000
                Fact:  1.0000     PAR:682.4762   Ratio:400.0000       (S.Area)
[1]      met4:  Area: 89.3628  S.Area:477.0720  G.Area:  0.1260  D.Area:  1.4742
                Fact:  1.0000     PAR:3.7863e+03   Ratio:3.1897e+03       (S.Area)
_00183_ (2)
  _44441_  (sky130_fd_sc_hs__dfxtp_1) D
[1]      met4:  Area:114.6708  S.Area:612.0480  G.Area:  0.1260  D.Area:  1.4742
                Fact:  1.0000     PAR:4.8575e+03   Ratio:3.1897e+03       (S.Area)
_00182_ (2)
  _44440_  (sky130_fd_sc_hs__dfxtp_1) D
[1]      met2:  Area: 13.1298  S.Area: 65.4780  G.Area:  0.1260  D.Area:  0.0000
                Fact:  1.0000     PAR:519.6667   Ratio:400.0000       (S.Area)
[1]      met3:  Area: 37.3480  S.Area:199.6560  G.Area:  0.1260  D.Area:  0.0000
                Fact:  1.0000     PAR:1.5846e+03   Ratio:400.0000       (S.Area)
_00181_ (2)
  _44439_  (sky130_fd_sc_hs__dfxtp_1) D
[1]      met4:  Area: 93.3588  S.Area:498.3840  G.Area:  0.1260  D.Area:  1.4742
                Fact:  1.0000     PAR:3.9554e+03   Ratio:3.1897e+03       (S.Area)
_00180_ (2)
  _44438_  (sky130_fd_sc_hs__dfxtp_1) D
[1]      met3:  Area: 77.2360  S.Area:412.3920  G.Area:  0.1260  D.Area:  0.0000
                Fact:  1.0000     PAR:3.2730e+03   Ratio:400.0000       (S.Area)
[1]      met4:  Area: 21.4846  S.Area:111.4000  G.Area:  0.1260  D.Area:  0.0000
                Fact:  1.0000     PAR:884.1270   Ratio:400.0000       (S.Area)
[1]      met5:  Area:652.2880  S.Area:982.2720  G.Area:  0.1260  D.Area:  1.4742
                Fact:  1.0000     PAR:7.7958e+03   Ratio:3.1897e+03       (S.Area)
_00179_ (2)
  _44437_  (sky130_fd_sc_hs__dfxtp_1) D
[1]      met4:  Area:101.5728  S.Area:542.1920  G.Area:  0.1260  D.Area:  1.4742
                Fact:  1.0000     PAR:4.3031e+03   Ratio:3.1897e+03       (S.Area)
_00176_ (2)
  _44410_  (sky130_fd_sc_hs__dfxtp_1) D
[1]      met4:  Area: 95.9578  S.Area:508.1200  G.Area:  0.1260  D.Area:  0.0000
                Fact:  1.0000     PAR:4.0327e+03   Ratio:400.0000       (S.Area)
[1]      met5:  Area:600.0640  S.Area:903.9360  G.Area:  0.1260  D.Area:  1.4742
                Fact:  1.0000     PAR:7.1741e+03   Ratio:3.1897e+03       (S.Area)
_00175_ (2)
  _44409_  (sky130_fd_sc_hs__dfxtp_1) D
[1]      met4:  Area: 39.1258  S.Area:205.0160  G.Area:  0.1260  D.Area:  0.0000
                Fact:  1.0000     PAR:1.6271e+03   Ratio:400.0000       (S.Area)
_00174_ (2)
  _44408_  (sky130_fd_sc_hs__dfxtp_1) D
[1]      met4:  Area:166.5616  S.Area:885.1440  G.Area:  0.1260  D.Area:  0.0000
                Fact:  1.0000     PAR:7.0250e+03   Ratio:400.0000       (S.Area)
[1]      met5:  Area:351.2320  S.Area:530.6880  G.Area:  0.1260  D.Area:  1.4742
                Fact:  1.0000     PAR:4.2118e+03   Ratio:3.1897e+03       (S.Area)
_00171_ (2)
  _44405_  (sky130_fd_sc_hs__dfxtp_1) D
[1]      met3:  Area: 26.5480  S.Area:142.0560  G.Area:  0.1260  D.Area:  0.0000
                Fact:  1.0000     PAR:1.1274e+03   Ratio:400.0000       (S.Area)
[1]      met4:  Area:168.9576  S.Area:902.0480  G.Area:  0.1260  D.Area:  1.4742
                Fact:  1.0000     PAR:7.1591e+03   Ratio:3.1897e+03       (S.Area)
_00170_ (2)
  _44404_  (sky130_fd_sc_hs__dfxtp_1) D
[1]      met4:  Area:136.6644  S.Area:730.2880  G.Area:  0.1260  D.Area:  1.4742
                Fact:  1.0000     PAR:5.7959e+03   Ratio:3.1897e+03       (S.Area)
_00168_ (2)
  _44378_  (sky130_fd_sc_hs__dfxtp_1) D
[1]      met3:  Area:104.4936  S.Area:558.2400  G.Area:  0.1260  D.Area:  1.4742
                Fact:  1.0000     PAR:4.4305e+03   Ratio:3.1897e+03       (S.Area)
_00167_ (2)
  _44377_  (sky130_fd_sc_hs__dfxtp_1) D
[1]      met3:  Area: 26.6380  S.Area:142.5360  G.Area:  0.1260  D.Area:  0.0000
                Fact:  1.0000     PAR:1.1312e+03   Ratio:400.0000       (S.Area)
[1]      met4:  Area: 15.3718  S.Area: 78.3280  G.Area:  0.1260  D.Area:  0.0000
                Fact:  1.0000     PAR:621.6508   Ratio:400.0000       (S.Area)
[1]      met5:  Area:612.3520  S.Area:922.3680  G.Area:  0.1260  D.Area:  1.4742
                Fact:  1.0000     PAR:7.3204e+03   Ratio:3.1897e+03       (S.Area)
_00163_ (2)
  _44373_  (sky130_fd_sc_hs__dfxtp_1) D
[1]      met3:  Area:111.3144  S.Area:595.0880  G.Area:  0.1260  D.Area:  1.4742
                Fact:  1.0000     PAR:4.7229e+03   Ratio:3.1897e+03       (S.Area)
_00160_ (2)
  _44466_  (sky130_fd_sc_hs__dfxtp_1) D
[1]      met2:  Area: 13.2180  S.Area: 65.9190  G.Area:  0.1260  D.Area:  0.0000
                Fact:  1.0000     PAR:523.1667   Ratio:400.0000       (S.Area)
[1]      met3:  Area: 35.1220  S.Area:187.7840  G.Area:  0.1260  D.Area:  0.0000
                Fact:  1.0000     PAR:1.4903e+03   Ratio:400.0000       (S.Area)
[1]      met5:  Area:540.1600  S.Area:814.0800  G.Area:  0.1260  D.Area:  1.4742
                Fact:  1.0000     PAR:6.4610e+03   Ratio:3.1897e+03       (S.Area)
_00159_ (2)
  _44465_  (sky130_fd_sc_hs__dfxtp_1) D
[1]      met2:  Area: 57.0408  S.Area:285.0330  G.Area:  0.1260  D.Area:  0.0000
                Fact:  1.0000     PAR:2.2622e+03   Ratio:400.0000       (S.Area)
[1]      met3:  Area:125.2548  S.Area:668.4960  G.Area:  0.1260  D.Area:  1.4742
                Fact:  1.0000     PAR:5.3055e+03   Ratio:3.1897e+03       (S.Area)
_00158_ (2)
  _44464_  (sky130_fd_sc_hs__dfxtp_1) D
[1]      met2:  Area: 44.2980  S.Area:221.3190  G.Area:  0.1260  D.Area:  0.0000
                Fact:  1.0000     PAR:1.7565e+03   Ratio:400.0000       (S.Area)
[1]      met3:  Area: 18.7720  S.Area:100.5840  G.Area:  0.1260  D.Area:  0.0000
                Fact:  1.0000     PAR:798.2857   Ratio:400.0000       (S.Area)
[1]      met4:  Area:101.1288  S.Area:539.8240  G.Area:  0.1260  D.Area:  1.4742
                Fact:  1.0000     PAR:4.2843e+03   Ratio:3.1897e+03       (S.Area)
_00155_ (2)
  _44461_  (sky130_fd_sc_hs__dfxtp_1) D
[1]      met2:  Area: 15.6680  S.Area: 78.1690  G.Area:  0.1260  D.Area:  0.0000
                Fact:  1.0000     PAR:620.3889   Ratio:400.0000       (S.Area)
_00154_ (2)
  _44460_  (sky130_fd_sc_hs__dfxtp_1) D
[1]      met3:  Area: 83.6388  S.Area:446.5440  G.Area:  0.1260  D.Area:  1.4742
                Fact:  1.0000     PAR:3.5440e+03   Ratio:3.1897e+03       (S.Area)
_00151_ (2)
  _44433_  (sky130_fd_sc_hs__dfxtp_1) D
[1]      met3:  Area:  9.8440  S.Area: 52.9680  G.Area:  0.1260  D.Area:  0.0000
                Fact:  1.0000     PAR:420.3810   Ratio:400.0000       (S.Area)
_00150_ (2)
  _44432_  (sky130_fd_sc_hs__dfxtp_1) D
[1]      met3:  Area: 88.6536  S.Area:473.7600  G.Area:  0.1260  D.Area:  1.4742
                Fact:  1.0000     PAR:3.7600e+03   Ratio:3.1897e+03       (S.Area)
_00147_ (2)
  _44429_  (sky130_fd_sc_hs__dfxtp_1) D
[1]      met4:  Area: 84.1536  S.Area:449.7600  G.Area:  0.1260  D.Area:  1.4742
                Fact:  1.0000     PAR:3.5695e+03   Ratio:3.1897e+03       (S.Area)
_00145_ (2)
  _44427_  (sky130_fd_sc_hs__dfxtp_1) D
[1]      met3:  Area: 43.8280  S.Area:234.2160  G.Area:  0.1260  D.Area:  0.0000
                Fact:  1.0000     PAR:1.8589e+03   Ratio:400.0000       (S.Area)
[1]      met4:  Area: 20.3668  S.Area:104.9680  G.Area:  0.1260  D.Area:  0.0000
                Fact:  1.0000     PAR:833.0794   Ratio:400.0000       (S.Area)
[1]      met5:  Area:318.9760  S.Area:482.3040  G.Area:  0.1260  D.Area:  1.4742
                Fact:  1.0000     PAR:3.8278e+03   Ratio:3.1897e+03       (S.Area)
_00143_ (2)
  _44401_  (sky130_fd_sc_hs__dfxtp_1) D
[1]      met3:  Area: 23.3800  S.Area:125.1600  G.Area:  0.1260  D.Area:  0.0000
                Fact:  1.0000     PAR:993.3333   Ratio:400.0000       (S.Area)
[1]      met4:  Area: 21.3658  S.Area:110.2960  G.Area:  0.1260  D.Area:  0.0000
                Fact:  1.0000     PAR:875.3651   Ratio:400.0000       (S.Area)
[1]      met5:  Area:437.2480  S.Area:659.7120  G.Area:  0.1260  D.Area:  1.4742
                Fact:  1.0000     PAR:5.2358e+03   Ratio:3.1897e+03       (S.Area)
_00141_ (2)
  _44399_  (sky130_fd_sc_hs__dfxtp_1) D
[1]      met4:  Area:133.5408  S.Area:712.6880  G.Area:  0.1260  D.Area:  1.4742
                Fact:  1.0000     PAR:5.6563e+03   Ratio:3.1897e+03       (S.Area)
_00140_ (2)
  _44398_  (sky130_fd_sc_hs__dfxtp_1) D
[1]      met1:  Area: 16.1008  S.Area: 80.4265  G.Area:  0.1260  D.Area:  0.0000
                Fact:  1.0000     PAR:638.3056   Ratio:400.0000       (S.Area)
[1]      met2:  Area: 10.7834  S.Area: 53.7460  G.Area:  0.1260  D.Area:  0.0000
                Fact:  1.0000     PAR:426.5556   Ratio:400.0000       (S.Area)
_00139_ (2)
  _44397_  (sky130_fd_sc_hs__dfxtp_1) D
[1]      met2:  Area: 19.8120  S.Area: 98.8890  G.Area:  0.1260  D.Area:  0.0000
                Fact:  1.0000     PAR:784.8333   Ratio:400.0000       (S.Area)
[1]      met3:  Area: 97.1088  S.Area:518.3840  G.Area:  0.1260  D.Area:  1.4742
                Fact:  1.0000     PAR:4.1142e+03   Ratio:3.1897e+03       (S.Area)
_00138_ (2)
  _44396_  (sky130_fd_sc_hs__dfxtp_1) D
[1]      met3:  Area: 76.8708  S.Area:410.4480  G.Area:  0.1260  D.Area:  1.4742
                Fact:  1.0000     PAR:3.2575e+03   Ratio:3.1897e+03       (S.Area)
_00136_ (2)
  _44370_  (sky130_fd_sc_hs__dfxtp_1) D
[1]      met4:  Area: 78.1978  S.Area:413.4000  G.Area:  0.1260  D.Area:  0.0000
                Fact:  1.0000     PAR:3.2810e+03   Ratio:400.0000       (S.Area)
[1]      met5:  Area:369.6640  S.Area:558.3360  G.Area:  0.1260  D.Area:  1.4742
                Fact:  1.0000     PAR:4.4312e+03   Ratio:3.1897e+03       (S.Area)
_00135_ (2)
  _44369_  (sky130_fd_sc_hs__dfxtp_1) D
[1]      met3:  Area: 30.5800  S.Area:163.5600  G.Area:  0.1260  D.Area:  0.0000
                Fact:  1.0000     PAR:1.2981e+03   Ratio:400.0000       (S.Area)
_00134_ (2)
  _44368_  (sky130_fd_sc_hs__dfxtp_1) D
[1]      met3:  Area:134.6148  S.Area:718.4160  G.Area:  0.1260  D.Area:  1.4742
                Fact:  1.0000     PAR:5.7017e+03   Ratio:3.1897e+03       (S.Area)
_00133_ (2)
  _44367_  (sky130_fd_sc_hs__dfxtp_1) D
[1]      met3:  Area: 42.3880  S.Area:226.5360  G.Area:  0.1260  D.Area:  0.0000
                Fact:  1.0000     PAR:1.7979e+03   Ratio:400.0000       (S.Area)
[1]      met4:  Area:206.2996  S.Area:1.0971e+03  G.Area:  0.1260  D.Area:  0.0000
                Fact:  1.0000     PAR:8.7070e+03   Ratio:400.0000       (S.Area)
_00132_ (2)
  _44366_  (sky130_fd_sc_hs__dfxtp_1) D
[1]      met3:  Area: 58.9228  S.Area:315.1920  G.Area:  0.1260  D.Area:  0.0000
                Fact:  1.0000     PAR:2.5015e+03   Ratio:400.0000       (S.Area)
_00131_ (2)
  _44365_  (sky130_fd_sc_hs__dfxtp_1) D
[1]      met5:  Area:626.1760  S.Area:943.1040  G.Area:  0.1260  D.Area:  1.4742
                Fact:  1.0000     PAR:7.4850e+03   Ratio:3.1897e+03       (S.Area)
_00130_ (2)
  _44364_  (sky130_fd_sc_hs__dfxtp_1) D
[1]      met1:  Area: 10.2432  S.Area: 51.1385  G.Area:  0.1260  D.Area:  0.0000
                Fact:  1.0000     PAR:405.8611   Ratio:400.0000       (S.Area)
[1]      met2:  Area: 10.7470  S.Area: 53.5640  G.Area:  0.1260  D.Area:  0.0000
                Fact:  1.0000     PAR:425.1111   Ratio:400.0000       (S.Area)
[1]      met3:  Area: 14.4268  S.Area: 77.8800  G.Area:  0.1260  D.Area:  0.0000
                Fact:  1.0000     PAR:618.0952   Ratio:400.0000       (S.Area)
_00124_ (2)
  _44590_  (sky130_fd_sc_hs__dfxtp_4) D
[1]      met3:  Area: 10.5640  S.Area: 56.8080  G.Area:  0.1260  D.Area:  0.0000
                Fact:  1.0000     PAR:450.8571   Ratio:400.0000       (S.Area)
[1]      met4:  Area: 86.2548  S.Area:460.4960  G.Area:  0.1260  D.Area:  2.2848
                Fact:  1.0000     PAR:3.6547e+03   Ratio:3.5139e+03       (S.Area)
_00122_ (2)
  _44588_  (sky130_fd_sc_hs__dfxtp_4) D
[1]      met3:  Area: 16.8748  S.Area: 90.9360  G.Area:  0.1260  D.Area:  0.0000
                Fact:  1.0000     PAR:721.7143   Ratio:400.0000       (S.Area)
_00121_ (2)
  _44587_  (sky130_fd_sc_hs__dfxtp_4) D
[1]      met4:  Area: 98.1396  S.Area:524.3520  G.Area:  0.1260  D.Area:  2.2848
                Fact:  1.0000     PAR:4.1615e+03   Ratio:3.5139e+03       (S.Area)
_00114_ (2)
  _44556_  (sky130_fd_sc_hs__dfxtp_4) D
[1]      met5:  Area:326.6560  S.Area:493.8240  G.Area:  0.1260  D.Area:  3.2861
                Fact:  1.0000     PAR:3.9192e+03   Ratio:3.9144e+03       (S.Area)
_00096_ (2)
  _44586_  (sky130_fd_sc_hs__dfxtp_4) D
[1]      met5:  Area:369.6640  S.Area:558.3360  G.Area:  0.1260  D.Area:  3.2861
                Fact:  1.0000     PAR:4.4312e+03   Ratio:3.9144e+03       (S.Area)
_00095_ (2)
  _44585_  (sky130_fd_sc_hs__dfxtp_4) D
[1]      met2:  Area: 13.4469  S.Area: 67.0635  G.Area:  0.1260  D.Area:  0.0000
                Fact:  1.0000     PAR:532.2500   Ratio:400.0000       (S.Area)
_00087_ (2)
  _44553_  (sky130_fd_sc_hs__dfxtp_4) D
[1]      met3:  Area: 23.3800  S.Area:125.1600  G.Area:  0.1260  D.Area:  0.0000
                Fact:  1.0000     PAR:993.3333   Ratio:400.0000       (S.Area)
_00085_ (2)
  _44551_  (sky130_fd_sc_hs__dfxtp_4) D
[1]      met3:  Area: 24.2440  S.Area:129.7680  G.Area:  0.1260  D.Area:  0.0000
                Fact:  1.0000     PAR:1.0299e+03   Ratio:400.0000       (S.Area)
[1]      met4:  Area: 31.6966  S.Area:165.8640  G.Area:  0.1260  D.Area:  0.0000
                Fact:  1.0000     PAR:1.3164e+03   Ratio:400.0000       (S.Area)
_00083_ (2)
  _44549_  (sky130_fd_sc_hs__dfxtp_4) D
[1]      met2:  Area: 16.7404  S.Area: 83.5310  G.Area:  0.1260  D.Area:  0.0000
                Fact:  1.0000     PAR:662.9444   Ratio:400.0000       (S.Area)
[1]      met4:  Area: 25.4806  S.Area:132.7120  G.Area:  0.1260  D.Area:  0.0000
                Fact:  1.0000     PAR:1.0533e+03   Ratio:400.0000       (S.Area)
[1]      met5:  Area:354.3040  S.Area:535.2960  G.Area:  0.1260  D.Area:  2.2848
                Fact:  1.0000     PAR:4.2484e+03   Ratio:3.5139e+03       (S.Area)
_00082_ (2)
  _44548_  (sky130_fd_sc_hs__dfxtp_4) D
[1]      met4:  Area:113.4576  S.Area:606.0480  G.Area:  0.1260  D.Area:  2.2848
                Fact:  1.0000     PAR:4.8099e+03   Ratio:3.5139e+03       (S.Area)
_00080_ (2)
  _44522_  (sky130_fd_sc_hs__dfxtp_4) D
[1]      met3:  Area: 58.0588  S.Area:310.5840  G.Area:  0.1260  D.Area:  0.0000
                Fact:  1.0000     PAR:2.4650e+03   Ratio:400.0000       (S.Area)
_00078_ (2)
  _44520_  (sky130_fd_sc_hs__dfxtp_4) D
[1]      met3:  Area: 12.7240  S.Area: 68.3280  G.Area:  0.1260  D.Area:  0.0000
                Fact:  1.0000     PAR:542.2857   Ratio:400.0000       (S.Area)
_00073_ (2)
  _44515_  (sky130_fd_sc_hs__dfxtp_4) D
[1]      met4:  Area: 13.1518  S.Area: 66.4880  G.Area:  0.1260  D.Area:  0.0000
                Fact:  1.0000     PAR:527.6825   Ratio:400.0000       (S.Area)
[1]      met5:  Area:328.1920  S.Area:496.1280  G.Area:  0.1260  D.Area:  2.2848
                Fact:  1.0000     PAR:3.9375e+03   Ratio:3.5139e+03       (S.Area)
_00072_ (2)
  _44490_  (sky130_fd_sc_hs__dfxtp_4) D
[1]      met4:  Area: 93.5808  S.Area:499.5680  G.Area:  0.1260  D.Area:  2.2848
                Fact:  1.0000     PAR:3.9648e+03   Ratio:3.5139e+03       (S.Area)
_00071_ (2)
  _44489_  (sky130_fd_sc_hs__dfxtp_4) D
[1]      met2:  Area: 16.2246  S.Area: 80.5980  G.Area:  0.1260  D.Area:  0.0000
                Fact:  1.0000     PAR:639.6667   Ratio:400.0000       (S.Area)
_00069_ (2)
  _44487_  (sky130_fd_sc_hs__dfxtp_4) D
[1]      met2:  Area: 24.7330  S.Area:123.4940  G.Area:  0.1260  D.Area:  0.0000
                Fact:  1.0000     PAR:980.1111   Ratio:400.0000       (S.Area)
_00066_ (2)
  _44484_  (sky130_fd_sc_hs__dfxtp_4) D
[1]      met4:  Area: 93.5808  S.Area:499.5680  G.Area:  0.1260  D.Area:  2.2848
                Fact:  1.0000     PAR:3.9648e+03   Ratio:3.5139e+03       (S.Area)
_00049_ (2)
  _44539_  (sky130_fd_sc_hs__dfxtp_4) D
[1]      met2:  Area: 10.3326  S.Area: 51.4920  G.Area:  0.1260  D.Area:  0.0000
                Fact:  1.0000     PAR:408.6667   Ratio:400.0000       (S.Area)
_00047_ (2)
  _44513_  (sky130_fd_sc_hs__dfxtp_4) D
[1]      met2:  Area: 32.4482  S.Area:161.9520  G.Area:  0.1260  D.Area:  0.0000
                Fact:  1.0000     PAR:1.2853e+03   Ratio:400.0000       (S.Area)
_00044_ (2)
  _44510_  (sky130_fd_sc_hs__dfxtp_4) D
[1]      met3:  Area:  9.7000  S.Area: 52.2000  G.Area:  0.1260  D.Area:  0.0000
                Fact:  1.0000     PAR:414.2857   Ratio:400.0000       (S.Area)
_00043_ (2)
  _44509_  (sky130_fd_sc_hs__dfxtp_4) D
[1]      met2:  Area: 19.2156  S.Area: 95.9070  G.Area:  0.1260  D.Area:  0.0000
                Fact:  1.0000     PAR:761.1667   Ratio:400.0000       (S.Area)
_00042_ (2)
  _44508_  (sky130_fd_sc_hs__dfxtp_4) D
[1]      met3:  Area: 44.9260  S.Area:240.0720  G.Area:  0.1260  D.Area:  0.0000
                Fact:  1.0000     PAR:1.9053e+03   Ratio:400.0000       (S.Area)
[1]      met4:  Area: 85.9296  S.Area:459.2320  G.Area:  0.1260  D.Area:  2.2848
                Fact:  1.0000     PAR:3.6447e+03   Ratio:3.5139e+03       (S.Area)
_00040_ (2)
  _44482_  (sky130_fd_sc_hs__dfxtp_4) D
[1]      met5:  Area:478.7200  S.Area:721.9200  G.Area:  0.1260  D.Area:  2.2848
                Fact:  1.0000     PAR:5.7295e+03   Ratio:3.5139e+03       (S.Area)
_00038_ (2)
  _44480_  (sky130_fd_sc_hs__dfxtp_4) D
[1]      met3:  Area: 26.4040  S.Area:141.2880  G.Area:  0.1260  D.Area:  0.0000
                Fact:  1.0000     PAR:1.1213e+03   Ratio:400.0000       (S.Area)
_00036_ (2)
  _44478_  (sky130_fd_sc_hs__dfxtp_4) D
[1]      met2:  Area: 22.6970  S.Area:113.0780  G.Area:  0.1260  D.Area:  0.0000
                Fact:  1.0000     PAR:897.4444   Ratio:400.0000       (S.Area)
[1]      met3:  Area: 35.0440  S.Area:187.3680  G.Area:  0.1260  D.Area:  0.0000
                Fact:  1.0000     PAR:1.4870e+03   Ratio:400.0000       (S.Area)
_00035_ (2)
  _44477_  (sky130_fd_sc_hs__dfxtp_4) D
[1]      met1:  Area: 12.4454  S.Area: 62.1495  G.Area:  0.1260  D.Area:  0.0000
                Fact:  1.0000     PAR:493.2500   Ratio:400.0000       (S.Area)
_00034_ (2)
  _44476_  (sky130_fd_sc_hs__dfxtp_4) D
[1]      met3:  Area: 15.0280  S.Area: 80.6160  G.Area:  0.1260  D.Area:  0.0000
                Fact:  1.0000     PAR:639.8095   Ratio:400.0000       (S.Area)
_00033_ (2)
  _44475_  (sky130_fd_sc_hs__dfxtp_4) D
[1]      met4:  Area: 43.1296  S.Area:226.8400  G.Area:  0.1260  D.Area:  0.0000
                Fact:  1.0000     PAR:1.8003e+03   Ratio:400.0000       (S.Area)
_00031_ (2)
  _44569_  (sky130_fd_sc_hs__dfxtp_4) D
[1]      met1:  Area: 15.6448  S.Area: 78.1095  G.Area:  0.1260  D.Area:  0.0000
                Fact:  1.0000     PAR:619.9167   Ratio:400.0000       (S.Area)
_00024_ (2)
  _44538_  (sky130_fd_sc_hs__dfxtp_4) D
[1]      met3:  Area: 13.8760  S.Area: 74.4720  G.Area:  0.1260  D.Area:  0.0000
                Fact:  1.0000     PAR:591.0476   Ratio:400.0000       (S.Area)
[1]      met4:  Area: 11.1538  S.Area: 55.8320  G.Area:  0.1260  D.Area:  0.0000
                Fact:  1.0000     PAR:443.1111   Ratio:400.0000       (S.Area)
_00018_ (2)
  _44532_  (sky130_fd_sc_hs__dfxtp_4) D
[1]      met3:  Area: 60.2188  S.Area:322.1040  G.Area:  0.1260  D.Area:  0.0000
                Fact:  1.0000     PAR:2.5564e+03   Ratio:400.0000       (S.Area)
[1]      met4:  Area: 29.0248  S.Area:151.1440  G.Area:  0.1260  D.Area:  0.0000
                Fact:  1.0000     PAR:1.1996e+03   Ratio:400.0000       (S.Area)
_00016_ (2)
  _44506_  (sky130_fd_sc_hs__dfxtp_4) D
[1]      met1:  Area: 16.8652  S.Area: 84.2485  G.Area:  0.1260  D.Area:  0.0000
                Fact:  1.0000     PAR:668.6389   Ratio:400.0000       (S.Area)
_00015_ (2)
  _44505_  (sky130_fd_sc_hs__dfxtp_4) D
[1]      met3:  Area: 11.5720  S.Area: 62.1840  G.Area:  0.1260  D.Area:  0.0000
                Fact:  1.0000     PAR:493.5238   Ratio:400.0000       (S.Area)
[1]      met4:  Area: 34.2418  S.Area:178.9680  G.Area:  0.1260  D.Area:  0.0000
                Fact:  1.0000     PAR:1.4204e+03   Ratio:400.0000       (S.Area)
[1]      met5:  Area:320.5120  S.Area:484.6080  G.Area:  0.1260  D.Area:  2.2848
                Fact:  1.0000     PAR:3.8461e+03   Ratio:3.5139e+03       (S.Area)
_00014_ (2)
  _44504_  (sky130_fd_sc_hs__dfxtp_4) D
[1]      met1:  Area: 11.4374  S.Area: 57.1095  G.Area:  0.1260  D.Area:  0.0000
                Fact:  1.0000     PAR:453.2500   Ratio:400.0000       (S.Area)
_00010_ (2)
  _44500_  (sky130_fd_sc_hs__dfxtp_4) D
[1]      met1:  Area: 15.6192  S.Area: 78.0185  G.Area:  0.1260  D.Area:  0.0000
                Fact:  1.0000     PAR:619.1944   Ratio:400.0000       (S.Area)

Total number of process antenna violations: 255
   Number of pins violated: 190
   Number of nets violated: 185
