###############################################################
#  Generated by:      Cadence Innovus 21.11-s130_1
#  OS:                Linux x86_64(Host ID redondo-asia-tpe-desktop-pawanekar-0)
#  Generated on:      Fri Nov  3 03:26:05 2023
#  Design:            aes_cipher_top
#  Command:           verifyProcessAntenna -report aes_cipher_top_2.sky130hs.antenna.rpt -error 1000000
###############################################################
clk (2)
  clkbuf_0_clk  (sky130_fd_sc_hs__buf_1) A
[1]      met3:  Area:109.7800  S.Area:585.9600  G.Area:  0.2080  D.Area:  0.0000
                Fact:  1.0000     PAR:2.8171e+03   Ratio:400.0000       (S.Area)
[1]      met5:  Area: 76.2880  S.Area:118.2720  G.Area:  0.2080  D.Area:  0.0000
                Fact:  1.0000     PAR:568.6154   Ratio:400.0000       (S.Area)
us33.a[1] (13)
  rebuffer992  (sky130_fd_sc_hs__dlymetal6s4s_1) A
[1]      met1:  Area: 10.2241  S.Area: 50.8270  G.Area:  0.1260  D.Area:  0.0000
                Fact:  1.0000     PAR:403.3889   Ratio:400.0000       (S.Area)
text_in_r[85] (3)
  _39236_  (sky130_fd_sc_hs__nand2_1) B
[1]      met3:  Area: 45.7000  S.Area:244.2000  G.Area:  0.2790  D.Area:  0.0000
                Fact:  1.0000     PAR:875.2688   Ratio:400.0000       (S.Area)
text_in_r[33] (3)
  _31990_  (sky130_fd_sc_hs__nand2_1) B
[1]      met3:  Area: 31.7320  S.Area:169.7040  G.Area:  0.2790  D.Area:  0.0000
                Fact:  1.0000     PAR:608.2581   Ratio:400.0000       (S.Area)
net943 (3)
  rebuffer363  (sky130_fd_sc_hs__dlymetal6s2s_1) A
[1]      met3:  Area: 10.8520  S.Area: 58.3440  G.Area:  0.1260  D.Area:  0.0000
                Fact:  1.0000     PAR:463.0476   Ratio:400.0000       (S.Area)
net885 (3)
  _43770_  (sky130_fd_sc_hs__nand3_1) A
[1]      met3:  Area: 47.5298  S.Area:254.8800  G.Area:  0.5580  D.Area:  0.0000
                Fact:  1.0000     PAR:456.7742   Ratio:400.0000       (S.Area)
  _43767_  (sky130_fd_sc_hs__nand2_1) A
[1]      met3:  Area: 47.5298  S.Area:254.8800  G.Area:  0.5580  D.Area:  0.0000
                Fact:  1.0000     PAR:456.7742   Ratio:400.0000       (S.Area)
net83 (2)
  _25380_  (sky130_fd_sc_hs__nand2_1) B
[1]      met4:  Area:175.5648  S.Area:936.8160  G.Area:  0.2790  D.Area:  1.8417
                Fact:  1.0000     PAR:3.3578e+03   Ratio:3.3367e+03       (S.Area)
net740 (5)
  rebuffer324  (sky130_fd_sc_hs__dlymetal6s2s_1) A
[1]      met1:  Area: 12.5017  S.Area: 62.2860  G.Area:  0.1260  D.Area:  0.0000
                Fact:  1.0000     PAR:494.3333   Ratio:400.0000       (S.Area)
net61 (2)
  _25265_  (sky130_fd_sc_hs__nand2_1) B
[1]      met2:  Area: 29.2704  S.Area:146.1810  G.Area:  0.2790  D.Area:  0.0000
                Fact:  1.0000     PAR:523.9462   Ratio:400.0000       (S.Area)
net50 (2)
  _25104_  (sky130_fd_sc_hs__nor2_1) A
[1]      met3:  Area: 67.3000  S.Area:359.4000  G.Area:  0.2790  D.Area:  0.0000
                Fact:  1.0000     PAR:1.2882e+03   Ratio:400.0000       (S.Area)
net403 (2)
  _44366_  (sky130_fd_sc_hs__dfxtp_1) D
[1]      met2:  Area: 18.6052  S.Area: 92.8550  G.Area:  0.1260  D.Area:  0.0000
                Fact:  1.0000     PAR:736.9444   Ratio:400.0000       (S.Area)
net385 (2)
  output385  (sky130_fd_sc_hs__clkbuf_1) A
[1]      met2:  Area: 39.4986  S.Area:197.2040  G.Area:  0.2310  D.Area:  0.0000
                Fact:  1.0000     PAR:853.6970   Ratio:400.0000       (S.Area)
net37 (2)
  _24087_  (sky130_fd_sc_hs__nand2_1) B
[1]      met5:  Area:890.3680  S.Area:1.3394e+03  G.Area:  0.2790  D.Area:  1.8417
                Fact:  1.0000     PAR:4.8007e+03   Ratio:3.3367e+03       (S.Area)
net366 (2)
  output366  (sky130_fd_sc_hs__clkbuf_1) A
[1]      met1:  Area: 29.5968  S.Area:147.9065  G.Area:  0.2310  D.Area:  0.0000
                Fact:  1.0000     PAR:640.2879   Ratio:400.0000       (S.Area)
net352 (2)
  output352  (sky130_fd_sc_hs__clkbuf_1) A
[1]      met5:  Area:636.9280  S.Area:959.2320  G.Area:  0.2310  D.Area:  1.1160
                Fact:  1.0000     PAR:4.1525e+03   Ratio:3.0464e+03       (S.Area)
net347 (2)
  output347  (sky130_fd_sc_hs__clkbuf_1) A
[1]      met1:  Area: 26.5168  S.Area:132.5065  G.Area:  0.2310  D.Area:  0.0000
                Fact:  1.0000     PAR:573.6212   Ratio:400.0000       (S.Area)
net344 (2)
  output344  (sky130_fd_sc_hs__clkbuf_1) A
[1]      met1:  Area: 24.0304  S.Area:120.0745  G.Area:  0.2310  D.Area:  0.0000
                Fact:  1.0000     PAR:519.8030   Ratio:400.0000       (S.Area)
net343 (2)
  output343  (sky130_fd_sc_hs__clkbuf_1) A
[1]      met1:  Area: 26.3152  S.Area:131.4985  G.Area:  0.2310  D.Area:  0.0000
                Fact:  1.0000     PAR:569.2576   Ratio:400.0000       (S.Area)
net331 (2)
  output331  (sky130_fd_sc_hs__clkbuf_1) A
[1]      met4:  Area:151.0944  S.Area:807.2480  G.Area:  0.2310  D.Area:  1.1160
                Fact:  1.0000     PAR:3.4946e+03   Ratio:3.0464e+03       (S.Area)
net329 (2)
  output329  (sky130_fd_sc_hs__clkbuf_1) A
[1]      met1:  Area: 22.7536  S.Area:113.6905  G.Area:  0.2310  D.Area:  0.0000
                Fact:  1.0000     PAR:492.1667   Ratio:400.0000       (S.Area)
net322 (2)
  output322  (sky130_fd_sc_hs__clkbuf_1) A
[1]      met2:  Area: 26.7378  S.Area:133.5180  G.Area:  0.2310  D.Area:  0.0000
                Fact:  1.0000     PAR:578.0000   Ratio:400.0000       (S.Area)
net311 (2)
  output311  (sky130_fd_sc_hs__clkbuf_1) A
[1]      met1:  Area: 28.2640  S.Area:141.2425  G.Area:  0.2310  D.Area:  0.0000
                Fact:  1.0000     PAR:611.4394   Ratio:400.0000       (S.Area)
net29 (2)
  _25701_  (sky130_fd_sc_hs__nand2_1) B
[1]      met5:  Area:762.8800  S.Area:1.1482e+03  G.Area:  0.2790  D.Area:  1.8417
                Fact:  1.0000     PAR:4.1153e+03   Ratio:3.3367e+03       (S.Area)
net267 (2)
  output267  (sky130_fd_sc_hs__clkbuf_1) A
[1]      met1:  Area: 20.2672  S.Area:101.2585  G.Area:  0.2310  D.Area:  0.0000
                Fact:  1.0000     PAR:438.3485   Ratio:400.0000       (S.Area)
net266 (2)
  output266  (sky130_fd_sc_hs__clkbuf_1) A
[1]      met1:  Area: 26.7856  S.Area:133.8505  G.Area:  0.2310  D.Area:  0.0000
                Fact:  1.0000     PAR:579.4394   Ratio:400.0000       (S.Area)
net25 (2)
  _25694_  (sky130_fd_sc_hs__o2bb2ai_1) A2_N
[1]      met2:  Area: 18.5170  S.Area: 92.4140  G.Area:  0.2220  D.Area:  0.0000
                Fact:  1.0000     PAR:416.2793   Ratio:400.0000       (S.Area)
net1205 (12)
  rebuffer774  (sky130_fd_sc_hs__dlygate4sd2_1) A
[1]      met1:  Area: 11.9179  S.Area: 59.3670  G.Area:  0.1260  D.Area:  0.0000
                Fact:  1.0000     PAR:471.1667   Ratio:400.0000       (S.Area)
net114 (2)
  _25517_  (sky130_fd_sc_hs__nor2_1) A
[1]      met5:  Area:868.8640  S.Area:1.3071e+03  G.Area:  0.2790  D.Area:  1.8417
                Fact:  1.0000     PAR:4.6851e+03   Ratio:3.3367e+03       (S.Area)
net105 (2)
  _25479_  (sky130_fd_sc_hs__nor2_1) A
[1]      met5:  Area:801.2800  S.Area:1.2058e+03  G.Area:  0.2790  D.Area:  1.8417
                Fact:  1.0000     PAR:4.3217e+03   Ratio:3.3367e+03       (S.Area)
clknet_4_2_0_clk (10)
  clkbuf_leaf_1_clk  (sky130_fd_sc_hs__buf_1) A
[1]      met3:  Area: 47.1400  S.Area:251.8800  G.Area:  0.2080  D.Area:  0.0000
                Fact:  1.0000     PAR:1.2110e+03   Ratio:400.0000       (S.Area)
clknet_4_15_0_clk (7)
  clkbuf_opt_8_0_clk  (sky130_fd_sc_hs__buf_1) A
[1]      met1:  Area: 17.7520  S.Area: 88.5745  G.Area:  0.2080  D.Area:  0.0000
                Fact:  1.0000     PAR:425.8389   Ratio:400.0000       (S.Area)
clknet_4_10_0_clk (7)
  clkbuf_opt_5_0_clk  (sky130_fd_sc_hs__buf_1) A
[1]      met1:  Area: 17.1339  S.Area: 85.4840  G.Area:  0.2080  D.Area:  0.0000
                Fact:  1.0000     PAR:410.9808   Ratio:400.0000       (S.Area)
clknet_4_0_0_clk (8)
  clkbuf_opt_1_0_clk  (sky130_fd_sc_hs__buf_1) A
[1]      met3:  Area: 38.7319  S.Area:207.0320  G.Area:  0.4160  D.Area:  0.0000
                Fact:  1.0000     PAR:497.6731   Ratio:400.0000       (S.Area)
  clkbuf_leaf_118_clk  (sky130_fd_sc_hs__buf_1) A
[1]      met3:  Area: 38.7319  S.Area:207.0320  G.Area:  0.4160  D.Area:  0.0000
                Fact:  1.0000     PAR:497.6731   Ratio:400.0000       (S.Area)
clknet_3_5_1_clk (3)
  clkbuf_4_11_0_clk  (sky130_fd_sc_hs__buf_1) A
[1]      met3:  Area: 36.0604  S.Area:192.7840  G.Area:  0.4160  D.Area:  0.0000
                Fact:  1.0000     PAR:463.4231   Ratio:400.0000       (S.Area)
  clkbuf_4_10_0_clk  (sky130_fd_sc_hs__buf_1) A
[1]      met3:  Area: 36.0604  S.Area:192.7840  G.Area:  0.4160  D.Area:  0.0000
                Fact:  1.0000     PAR:463.4231   Ratio:400.0000       (S.Area)
clknet_3_3_1_clk (3)
  clkbuf_4_7_0_clk  (sky130_fd_sc_hs__buf_1) A
[1]      met3:  Area: 35.6276  S.Area:190.4720  G.Area:  0.2080  D.Area:  0.0000
                Fact:  1.0000     PAR:915.7308   Ratio:400.0000       (S.Area)
clknet_2_3_0_clk (2)
  clkbuf_2_3_1_clk  (sky130_fd_sc_hs__buf_1) A
[1]      met3:  Area: 30.7240  S.Area:164.3280  G.Area:  0.2080  D.Area:  0.0000
                Fact:  1.0000     PAR:790.0385   Ratio:400.0000       (S.Area)
_21076_ (3)
  _29873_  (sky130_fd_sc_hs__nand3_1) A
[1]      met3:  Area: 54.7720  S.Area:292.5840  G.Area:  0.4870  D.Area:  0.0000
                Fact:  1.0000     PAR:600.7885   Ratio:400.0000       (S.Area)
  rebuffer942  (sky130_fd_sc_hs__buf_1) A
[1]      met3:  Area: 54.7720  S.Area:292.5840  G.Area:  0.4870  D.Area:  0.0000
                Fact:  1.0000     PAR:600.7885   Ratio:400.0000       (S.Area)
_21045_ (3)
  _29841_  (sky130_fd_sc_hs__nand3_1) A
[1]      met3:  Area: 99.2680  S.Area:529.8960  G.Area:  0.5580  D.Area:  0.0000
                Fact:  1.0000     PAR:949.6344   Ratio:400.0000       (S.Area)
  _29839_  (sky130_fd_sc_hs__nand2_1) A
[1]      met3:  Area: 99.2680  S.Area:529.8960  G.Area:  0.5580  D.Area:  0.0000
                Fact:  1.0000     PAR:949.6344   Ratio:400.0000       (S.Area)
_19883_ (3)
  _28668_  (sky130_fd_sc_hs__nand4_1) D
[1]      met3:  Area: 29.8348  S.Area:160.0560  G.Area:  0.2790  D.Area:  0.0000
                Fact:  1.0000     PAR:573.6774   Ratio:400.0000       (S.Area)
_16926_ (2)
  _25704_  (sky130_fd_sc_hs__nand2_1) B
[1]      met4:  Area: 41.6788  S.Area:218.6320  G.Area:  0.2790  D.Area:  0.0000
                Fact:  1.0000     PAR:783.6272   Ratio:400.0000       (S.Area)
_16924_ (2)
  _25700_  (sky130_fd_sc_hs__nand2_1) B
[1]      met2:  Area: 28.8684  S.Area:144.0530  G.Area:  0.2790  D.Area:  0.0000
                Fact:  1.0000     PAR:516.3190   Ratio:400.0000       (S.Area)
_16902_ (2)
  _25667_  (sky130_fd_sc_hs__o21ai_1) B1
[1]      met3:  Area: 32.7400  S.Area:175.0800  G.Area:  0.2790  D.Area:  0.0000
                Fact:  1.0000     PAR:627.5269   Ratio:400.0000       (S.Area)
_16900_ (2)
  _25664_  (sky130_fd_sc_hs__o21ai_1) B1
[1]      met3:  Area: 28.8520  S.Area:154.3440  G.Area:  0.2790  D.Area:  0.0000
                Fact:  1.0000     PAR:553.2043   Ratio:400.0000       (S.Area)
_16896_ (2)
  _25658_  (sky130_fd_sc_hs__nand2_1) B
[1]      met3:  Area: 26.8360  S.Area:143.5920  G.Area:  0.2790  D.Area:  0.0000
                Fact:  1.0000     PAR:514.6667   Ratio:400.0000       (S.Area)
_16859_ (2)
  _25610_  (sky130_fd_sc_hs__o21ai_1) B1
[1]      met3:  Area: 26.5480  S.Area:142.0560  G.Area:  0.2790  D.Area:  0.0000
                Fact:  1.0000     PAR:509.1613   Ratio:400.0000       (S.Area)
_16857_ (2)
  _25607_  (sky130_fd_sc_hs__o21ai_1) B1
[1]      met2:  Area: 33.3626  S.Area:166.6420  G.Area:  0.2790  D.Area:  0.0000
                Fact:  1.0000     PAR:597.2832   Ratio:400.0000       (S.Area)
_16811_ (2)
  _25554_  (sky130_fd_sc_hs__o21ai_1) B1
[1]      met2:  Area: 28.1000  S.Area:140.3290  G.Area:  0.2790  D.Area:  0.0000
                Fact:  1.0000     PAR:502.9713   Ratio:400.0000       (S.Area)
_16760_ (2)
  _25494_  (sky130_fd_sc_hs__nand2_1) B
[1]      met3:  Area: 29.1400  S.Area:155.8800  G.Area:  0.2790  D.Area:  0.0000
                Fact:  1.0000     PAR:558.7097   Ratio:400.0000       (S.Area)
_16740_ (2)
  _25469_  (sky130_fd_sc_hs__o21ai_1) B1
[1]      met2:  Area: 31.1877  S.Area:155.7675  G.Area:  0.2790  D.Area:  0.0000
                Fact:  1.0000     PAR:558.3065   Ratio:400.0000       (S.Area)
_16730_ (2)
  _25456_  (sky130_fd_sc_hs__nand2_1) B
[1]      met3:  Area: 22.9480  S.Area:122.8560  G.Area:  0.2790  D.Area:  0.0000
                Fact:  1.0000     PAR:440.3441   Ratio:400.0000       (S.Area)
_16715_ (2)
  _25437_  (sky130_fd_sc_hs__nand2_1) B
[1]      met3:  Area: 29.5720  S.Area:158.1840  G.Area:  0.2790  D.Area:  0.0000
                Fact:  1.0000     PAR:566.9677   Ratio:400.0000       (S.Area)
_16656_ (2)
  _25364_  (sky130_fd_sc_hs__a21oi_1) B1
[1]      met3:  Area: 52.0360  S.Area:277.9920  G.Area:  0.2790  D.Area:  0.0000
                Fact:  1.0000     PAR:996.3871   Ratio:400.0000       (S.Area)
_16641_ (2)
  _25345_  (sky130_fd_sc_hs__o21ai_1) B1
[1]      met4:  Area:214.6896  S.Area:1.1460e+03  G.Area:  0.2790  D.Area:  2.2848
                Fact:  1.0000     PAR:4.1074e+03   Ratio:3.5139e+03       (S.Area)
_16613_ (2)
  _25312_  (sky130_fd_sc_hs__nand2_1) B
[1]      met3:  Area: 33.3160  S.Area:178.1520  G.Area:  0.2790  D.Area:  0.0000
                Fact:  1.0000     PAR:638.5376   Ratio:400.0000       (S.Area)
_16596_ (2)
  _25292_  (sky130_fd_sc_hs__o21ai_1) B1
[1]      met4:  Area: 43.5736  S.Area:229.2080  G.Area:  0.2790  D.Area:  0.0000
                Fact:  1.0000     PAR:821.5341   Ratio:400.0000       (S.Area)
_16563_ (2)
  _25252_  (sky130_fd_sc_hs__nand2_1) B
[1]      met2:  Area: 36.6204  S.Area:182.9310  G.Area:  0.2790  D.Area:  0.0000
                Fact:  1.0000     PAR:655.6667   Ratio:400.0000       (S.Area)
_16449_ (2)
  _25131_  (sky130_fd_sc_hs__and3_1) C
[1]      met4:  Area: 29.0248  S.Area:151.1440  G.Area:  0.2220  D.Area:  0.0000
                Fact:  1.0000     PAR:680.8288   Ratio:400.0000       (S.Area)
_15938_ (2)
  _24621_  (sky130_fd_sc_hs__o2111ai_1) C1
[1]      met3:  Area: 23.0920  S.Area:123.6240  G.Area:  0.2790  D.Area:  0.0000
                Fact:  1.0000     PAR:443.0968   Ratio:400.0000       (S.Area)
_14621_ (2)
  _44296_  (sky130_fd_sc_hs__a21oi_1) B1
[1]      met4:  Area:197.8176  S.Area:1.0560e+03  G.Area:  0.2790  D.Area:  2.8393
                Fact:  1.0000     PAR:3.7848e+03   Ratio:3.7357e+03       (S.Area)
_14620_ (2)
  _44294_  (sky130_fd_sc_hs__a21oi_1) B1
[1]      met2:  Area: 30.7418  S.Area:153.5380  G.Area:  0.2790  D.Area:  0.0000
                Fact:  1.0000     PAR:550.3154   Ratio:400.0000       (S.Area)
_14600_ (2)
  _44248_  (sky130_fd_sc_hs__a21oi_1) B1
[1]      met3:  Area: 56.6440  S.Area:302.5680  G.Area:  0.2790  D.Area:  0.0000
                Fact:  1.0000     PAR:1.0845e+03   Ratio:400.0000       (S.Area)
_14596_ (2)
  _44238_  (sky130_fd_sc_hs__a21oi_1) B1
[1]      met1:  Area: 30.1148  S.Area:150.4965  G.Area:  0.2790  D.Area:  0.0000
                Fact:  1.0000     PAR:539.4140   Ratio:400.0000       (S.Area)
_14585_ (2)
  _44219_  (sky130_fd_sc_hs__a21oi_1) B1
[1]      met2:  Area: 22.3866  S.Area:111.7620  G.Area:  0.2790  D.Area:  0.0000
                Fact:  1.0000     PAR:400.5806   Ratio:400.0000       (S.Area)
_14569_ (2)
  _44185_  (sky130_fd_sc_hs__a21oi_1) B1
[1]      met3:  Area: 26.6920  S.Area:142.8240  G.Area:  0.2790  D.Area:  0.0000
                Fact:  1.0000     PAR:511.9140   Ratio:400.0000       (S.Area)
_14567_ (2)
  _44181_  (sky130_fd_sc_hs__a21oi_1) B1
[1]      met4:  Area: 40.4578  S.Area:212.1200  G.Area:  0.2790  D.Area:  0.0000
                Fact:  1.0000     PAR:760.2867   Ratio:400.0000       (S.Area)
_14559_ (2)
  _44166_  (sky130_fd_sc_hs__a21oi_1) B1
[1]      met2:  Area: 29.7730  S.Area:148.6940  G.Area:  0.2790  D.Area:  0.0000
                Fact:  1.0000     PAR:532.9534   Ratio:400.0000       (S.Area)
[1]      met3:  Area: 50.8840  S.Area:271.8480  G.Area:  0.2790  D.Area:  0.0000
                Fact:  1.0000     PAR:974.3656   Ratio:400.0000       (S.Area)
_14554_ (2)
  _44154_  (sky130_fd_sc_hs__a21oi_1) B1
[1]      met4:  Area: 57.1078  S.Area:300.9200  G.Area:  0.2790  D.Area:  0.0000
                Fact:  1.0000     PAR:1.0786e+03   Ratio:400.0000       (S.Area)
_14407_ (3)
  _44288_  (sky130_fd_sc_hs__a21oi_1) A2
[1]      met4:  Area:192.7810  S.Area:1.0264e+03  G.Area:  0.2790  D.Area:  2.1728
                Fact:  1.0000     PAR:3.6788e+03   Ratio:3.4691e+03       (S.Area)
_14308_ (3)
  _43769_  (sky130_fd_sc_hs__nand2_1) B
[1]      met4:  Area:182.1588  S.Area:974.7630  G.Area:  0.2790  D.Area:  2.1728
                Fact:  1.0000     PAR:3.4938e+03   Ratio:3.4691e+03       (S.Area)
_12120_ (10)
  _23159_  (sky130_fd_sc_hs__a41oi_1) A3
[1]      met3:  Area: 22.5428  S.Area:121.6320  G.Area:  0.2790  D.Area:  0.0000
                Fact:  1.0000     PAR:435.9570   Ratio:400.0000       (S.Area)
_12003_ (3)
  _41659_  (sky130_fd_sc_hs__nand3_1) C
[1]      met3:  Area: 46.4200  S.Area:248.0400  G.Area:  0.5580  D.Area:  0.0000
                Fact:  1.0000     PAR:444.5161   Ratio:400.0000       (S.Area)
  _41656_  (sky130_fd_sc_hs__nand2_1) B
[1]      met3:  Area: 46.4200  S.Area:248.0400  G.Area:  0.5580  D.Area:  0.0000
                Fact:  1.0000     PAR:444.5161   Ratio:400.0000       (S.Area)
_10953_ (8)
  _43185_  (sky130_fd_sc_hs__o21ai_1) A1
[1]      met3:  Area: 21.7300  S.Area:116.3600  G.Area:  0.2790  D.Area:  0.0000
                Fact:  1.0000     PAR:417.0609   Ratio:400.0000       (S.Area)
_10117_ (10)
  _41346_  (sky130_fd_sc_hs__o21ai_1) A1
[1]      met3:  Area: 36.4840  S.Area:195.0480  G.Area:  0.2790  D.Area:  0.0000
                Fact:  1.0000     PAR:699.0968   Ratio:400.0000       (S.Area)
_07105_ (2)
  _37171_  (sky130_fd_sc_hs__nand2_1) A
[1]      met3:  Area: 28.7320  S.Area:153.7040  G.Area:  0.2790  D.Area:  0.0000
                Fact:  1.0000     PAR:550.9104   Ratio:400.0000       (S.Area)
_06572_ (2)
  _22544_  (sky130_fd_sc_hs__nand2_1) B
[1]      met3:  Area: 28.4200  S.Area:152.0400  G.Area:  0.2790  D.Area:  0.0000
                Fact:  1.0000     PAR:544.9462   Ratio:400.0000       (S.Area)
_04468_ (3)
  _34765_  (sky130_fd_sc_hs__nand2_1) A
[1]      met2:  Area: 24.8212  S.Area:123.9350  G.Area:  0.2790  D.Area:  0.0000
                Fact:  1.0000     PAR:444.2115   Ratio:400.0000       (S.Area)
[1]      met3:  Area: 47.4400  S.Area:253.4800  G.Area:  0.2790  D.Area:  0.0000
                Fact:  1.0000     PAR:908.5305   Ratio:400.0000       (S.Area)
_04042_ (3)
  _34366_  (sky130_fd_sc_hs__nand3_1) C
[1]      met4:  Area: 83.4148  S.Area:441.2240  G.Area:  0.5580  D.Area:  0.0000
                Fact:  1.0000     PAR:790.7240   Ratio:400.0000       (S.Area)
  _34363_  (sky130_fd_sc_hs__nand2_1) B
[1]      met4:  Area: 83.4148  S.Area:441.2240  G.Area:  0.5580  D.Area:  0.0000
                Fact:  1.0000     PAR:790.7240   Ratio:400.0000       (S.Area)
_03271_ (3)
  _33656_  (sky130_fd_sc_hs__and3b_1) B
[1]      met3:  Area: 17.0440  S.Area: 91.3680  G.Area:  0.2220  D.Area:  0.0000
                Fact:  1.0000     PAR:411.5676   Ratio:400.0000       (S.Area)
_01012_ (2)
  _31457_  (sky130_fd_sc_hs__nand2_1) B
[1]      met3:  Area: 61.3960  S.Area:327.9120  G.Area:  0.2790  D.Area:  0.0000
                Fact:  1.0000     PAR:1.1753e+03   Ratio:400.0000       (S.Area)
_00740_ (11)
  _33201_  (sky130_fd_sc_hs__nand2_1) B
[1]      met3:  Area: 23.1164  S.Area:123.7200  G.Area:  0.2790  D.Area:  0.0000
                Fact:  1.0000     PAR:443.4409   Ratio:400.0000       (S.Area)
_00256_ (2)
  _44458_  (sky130_fd_sc_hs__dfxtp_2) D
[1]      met2:  Area: 10.6978  S.Area: 53.2000  G.Area:  0.1260  D.Area:  0.0000
                Fact:  1.0000     PAR:422.2222   Ratio:400.0000       (S.Area)
_00255_ (2)
  _44457_  (sky130_fd_sc_hs__dfxtp_1) D
[1]      met3:  Area: 35.7640  S.Area:191.2080  G.Area:  0.1260  D.Area:  0.0000
                Fact:  1.0000     PAR:1.5175e+03   Ratio:400.0000       (S.Area)
[1]      met4:  Area: 80.2608  S.Area:428.5280  G.Area:  0.1260  D.Area:  1.4742
                Fact:  1.0000     PAR:3.4010e+03   Ratio:3.1897e+03       (S.Area)
_00254_ (2)
  _44456_  (sky130_fd_sc_hs__dfxtp_1) D
[1]      met4:  Area:162.5196  S.Area:867.7120  G.Area:  0.1260  D.Area:  1.4742
                Fact:  1.0000     PAR:6.8866e+03   Ratio:3.1897e+03       (S.Area)
_00253_ (2)
  _44455_  (sky130_fd_sc_hs__dfxtp_1) D
[1]      met3:  Area: 41.2360  S.Area:220.3920  G.Area:  0.1260  D.Area:  0.0000
                Fact:  1.0000     PAR:1.7491e+03   Ratio:400.0000       (S.Area)
[1]      met4:  Area:185.2668  S.Area:988.5600  G.Area:  0.1260  D.Area:  1.4742
                Fact:  1.0000     PAR:7.8457e+03   Ratio:3.1897e+03       (S.Area)
_00252_ (2)
  _44454_  (sky130_fd_sc_hs__dfxtp_1) D
[1]      met5:  Area:1.2160e+03  S.Area:1.8278e+03  G.Area:  0.1260  D.Area:  1.4742
                Fact:  1.0000     PAR:1.4507e+04   Ratio:3.1897e+03       (S.Area)
_00251_ (2)
  _44453_  (sky130_fd_sc_hs__dfxtp_1) D
[1]      met3:  Area: 37.2040  S.Area:198.8880  G.Area:  0.1260  D.Area:  0.0000
                Fact:  1.0000     PAR:1.5785e+03   Ratio:400.0000       (S.Area)
[1]      met4:  Area:124.8828  S.Area:666.5120  G.Area:  0.1260  D.Area:  1.4742
                Fact:  1.0000     PAR:5.2898e+03   Ratio:3.1897e+03       (S.Area)
_00250_ (2)
  _44452_  (sky130_fd_sc_hs__dfxtp_2) D
[1]      met3:  Area: 45.8440  S.Area:244.9680  G.Area:  0.1260  D.Area:  0.0000
                Fact:  1.0000     PAR:1.9442e+03   Ratio:400.0000       (S.Area)
_00249_ (2)
  _44451_  (sky130_fd_sc_hs__dfxtp_1) D
[1]      met3:  Area:140.0200  S.Area:747.2400  G.Area:  0.1260  D.Area:  0.0000
                Fact:  1.0000     PAR:5.9305e+03   Ratio:400.0000       (S.Area)
[1]      met4:  Area: 85.0416  S.Area:454.4960  G.Area:  0.1260  D.Area:  1.4742
                Fact:  1.0000     PAR:3.6071e+03   Ratio:3.1897e+03       (S.Area)
_00248_ (2)
  _44426_  (sky130_fd_sc_hs__dfxtp_2) D
[1]      met4:  Area:129.6636  S.Area:692.4800  G.Area:  0.1260  D.Area:  1.4742
                Fact:  1.0000     PAR:5.4959e+03   Ratio:3.1897e+03       (S.Area)
_00247_ (2)
  _44425_  (sky130_fd_sc_hs__dfxtp_1) D
[1]      met2:  Area: 26.4270  S.Area:131.9640  G.Area:  0.1260  D.Area:  0.0000
                Fact:  1.0000     PAR:1.0473e+03   Ratio:400.0000       (S.Area)
_00246_ (2)
  _44424_  (sky130_fd_sc_hs__dfxtp_1) D
[1]      met3:  Area: 43.3960  S.Area:231.9120  G.Area:  0.1260  D.Area:  0.0000
                Fact:  1.0000     PAR:1.8406e+03   Ratio:400.0000       (S.Area)
[1]      met4:  Area:137.8776  S.Area:736.2880  G.Area:  0.1260  D.Area:  1.4742
                Fact:  1.0000     PAR:5.8436e+03   Ratio:3.1897e+03       (S.Area)
_00245_ (2)
  _44423_  (sky130_fd_sc_hs__dfxtp_1) D
[1]      met3:  Area: 28.4200  S.Area:152.0400  G.Area:  0.1260  D.Area:  0.0000
                Fact:  1.0000     PAR:1.2067e+03   Ratio:400.0000       (S.Area)
[1]      met4:  Area:122.4408  S.Area:653.4880  G.Area:  0.1260  D.Area:  1.4742
                Fact:  1.0000     PAR:5.1864e+03   Ratio:3.1897e+03       (S.Area)
_00244_ (2)
  _44422_  (sky130_fd_sc_hs__dfxtp_1) D
[1]      met4:  Area:145.2036  S.Area:775.3600  G.Area:  0.1260  D.Area:  1.4742
                Fact:  1.0000     PAR:6.1537e+03   Ratio:3.1897e+03       (S.Area)
_00243_ (2)
  _44421_  (sky130_fd_sc_hs__dfxtp_1) D
[1]      met1:  Area: 11.5200  S.Area: 57.5225  G.Area:  0.1260  D.Area:  0.0000
                Fact:  1.0000     PAR:456.5278   Ratio:400.0000       (S.Area)
[1]      met2:  Area: 34.0934  S.Area:170.2960  G.Area:  0.1260  D.Area:  0.0000
                Fact:  1.0000     PAR:1.3516e+03   Ratio:400.0000       (S.Area)
[1]      met4:  Area:125.7708  S.Area:671.2480  G.Area:  0.1260  D.Area:  1.4742
                Fact:  1.0000     PAR:5.3274e+03   Ratio:3.1897e+03       (S.Area)
_00242_ (2)
  _44420_  (sky130_fd_sc_hs__dfxtp_1) D
[1]      met3:  Area:121.5108  S.Area:648.5280  G.Area:  0.1260  D.Area:  1.4742
                Fact:  1.0000     PAR:5.1470e+03   Ratio:3.1897e+03       (S.Area)
_00240_ (2)
  _44346_  (sky130_fd_sc_hs__dfxtp_1) D
[1]      met5:  Area:637.9520  S.Area:964.6080  G.Area:  0.1260  D.Area:  1.4742
                Fact:  1.0000     PAR:7.6556e+03   Ratio:3.1897e+03       (S.Area)
_00239_ (2)
  _44345_  (sky130_fd_sc_hs__dfxtp_2) D
[1]      met4:  Area:129.9888  S.Area:693.7440  G.Area:  0.1260  D.Area:  1.4742
                Fact:  1.0000     PAR:5.5059e+03   Ratio:3.1897e+03       (S.Area)
_00236_ (2)
  _44342_  (sky130_fd_sc_hs__dfxtp_1) D
[1]      met3:  Area:230.4936  S.Area:1.2302e+03  G.Area:  0.1260  D.Area:  1.4742
                Fact:  1.0000     PAR:9.7638e+03   Ratio:3.1897e+03       (S.Area)
_00235_ (2)
  _44341_  (sky130_fd_sc_hs__dfxtp_1) D
[1]      met2:  Area: 14.0468  S.Area: 70.0630  G.Area:  0.1260  D.Area:  0.0000
                Fact:  1.0000     PAR:556.0556   Ratio:400.0000       (S.Area)
[1]      met3:  Area: 19.0600  S.Area:102.1200  G.Area:  0.1260  D.Area:  0.0000
                Fact:  1.0000     PAR:810.4762   Ratio:400.0000       (S.Area)
_00234_ (2)
  _44340_  (sky130_fd_sc_hs__dfxtp_1) D
[1]      met4:  Area:135.5388  S.Area:723.3440  G.Area:  0.1260  D.Area:  1.4742
                Fact:  1.0000     PAR:5.7408e+03   Ratio:3.1897e+03       (S.Area)
_00233_ (2)
  _44339_  (sky130_fd_sc_hs__dfxtp_1) D
[1]      met3:  Area: 49.1560  S.Area:262.6320  G.Area:  0.1260  D.Area:  0.0000
                Fact:  1.0000     PAR:2.0844e+03   Ratio:400.0000       (S.Area)
[1]      met4:  Area:134.3256  S.Area:717.3440  G.Area:  0.1260  D.Area:  1.4742
                Fact:  1.0000     PAR:5.6932e+03   Ratio:3.1897e+03       (S.Area)
_00232_ (2)
  _44394_  (sky130_fd_sc_hs__dfxtp_1) D
[1]      met2:  Area: 14.9792  S.Area: 74.7250  G.Area:  0.1260  D.Area:  0.0000
                Fact:  1.0000     PAR:593.0556   Ratio:400.0000       (S.Area)
[1]      met3:  Area: 19.0600  S.Area:102.1200  G.Area:  0.1260  D.Area:  0.0000
                Fact:  1.0000     PAR:810.4762   Ratio:400.0000       (S.Area)
[1]      met4:  Area:146.2236  S.Area:780.8000  G.Area:  0.1260  D.Area:  1.4742
                Fact:  1.0000     PAR:6.1968e+03   Ratio:3.1897e+03       (S.Area)
_00231_ (2)
  _44393_  (sky130_fd_sc_hs__dfxtp_1) D
[1]      met3:  Area:116.0916  S.Area:620.0960  G.Area:  0.1260  D.Area:  1.4742
                Fact:  1.0000     PAR:4.9214e+03   Ratio:3.1897e+03       (S.Area)
_00229_ (2)
  _44391_  (sky130_fd_sc_hs__dfxtp_1) D
[1]      met2:  Area: 42.2050  S.Area:210.8540  G.Area:  0.1260  D.Area:  0.0000
                Fact:  1.0000     PAR:1.6734e+03   Ratio:400.0000       (S.Area)
_00228_ (2)
  _44390_  (sky130_fd_sc_hs__dfxtp_1) D
[1]      met2:  Area: 30.3946  S.Area:151.8020  G.Area:  0.1260  D.Area:  0.0000
                Fact:  1.0000     PAR:1.2048e+03   Ratio:400.0000       (S.Area)
_00226_ (2)
  _44388_  (sky130_fd_sc_hs__dfxtp_1) D
[1]      met5:  Area:418.8160  S.Area:632.0640  G.Area:  0.1260  D.Area:  1.4742
                Fact:  1.0000     PAR:5.0164e+03   Ratio:3.1897e+03       (S.Area)
_00224_ (2)
  _44362_  (sky130_fd_sc_hs__dfxtp_1) D
[1]      met2:  Area: 37.1158  S.Area:185.2900  G.Area:  0.1260  D.Area:  0.0000
                Fact:  1.0000     PAR:1.4706e+03   Ratio:400.0000       (S.Area)
[1]      met3:  Area: 33.3160  S.Area:178.1520  G.Area:  0.1260  D.Area:  0.0000
                Fact:  1.0000     PAR:1.4139e+03   Ratio:400.0000       (S.Area)
_00223_ (2)
  _44361_  (sky130_fd_sc_hs__dfxtp_1) D
[1]      met5:  Area:613.8880  S.Area:924.6720  G.Area:  0.1260  D.Area:  1.4742
                Fact:  1.0000     PAR:7.3387e+03   Ratio:3.1897e+03       (S.Area)
_00222_ (2)
  _44360_  (sky130_fd_sc_hs__dfxtp_2) D
[1]      met3:  Area: 32.4508  S.Area:174.0080  G.Area:  0.1260  D.Area:  0.0000
                Fact:  1.0000     PAR:1.3810e+03   Ratio:400.0000       (S.Area)
_00220_ (2)
  _44358_  (sky130_fd_sc_hs__dfxtp_1) D
[1]      met3:  Area:121.8760  S.Area:650.4720  G.Area:  0.1260  D.Area:  0.0000
                Fact:  1.0000     PAR:5.1625e+03   Ratio:400.0000       (S.Area)
[1]      met4:  Area: 16.4818  S.Area: 84.2480  G.Area:  0.1260  D.Area:  0.0000
                Fact:  1.0000     PAR:668.6349   Ratio:400.0000       (S.Area)
[1]      met5:  Area:609.2800  S.Area:917.7600  G.Area:  0.1260  D.Area:  1.4742
                Fact:  1.0000     PAR:7.2838e+03   Ratio:3.1897e+03       (S.Area)
_00219_ (2)
  _44357_  (sky130_fd_sc_hs__dfxtp_1) D
[1]      met4:  Area: 35.1298  S.Area:183.7040  G.Area:  0.1260  D.Area:  0.0000
                Fact:  1.0000     PAR:1.4580e+03   Ratio:400.0000       (S.Area)
[1]      met5:  Area:598.5280  S.Area:901.6320  G.Area:  0.1260  D.Area:  1.4742
                Fact:  1.0000     PAR:7.1558e+03   Ratio:3.1897e+03       (S.Area)
_00218_ (2)
  _44356_  (sky130_fd_sc_hs__dfxtp_1) D
[1]      met2:  Area: 51.2392  S.Area:256.0250  G.Area:  0.1260  D.Area:  0.0000
                Fact:  1.0000     PAR:2.0319e+03   Ratio:400.0000       (S.Area)
[1]      met3:  Area:112.4820  S.Area:602.2560  G.Area:  0.1260  D.Area:  1.4742
                Fact:  1.0000     PAR:4.7798e+03   Ratio:3.1897e+03       (S.Area)
_00217_ (2)
  _44355_  (sky130_fd_sc_hs__dfxtp_2) D
[1]      met3:  Area: 44.1160  S.Area:235.7520  G.Area:  0.1260  D.Area:  0.0000
                Fact:  1.0000     PAR:1.8710e+03   Ratio:400.0000       (S.Area)
_00215_ (2)
  _44449_  (sky130_fd_sc_hs__dfxtp_1) D
[1]      met3:  Area: 71.7640  S.Area:383.2080  G.Area:  0.1260  D.Area:  0.0000
                Fact:  1.0000     PAR:3.0413e+03   Ratio:400.0000       (S.Area)
[1]      met4:  Area: 37.1278  S.Area:194.3600  G.Area:  0.1260  D.Area:  0.0000
                Fact:  1.0000     PAR:1.5425e+03   Ratio:400.0000       (S.Area)
[1]      met5:  Area:467.9680  S.Area:705.7920  G.Area:  0.1260  D.Area:  1.4742
                Fact:  1.0000     PAR:5.6015e+03   Ratio:3.1897e+03       (S.Area)
_00214_ (2)
  _44448_  (sky130_fd_sc_hs__dfxtp_1) D
[1]      met4:  Area:225.8928  S.Area:1.2052e+03  G.Area:  0.1260  D.Area:  1.4742
                Fact:  1.0000     PAR:9.5653e+03   Ratio:3.1897e+03       (S.Area)
_00213_ (2)
  _44447_  (sky130_fd_sc_hs__dfxtp_2) D
[1]      met3:  Area:157.4856  S.Area:840.8640  G.Area:  0.1260  D.Area:  1.4742
                Fact:  1.0000     PAR:6.6735e+03   Ratio:3.1897e+03       (S.Area)
_00211_ (2)
  _44445_  (sky130_fd_sc_hs__dfxtp_1) D
[1]      met2:  Area: 16.4604  S.Area: 82.1310  G.Area:  0.1260  D.Area:  0.0000
                Fact:  1.0000     PAR:651.8333   Ratio:400.0000       (S.Area)
[1]      met3:  Area: 30.9616  S.Area:166.5360  G.Area:  0.1260  D.Area:  0.0000
                Fact:  1.0000     PAR:1.3217e+03   Ratio:400.0000       (S.Area)
_00210_ (2)
  _44444_  (sky130_fd_sc_hs__dfxtp_1) D
[1]      met4:  Area:183.0756  S.Area:977.3440  G.Area:  0.1260  D.Area:  1.4742
                Fact:  1.0000     PAR:7.7567e+03   Ratio:3.1897e+03       (S.Area)
_00209_ (2)
  _44443_  (sky130_fd_sc_hs__dfxtp_1) D
[1]      met3:  Area:110.8548  S.Area:591.6960  G.Area:  0.1260  D.Area:  1.4742
                Fact:  1.0000     PAR:4.6960e+03   Ratio:3.1897e+03       (S.Area)
_00208_ (2)
  _44418_  (sky130_fd_sc_hs__dfxtp_1) D
[1]      met4:  Area:135.9178  S.Area:721.2400  G.Area:  0.1260  D.Area:  0.0000
                Fact:  1.0000     PAR:5.7241e+03   Ratio:400.0000       (S.Area)
_00207_ (2)
  _44417_  (sky130_fd_sc_hs__dfxtp_1) D
[1]      met3:  Area: 41.9560  S.Area:224.2320  G.Area:  0.1260  D.Area:  0.0000
                Fact:  1.0000     PAR:1.7796e+03   Ratio:400.0000       (S.Area)
[1]      met4:  Area:163.6296  S.Area:873.6320  G.Area:  0.1260  D.Area:  1.4742
                Fact:  1.0000     PAR:6.9336e+03   Ratio:3.1897e+03       (S.Area)
_00206_ (2)
  _44416_  (sky130_fd_sc_hs__dfxtp_2) D
[1]      met3:  Area: 41.6680  S.Area:222.6960  G.Area:  0.1260  D.Area:  0.0000
                Fact:  1.0000     PAR:1.7674e+03   Ratio:400.0000       (S.Area)
[1]      met5:  Area:414.2080  S.Area:625.1520  G.Area:  0.1260  D.Area:  1.4742
                Fact:  1.0000     PAR:4.9615e+03   Ratio:3.1897e+03       (S.Area)
_00201_ (2)
  _44411_  (sky130_fd_sc_hs__dfxtp_1) D
[1]      met5:  Area:881.1520  S.Area:1.3256e+03  G.Area:  0.1260  D.Area:  1.4742
                Fact:  1.0000     PAR:1.0520e+04   Ratio:3.1897e+03       (S.Area)
_00200_ (2)
  _44386_  (sky130_fd_sc_hs__dfxtp_2) D
[1]      met3:  Area:106.5348  S.Area:568.6560  G.Area:  0.1260  D.Area:  1.4742
                Fact:  1.0000     PAR:4.5131e+03   Ratio:3.1897e+03       (S.Area)
_00198_ (2)
  _44384_  (sky130_fd_sc_hs__dfxtp_1) D
[1]      met3:  Area: 40.6600  S.Area:217.3200  G.Area:  0.1260  D.Area:  0.0000
                Fact:  1.0000     PAR:1.7248e+03   Ratio:400.0000       (S.Area)
[1]      met4:  Area:115.6776  S.Area:617.8880  G.Area:  0.1260  D.Area:  1.4742
                Fact:  1.0000     PAR:4.9039e+03   Ratio:3.1897e+03       (S.Area)
_00197_ (2)
  _44383_  (sky130_fd_sc_hs__dfxtp_1) D
[1]      met4:  Area: 94.5876  S.Area:505.4080  G.Area:  0.1260  D.Area:  1.4742
                Fact:  1.0000     PAR:4.0112e+03   Ratio:3.1897e+03       (S.Area)
_00196_ (2)
  _44382_  (sky130_fd_sc_hs__dfxtp_1) D
[1]      met3:  Area: 35.1880  S.Area:188.1360  G.Area:  0.1260  D.Area:  0.0000
                Fact:  1.0000     PAR:1.4931e+03   Ratio:400.0000       (S.Area)
[1]      met4:  Area:200.0376  S.Area:1.0678e+03  G.Area:  0.1260  D.Area:  1.4742
                Fact:  1.0000     PAR:8.4747e+03   Ratio:3.1897e+03       (S.Area)
_00195_ (2)
  _44381_  (sky130_fd_sc_hs__dfxtp_1) D
[1]      met5:  Area:1.0947e+03  S.Area:1.6458e+03  G.Area:  0.1260  D.Area:  1.4742
                Fact:  1.0000     PAR:1.3062e+04   Ratio:3.1897e+03       (S.Area)
_00193_ (2)
  _44379_  (sky130_fd_sc_hs__dfxtp_4) D
[1]      met4:  Area: 62.3908  S.Area:329.0960  G.Area:  0.1260  D.Area:  0.0000
                Fact:  1.0000     PAR:2.6119e+03   Ratio:400.0000       (S.Area)
_00192_ (2)
  _44354_  (sky130_fd_sc_hs__dfxtp_1) D
[1]      met1:  Area: 20.3708  S.Area:101.7765  G.Area:  0.1260  D.Area:  0.0000
                Fact:  1.0000     PAR:807.7500   Ratio:400.0000       (S.Area)
[1]      met2:  Area: 37.7712  S.Area:188.6850  G.Area:  0.1260  D.Area:  0.0000
                Fact:  1.0000     PAR:1.4975e+03   Ratio:400.0000       (S.Area)
_00191_ (2)
  _44353_  (sky130_fd_sc_hs__dfxtp_1) D
[1]      met2:  Area: 17.2066  S.Area: 85.8620  G.Area:  0.1260  D.Area:  0.0000
                Fact:  1.0000     PAR:681.4444   Ratio:400.0000       (S.Area)
_00189_ (2)
  _44351_  (sky130_fd_sc_hs__dfxtp_1) D
[1]      met3:  Area: 22.8820  S.Area:122.5040  G.Area:  0.1260  D.Area:  0.0000
                Fact:  1.0000     PAR:972.2540   Ratio:400.0000       (S.Area)
[1]      met4:  Area:120.5616  S.Area:643.9360  G.Area:  0.1260  D.Area:  1.4742
                Fact:  1.0000     PAR:5.1106e+03   Ratio:3.1897e+03       (S.Area)
_00188_ (2)
  _44350_  (sky130_fd_sc_hs__dfxtp_1) D
[1]      met2:  Area: 49.6818  S.Area:247.8840  G.Area:  0.1260  D.Area:  0.0000
                Fact:  1.0000     PAR:1.9673e+03   Ratio:400.0000       (S.Area)
[1]      met3:  Area: 11.2840  S.Area: 60.6480  G.Area:  0.1260  D.Area:  0.0000
                Fact:  1.0000     PAR:481.3333   Ratio:400.0000       (S.Area)
_00187_ (2)
  _44349_  (sky130_fd_sc_hs__dfxtp_1) D
[1]      met4:  Area:180.6048  S.Area:963.6960  G.Area:  0.1260  D.Area:  1.4742
                Fact:  1.0000     PAR:7.6484e+03   Ratio:3.1897e+03       (S.Area)
_00186_ (2)
  _44348_  (sky130_fd_sc_hs__dfxtp_1) D
[1]      met3:  Area: 17.0810  S.Area: 92.0160  G.Area:  0.1260  D.Area:  0.0000
                Fact:  1.0000     PAR:730.2857   Ratio:400.0000       (S.Area)
[1]      met5:  Area:312.8320  S.Area:473.0880  G.Area:  0.1260  D.Area:  1.4742
                Fact:  1.0000     PAR:3.7547e+03   Ratio:3.1897e+03       (S.Area)
_00184_ (2)
  _44442_  (sky130_fd_sc_hs__dfxtp_1) D
[1]      met3:  Area: 11.1400  S.Area: 59.8800  G.Area:  0.1260  D.Area:  0.0000
                Fact:  1.0000     PAR:475.2381   Ratio:400.0000       (S.Area)
[1]      met4:  Area:139.2096  S.Area:743.3920  G.Area:  0.1260  D.Area:  1.4742
                Fact:  1.0000     PAR:5.8999e+03   Ratio:3.1897e+03       (S.Area)
_00183_ (2)
  _44441_  (sky130_fd_sc_hs__dfxtp_2) D
[1]      met2:  Area: 18.7606  S.Area: 93.6320  G.Area:  0.1260  D.Area:  0.0000
                Fact:  1.0000     PAR:743.1111   Ratio:400.0000       (S.Area)
_00182_ (2)
  _44440_  (sky130_fd_sc_hs__dfxtp_1) D
[1]      met3:  Area: 74.6440  S.Area:398.5680  G.Area:  0.1260  D.Area:  0.0000
                Fact:  1.0000     PAR:3.1632e+03   Ratio:400.0000       (S.Area)
_00180_ (2)
  _44438_  (sky130_fd_sc_hs__dfxtp_2) D
[1]      met2:  Area: 20.7106  S.Area:103.2640  G.Area:  0.1260  D.Area:  0.0000
                Fact:  1.0000     PAR:819.5556   Ratio:400.0000       (S.Area)
_00179_ (2)
  _44437_  (sky130_fd_sc_hs__dfxtp_1) D
[1]      met4:  Area:171.7248  S.Area:916.3360  G.Area:  0.1260  D.Area:  1.4742
                Fact:  1.0000     PAR:7.2725e+03   Ratio:3.1897e+03       (S.Area)
_00177_ (2)
  _44435_  (sky130_fd_sc_hs__dfxtp_1) D
[1]      met3:  Area: 67.3000  S.Area:359.4000  G.Area:  0.1260  D.Area:  0.0000
                Fact:  1.0000     PAR:2.8524e+03   Ratio:400.0000       (S.Area)
[1]      met4:  Area:157.2948  S.Area:839.3760  G.Area:  0.1260  D.Area:  1.4742
                Fact:  1.0000     PAR:6.6617e+03   Ratio:3.1897e+03       (S.Area)
_00176_ (2)
  _44410_  (sky130_fd_sc_hs__dfxtp_1) D
[1]      met2:  Area: 31.6588  S.Area:158.1230  G.Area:  0.1260  D.Area:  0.0000
                Fact:  1.0000     PAR:1.2549e+03   Ratio:400.0000       (S.Area)
_00175_ (2)
  _44409_  (sky130_fd_sc_hs__dfxtp_1) D
[1]      met2:  Area: 12.5446  S.Area: 62.5520  G.Area:  0.1260  D.Area:  0.0000
                Fact:  1.0000     PAR:496.4444   Ratio:400.0000       (S.Area)
[1]      met3:  Area: 87.6040  S.Area:467.6880  G.Area:  0.1260  D.Area:  0.0000
                Fact:  1.0000     PAR:3.7118e+03   Ratio:400.0000       (S.Area)
[1]      met4:  Area: 90.0288  S.Area:480.6240  G.Area:  0.1260  D.Area:  1.4742
                Fact:  1.0000     PAR:3.8145e+03   Ratio:3.1897e+03       (S.Area)
_00174_ (2)
  _44408_  (sky130_fd_sc_hs__dfxtp_1) D
[1]      met2:  Area: 48.8898  S.Area:244.1600  G.Area:  0.1260  D.Area:  0.0000
                Fact:  1.0000     PAR:1.9378e+03   Ratio:400.0000       (S.Area)
[1]      met3:  Area: 15.1720  S.Area: 81.3840  G.Area:  0.1260  D.Area:  0.0000
                Fact:  1.0000     PAR:645.9048   Ratio:400.0000       (S.Area)
[1]      met4:  Area:107.6856  S.Area:575.2640  G.Area:  0.1260  D.Area:  1.4742
                Fact:  1.0000     PAR:4.5656e+03   Ratio:3.1897e+03       (S.Area)
_00173_ (2)
  _44407_  (sky130_fd_sc_hs__dfxtp_2) D
[1]      met2:  Area: 16.2224  S.Area: 80.9410  G.Area:  0.1260  D.Area:  0.0000
                Fact:  1.0000     PAR:642.3889   Ratio:400.0000       (S.Area)
_00172_ (2)
  _44406_  (sky130_fd_sc_hs__dfxtp_1) D
[1]      met2:  Area: 12.0266  S.Area: 59.9620  G.Area:  0.1260  D.Area:  0.0000
                Fact:  1.0000     PAR:475.8889   Ratio:400.0000       (S.Area)
[1]      met4:  Area:106.0128  S.Area:565.8720  G.Area:  0.1260  D.Area:  1.4742
                Fact:  1.0000     PAR:4.4910e+03   Ratio:3.1897e+03       (S.Area)
_00171_ (2)
  _44405_  (sky130_fd_sc_hs__dfxtp_1) D
[1]      met5:  Area:406.5280  S.Area:613.6320  G.Area:  0.1260  D.Area:  1.4742
                Fact:  1.0000     PAR:4.8701e+03   Ratio:3.1897e+03       (S.Area)
_00169_ (2)
  _44403_  (sky130_fd_sc_hs__dfxtp_1) D
[1]      met2:  Area: 35.6474  S.Area:178.0660  G.Area:  0.1260  D.Area:  0.0000
                Fact:  1.0000     PAR:1.4132e+03   Ratio:400.0000       (S.Area)
[1]      met3:  Area: 31.5880  S.Area:168.9360  G.Area:  0.1260  D.Area:  0.0000
                Fact:  1.0000     PAR:1.3408e+03   Ratio:400.0000       (S.Area)
_00168_ (2)
  _44378_  (sky130_fd_sc_hs__dfxtp_2) D
[1]      met1:  Area: 38.0080  S.Area:189.9625  G.Area:  0.1260  D.Area:  0.0000
                Fact:  1.0000     PAR:1.5076e+03   Ratio:400.0000       (S.Area)
[1]      met2:  Area: 14.6320  S.Area: 72.9890  G.Area:  0.1260  D.Area:  0.0000
                Fact:  1.0000     PAR:579.2778   Ratio:400.0000       (S.Area)
[1]      met3:  Area: 33.8920  S.Area:181.2240  G.Area:  0.1260  D.Area:  0.0000
                Fact:  1.0000     PAR:1.4383e+03   Ratio:400.0000       (S.Area)
_00167_ (2)
  _44377_  (sky130_fd_sc_hs__dfxtp_1) D
[1]      met3:  Area: 15.5380  S.Area: 83.3360  G.Area:  0.1260  D.Area:  0.0000
                Fact:  1.0000     PAR:661.3968   Ratio:400.0000       (S.Area)
_00162_ (2)
  _44372_  (sky130_fd_sc_hs__dfxtp_1) D
[1]      met4:  Area: 43.7878  S.Area:229.8800  G.Area:  0.1260  D.Area:  0.0000
                Fact:  1.0000     PAR:1.8244e+03   Ratio:400.0000       (S.Area)
[1]      met5:  Area:575.4880  S.Area:867.0720  G.Area:  0.1260  D.Area:  1.4742
                Fact:  1.0000     PAR:6.8815e+03   Ratio:3.1897e+03       (S.Area)
_00160_ (2)
  _44466_  (sky130_fd_sc_hs__dfxtp_1) D
[1]      met3:  Area: 93.9400  S.Area:501.4800  G.Area:  0.1260  D.Area:  0.0000
                Fact:  1.0000     PAR:3.9800e+03   Ratio:400.0000       (S.Area)
_00159_ (2)
  _44465_  (sky130_fd_sc_hs__dfxtp_4) D
[1]      met3:  Area: 11.7160  S.Area: 62.9520  G.Area:  0.1260  D.Area:  0.0000
                Fact:  1.0000     PAR:499.6190   Ratio:400.0000       (S.Area)
[1]      met4:  Area:127.5468  S.Area:680.7200  G.Area:  0.1260  D.Area:  1.4742
                Fact:  1.0000     PAR:5.4025e+03   Ratio:3.1897e+03       (S.Area)
_00158_ (2)
  _44464_  (sky130_fd_sc_hs__dfxtp_1) D
[1]      met3:  Area:132.0228  S.Area:704.5920  G.Area:  0.1260  D.Area:  1.4742
                Fact:  1.0000     PAR:5.5920e+03   Ratio:3.1897e+03       (S.Area)
_00157_ (2)
  _44463_  (sky130_fd_sc_hs__dfxtp_2) D
[1]      met3:  Area: 90.2376  S.Area:482.2080  G.Area:  0.1260  D.Area:  1.4742
                Fact:  1.0000     PAR:3.8270e+03   Ratio:3.1897e+03       (S.Area)
_00156_ (2)
  _44462_  (sky130_fd_sc_hs__dfxtp_1) D
[1]      met3:  Area: 15.8920  S.Area: 85.2240  G.Area:  0.1260  D.Area:  0.0000
                Fact:  1.0000     PAR:676.3810   Ratio:400.0000       (S.Area)
[1]      met4:  Area: 69.8728  S.Area:369.0000  G.Area:  0.1260  D.Area:  0.0000
                Fact:  1.0000     PAR:2.9286e+03   Ratio:400.0000       (S.Area)
[1]      met5:  Area:280.5760  S.Area:424.7040  G.Area:  0.1260  D.Area:  1.4742
                Fact:  1.0000     PAR:3.3707e+03   Ratio:3.1897e+03       (S.Area)
_00155_ (2)
  _44461_  (sky130_fd_sc_hs__dfxtp_1) D
[1]      met4:  Area: 72.3148  S.Area:382.0240  G.Area:  0.1260  D.Area:  0.0000
                Fact:  1.0000     PAR:3.0319e+03   Ratio:400.0000       (S.Area)
[1]      met5:  Area:431.8240  S.Area:651.5760  G.Area:  0.1260  D.Area:  1.4742
                Fact:  1.0000     PAR:5.1712e+03   Ratio:3.1897e+03       (S.Area)
_00154_ (2)
  _44460_  (sky130_fd_sc_hs__dfxtp_1) D
[1]      met3:  Area:123.0948  S.Area:656.9760  G.Area:  0.1260  D.Area:  1.4742
                Fact:  1.0000     PAR:5.2141e+03   Ratio:3.1897e+03       (S.Area)
_00153_ (2)
  _44459_  (sky130_fd_sc_hs__dfxtp_1) D
[1]      met4:  Area: 78.0408  S.Area:416.6880  G.Area:  0.1260  D.Area:  1.4742
                Fact:  1.0000     PAR:3.3070e+03   Ratio:3.1897e+03       (S.Area)
_00152_ (2)
  _44434_  (sky130_fd_sc_hs__dfxtp_1) D
[1]      met3:  Area: 13.8880  S.Area: 74.5360  G.Area:  0.1260  D.Area:  0.0000
                Fact:  1.0000     PAR:591.5556   Ratio:400.0000       (S.Area)
_00151_ (2)
  _44433_  (sky130_fd_sc_hs__dfxtp_1) D
[1]      met4:  Area:102.1356  S.Area:545.6640  G.Area:  0.1260  D.Area:  1.4742
                Fact:  1.0000     PAR:4.3307e+03   Ratio:3.1897e+03       (S.Area)
_00148_ (2)
  _44430_  (sky130_fd_sc_hs__dfxtp_1) D
[1]      met2:  Area: 36.7968  S.Area:183.8130  G.Area:  0.1260  D.Area:  0.0000
                Fact:  1.0000     PAR:1.4588e+03   Ratio:400.0000       (S.Area)
_00147_ (2)
  _44429_  (sky130_fd_sc_hs__dfxtp_1) D
[1]      met4:  Area:146.5356  S.Area:782.4640  G.Area:  0.1260  D.Area:  1.4742
                Fact:  1.0000     PAR:6.2100e+03   Ratio:3.1897e+03       (S.Area)
_00146_ (2)
  _44428_  (sky130_fd_sc_hs__dfxtp_1) D
[1]      met3:  Area: 18.7720  S.Area:100.5840  G.Area:  0.1260  D.Area:  0.0000
                Fact:  1.0000     PAR:798.2857   Ratio:400.0000       (S.Area)
[1]      met4:  Area:127.3248  S.Area:679.5360  G.Area:  0.1260  D.Area:  1.4742
                Fact:  1.0000     PAR:5.3931e+03   Ratio:3.1897e+03       (S.Area)
_00145_ (2)
  _44427_  (sky130_fd_sc_hs__dfxtp_1) D
[1]      met3:  Area: 80.7588  S.Area:431.1840  G.Area:  0.1260  D.Area:  1.4742
                Fact:  1.0000     PAR:3.4221e+03   Ratio:3.1897e+03       (S.Area)
_00144_ (2)
  _44402_  (sky130_fd_sc_hs__dfxtp_1) D
[1]      met4:  Area:104.2828  S.Area:552.5200  G.Area:  0.1260  D.Area:  0.0000
                Fact:  1.0000     PAR:4.3851e+03   Ratio:400.0000       (S.Area)
[1]      met5:  Area:448.0000  S.Area:675.8400  G.Area:  0.1260  D.Area:  1.4742
                Fact:  1.0000     PAR:5.3638e+03   Ratio:3.1897e+03       (S.Area)
_00143_ (2)
  _44401_  (sky130_fd_sc_hs__dfxtp_1) D
[1]      met5:  Area:973.3120  S.Area:1.4638e+03  G.Area:  0.1260  D.Area:  1.4742
                Fact:  1.0000     PAR:1.1618e+04   Ratio:3.1897e+03       (S.Area)
_00142_ (2)
  _44400_  (sky130_fd_sc_hs__dfxtp_1) D
[1]      met4:  Area: 86.0328  S.Area:459.3120  G.Area:  0.1260  D.Area:  1.4742
                Fact:  1.0000     PAR:3.6453e+03   Ratio:3.1897e+03       (S.Area)
_00141_ (2)
  _44399_  (sky130_fd_sc_hs__dfxtp_1) D
[1]      met3:  Area: 18.1960  S.Area: 97.5120  G.Area:  0.1260  D.Area:  0.0000
                Fact:  1.0000     PAR:773.9048   Ratio:400.0000       (S.Area)
[1]      met4:  Area:247.5684  S.Area:1.3241e+03  G.Area:  0.1260  D.Area:  1.4742
                Fact:  1.0000     PAR:1.0509e+04   Ratio:3.1897e+03       (S.Area)
_00140_ (2)
  _44398_  (sky130_fd_sc_hs__dfxtp_1) D
[1]      met2:  Area: 12.2338  S.Area: 60.9980  G.Area:  0.1260  D.Area:  0.0000
                Fact:  1.0000     PAR:484.1111   Ratio:400.0000       (S.Area)
_00139_ (2)
  _44397_  (sky130_fd_sc_hs__dfxtp_2) D
[1]      met3:  Area:164.4228  S.Area:877.3920  G.Area:  0.1260  D.Area:  1.4742
                Fact:  1.0000     PAR:6.9634e+03   Ratio:3.1897e+03       (S.Area)
_00138_ (2)
  _44396_  (sky130_fd_sc_hs__dfxtp_2) D
[1]      met5:  Area:523.2640  S.Area:788.7360  G.Area:  0.1260  D.Area:  1.4742
                Fact:  1.0000     PAR:6.2598e+03   Ratio:3.1897e+03       (S.Area)
_00136_ (2)
  _44370_  (sky130_fd_sc_hs__dfxtp_1) D
[1]      met2:  Area: 50.6510  S.Area:252.9660  G.Area:  0.1260  D.Area:  0.0000
                Fact:  1.0000     PAR:2.0077e+03   Ratio:400.0000       (S.Area)
[1]      met3:  Area: 28.4200  S.Area:152.0400  G.Area:  0.1260  D.Area:  0.0000
                Fact:  1.0000     PAR:1.2067e+03   Ratio:400.0000       (S.Area)
_00134_ (2)
  _44368_  (sky130_fd_sc_hs__dfxtp_1) D
[1]      met3:  Area:138.3588  S.Area:738.3840  G.Area:  0.1260  D.Area:  1.4742
                Fact:  1.0000     PAR:5.8602e+03   Ratio:3.1897e+03       (S.Area)
_00133_ (2)
  _44367_  (sky130_fd_sc_hs__dfxtp_1) D
[1]      met4:  Area:226.0776  S.Area:1.2067e+03  G.Area:  0.1260  D.Area:  1.4742
                Fact:  1.0000     PAR:9.5769e+03   Ratio:3.1897e+03       (S.Area)
_00130_ (2)
  _44364_  (sky130_fd_sc_hs__dfxtp_1) D
[1]      met2:  Area: 31.2850  S.Area:156.2540  G.Area:  0.1260  D.Area:  0.0000
                Fact:  1.0000     PAR:1.2401e+03   Ratio:400.0000       (S.Area)
[1]      met3:  Area: 30.5548  S.Area:163.8960  G.Area:  0.1260  D.Area:  0.0000
                Fact:  1.0000     PAR:1.3008e+03   Ratio:400.0000       (S.Area)
[1]      met4:  Area: 76.3836  S.Area:408.3200  G.Area:  0.1260  D.Area:  1.4742
                Fact:  1.0000     PAR:3.2406e+03   Ratio:3.1897e+03       (S.Area)
_00129_ (2)
  _44363_  (sky130_fd_sc_hs__dfxtp_1) D
[1]      met2:  Area: 28.6544  S.Area:143.1010  G.Area:  0.1260  D.Area:  0.0000
                Fact:  1.0000     PAR:1.1357e+03   Ratio:400.0000       (S.Area)
_00128_ (2)
  _44594_  (sky130_fd_sc_hs__dfxtp_4) D
[1]      met3:  Area: 11.1400  S.Area: 59.8800  G.Area:  0.1260  D.Area:  0.0000
                Fact:  1.0000     PAR:475.2381   Ratio:400.0000       (S.Area)
_00126_ (2)
  _44592_  (sky130_fd_sc_hs__dfxtp_4) D
[1]      met3:  Area: 15.4600  S.Area: 82.9200  G.Area:  0.1260  D.Area:  0.0000
                Fact:  1.0000     PAR:658.0952   Ratio:400.0000       (S.Area)
_00123_ (2)
  _44589_  (sky130_fd_sc_hs__dfxtp_4) D
[1]      met2:  Area: 11.2902  S.Area: 56.2800  G.Area:  0.1260  D.Area:  0.0000
                Fact:  1.0000     PAR:446.6667   Ratio:400.0000       (S.Area)
_00122_ (2)
  _44588_  (sky130_fd_sc_hs__dfxtp_4) D
[1]      met3:  Area: 32.7148  S.Area:175.4160  G.Area:  0.1260  D.Area:  0.0000
                Fact:  1.0000     PAR:1.3922e+03   Ratio:400.0000       (S.Area)
_00114_ (2)
  _44556_  (sky130_fd_sc_hs__dfxtp_4) D
[1]      met3:  Area: 86.3748  S.Area:461.1360  G.Area:  0.1260  D.Area:  2.2848
                Fact:  1.0000     PAR:3.6598e+03   Ratio:3.5139e+03       (S.Area)
_00101_ (2)
  _44495_  (sky130_fd_sc_hs__dfxtp_4) D
[1]      met3:  Area:131.9316  S.Area:704.5760  G.Area:  0.1260  D.Area:  2.2848
                Fact:  1.0000     PAR:5.5919e+03   Ratio:3.5139e+03       (S.Area)
_00094_ (2)
  _44584_  (sky130_fd_sc_hs__dfxtp_4) D
[1]      met3:  Area: 18.4840  S.Area: 99.0480  G.Area:  0.1260  D.Area:  0.0000
                Fact:  1.0000     PAR:786.0952   Ratio:400.0000       (S.Area)
_00090_ (2)
  _44580_  (sky130_fd_sc_hs__dfxtp_4) D
[1]      met5:  Area:420.3520  S.Area:634.3680  G.Area:  0.1260  D.Area:  2.2848
                Fact:  1.0000     PAR:5.0347e+03   Ratio:3.5139e+03       (S.Area)
_00089_ (2)
  _44579_  (sky130_fd_sc_hs__dfxtp_4) D
[1]      met5:  Area:348.1600  S.Area:526.0800  G.Area:  0.1260  D.Area:  3.2861
                Fact:  1.0000     PAR:4.1752e+03   Ratio:3.9144e+03       (S.Area)
_00083_ (2)
  _44549_  (sky130_fd_sc_hs__dfxtp_4) D
[1]      met4:  Area:111.1188  S.Area:593.1040  G.Area:  0.1260  D.Area:  2.2848
                Fact:  1.0000     PAR:4.7072e+03   Ratio:3.5139e+03       (S.Area)
_00082_ (2)
  _44548_  (sky130_fd_sc_hs__dfxtp_4) D
[1]      met3:  Area: 40.6600  S.Area:217.3200  G.Area:  0.1260  D.Area:  0.0000
                Fact:  1.0000     PAR:1.7248e+03   Ratio:400.0000       (S.Area)
[1]      met4:  Area: 84.0348  S.Area:448.6560  G.Area:  0.1260  D.Area:  2.2848
                Fact:  1.0000     PAR:3.5608e+03   Ratio:3.5139e+03       (S.Area)
_00080_ (2)
  _44522_  (sky130_fd_sc_hs__dfxtp_4) D
[1]      met2:  Area: 12.4534  S.Area: 61.9780  G.Area:  0.1260  D.Area:  0.0000
                Fact:  1.0000     PAR:491.8889   Ratio:400.0000       (S.Area)
[1]      met3:  Area: 37.4920  S.Area:200.4240  G.Area:  0.1260  D.Area:  0.0000
                Fact:  1.0000     PAR:1.5907e+03   Ratio:400.0000       (S.Area)
_00079_ (2)
  _44521_  (sky130_fd_sc_hs__dfxtp_4) D
[1]      met4:  Area:104.1336  S.Area:556.3200  G.Area:  0.1260  D.Area:  2.2848
                Fact:  1.0000     PAR:4.4152e+03   Ratio:3.5139e+03       (S.Area)
_00078_ (2)
  _44520_  (sky130_fd_sc_hs__dfxtp_4) D
[1]      met4:  Area:115.4712  S.Area:617.7280  G.Area:  0.1260  D.Area:  2.2848
                Fact:  1.0000     PAR:4.9026e+03   Ratio:3.5139e+03       (S.Area)
_00073_ (2)
  _44515_  (sky130_fd_sc_hs__dfxtp_4) D
[1]      met2:  Area: 26.5636  S.Area:132.2930  G.Area:  0.1260  D.Area:  0.0000
                Fact:  1.0000     PAR:1.0499e+03   Ratio:400.0000       (S.Area)
_00072_ (2)
  _44490_  (sky130_fd_sc_hs__dfxtp_4) D
[1]      met2:  Area: 34.8156  S.Area:173.7890  G.Area:  0.1260  D.Area:  0.0000
                Fact:  1.0000     PAR:1.3793e+03   Ratio:400.0000       (S.Area)
_00067_ (2)
  _44485_  (sky130_fd_sc_hs__dfxtp_4) D
[1]      met3:  Area: 18.4840  S.Area: 99.0480  G.Area:  0.1260  D.Area:  0.0000
                Fact:  1.0000     PAR:786.0952   Ratio:400.0000       (S.Area)
_00066_ (2)
  _44484_  (sky130_fd_sc_hs__dfxtp_4) D
[1]      met2:  Area: 34.5904  S.Area:172.7810  G.Area:  0.1260  D.Area:  0.0000
                Fact:  1.0000     PAR:1.3713e+03   Ratio:400.0000       (S.Area)
_00060_ (2)
  _44574_  (sky130_fd_sc_hs__dfxtp_4) D
[1]      met1:  Area: 13.2630  S.Area: 66.2375  G.Area:  0.1260  D.Area:  0.0000
                Fact:  1.0000     PAR:525.6944   Ratio:400.0000       (S.Area)
_00056_ (2)
  _44546_  (sky130_fd_sc_hs__dfxtp_4) D
[1]      met4:  Area: 15.2608  S.Area: 77.7360  G.Area:  0.1260  D.Area:  0.0000
                Fact:  1.0000     PAR:616.9524   Ratio:400.0000       (S.Area)
_00051_ (2)
  _44541_  (sky130_fd_sc_hs__dfxtp_4) D
[1]      met2:  Area: 21.0214  S.Area:104.8180  G.Area:  0.1260  D.Area:  0.0000
                Fact:  1.0000     PAR:831.8889   Ratio:400.0000       (S.Area)
_00048_ (2)
  _44514_  (sky130_fd_sc_hs__dfxtp_4) D
[1]      met2:  Area: 31.8142  S.Area:158.9000  G.Area:  0.1260  D.Area:  0.0000
                Fact:  1.0000     PAR:1.2611e+03   Ratio:400.0000       (S.Area)
_00047_ (2)
  _44513_  (sky130_fd_sc_hs__dfxtp_4) D
[1]      met4:  Area:140.6736  S.Area:751.2000  G.Area:  0.1260  D.Area:  2.2848
                Fact:  1.0000     PAR:5.9619e+03   Ratio:3.5139e+03       (S.Area)
_00042_ (2)
  _44508_  (sky130_fd_sc_hs__dfxtp_4) D
[1]      met4:  Area:130.9956  S.Area:699.5840  G.Area:  0.1260  D.Area:  2.2848
                Fact:  1.0000     PAR:5.5523e+03   Ratio:3.5139e+03       (S.Area)
_00040_ (2)
  _44482_  (sky130_fd_sc_hs__dfxtp_4) D
[1]      met3:  Area: 39.4828  S.Area:211.5120  G.Area:  0.1260  D.Area:  0.0000
                Fact:  1.0000     PAR:1.6787e+03   Ratio:400.0000       (S.Area)
_00035_ (2)
  _44477_  (sky130_fd_sc_hs__dfxtp_4) D
[1]      met3:  Area: 37.3480  S.Area:199.6560  G.Area:  0.1260  D.Area:  0.0000
                Fact:  1.0000     PAR:1.5846e+03   Ratio:400.0000       (S.Area)
_00034_ (2)
  _44476_  (sky130_fd_sc_hs__dfxtp_4) D
[1]      met3:  Area: 38.0680  S.Area:203.4960  G.Area:  0.1260  D.Area:  0.0000
                Fact:  1.0000     PAR:1.6150e+03   Ratio:400.0000       (S.Area)
_00033_ (2)
  _44475_  (sky130_fd_sc_hs__dfxtp_4) D
[1]      met4:  Area: 88.5936  S.Area:473.4400  G.Area:  0.1260  D.Area:  2.2848
                Fact:  1.0000     PAR:3.7575e+03   Ratio:3.5139e+03       (S.Area)
_00031_ (2)
  _44569_  (sky130_fd_sc_hs__dfxtp_4) D
[1]      met1:  Area: 11.7426  S.Area: 58.6355  G.Area:  0.1260  D.Area:  0.0000
                Fact:  1.0000     PAR:465.3611   Ratio:400.0000       (S.Area)
_00018_ (2)
  _44532_  (sky130_fd_sc_hs__dfxtp_4) D
[1]      met2:  Area: 11.1978  S.Area: 55.8180  G.Area:  0.1260  D.Area:  0.0000
                Fact:  1.0000     PAR:443.0000   Ratio:400.0000       (S.Area)
_00011_ (2)
  _44501_  (sky130_fd_sc_hs__dfxtp_4) D
[1]      met3:  Area: 89.3988  S.Area:477.2640  G.Area:  0.1260  D.Area:  2.2848
                Fact:  1.0000     PAR:3.7878e+03   Ratio:3.5139e+03       (S.Area)

Total number of process antenna violations: 269
   Number of pins violated: 215
   Number of nets violated: 208
