###############################################################
#  Generated by:      Cadence Innovus 21.11-s130_1
#  OS:                Linux x86_64(Host ID redondo-asia-tpe-desktop-pawanekar-0)
#  Generated on:      Fri Nov  3 03:24:41 2023
#  Design:            aes_cipher_top
#  Command:           verifyProcessAntenna -report aes_cipher_top_1.sky130hs.antenna.rpt -error 1000000
###############################################################
clk (2)
  clkbuf_0_clk  (sky130_fd_sc_hs__buf_1) A
[1]      met3:  Area:152.3922  S.Area:813.7040  G.Area:  0.2080  D.Area:  0.0000
                Fact:  1.0000     PAR:3.9120e+03   Ratio:400.0000       (S.Area)
u0.w[1][4] (5)
  _37989_  (sky130_fd_sc_hs__nand3_1) B
[1]      met3:  Area: 54.9160  S.Area:293.3520  G.Area:  0.5580  D.Area:  0.0000
                Fact:  1.0000     PAR:525.7204   Ratio:400.0000       (S.Area)
  _37987_  (sky130_fd_sc_hs__inv_1) A
[1]      met3:  Area: 54.9160  S.Area:293.3520  G.Area:  0.5580  D.Area:  0.0000
                Fact:  1.0000     PAR:525.7204   Ratio:400.0000       (S.Area)
text_in_r[34] (3)
  _32528_  (sky130_fd_sc_hs__nand2_1) B
[1]      met3:  Area: 50.3080  S.Area:268.7760  G.Area:  0.2790  D.Area:  0.0000
                Fact:  1.0000     PAR:963.3548   Ratio:400.0000       (S.Area)
text_in_r[13] (3)
  _29870_  (sky130_fd_sc_hs__nand2_1) B
[1]      met3:  Area: 59.0416  S.Area:316.2960  G.Area:  0.2790  D.Area:  0.0000
                Fact:  1.0000     PAR:1.1337e+03   Ratio:400.0000       (S.Area)
net661 (4)
  rebuffer244  (sky130_fd_sc_hs__dlygate4sd2_1) A
[1]      met3:  Area: 23.5199  S.Area:126.3680  G.Area:  0.2520  D.Area:  0.0000
                Fact:  1.0000     PAR:501.4603   Ratio:400.0000       (S.Area)
  rebuffer243  (sky130_fd_sc_hs__dlygate4sd2_1) A
[1]      met3:  Area: 23.5199  S.Area:126.3680  G.Area:  0.2520  D.Area:  0.0000
                Fact:  1.0000     PAR:501.4603   Ratio:400.0000       (S.Area)
net613 (9)
  rebuffer202  (sky130_fd_sc_hs__dlygate4sd2_1) A
[1]      met1:  Area: 16.6107  S.Area: 82.8310  G.Area:  0.1260  D.Area:  0.0000
                Fact:  1.0000     PAR:657.3889   Ratio:400.0000       (S.Area)
net51 (2)
  _22623_  (sky130_fd_sc_hs__nand2_1) B
[1]      met5:  Area:683.0080  S.Area:1.0284e+03  G.Area:  0.2790  D.Area:  1.0864
                Fact:  1.0000     PAR:3.6858e+03   Ratio:3.0346e+03       (S.Area)
net360 (2)
  output360  (sky130_fd_sc_hs__clkbuf_1) A
[1]      met1:  Area: 22.8880  S.Area:114.3625  G.Area:  0.2310  D.Area:  0.0000
                Fact:  1.0000     PAR:495.0758   Ratio:400.0000       (S.Area)
net1107 (3)
  _43557_  (sky130_fd_sc_hs__nand3_1) A
[1]      met3:  Area: 51.6040  S.Area:275.6880  G.Area:  0.5580  D.Area:  0.0000
                Fact:  1.0000     PAR:494.0645   Ratio:400.0000       (S.Area)
  _43555_  (sky130_fd_sc_hs__nand2_1) A
[1]      met3:  Area: 51.6040  S.Area:275.6880  G.Area:  0.5580  D.Area:  0.0000
                Fact:  1.0000     PAR:494.0645   Ratio:400.0000       (S.Area)
clknet_3_6_0_clk (15)
  clkbuf_leaf_46_clk  (sky130_fd_sc_hs__buf_1) A
[1]      met3:  Area: 27.8440  S.Area:148.9680  G.Area:  0.2080  D.Area:  0.0000
                Fact:  1.0000     PAR:716.1923   Ratio:400.0000       (S.Area)
clknet_3_0_0_clk (13)
  clkbuf_leaf_6_clk  (sky130_fd_sc_hs__buf_1) A
[1]      met2:  Area: 21.7370  S.Area:108.3530  G.Area:  0.2080  D.Area:  0.0000
                Fact:  1.0000     PAR:520.9279   Ratio:400.0000       (S.Area)
clknet_2_2_1_clk (3)
  clkbuf_3_4_0_clk  (sky130_fd_sc_hs__buf_1) A
[1]      met3:  Area: 18.1960  S.Area: 97.5120  G.Area:  0.2080  D.Area:  0.0000
                Fact:  1.0000     PAR:468.8077   Ratio:400.0000       (S.Area)
_21017_ (3)
  _29812_  (sky130_fd_sc_hs__nand3_1) A
[1]      met3:  Area:101.1148  S.Area:540.2160  G.Area:  0.5580  D.Area:  0.0000
                Fact:  1.0000     PAR:968.1290   Ratio:400.0000       (S.Area)
  _29810_  (sky130_fd_sc_hs__nand2_1) A
[1]      met3:  Area:101.1148  S.Area:540.2160  G.Area:  0.5580  D.Area:  0.0000
                Fact:  1.0000     PAR:968.1290   Ratio:400.0000       (S.Area)
_21004_ (2)
  _29796_  (sky130_fd_sc_hs__nand3_1) A
[1]      met3:  Area: 21.3640  S.Area:114.4080  G.Area:  0.2790  D.Area:  0.0000
                Fact:  1.0000     PAR:410.0645   Ratio:400.0000       (S.Area)
_16918_ (2)
  _25688_  (sky130_fd_sc_hs__o21ai_1) B1
[1]      met2:  Area: 23.3468  S.Area:116.4450  G.Area:  0.2790  D.Area:  0.0000
                Fact:  1.0000     PAR:417.3656   Ratio:400.0000       (S.Area)
_16866_ (2)
  _25619_  (sky130_fd_sc_hs__o21ai_1) B1
[1]      met3:  Area: 39.3640  S.Area:210.4080  G.Area:  0.2790  D.Area:  0.0000
                Fact:  1.0000     PAR:754.1505   Ratio:400.0000       (S.Area)
_16859_ (2)
  _25610_  (sky130_fd_sc_hs__o21ai_1) B1
[1]      met3:  Area: 39.3640  S.Area:210.4080  G.Area:  0.2790  D.Area:  0.0000
                Fact:  1.0000     PAR:754.1505   Ratio:400.0000       (S.Area)
_16844_ (2)
  _25591_  (sky130_fd_sc_hs__o21ai_1) B1
[1]      met2:  Area: 22.7308  S.Area:113.3650  G.Area:  0.2790  D.Area:  0.0000
                Fact:  1.0000     PAR:406.3262   Ratio:400.0000       (S.Area)
_16805_ (2)
  _25547_  (sky130_fd_sc_hs__o21ai_1) B1
[1]      met2:  Area: 41.6604  S.Area:208.1310  G.Area:  0.2790  D.Area:  0.0000
                Fact:  1.0000     PAR:745.9892   Ratio:400.0000       (S.Area)
_16779_ (2)
  _25518_  (sky130_fd_sc_hs__a31oi_1) B1
[1]      met4:  Area:160.6258  S.Area:853.0160  G.Area:  0.2790  D.Area:  0.0000
                Fact:  1.0000     PAR:3.0574e+03   Ratio:400.0000       (S.Area)
_16756_ (2)
  _25489_  (sky130_fd_sc_hs__nand2_1) B
[1]      met5:  Area:845.8240  S.Area:1.2726e+03  G.Area:  0.2790  D.Area:  2.2848
                Fact:  1.0000     PAR:4.5612e+03   Ratio:3.5139e+03       (S.Area)
_16733_ (2)
  _25460_  (sky130_fd_sc_hs__nand2_1) B
[1]      met4:  Area:183.9348  S.Area:981.4560  G.Area:  0.2790  D.Area:  2.2848
                Fact:  1.0000     PAR:3.5178e+03   Ratio:3.5139e+03       (S.Area)
_16730_ (2)
  _25456_  (sky130_fd_sc_hs__nand2_1) B
[1]      met4:  Area:232.3968  S.Area:1.2399e+03  G.Area:  0.2790  D.Area:  2.2848
                Fact:  1.0000     PAR:4.4442e+03   Ratio:3.5139e+03       (S.Area)
_16719_ (2)
  _25442_  (sky130_fd_sc_hs__a31oi_1) B1
[1]      met3:  Area: 72.4840  S.Area:387.0480  G.Area:  0.2790  D.Area:  0.0000
                Fact:  1.0000     PAR:1.3873e+03   Ratio:400.0000       (S.Area)
[1]      met4:  Area:212.1288  S.Area:1.1318e+03  G.Area:  0.2790  D.Area:  2.8393
                Fact:  1.0000     PAR:4.0567e+03   Ratio:3.7357e+03       (S.Area)
_16715_ (2)
  _25437_  (sky130_fd_sc_hs__nand2_1) B
[1]      met2:  Area: 28.6180  S.Area:142.9190  G.Area:  0.2790  D.Area:  0.0000
                Fact:  1.0000     PAR:512.2545   Ratio:400.0000       (S.Area)
_16675_ (2)
  _25387_  (sky130_fd_sc_hs__o31ai_1) B1
[1]      met3:  Area: 51.3280  S.Area:274.2160  G.Area:  0.2790  D.Area:  0.0000
                Fact:  1.0000     PAR:982.8530   Ratio:400.0000       (S.Area)
_16661_ (2)
  _25370_  (sky130_fd_sc_hs__a21oi_1) B1
[1]      met3:  Area: 46.5640  S.Area:248.8080  G.Area:  0.2790  D.Area:  0.0000
                Fact:  1.0000     PAR:891.7849   Ratio:400.0000       (S.Area)
_16650_ (2)
  _25356_  (sky130_fd_sc_hs__nand2_1) B
[1]      met3:  Area: 20.9320  S.Area:112.1040  G.Area:  0.2790  D.Area:  0.0000
                Fact:  1.0000     PAR:401.8065   Ratio:400.0000       (S.Area)
_16596_ (2)
  _25292_  (sky130_fd_sc_hs__o21ai_1) B1
[1]      met3:  Area: 57.2495  S.Area:306.2480  G.Area:  0.2790  D.Area:  0.0000
                Fact:  1.0000     PAR:1.0977e+03   Ratio:400.0000       (S.Area)
_16551_ (2)
  _25238_  (sky130_fd_sc_hs__nand2_1) B
[1]      met3:  Area:112.0840  S.Area:598.2480  G.Area:  0.2790  D.Area:  0.0000
                Fact:  1.0000     PAR:2.1443e+03   Ratio:400.0000       (S.Area)
_16424_ (2)
  _25105_  (sky130_fd_sc_hs__a21oi_1) B1
[1]      met3:  Area: 95.1040  S.Area:507.6880  G.Area:  0.2790  D.Area:  0.0000
                Fact:  1.0000     PAR:1.8197e+03   Ratio:400.0000       (S.Area)
_16231_ (2)
  _24909_  (sky130_fd_sc_hs__a21oi_1) B1
[1]      met3:  Area: 29.4280  S.Area:157.4160  G.Area:  0.2790  D.Area:  0.0000
                Fact:  1.0000     PAR:564.2151   Ratio:400.0000       (S.Area)
_16156_ (2)
  _24833_  (sky130_fd_sc_hs__a21oi_1) B1
[1]      met3:  Area: 37.3480  S.Area:199.6560  G.Area:  0.2790  D.Area:  0.0000
                Fact:  1.0000     PAR:715.6129   Ratio:400.0000       (S.Area)
_16054_ (2)
  _24730_  (sky130_fd_sc_hs__a21oi_1) B1
[1]      met3:  Area: 21.9400  S.Area:117.4800  G.Area:  0.2790  D.Area:  0.0000
                Fact:  1.0000     PAR:421.0753   Ratio:400.0000       (S.Area)
_15626_ (2)
  _24301_  (sky130_fd_sc_hs__nand4_1) B
[1]      met3:  Area: 22.9480  S.Area:122.8560  G.Area:  0.2790  D.Area:  0.0000
                Fact:  1.0000     PAR:440.3441   Ratio:400.0000       (S.Area)
_15577_ (2)
  _24248_  (sky130_fd_sc_hs__nand2_1) B
[1]      met3:  Area:126.9160  S.Area:677.3520  G.Area:  0.2790  D.Area:  0.0000
                Fact:  1.0000     PAR:2.4278e+03   Ratio:400.0000       (S.Area)
_14610_ (2)
  _44270_  (sky130_fd_sc_hs__a21oi_1) B1
[1]      met2:  Area: 41.6604  S.Area:208.1310  G.Area:  0.2790  D.Area:  0.0000
                Fact:  1.0000     PAR:745.9892   Ratio:400.0000       (S.Area)
_14605_ (2)
  _44259_  (sky130_fd_sc_hs__a21oi_1) B1
[1]      met3:  Area: 32.6080  S.Area:174.3760  G.Area:  0.2790  D.Area:  0.0000
                Fact:  1.0000     PAR:625.0036   Ratio:400.0000       (S.Area)
_14603_ (2)
  _44255_  (sky130_fd_sc_hs__a21oi_1) B1
[1]      met4:  Area:217.0128  S.Area:1.1579e+03  G.Area:  0.2790  D.Area:  2.8393
                Fact:  1.0000     PAR:4.1501e+03   Ratio:3.7357e+03       (S.Area)
_14588_ (2)
  _44224_  (sky130_fd_sc_hs__a21oi_1) B1
[1]      met3:  Area: 76.9480  S.Area:410.8560  G.Area:  0.2790  D.Area:  0.0000
                Fact:  1.0000     PAR:1.4726e+03   Ratio:400.0000       (S.Area)
_14577_ (2)
  _44202_  (sky130_fd_sc_hs__a21oi_1) B1
[1]      met3:  Area: 22.2280  S.Area:119.0160  G.Area:  0.2790  D.Area:  0.0000
                Fact:  1.0000     PAR:426.5806   Ratio:400.0000       (S.Area)
_14567_ (2)
  _44181_  (sky130_fd_sc_hs__a21oi_1) B1
[1]      met4:  Area: 63.5458  S.Area:335.2560  G.Area:  0.2790  D.Area:  0.0000
                Fact:  1.0000     PAR:1.2016e+03   Ratio:400.0000       (S.Area)
_14563_ (2)
  _44173_  (sky130_fd_sc_hs__a21oi_1) B1
[1]      met3:  Area: 84.8020  S.Area:452.7440  G.Area:  0.2790  D.Area:  0.0000
                Fact:  1.0000     PAR:1.6227e+03   Ratio:400.0000       (S.Area)
_14559_ (2)
  _44166_  (sky130_fd_sc_hs__a21oi_1) B1
[1]      met3:  Area: 31.8760  S.Area:170.4720  G.Area:  0.2790  D.Area:  0.0000
                Fact:  1.0000     PAR:611.0108   Ratio:400.0000       (S.Area)
_14536_ (2)
  _44119_  (sky130_fd_sc_hs__a21oi_1) B1
[1]      met5:  Area:791.5520  S.Area:1.1950e+03  G.Area:  0.2790  D.Area:  2.8393
                Fact:  1.0000     PAR:4.2832e+03   Ratio:3.7357e+03       (S.Area)
_13934_ (3)
  _43422_  (sky130_fd_sc_hs__nand3_1) A
[1]      met3:  Area: 54.1960  S.Area:289.5120  G.Area:  0.5580  D.Area:  0.0000
                Fact:  1.0000     PAR:518.8387   Ratio:400.0000       (S.Area)
  _43419_  (sky130_fd_sc_hs__nand2_1) A
[1]      met3:  Area: 54.1960  S.Area:289.5120  G.Area:  0.5580  D.Area:  0.0000
                Fact:  1.0000     PAR:518.8387   Ratio:400.0000       (S.Area)
_13809_ (5)
  _38981_  (sky130_fd_sc_hs__nand3_1) B
[1]      met3:  Area: 75.4132  S.Area:405.9150  G.Area:  0.2790  D.Area:  0.0000
                Fact:  1.0000     PAR:1.4549e+03   Ratio:400.0000       (S.Area)
_13215_ (5)
  _43787_  (sky130_fd_sc_hs__nand2_1) A
[1]      met1:  Area: 40.4145  S.Area:201.8870  G.Area:  0.2790  D.Area:  0.0000
                Fact:  1.0000     PAR:723.6093   Ratio:400.0000       (S.Area)
_09424_ (3)
  _39302_  (sky130_fd_sc_hs__nand3_1) C
[1]      met2:  Area: 59.3606  S.Area:296.1700  G.Area:  0.5580  D.Area:  0.0000
                Fact:  1.0000     PAR:530.7706   Ratio:400.0000       (S.Area)
  _39300_  (sky130_fd_sc_hs__nand2_1) B
[1]      met2:  Area: 59.3606  S.Area:296.1700  G.Area:  0.5580  D.Area:  0.0000
                Fact:  1.0000     PAR:530.7706   Ratio:400.0000       (S.Area)
_09323_ (2)
  _22796_  (sky130_fd_sc_hs__nand2_1) B
[1]      met3:  Area:164.3560  S.Area:877.0320  G.Area:  0.2790  D.Area:  0.0000
                Fact:  1.0000     PAR:3.1435e+03   Ratio:400.0000       (S.Area)
_09143_ (3)
  _39035_  (sky130_fd_sc_hs__nand3_4) C
[1]      met3:  Area:111.7456  S.Area:597.3840  G.Area:  1.0590  D.Area:  0.0000
                Fact:  1.0000     PAR:564.1020   Ratio:400.0000       (S.Area)
  _39032_  (sky130_fd_sc_hs__nand2_1) B
[1]      met3:  Area:111.7456  S.Area:597.3840  G.Area:  1.0590  D.Area:  0.0000
                Fact:  1.0000     PAR:564.1020   Ratio:400.0000       (S.Area)
_08546_ (2)
  _22724_  (sky130_fd_sc_hs__a21oi_1) B1
[1]      met5:  Area:825.8560  S.Area:1.2426e+03  G.Area:  0.2790  D.Area:  2.8393
                Fact:  1.0000     PAR:4.4538e+03   Ratio:3.7357e+03       (S.Area)
_05233_ (6)
  _22422_  (sky130_fd_sc_hs__and2_1) B
[1]      met1:  Area: 31.1997  S.Area:155.8130  G.Area:  0.2220  D.Area:  0.0000
                Fact:  1.0000     PAR:701.8604   Ratio:400.0000       (S.Area)
_03988_ (3)
  _34312_  (sky130_fd_sc_hs__nand2_1) A
[1]      met3:  Area: 68.3080  S.Area:364.7760  G.Area:  0.2790  D.Area:  0.0000
                Fact:  1.0000     PAR:1.3074e+03   Ratio:400.0000       (S.Area)
_02466_ (3)
  _34343_  (sky130_fd_sc_hs__nand2_1) A
[1]      met3:  Area: 63.7000  S.Area:340.2000  G.Area:  0.4050  D.Area:  0.0000
                Fact:  1.0000     PAR:840.0000   Ratio:400.0000       (S.Area)
  rebuffer465  (sky130_fd_sc_hs__dlygate4sd2_1) A
[1]      met3:  Area: 63.7000  S.Area:340.2000  G.Area:  0.4050  D.Area:  0.0000
                Fact:  1.0000     PAR:840.0000   Ratio:400.0000       (S.Area)
_01012_ (2)
  _31457_  (sky130_fd_sc_hs__nand2_1) B
[1]      met3:  Area: 33.1720  S.Area:177.3840  G.Area:  0.2790  D.Area:  0.0000
                Fact:  1.0000     PAR:635.7849   Ratio:400.0000       (S.Area)
_00256_ (2)
  _44458_  (sky130_fd_sc_hs__dfxtp_1) D
[1]      met4:  Area:117.6888  S.Area:628.1440  G.Area:  0.1260  D.Area:  1.4742
                Fact:  1.0000     PAR:4.9853e+03   Ratio:3.1897e+03       (S.Area)
_00255_ (2)
  _44457_  (sky130_fd_sc_hs__dfxtp_1) D
[1]      met4:  Area:102.0168  S.Area:544.5600  G.Area:  0.1260  D.Area:  1.4742
                Fact:  1.0000     PAR:4.3219e+03   Ratio:3.1897e+03       (S.Area)
_00254_ (2)
  _44456_  (sky130_fd_sc_hs__dfxtp_1) D
[1]      met3:  Area: 92.2120  S.Area:492.2640  G.Area:  0.1260  D.Area:  0.0000
                Fact:  1.0000     PAR:3.9069e+03   Ratio:400.0000       (S.Area)
[1]      met4:  Area: 86.4396  S.Area:461.9520  G.Area:  0.1260  D.Area:  1.4742
                Fact:  1.0000     PAR:3.6663e+03   Ratio:3.1897e+03       (S.Area)
_00252_ (2)
  _44454_  (sky130_fd_sc_hs__dfxtp_1) D
[1]      met3:  Area:171.8150  S.Area:917.2640  G.Area:  0.1260  D.Area:  0.0000
                Fact:  1.0000     PAR:7.2799e+03   Ratio:400.0000       (S.Area)
_00251_ (2)
  _44453_  (sky130_fd_sc_hs__dfxtp_1) D
[1]      met4:  Area:123.7728  S.Area:660.5920  G.Area:  0.1260  D.Area:  1.4742
                Fact:  1.0000     PAR:5.2428e+03   Ratio:3.1897e+03       (S.Area)
_00250_ (2)
  _44452_  (sky130_fd_sc_hs__dfxtp_1) D
[1]      met4:  Area:129.6636  S.Area:692.4800  G.Area:  0.1260  D.Area:  1.4742
                Fact:  1.0000     PAR:5.4959e+03   Ratio:3.1897e+03       (S.Area)
_00249_ (2)
  _44451_  (sky130_fd_sc_hs__dfxtp_1) D
[1]      met3:  Area:172.3696  S.Area:920.7120  G.Area:  0.1260  D.Area:  0.0000
                Fact:  1.0000     PAR:7.3072e+03   Ratio:400.0000       (S.Area)
_00248_ (2)
  _44426_  (sky130_fd_sc_hs__dfxtp_1) D
[1]      met3:  Area: 84.9348  S.Area:453.4560  G.Area:  0.1260  D.Area:  1.4742
                Fact:  1.0000     PAR:3.5989e+03   Ratio:3.1897e+03       (S.Area)
_00247_ (2)
  _44425_  (sky130_fd_sc_hs__dfxtp_1) D
[1]      met3:  Area:119.4948  S.Area:637.7760  G.Area:  0.1260  D.Area:  1.4742
                Fact:  1.0000     PAR:5.0617e+03   Ratio:3.1897e+03       (S.Area)
_00245_ (2)
  _44423_  (sky130_fd_sc_hs__dfxtp_1) D
[1]      met2:  Area: 38.7190  S.Area:193.4240  G.Area:  0.1260  D.Area:  0.0000
                Fact:  1.0000     PAR:1.5351e+03   Ratio:400.0000       (S.Area)
_00243_ (2)
  _44421_  (sky130_fd_sc_hs__dfxtp_1) D
[1]      met2:  Area: 14.7900  S.Area: 73.6610  G.Area:  0.1260  D.Area:  0.0000
                Fact:  1.0000     PAR:584.6111   Ratio:400.0000       (S.Area)
[1]      met3:  Area: 14.3375  S.Area: 77.3840  G.Area:  0.1260  D.Area:  0.0000
                Fact:  1.0000     PAR:614.1587   Ratio:400.0000       (S.Area)
_00242_ (2)
  _44420_  (sky130_fd_sc_hs__dfxtp_1) D
[1]      met2:  Area: 51.3428  S.Area:256.5430  G.Area:  0.1260  D.Area:  0.0000
                Fact:  1.0000     PAR:2.0361e+03   Ratio:400.0000       (S.Area)
[1]      met3:  Area: 81.3348  S.Area:434.2560  G.Area:  0.1260  D.Area:  1.4742
                Fact:  1.0000     PAR:3.4465e+03   Ratio:3.1897e+03       (S.Area)
_00241_ (2)
  _44419_  (sky130_fd_sc_hs__dfxtp_1) D
[1]      met4:  Area:120.7836  S.Area:645.1200  G.Area:  0.1260  D.Area:  1.4742
                Fact:  1.0000     PAR:5.1200e+03   Ratio:3.1897e+03       (S.Area)
_00239_ (2)
  _44345_  (sky130_fd_sc_hs__dfxtp_1) D
[1]      met2:  Area: 50.3038  S.Area:251.2300  G.Area:  0.1260  D.Area:  0.0000
                Fact:  1.0000     PAR:1.9939e+03   Ratio:400.0000       (S.Area)
_00238_ (2)
  _44344_  (sky130_fd_sc_hs__dfxtp_1) D
[1]      met4:  Area:151.5228  S.Area:808.5920  G.Area:  0.1260  D.Area:  1.4742
                Fact:  1.0000     PAR:6.4174e+03   Ratio:3.1897e+03       (S.Area)
_00237_ (2)
  _44343_  (sky130_fd_sc_hs__dfxtp_1) D
[1]      met3:  Area:191.0376  S.Area:1.0198e+03  G.Area:  0.1260  D.Area:  1.4742
                Fact:  1.0000     PAR:8.0937e+03   Ratio:3.1897e+03       (S.Area)
_00236_ (2)
  _44342_  (sky130_fd_sc_hs__dfxtp_1) D
[1]      met5:  Area:1.0348e+03  S.Area:1.5560e+03  G.Area:  0.1260  D.Area:  1.4742
                Fact:  1.0000     PAR:1.2349e+04   Ratio:3.1897e+03       (S.Area)
_00235_ (2)
  _44341_  (sky130_fd_sc_hs__dfxtp_1) D
[1]      met4:  Area: 80.6016  S.Area:430.8160  G.Area:  0.1260  D.Area:  1.4742
                Fact:  1.0000     PAR:3.4192e+03   Ratio:3.1897e+03       (S.Area)
_00234_ (2)
  _44340_  (sky130_fd_sc_hs__dfxtp_1) D
[1]      met4:  Area:115.1148  S.Area:614.4160  G.Area:  0.1260  D.Area:  1.4742
                Fact:  1.0000     PAR:4.8763e+03   Ratio:3.1897e+03       (S.Area)
_00233_ (2)
  _44339_  (sky130_fd_sc_hs__dfxtp_1) D
[1]      met2:  Area: 12.1302  S.Area: 60.4800  G.Area:  0.1260  D.Area:  0.0000
                Fact:  1.0000     PAR:480.0000   Ratio:400.0000       (S.Area)
[1]      met3:  Area: 46.9960  S.Area:251.1120  G.Area:  0.1260  D.Area:  0.0000
                Fact:  1.0000     PAR:1.9930e+03   Ratio:400.0000       (S.Area)
[1]      met4:  Area:104.9028  S.Area:559.9520  G.Area:  0.1260  D.Area:  1.4742
                Fact:  1.0000     PAR:4.4441e+03   Ratio:3.1897e+03       (S.Area)
_00232_ (2)
  _44394_  (sky130_fd_sc_hs__dfxtp_1) D
[1]      met3:  Area:  9.5560  S.Area: 51.4320  G.Area:  0.1260  D.Area:  0.0000
                Fact:  1.0000     PAR:408.1905   Ratio:400.0000       (S.Area)
[1]      met4:  Area:103.1268  S.Area:550.4800  G.Area:  0.1260  D.Area:  1.4742
                Fact:  1.0000     PAR:4.3689e+03   Ratio:3.1897e+03       (S.Area)
_00231_ (2)
  _44393_  (sky130_fd_sc_hs__dfxtp_1) D
[1]      met4:  Area:129.3516  S.Area:690.8160  G.Area:  0.1260  D.Area:  1.4742
                Fact:  1.0000     PAR:5.4827e+03   Ratio:3.1897e+03       (S.Area)
_00230_ (2)
  _44392_  (sky130_fd_sc_hs__dfxtp_1) D
[1]      met3:  Area: 54.1960  S.Area:289.5120  G.Area:  0.1260  D.Area:  0.0000
                Fact:  1.0000     PAR:2.2977e+03   Ratio:400.0000       (S.Area)
_00226_ (2)
  _44388_  (sky130_fd_sc_hs__dfxtp_1) D
[1]      met5:  Area:441.8560  S.Area:666.6240  G.Area:  0.1260  D.Area:  1.4742
                Fact:  1.0000     PAR:5.2907e+03   Ratio:3.1897e+03       (S.Area)
_00225_ (2)
  _44387_  (sky130_fd_sc_hs__dfxtp_2) D
[1]      met1:  Area: 10.4154  S.Area: 51.9995  G.Area:  0.1260  D.Area:  0.0000
                Fact:  1.0000     PAR:412.6944   Ratio:400.0000       (S.Area)
_00224_ (2)
  _44362_  (sky130_fd_sc_hs__dfxtp_1) D
[1]      met3:  Area: 32.7400  S.Area:175.0800  G.Area:  0.1260  D.Area:  0.0000
                Fact:  1.0000     PAR:1.3895e+03   Ratio:400.0000       (S.Area)
_00223_ (2)
  _44361_  (sky130_fd_sc_hs__dfxtp_1) D
[1]      met2:  Area: 49.3744  S.Area:246.7010  G.Area:  0.1260  D.Area:  0.0000
                Fact:  1.0000     PAR:1.9579e+03   Ratio:400.0000       (S.Area)
[1]      met3:  Area:166.4508  S.Area:888.2080  G.Area:  0.1260  D.Area:  1.4742
                Fact:  1.0000     PAR:7.0493e+03   Ratio:3.1897e+03       (S.Area)
_00222_ (2)
  _44360_  (sky130_fd_sc_hs__dfxtp_1) D
[1]      met5:  Area:924.1600  S.Area:1.3901e+03  G.Area:  0.1260  D.Area:  1.4742
                Fact:  1.0000     PAR:1.1032e+04   Ratio:3.1897e+03       (S.Area)
_00221_ (2)
  _44359_  (sky130_fd_sc_hs__dfxtp_1) D
[1]      met2:  Area: 39.6878  S.Area:198.2680  G.Area:  0.1260  D.Area:  0.0000
                Fact:  1.0000     PAR:1.5736e+03   Ratio:400.0000       (S.Area)
_00220_ (2)
  _44358_  (sky130_fd_sc_hs__dfxtp_1) D
[1]      met3:  Area:205.6596  S.Area:1.0978e+03  G.Area:  0.1260  D.Area:  1.4742
                Fact:  1.0000     PAR:8.7126e+03   Ratio:3.1897e+03       (S.Area)
_00219_ (2)
  _44357_  (sky130_fd_sc_hs__dfxtp_1) D
[1]      met2:  Area: 52.7414  S.Area:263.5360  G.Area:  0.1260  D.Area:  0.0000
                Fact:  1.0000     PAR:2.0916e+03   Ratio:400.0000       (S.Area)
_00218_ (2)
  _44356_  (sky130_fd_sc_hs__dfxtp_1) D
[1]      met4:  Area:112.4508  S.Area:600.2080  G.Area:  0.1260  D.Area:  1.4742
                Fact:  1.0000     PAR:4.7636e+03   Ratio:3.1897e+03       (S.Area)
_00217_ (2)
  _44355_  (sky130_fd_sc_hs__dfxtp_1) D
[1]      met3:  Area:142.0776  S.Area:758.6880  G.Area:  0.1260  D.Area:  1.4742
                Fact:  1.0000     PAR:6.0213e+03   Ratio:3.1897e+03       (S.Area)
_00216_ (2)
  _44450_  (sky130_fd_sc_hs__dfxtp_1) D
[1]      met4:  Area:122.2188  S.Area:652.3040  G.Area:  0.1260  D.Area:  1.4742
                Fact:  1.0000     PAR:5.1770e+03   Ratio:3.1897e+03       (S.Area)
_00215_ (2)
  _44449_  (sky130_fd_sc_hs__dfxtp_1) D
[1]      met4:  Area: 66.0988  S.Area:348.8720  G.Area:  0.1260  D.Area:  0.0000
                Fact:  1.0000     PAR:2.7688e+03   Ratio:400.0000       (S.Area)
[1]      met5:  Area:732.1600  S.Area:1.1021e+03  G.Area:  0.1260  D.Area:  1.4742
                Fact:  1.0000     PAR:8.7467e+03   Ratio:3.1897e+03       (S.Area)
_00214_ (2)
  _44448_  (sky130_fd_sc_hs__dfxtp_1) D
[1]      met4:  Area:179.9388  S.Area:960.1440  G.Area:  0.1260  D.Area:  1.4742
                Fact:  1.0000     PAR:7.6202e+03   Ratio:3.1897e+03       (S.Area)
_00213_ (2)
  _44447_  (sky130_fd_sc_hs__dfxtp_1) D
[1]      met2:  Area: 18.7914  S.Area: 93.7860  G.Area:  0.1260  D.Area:  0.0000
                Fact:  1.0000     PAR:744.3333   Ratio:400.0000       (S.Area)
[1]      met3:  Area: 19.7800  S.Area:105.9600  G.Area:  0.1260  D.Area:  0.0000
                Fact:  1.0000     PAR:840.9524   Ratio:400.0000       (S.Area)
[1]      met4:  Area:125.9928  S.Area:672.4320  G.Area:  0.1260  D.Area:  1.4742
                Fact:  1.0000     PAR:5.3368e+03   Ratio:3.1897e+03       (S.Area)
_00212_ (2)
  _44446_  (sky130_fd_sc_hs__dfxtp_1) D
[1]      met3:  Area: 76.8040  S.Area:410.0880  G.Area:  0.1260  D.Area:  0.0000
                Fact:  1.0000     PAR:3.2547e+03   Ratio:400.0000       (S.Area)
_00211_ (2)
  _44445_  (sky130_fd_sc_hs__dfxtp_1) D
[1]      met2:  Area: 48.9600  S.Area:244.6290  G.Area:  0.1260  D.Area:  0.0000
                Fact:  1.0000     PAR:1.9415e+03   Ratio:400.0000       (S.Area)
[1]      met3:  Area:134.1576  S.Area:716.4480  G.Area:  0.1260  D.Area:  1.4742
                Fact:  1.0000     PAR:5.6861e+03   Ratio:3.1897e+03       (S.Area)
_00210_ (2)
  _44444_  (sky130_fd_sc_hs__dfxtp_1) D
[1]      met4:  Area:127.5624  S.Area:681.7440  G.Area:  0.1260  D.Area:  1.4742
                Fact:  1.0000     PAR:5.4107e+03   Ratio:3.1897e+03       (S.Area)
_00209_ (2)
  _44443_  (sky130_fd_sc_hs__dfxtp_1) D
[1]      met3:  Area: 81.4788  S.Area:435.0240  G.Area:  0.1260  D.Area:  1.4742
                Fact:  1.0000     PAR:3.4526e+03   Ratio:3.1897e+03       (S.Area)
_00208_ (2)
  _44418_  (sky130_fd_sc_hs__dfxtp_1) D
[1]      met3:  Area: 16.6120  S.Area: 89.0640  G.Area:  0.1260  D.Area:  0.0000
                Fact:  1.0000     PAR:706.8571   Ratio:400.0000       (S.Area)
[1]      met4:  Area:126.2148  S.Area:673.6160  G.Area:  0.1260  D.Area:  1.4742
                Fact:  1.0000     PAR:5.3462e+03   Ratio:3.1897e+03       (S.Area)
_00207_ (2)
  _44417_  (sky130_fd_sc_hs__dfxtp_1) D
[1]      met3:  Area: 37.4920  S.Area:200.4240  G.Area:  0.1260  D.Area:  0.0000
                Fact:  1.0000     PAR:1.5907e+03   Ratio:400.0000       (S.Area)
[1]      met4:  Area:104.4588  S.Area:557.5840  G.Area:  0.1260  D.Area:  1.4742
                Fact:  1.0000     PAR:4.4253e+03   Ratio:3.1897e+03       (S.Area)
_00206_ (2)
  _44416_  (sky130_fd_sc_hs__dfxtp_1) D
[1]      met2:  Area: 17.8462  S.Area: 88.9420  G.Area:  0.1260  D.Area:  0.0000
                Fact:  1.0000     PAR:705.8889   Ratio:400.0000       (S.Area)
_00205_ (2)
  _44415_  (sky130_fd_sc_hs__dfxtp_1) D
[1]      met3:  Area: 45.4120  S.Area:242.6640  G.Area:  0.1260  D.Area:  0.0000
                Fact:  1.0000     PAR:1.9259e+03   Ratio:400.0000       (S.Area)
[1]      met4:  Area:121.9968  S.Area:651.1200  G.Area:  0.1260  D.Area:  1.4742
                Fact:  1.0000     PAR:5.1676e+03   Ratio:3.1897e+03       (S.Area)
_00204_ (2)
  _44414_  (sky130_fd_sc_hs__dfxtp_1) D
[1]      met3:  Area:140.5188  S.Area:749.9040  G.Area:  0.1260  D.Area:  1.4742
                Fact:  1.0000     PAR:5.9516e+03   Ratio:3.1897e+03       (S.Area)
_00203_ (2)
  _44413_  (sky130_fd_sc_hs__dfxtp_1) D
[1]      met3:  Area:122.8840  S.Area:655.8480  G.Area:  0.1260  D.Area:  0.0000
                Fact:  1.0000     PAR:5.2051e+03   Ratio:400.0000       (S.Area)
_00202_ (2)
  _44412_  (sky130_fd_sc_hs__dfxtp_1) D
[1]      met2:  Area: 39.8432  S.Area:199.0450  G.Area:  0.1260  D.Area:  0.0000
                Fact:  1.0000     PAR:1.5797e+03   Ratio:400.0000       (S.Area)
[1]      met3:  Area:135.0468  S.Area:720.7200  G.Area:  0.1260  D.Area:  1.4742
                Fact:  1.0000     PAR:5.7200e+03   Ratio:3.1897e+03       (S.Area)
_00201_ (2)
  _44411_  (sky130_fd_sc_hs__dfxtp_1) D
[1]      met3:  Area:142.5348  S.Area:760.6560  G.Area:  0.1260  D.Area:  1.4742
                Fact:  1.0000     PAR:6.0370e+03   Ratio:3.1897e+03       (S.Area)
_00200_ (2)
  _44386_  (sky130_fd_sc_hs__dfxtp_1) D
[1]      met3:  Area: 53.9080  S.Area:287.9760  G.Area:  0.1260  D.Area:  0.0000
                Fact:  1.0000     PAR:2.2855e+03   Ratio:400.0000       (S.Area)
[1]      met4:  Area:145.0848  S.Area:774.2560  G.Area:  0.1260  D.Area:  1.4742
                Fact:  1.0000     PAR:6.1449e+03   Ratio:3.1897e+03       (S.Area)
_00199_ (2)
  _44385_  (sky130_fd_sc_hs__dfxtp_1) D
[1]      met2:  Area: 26.6342  S.Area:133.0000  G.Area:  0.1260  D.Area:  0.0000
                Fact:  1.0000     PAR:1.0556e+03   Ratio:400.0000       (S.Area)
_00198_ (2)
  _44384_  (sky130_fd_sc_hs__dfxtp_1) D
[1]      met4:  Area: 91.1848  S.Area:482.6640  G.Area:  0.1260  D.Area:  0.0000
                Fact:  1.0000     PAR:3.8307e+03   Ratio:400.0000       (S.Area)
[1]      met5:  Area:656.8960  S.Area:989.1840  G.Area:  0.1260  D.Area:  1.4742
                Fact:  1.0000     PAR:7.8507e+03   Ratio:3.1897e+03       (S.Area)
_00197_ (2)
  _44383_  (sky130_fd_sc_hs__dfxtp_1) D
[1]      met3:  Area: 81.2680  S.Area:433.8960  G.Area:  0.1260  D.Area:  0.0000
                Fact:  1.0000     PAR:3.4436e+03   Ratio:400.0000       (S.Area)
_00196_ (2)
  _44382_  (sky130_fd_sc_hs__dfxtp_1) D
[1]      met4:  Area:115.5744  S.Area:617.8080  G.Area:  0.1260  D.Area:  1.4742
                Fact:  1.0000     PAR:4.9032e+03   Ratio:3.1897e+03       (S.Area)
_00195_ (2)
  _44381_  (sky130_fd_sc_hs__dfxtp_1) D
[1]      met5:  Area:914.9440  S.Area:1.3763e+03  G.Area:  0.1260  D.Area:  1.4742
                Fact:  1.0000     PAR:1.0923e+04   Ratio:3.1897e+03       (S.Area)
_00194_ (2)
  _44380_  (sky130_fd_sc_hs__dfxtp_1) D
[1]      met5:  Area:649.2160  S.Area:977.6640  G.Area:  0.1260  D.Area:  1.4742
                Fact:  1.0000     PAR:7.7592e+03   Ratio:3.1897e+03       (S.Area)
_00192_ (2)
  _44354_  (sky130_fd_sc_hs__dfxtp_1) D
[1]      met3:  Area:122.8068  S.Area:655.4400  G.Area:  0.1260  D.Area:  1.4742
                Fact:  1.0000     PAR:5.2019e+03   Ratio:3.1897e+03       (S.Area)
_00191_ (2)
  _44353_  (sky130_fd_sc_hs__dfxtp_1) D
[1]      met5:  Area:302.0800  S.Area:456.9600  G.Area:  0.1260  D.Area:  1.4742
                Fact:  1.0000     PAR:3.6267e+03   Ratio:3.1897e+03       (S.Area)
_00190_ (2)
  _44352_  (sky130_fd_sc_hs__dfxtp_1) D
[1]      met3:  Area:108.9828  S.Area:581.7120  G.Area:  0.1260  D.Area:  1.4742
                Fact:  1.0000     PAR:4.6168e+03   Ratio:3.1897e+03       (S.Area)
_00188_ (2)
  _44350_  (sky130_fd_sc_hs__dfxtp_1) D
[1]      met3:  Area:128.5668  S.Area:686.1600  G.Area:  0.1260  D.Area:  1.4742
                Fact:  1.0000     PAR:5.4457e+03   Ratio:3.1897e+03       (S.Area)
_00187_ (2)
  _44349_  (sky130_fd_sc_hs__dfxtp_1) D
[1]      met4:  Area:140.9128  S.Area:747.8800  G.Area:  0.1260  D.Area:  0.0000
                Fact:  1.0000     PAR:5.9356e+03   Ratio:400.0000       (S.Area)
_00186_ (2)
  _44348_  (sky130_fd_sc_hs__dfxtp_1) D
[1]      met2:  Area: 52.7594  S.Area:263.5080  G.Area:  0.1260  D.Area:  0.0000
                Fact:  1.0000     PAR:2.0913e+03   Ratio:400.0000       (S.Area)
[1]      met3:  Area: 67.4188  S.Area:360.5040  G.Area:  0.1260  D.Area:  0.0000
                Fact:  1.0000     PAR:2.8611e+03   Ratio:400.0000       (S.Area)
_00185_ (2)
  _44347_  (sky130_fd_sc_hs__dfxtp_1) D
[1]      met1:  Area: 19.4608  S.Area: 97.2265  G.Area:  0.1260  D.Area:  0.0000
                Fact:  1.0000     PAR:771.6389   Ratio:400.0000       (S.Area)
_00184_ (2)
  _44442_  (sky130_fd_sc_hs__dfxtp_1) D
[1]      met3:  Area: 17.4880  S.Area: 93.7360  G.Area:  0.1260  D.Area:  0.0000
                Fact:  1.0000     PAR:743.9365   Ratio:400.0000       (S.Area)
[1]      met4:  Area:100.8036  S.Area:538.5600  G.Area:  0.1260  D.Area:  1.4742
                Fact:  1.0000     PAR:4.2743e+03   Ratio:3.1897e+03       (S.Area)
_00183_ (2)
  _44441_  (sky130_fd_sc_hs__dfxtp_1) D
[1]      met2:  Area: 21.8686  S.Area:109.1720  G.Area:  0.1260  D.Area:  0.0000
                Fact:  1.0000     PAR:866.4444   Ratio:400.0000       (S.Area)
[1]      met3:  Area: 10.4200  S.Area: 56.0400  G.Area:  0.1260  D.Area:  0.0000
                Fact:  1.0000     PAR:444.7619   Ratio:400.0000       (S.Area)
[1]      met4:  Area:101.3508  S.Area:541.0080  G.Area:  0.1260  D.Area:  1.4742
                Fact:  1.0000     PAR:4.2937e+03   Ratio:3.1897e+03       (S.Area)
_00182_ (2)
  _44440_  (sky130_fd_sc_hs__dfxtp_1) D
[1]      met2:  Area: 11.1460  S.Area: 55.5590  G.Area:  0.1260  D.Area:  0.0000
                Fact:  1.0000     PAR:440.9444   Ratio:400.0000       (S.Area)
_00181_ (2)
  _44439_  (sky130_fd_sc_hs__dfxtp_1) D
[1]      met3:  Area: 28.2760  S.Area:151.2720  G.Area:  0.1260  D.Area:  0.0000
                Fact:  1.0000     PAR:1.2006e+03   Ratio:400.0000       (S.Area)
[1]      met4:  Area:117.7788  S.Area:628.6240  G.Area:  0.1260  D.Area:  1.4742
                Fact:  1.0000     PAR:4.9891e+03   Ratio:3.1897e+03       (S.Area)
_00180_ (2)
  _44438_  (sky130_fd_sc_hs__dfxtp_1) D
[1]      met3:  Area: 29.4280  S.Area:157.4160  G.Area:  0.1260  D.Area:  0.0000
                Fact:  1.0000     PAR:1.2493e+03   Ratio:400.0000       (S.Area)
[1]      met4:  Area: 54.2218  S.Area:285.5280  G.Area:  0.1260  D.Area:  0.0000
                Fact:  1.0000     PAR:2.2661e+03   Ratio:400.0000       (S.Area)
[1]      met5:  Area:1.0670e+03  S.Area:1.6044e+03  G.Area:  0.1260  D.Area:  1.4742
                Fact:  1.0000     PAR:1.2733e+04   Ratio:3.1897e+03       (S.Area)
_00178_ (2)
  _44436_  (sky130_fd_sc_hs__dfxtp_1) D
[1]      met1:  Area: 13.5052  S.Area: 67.4485  G.Area:  0.1260  D.Area:  0.0000
                Fact:  1.0000     PAR:535.3056   Ratio:400.0000       (S.Area)
_00177_ (2)
  _44435_  (sky130_fd_sc_hs__dfxtp_1) D
[1]      met4:  Area:113.6796  S.Area:607.2320  G.Area:  0.1260  D.Area:  1.4742
                Fact:  1.0000     PAR:4.8193e+03   Ratio:3.1897e+03       (S.Area)
_00176_ (2)
  _44410_  (sky130_fd_sc_hs__dfxtp_1) D
[1]      met2:  Area: 36.8388  S.Area:184.0230  G.Area:  0.1260  D.Area:  0.0000
                Fact:  1.0000     PAR:1.4605e+03   Ratio:400.0000       (S.Area)
[1]      met3:  Area: 91.1268  S.Area:486.4800  G.Area:  0.1260  D.Area:  1.4742
                Fact:  1.0000     PAR:3.8610e+03   Ratio:3.1897e+03       (S.Area)
_00175_ (2)
  _44409_  (sky130_fd_sc_hs__dfxtp_1) D
[1]      met2:  Area: 23.0416  S.Area:114.9190  G.Area:  0.1260  D.Area:  0.0000
                Fact:  1.0000     PAR:912.0556   Ratio:400.0000       (S.Area)
_00174_ (2)
  _44408_  (sky130_fd_sc_hs__dfxtp_1) D
[1]      met4:  Area: 96.2448  S.Area:513.7760  G.Area:  0.1260  D.Area:  1.4742
                Fact:  1.0000     PAR:4.0776e+03   Ratio:3.1897e+03       (S.Area)
_00173_ (2)
  _44407_  (sky130_fd_sc_hs__dfxtp_1) D
[1]      met3:  Area: 51.8920  S.Area:277.2240  G.Area:  0.1260  D.Area:  0.0000
                Fact:  1.0000     PAR:2.2002e+03   Ratio:400.0000       (S.Area)
[1]      met4:  Area: 92.2488  S.Area:492.4640  G.Area:  0.1260  D.Area:  1.4742
                Fact:  1.0000     PAR:3.9084e+03   Ratio:3.1897e+03       (S.Area)
_00172_ (2)
  _44406_  (sky130_fd_sc_hs__dfxtp_1) D
[1]      met3:  Area: 95.3800  S.Area:509.1600  G.Area:  0.1260  D.Area:  0.0000
                Fact:  1.0000     PAR:4.0410e+03   Ratio:400.0000       (S.Area)
[1]      met4:  Area: 90.6948  S.Area:484.1760  G.Area:  0.1260  D.Area:  1.4742
                Fact:  1.0000     PAR:3.8427e+03   Ratio:3.1897e+03       (S.Area)
_00171_ (2)
  _44405_  (sky130_fd_sc_hs__dfxtp_1) D
[1]      met2:  Area: 20.6772  S.Area:103.2150  G.Area:  0.1260  D.Area:  0.0000
                Fact:  1.0000     PAR:819.1667   Ratio:400.0000       (S.Area)
[1]      met3:  Area: 51.6040  S.Area:275.6880  G.Area:  0.1260  D.Area:  0.0000
                Fact:  1.0000     PAR:2.1880e+03   Ratio:400.0000       (S.Area)
[1]      met4:  Area:145.9728  S.Area:778.9920  G.Area:  0.1260  D.Area:  1.4742
                Fact:  1.0000     PAR:6.1825e+03   Ratio:3.1897e+03       (S.Area)
_00170_ (2)
  _44404_  (sky130_fd_sc_hs__dfxtp_1) D
[1]      met4:  Area:167.5068  S.Area:893.8400  G.Area:  0.1260  D.Area:  1.4742
                Fact:  1.0000     PAR:7.0940e+03   Ratio:3.1897e+03       (S.Area)
_00168_ (2)
  _44378_  (sky130_fd_sc_hs__dfxtp_1) D
[1]      met3:  Area:112.8456  S.Area:602.7840  G.Area:  0.1260  D.Area:  1.4742
                Fact:  1.0000     PAR:4.7840e+03   Ratio:3.1897e+03       (S.Area)
_00167_ (2)
  _44377_  (sky130_fd_sc_hs__dfxtp_1) D
[1]      met3:  Area:127.4635  S.Area:680.7280  G.Area:  0.1260  D.Area:  1.4742
                Fact:  1.0000     PAR:5.4026e+03   Ratio:3.1897e+03       (S.Area)
_00166_ (2)
  _44376_  (sky130_fd_sc_hs__dfxtp_1) D
[1]      met2:  Area: 22.3682  S.Area:111.5520  G.Area:  0.1260  D.Area:  0.0000
                Fact:  1.0000     PAR:885.3333   Ratio:400.0000       (S.Area)
_00165_ (2)
  _44375_  (sky130_fd_sc_hs__dfxtp_1) D
[1]      met1:  Area: 15.5324  S.Area: 77.5845  G.Area:  0.1260  D.Area:  0.0000
                Fact:  1.0000     PAR:615.7500   Ratio:400.0000       (S.Area)
_00163_ (2)
  _44373_  (sky130_fd_sc_hs__dfxtp_1) D
[1]      met1:  Area: 40.1276  S.Area:200.5605  G.Area:  0.1260  D.Area:  0.0000
                Fact:  1.0000     PAR:1.5918e+03   Ratio:400.0000       (S.Area)
_00162_ (2)
  _44372_  (sky130_fd_sc_hs__dfxtp_1) D
[1]      met3:  Area: 79.3708  S.Area:424.2480  G.Area:  0.1260  D.Area:  0.0000
                Fact:  1.0000     PAR:3.3670e+03   Ratio:400.0000       (S.Area)
_00160_ (2)
  _44466_  (sky130_fd_sc_hs__dfxtp_1) D
[1]      met3:  Area:101.6388  S.Area:542.5440  G.Area:  0.1260  D.Area:  1.4742
                Fact:  1.0000     PAR:4.3059e+03   Ratio:3.1897e+03       (S.Area)
_00159_ (2)
  _44465_  (sky130_fd_sc_hs__dfxtp_1) D
[1]      met3:  Area: 38.0680  S.Area:203.4960  G.Area:  0.1260  D.Area:  0.0000
                Fact:  1.0000     PAR:1.6150e+03   Ratio:400.0000       (S.Area)
[1]      met4:  Area:129.2196  S.Area:690.1120  G.Area:  0.1260  D.Area:  1.4742
                Fact:  1.0000     PAR:5.4771e+03   Ratio:3.1897e+03       (S.Area)
_00158_ (2)
  _44464_  (sky130_fd_sc_hs__dfxtp_1) D
[1]      met2:  Area: 51.8090  S.Area:258.8740  G.Area:  0.1260  D.Area:  0.0000
                Fact:  1.0000     PAR:2.0546e+03   Ratio:400.0000       (S.Area)
[1]      met3:  Area: 94.2948  S.Area:503.3760  G.Area:  0.1260  D.Area:  1.4742
                Fact:  1.0000     PAR:3.9950e+03   Ratio:3.1897e+03       (S.Area)
_00157_ (2)
  _44463_  (sky130_fd_sc_hs__dfxtp_1) D
[1]      met2:  Area: 29.3278  S.Area:146.4680  G.Area:  0.1260  D.Area:  0.0000
                Fact:  1.0000     PAR:1.1624e+03   Ratio:400.0000       (S.Area)
[1]      met3:  Area: 89.9748  S.Area:480.3360  G.Area:  0.1260  D.Area:  1.4742
                Fact:  1.0000     PAR:3.8122e+03   Ratio:3.1897e+03       (S.Area)
_00154_ (2)
  _44460_  (sky130_fd_sc_hs__dfxtp_1) D
[1]      met1:  Area: 25.7664  S.Area:128.7545  G.Area:  0.1260  D.Area:  0.0000
                Fact:  1.0000     PAR:1.0219e+03   Ratio:400.0000       (S.Area)
_00151_ (2)
  _44433_  (sky130_fd_sc_hs__dfxtp_1) D
[1]      met3:  Area: 13.5880  S.Area: 72.9360  G.Area:  0.1260  D.Area:  0.0000
                Fact:  1.0000     PAR:578.8571   Ratio:400.0000       (S.Area)
_00150_ (2)
  _44432_  (sky130_fd_sc_hs__dfxtp_1) D
[1]      met3:  Area: 77.5908  S.Area:414.2880  G.Area:  0.1260  D.Area:  1.4742
                Fact:  1.0000     PAR:3.2880e+03   Ratio:3.1897e+03       (S.Area)
_00148_ (2)
  _44430_  (sky130_fd_sc_hs__dfxtp_1) D
[1]      met2:  Area: 15.2716  S.Area: 76.0690  G.Area:  0.1260  D.Area:  0.0000
                Fact:  1.0000     PAR:603.7222   Ratio:400.0000       (S.Area)
_00146_ (2)
  _44428_  (sky130_fd_sc_hs__dfxtp_1) D
[1]      met4:  Area: 98.5836  S.Area:526.7200  G.Area:  0.1260  D.Area:  1.4742
                Fact:  1.0000     PAR:4.1803e+03   Ratio:3.1897e+03       (S.Area)
_00145_ (2)
  _44427_  (sky130_fd_sc_hs__dfxtp_1) D
[1]      met2:  Area: 13.9432  S.Area: 69.5450  G.Area:  0.1260  D.Area:  0.0000
                Fact:  1.0000     PAR:551.9444   Ratio:400.0000       (S.Area)
[1]      met3:  Area: 51.7480  S.Area:276.4560  G.Area:  0.1260  D.Area:  0.0000
                Fact:  1.0000     PAR:2.1941e+03   Ratio:400.0000       (S.Area)
[1]      met5:  Area:417.2800  S.Area:629.7600  G.Area:  0.1260  D.Area:  1.4742
                Fact:  1.0000     PAR:4.9981e+03   Ratio:3.1897e+03       (S.Area)
_00143_ (2)
  _44401_  (sky130_fd_sc_hs__dfxtp_1) D
[1]      met2:  Area: 14.4612  S.Area: 72.1350  G.Area:  0.1260  D.Area:  0.0000
                Fact:  1.0000     PAR:572.5000   Ratio:400.0000       (S.Area)
[1]      met3:  Area:126.5508  S.Area:675.4080  G.Area:  0.1260  D.Area:  1.4742
                Fact:  1.0000     PAR:5.3604e+03   Ratio:3.1897e+03       (S.Area)
_00141_ (2)
  _44399_  (sky130_fd_sc_hs__dfxtp_1) D
[1]      met3:  Area: 17.4760  S.Area: 93.6720  G.Area:  0.1260  D.Area:  0.0000
                Fact:  1.0000     PAR:743.4286   Ratio:400.0000       (S.Area)
[1]      met4:  Area:132.3814  S.Area:703.3200  G.Area:  0.1260  D.Area:  0.0000
                Fact:  1.0000     PAR:5.5819e+03   Ratio:400.0000       (S.Area)
_00136_ (2)
  _44370_  (sky130_fd_sc_hs__dfxtp_1) D
[1]      met2:  Area: 53.0522  S.Area:265.0900  G.Area:  0.1260  D.Area:  0.0000
                Fact:  1.0000     PAR:2.1039e+03   Ratio:400.0000       (S.Area)
[1]      met3:  Area:109.8468  S.Area:586.3200  G.Area:  0.1260  D.Area:  1.4742
                Fact:  1.0000     PAR:4.6533e+03   Ratio:3.1897e+03       (S.Area)
_00134_ (2)
  _44368_  (sky130_fd_sc_hs__dfxtp_1) D
[1]      met5:  Area:785.9200  S.Area:1.1827e+03  G.Area:  0.1260  D.Area:  1.4742
                Fact:  1.0000     PAR:9.3867e+03   Ratio:3.1897e+03       (S.Area)
_00133_ (2)
  _44367_  (sky130_fd_sc_hs__dfxtp_1) D
[1]      met4:  Area:202.9236  S.Area:1.0832e+03  G.Area:  0.1260  D.Area:  1.4742
                Fact:  1.0000     PAR:8.5968e+03   Ratio:3.1897e+03       (S.Area)
_00131_ (2)
  _44365_  (sky130_fd_sc_hs__dfxtp_1) D
[1]      met3:  Area: 57.6520  S.Area:307.9440  G.Area:  0.1260  D.Area:  0.0000
                Fact:  1.0000     PAR:2.4440e+03   Ratio:400.0000       (S.Area)
[1]      met4:  Area: 99.4716  S.Area:531.4560  G.Area:  0.1260  D.Area:  1.4742
                Fact:  1.0000     PAR:4.2179e+03   Ratio:3.1897e+03       (S.Area)
_00130_ (2)
  _44364_  (sky130_fd_sc_hs__dfxtp_1) D
[1]      met4:  Area:145.5288  S.Area:776.6240  G.Area:  0.1260  D.Area:  1.4742
                Fact:  1.0000     PAR:6.1637e+03   Ratio:3.1897e+03       (S.Area)
_00128_ (2)
  _44594_  (sky130_fd_sc_hs__dfxtp_4) D
[1]      met4:  Area: 86.7144  S.Area:463.8880  G.Area:  0.1260  D.Area:  2.2848
                Fact:  1.0000     PAR:3.6817e+03   Ratio:3.5139e+03       (S.Area)
_00124_ (2)
  _44590_  (sky130_fd_sc_hs__dfxtp_4) D
[1]      met4:  Area:117.8976  S.Area:629.7280  G.Area:  0.1260  D.Area:  2.2848
                Fact:  1.0000     PAR:4.9978e+03   Ratio:3.5139e+03       (S.Area)
_00123_ (2)
  _44589_  (sky130_fd_sc_hs__dfxtp_4) D
[1]      met4:  Area: 92.4708  S.Area:493.6480  G.Area:  0.1260  D.Area:  2.2848
                Fact:  1.0000     PAR:3.9178e+03   Ratio:3.5139e+03       (S.Area)
_00122_ (2)
  _44588_  (sky130_fd_sc_hs__dfxtp_4) D
[1]      met2:  Area: 21.0706  S.Area:105.1820  G.Area:  0.1260  D.Area:  0.0000
                Fact:  1.0000     PAR:834.7778   Ratio:400.0000       (S.Area)
_00121_ (2)
  _44587_  (sky130_fd_sc_hs__dfxtp_4) D
[1]      met4:  Area:129.9888  S.Area:693.7440  G.Area:  0.1260  D.Area:  2.2848
                Fact:  1.0000     PAR:5.5059e+03   Ratio:3.5139e+03       (S.Area)
_00114_ (2)
  _44556_  (sky130_fd_sc_hs__dfxtp_4) D
[1]      met3:  Area: 20.3560  S.Area:109.0320  G.Area:  0.1260  D.Area:  0.0000
                Fact:  1.0000     PAR:865.3333   Ratio:400.0000       (S.Area)
_00103_ (2)
  _44497_  (sky130_fd_sc_hs__dfxtp_4) D
[1]      met3:  Area: 13.5880  S.Area: 72.9360  G.Area:  0.1260  D.Area:  0.0000
                Fact:  1.0000     PAR:578.8571   Ratio:400.0000       (S.Area)
[1]      met5:  Area:377.3440  S.Area:569.8560  G.Area:  0.1260  D.Area:  2.2848
                Fact:  1.0000     PAR:4.5227e+03   Ratio:3.5139e+03       (S.Area)
_00102_ (2)
  _44496_  (sky130_fd_sc_hs__dfxtp_4) D
[1]      met1:  Area: 20.0866  S.Area:100.3555  G.Area:  0.1260  D.Area:  0.0000
                Fact:  1.0000     PAR:796.4722   Ratio:400.0000       (S.Area)
_00101_ (2)
  _44495_  (sky130_fd_sc_hs__dfxtp_4) D
[1]      met3:  Area:106.9668  S.Area:570.9600  G.Area:  0.1260  D.Area:  2.2848
                Fact:  1.0000     PAR:4.5314e+03   Ratio:3.5139e+03       (S.Area)
_00096_ (2)
  _44586_  (sky130_fd_sc_hs__dfxtp_4) D
[1]      met3:  Area: 14.3080  S.Area: 76.7760  G.Area:  0.1260  D.Area:  0.0000
                Fact:  1.0000     PAR:609.3333   Ratio:400.0000       (S.Area)
_00095_ (2)
  _44585_  (sky130_fd_sc_hs__dfxtp_4) D
[1]      met2:  Area: 11.8194  S.Area: 58.9260  G.Area:  0.1260  D.Area:  0.0000
                Fact:  1.0000     PAR:467.6667   Ratio:400.0000       (S.Area)
[1]      met3:  Area: 17.9080  S.Area: 95.9760  G.Area:  0.1260  D.Area:  0.0000
                Fact:  1.0000     PAR:761.7143   Ratio:400.0000       (S.Area)
_00087_ (2)
  _44553_  (sky130_fd_sc_hs__dfxtp_4) D
[1]      met2:  Area: 17.4810  S.Area: 87.2340  G.Area:  0.1260  D.Area:  0.0000
                Fact:  1.0000     PAR:692.3333   Ratio:400.0000       (S.Area)
_00085_ (2)
  _44551_  (sky130_fd_sc_hs__dfxtp_4) D
[1]      met3:  Area: 11.5720  S.Area: 62.1840  G.Area:  0.1260  D.Area:  0.0000
                Fact:  1.0000     PAR:493.5238   Ratio:400.0000       (S.Area)
_00084_ (2)
  _44550_  (sky130_fd_sc_hs__dfxtp_4) D
[1]      met3:  Area: 13.7320  S.Area: 73.7040  G.Area:  0.1260  D.Area:  0.0000
                Fact:  1.0000     PAR:584.9524   Ratio:400.0000       (S.Area)
_00083_ (2)
  _44549_  (sky130_fd_sc_hs__dfxtp_4) D
[1]      met3:  Area: 14.7400  S.Area: 79.0800  G.Area:  0.1260  D.Area:  0.0000
                Fact:  1.0000     PAR:627.6190   Ratio:400.0000       (S.Area)
[1]      met4:  Area: 84.2568  S.Area:449.8400  G.Area:  0.1260  D.Area:  2.2848
                Fact:  1.0000     PAR:3.5702e+03   Ratio:3.5139e+03       (S.Area)
_00081_ (2)
  _44547_  (sky130_fd_sc_hs__dfxtp_4) D
[1]      met3:  Area: 14.3080  S.Area: 76.7760  G.Area:  0.1260  D.Area:  0.0000
                Fact:  1.0000     PAR:609.3333   Ratio:400.0000       (S.Area)
_00079_ (2)
  _44521_  (sky130_fd_sc_hs__dfxtp_4) D
[1]      met2:  Area: 51.2246  S.Area:255.5980  G.Area:  0.1260  D.Area:  0.0000
                Fact:  1.0000     PAR:2.0286e+03   Ratio:400.0000       (S.Area)
_00078_ (2)
  _44520_  (sky130_fd_sc_hs__dfxtp_4) D
[1]      met3:  Area: 34.5460  S.Area:184.7120  G.Area:  0.1260  D.Area:  0.0000
                Fact:  1.0000     PAR:1.4660e+03   Ratio:400.0000       (S.Area)
_00077_ (2)
  _44519_  (sky130_fd_sc_hs__dfxtp_4) D
[1]      met3:  Area: 11.8600  S.Area: 63.7200  G.Area:  0.1260  D.Area:  0.0000
                Fact:  1.0000     PAR:505.7143   Ratio:400.0000       (S.Area)
_00074_ (2)
  _44516_  (sky130_fd_sc_hs__dfxtp_4) D
[1]      met2:  Area: 19.2422  S.Area: 96.0400  G.Area:  0.1260  D.Area:  0.0000
                Fact:  1.0000     PAR:762.2222   Ratio:400.0000       (S.Area)
_00073_ (2)
  _44515_  (sky130_fd_sc_hs__dfxtp_4) D
[1]      met3:  Area: 80.2600  S.Area:428.5200  G.Area:  0.1260  D.Area:  0.0000
                Fact:  1.0000     PAR:3.4010e+03   Ratio:400.0000       (S.Area)
_00071_ (2)
  _44489_  (sky130_fd_sc_hs__dfxtp_4) D
[1]      met2:  Area: 25.4608  S.Area:127.0150  G.Area:  0.1260  D.Area:  0.0000
                Fact:  1.0000     PAR:1.0081e+03   Ratio:400.0000       (S.Area)
_00070_ (2)
  _44488_  (sky130_fd_sc_hs__dfxtp_4) D
[1]      met2:  Area: 15.6706  S.Area: 78.0640  G.Area:  0.1260  D.Area:  0.0000
                Fact:  1.0000     PAR:619.5556   Ratio:400.0000       (S.Area)
[1]      met3:  Area: 73.9240  S.Area:394.7280  G.Area:  0.1260  D.Area:  0.0000
                Fact:  1.0000     PAR:3.1328e+03   Ratio:400.0000       (S.Area)
_00066_ (2)
  _44484_  (sky130_fd_sc_hs__dfxtp_4) D
[1]      met4:  Area: 97.1328  S.Area:518.5120  G.Area:  0.1260  D.Area:  2.2848
                Fact:  1.0000     PAR:4.1152e+03   Ratio:3.5139e+03       (S.Area)
_00056_ (2)
  _44546_  (sky130_fd_sc_hs__dfxtp_4) D
[1]      met2:  Area: 20.4358  S.Area:101.6540  G.Area:  0.1260  D.Area:  0.0000
                Fact:  1.0000     PAR:806.7778   Ratio:400.0000       (S.Area)
_00055_ (2)
  _44545_  (sky130_fd_sc_hs__dfxtp_4) D
[1]      met4:  Area: 87.1428  S.Area:465.2320  G.Area:  0.1260  D.Area:  2.2848
                Fact:  1.0000     PAR:3.6923e+03   Ratio:3.5139e+03       (S.Area)
_00052_ (2)
  _44542_  (sky130_fd_sc_hs__dfxtp_4) D
[1]      met1:  Area: 11.9232  S.Area: 59.5385  G.Area:  0.1260  D.Area:  0.0000
                Fact:  1.0000     PAR:472.5278   Ratio:400.0000       (S.Area)
_00048_ (2)
  _44514_  (sky130_fd_sc_hs__dfxtp_4) D
[1]      met3:  Area: 31.1560  S.Area:166.6320  G.Area:  0.1260  D.Area:  0.0000
                Fact:  1.0000     PAR:1.3225e+03   Ratio:400.0000       (S.Area)
_00046_ (2)
  _44512_  (sky130_fd_sc_hs__dfxtp_4) D
[1]      met4:  Area:104.2368  S.Area:556.4000  G.Area:  0.1260  D.Area:  2.2848
                Fact:  1.0000     PAR:4.4159e+03   Ratio:3.5139e+03       (S.Area)
_00044_ (2)
  _44510_  (sky130_fd_sc_hs__dfxtp_4) D
[1]      met2:  Area: 16.9630  S.Area: 84.6440  G.Area:  0.1260  D.Area:  0.0000
                Fact:  1.0000     PAR:671.7778   Ratio:400.0000       (S.Area)
[1]      met3:  Area: 70.8340  S.Area:378.2480  G.Area:  0.1260  D.Area:  0.0000
                Fact:  1.0000     PAR:3.0020e+03   Ratio:400.0000       (S.Area)
_00042_ (2)
  _44508_  (sky130_fd_sc_hs__dfxtp_4) D
[1]      met2:  Area: 45.4376  S.Area:227.0170  G.Area:  0.1260  D.Area:  0.0000
                Fact:  1.0000     PAR:1.8017e+03   Ratio:400.0000       (S.Area)
_00036_ (2)
  _44478_  (sky130_fd_sc_hs__dfxtp_4) D
[1]      met4:  Area: 43.0108  S.Area:225.7360  G.Area:  0.1260  D.Area:  0.0000
                Fact:  1.0000     PAR:1.7916e+03   Ratio:400.0000       (S.Area)
[1]      met5:  Area:372.7360  S.Area:562.9440  G.Area:  0.1260  D.Area:  2.2848
                Fact:  1.0000     PAR:4.4678e+03   Ratio:3.5139e+03       (S.Area)
_00035_ (2)
  _44477_  (sky130_fd_sc_hs__dfxtp_4) D
[1]      met3:  Area: 27.8440  S.Area:148.9680  G.Area:  0.1260  D.Area:  0.0000
                Fact:  1.0000     PAR:1.1823e+03   Ratio:400.0000       (S.Area)
[1]      met4:  Area: 37.2388  S.Area:194.9520  G.Area:  0.1260  D.Area:  0.0000
                Fact:  1.0000     PAR:1.5472e+03   Ratio:400.0000       (S.Area)
_00033_ (2)
  _44475_  (sky130_fd_sc_hs__dfxtp_4) D
[1]      met2:  Area: 16.5850  S.Area: 82.7540  G.Area:  0.1260  D.Area:  0.0000
                Fact:  1.0000     PAR:656.7778   Ratio:400.0000       (S.Area)
_00032_ (2)
  _44570_  (sky130_fd_sc_hs__dfxtp_4) D
[1]      met1:  Area: 12.4454  S.Area: 62.1495  G.Area:  0.1260  D.Area:  0.0000
                Fact:  1.0000     PAR:493.2500   Ratio:400.0000       (S.Area)
_00022_ (2)
  _44536_  (sky130_fd_sc_hs__dfxtp_4) D
[1]      met5:  Area:480.2560  S.Area:724.2240  G.Area:  0.1260  D.Area:  2.2848
                Fact:  1.0000     PAR:5.7478e+03   Ratio:3.5139e+03       (S.Area)
_00021_ (2)
  _44535_  (sky130_fd_sc_hs__dfxtp_4) D
[1]      met4:  Area: 10.6132  S.Area: 53.4240  G.Area:  0.1260  D.Area:  0.0000
                Fact:  1.0000     PAR:424.0000   Ratio:400.0000       (S.Area)
_00018_ (2)
  _44532_  (sky130_fd_sc_hs__dfxtp_4) D
[1]      met3:  Area: 83.2068  S.Area:444.2400  G.Area:  0.1260  D.Area:  2.2848
                Fact:  1.0000     PAR:3.5257e+03   Ratio:3.5139e+03       (S.Area)
_00016_ (2)
  _44506_  (sky130_fd_sc_hs__dfxtp_4) D
[1]      met1:  Area: 12.2088  S.Area: 60.9665  G.Area:  0.1260  D.Area:  0.0000
                Fact:  1.0000     PAR:483.8611   Ratio:400.0000       (S.Area)
_00011_ (2)
  _44501_  (sky130_fd_sc_hs__dfxtp_4) D
[1]      met1:  Area: 34.6214  S.Area:173.0295  G.Area:  0.1260  D.Area:  0.0000
                Fact:  1.0000     PAR:1.3732e+03   Ratio:400.0000       (S.Area)
_00009_ (2)
  _44499_  (sky130_fd_sc_hs__dfxtp_4) D
[1]      met1:  Area: 21.0988  S.Area:105.4165  G.Area:  0.1260  D.Area:  0.0000
                Fact:  1.0000     PAR:836.6389   Ratio:400.0000       (S.Area)

Total number of process antenna violations: 251
   Number of pins violated: 205
   Number of nets violated: 197
