###############################################################
#  Generated by:      Cadence Innovus 21.11-s130_1
#  OS:                Linux x86_64(Host ID redondo-asia-tpe-desktop-pawanekar-0)
#  Generated on:      Fri Nov  3 03:54:05 2023
#  Design:            gcd
#  Command:           violationBrowserReport
###############################################################
*********** ENCOUNTER Violation Browser Report ********** 
Report File Name :  gcd.viols.rpt                                                                             Page : 1

***************** Report Summary *****************
Num Violation Total                        508
   Verify                             508
      Connectivity              8
         Antenna (DanglingWire)  8
      Density                   500
         Density          500
*************** End Report Summary ***************

Verify - Connectivity - Antenna (DanglingWire) Violations ( 8 ) 

Net VDD
False : No      Layer : metal4(4)     Bounds (4.09, 2.715) (4.09, 2.715)

Net VDD
False : No      Layer : metal4(4)     Bounds (4.09, 47.685) (4.09, 47.685)

Net VDD
False : No      Layer : metal7(7)     Bounds (2.09, 4.715) (2.09, 4.715)

Net VDD
False : No      Layer : metal7(7)     Bounds (2.09, 44.715) (2.09, 44.715)

Net VDD
False : No      Layer : metal7(7)     Bounds (48.45, 4.715) (48.45, 4.715)

Net VDD
False : No      Layer : metal7(7)     Bounds (48.45, 44.715) (48.45, 44.715)

Net VSS
False : No      Layer : metal7(7)     Bounds (2.09, 24.715) (2.09, 24.715)

Net VSS
False : No      Layer : metal7(7)     Bounds (48.45, 24.715) (48.45, 24.715)

Verify - Density - Density Violations ( 500 ) 

Density violation
Actual:0.0049   Min:0.0098   Max:30  
False : No      Layer : via2(2)     Bounds (10, 0) (20, 10)

Density violation
Actual:0.0049   Min:0.0098   Max:30  
False : No      Layer : via2(2)     Bounds (5, 0) (15, 10)

Density violation
Actual:0   Min:0.0098   Max:30  
False : No      Layer : via3(3)     Bounds (10, 0) (20, 10)

Density violation
Actual:0   Min:0.0098   Max:30  
False : No      Layer : via3(3)     Bounds (10, 40) (20, 50)

*********** ENCOUNTER Violation Browser Report ********** 
Report File Name :  gcd.viols.rpt                                                                             Page : 2

Density violation
Actual:0   Min:0.0098   Max:30  
False : No      Layer : via3(3)     Bounds (10, 40.565) (20, 50.565)

Density violation
Actual:0.00035   Min:0.0098   Max:30  
False : No      Layer : via3(3)     Bounds (40, 40) (50, 50)

Density violation
Actual:0   Min:0.0098   Max:30  
False : No      Layer : via3(3)     Bounds (40, 40.565) (50, 50.565)

Density violation
Actual:0.00035   Min:0.0098   Max:30  
False : No      Layer : via3(3)     Bounds (40.565, 40) (50.565, 50)

Density violation
Actual:0   Min:0.0098   Max:30  
False : No      Layer : via3(3)     Bounds (40.565, 40.565) (50.565, 50.565)

Density violation
Actual:0   Min:0.0098   Max:30  
False : No      Layer : via3(3)     Bounds (5, 0) (15, 10)

Density violation
Actual:0   Min:0.0098   Max:30  
False : No      Layer : via3(3)     Bounds (5, 40) (15, 50)

Density violation
Actual:0   Min:0.0098   Max:30  
False : No      Layer : via3(3)     Bounds (5, 40.565) (15, 50.565)

Density violation
Actual:0   Min:0.0392   Max:30  
False : No      Layer : via4(4)     Bounds (0, 10) (10, 20)

Density violation
Actual:0.0196   Min:0.0392   Max:30  
False : No      Layer : via4(4)     Bounds (0, 15) (10, 25)

Density violation
Actual:0.0196   Min:0.0392   Max:30  
False : No      Layer : via4(4)     Bounds (0, 30) (10, 40)

Density violation
Actual:0   Min:0.0392   Max:30  
False : No      Layer : via4(4)     Bounds (10, 0) (20, 10)

Density violation
Actual:0   Min:0.0392   Max:30  
False : No      Layer : via4(4)     Bounds (10, 10) (20, 20)

Density violation
Actual:0   Min:0.0392   Max:30  
False : No      Layer : via4(4)     Bounds (10, 40) (20, 50)

Density violation
Actual:0   Min:0.0392   Max:30  
False : No      Layer : via4(4)     Bounds (10, 40.565) (20, 50.565)

Density violation
Actual:0   Min:0.0392   Max:30  
False : No      Layer : via4(4)     Bounds (10, 5) (20, 15)

Density violation
Actual:0.0273   Min:0.0392   Max:30  
False : No      Layer : via4(4)     Bounds (15, 10) (25, 20)

Density violation
Actual:0.0196   Min:0.0392   Max:30  
False : No      Layer : via4(4)     Bounds (15, 40) (25, 50)

Density violation
Actual:0.0196   Min:0.0392   Max:30  
False : No      Layer : via4(4)     Bounds (15, 40.565) (25, 50.565)

Density violation
Actual:0.0196   Min:0.0392   Max:30  
False : No      Layer : via4(4)     Bounds (15, 5) (25, 15)

Density violation
Actual:0.0196   Min:0.0392   Max:30  
False : No      Layer : via4(4)     Bounds (20, 40) (30, 50)

Density violation
Actual:0.0196   Min:0.0392   Max:30  
False : No      Layer : via4(4)     Bounds (20, 40.565) (30, 50.565)

*********** ENCOUNTER Violation Browser Report ********** 
Report File Name :  gcd.viols.rpt                                                                             Page : 3

Density violation
Actual:0.0196   Min:0.0392   Max:30  
False : No      Layer : via4(4)     Bounds (25, 0) (35, 10)

Density violation
Actual:0.0196   Min:0.0392   Max:30  
False : No      Layer : via4(4)     Bounds (25, 40) (35, 50)

Density violation
Actual:0.0196   Min:0.0392   Max:30  
False : No      Layer : via4(4)     Bounds (25, 40.565) (35, 50.565)

Density violation
Actual:0   Min:0.0392   Max:30  
False : No      Layer : via4(4)     Bounds (30, 0) (40, 10)

Density violation
Actual:0.0196   Min:0.0392   Max:30  
False : No      Layer : via4(4)     Bounds (35, 0) (45, 10)

Density violation
Actual:0.0196   Min:0.0392   Max:30  
False : No      Layer : via4(4)     Bounds (35, 40) (45, 50)

Density violation
Actual:0.0196   Min:0.0392   Max:30  
False : No      Layer : via4(4)     Bounds (35, 40.565) (45, 50.565)

Density violation
Actual:0   Min:0.0392   Max:30  
False : No      Layer : via4(4)     Bounds (40, 40) (50, 50)

Density violation
Actual:0   Min:0.0392   Max:30  
False : No      Layer : via4(4)     Bounds (40, 40.565) (50, 50.565)

Density violation
Actual:0   Min:0.0392   Max:30  
False : No      Layer : via4(4)     Bounds (40.565, 40) (50.565, 50)

Density violation
Actual:0   Min:0.0392   Max:30  
False : No      Layer : via4(4)     Bounds (40.565, 40.565) (50.565, 50.565)

Density violation
Actual:0   Min:0.0392   Max:30  
False : No      Layer : via4(4)     Bounds (5, 0) (15, 10)

Density violation
Actual:0   Min:0.0392   Max:30  
False : No      Layer : via4(4)     Bounds (5, 10) (15, 20)

Density violation
Actual:0.0196   Min:0.0392   Max:30  
False : No      Layer : via4(4)     Bounds (5, 15) (15, 25)

Density violation
Actual:0.0196   Min:0.0392   Max:30  
False : No      Layer : via4(4)     Bounds (5, 35) (15, 45)

Density violation
Actual:0   Min:0.0392   Max:30  
False : No      Layer : via4(4)     Bounds (5, 40) (15, 50)

Density violation
Actual:0   Min:0.0392   Max:30  
False : No      Layer : via4(4)     Bounds (5, 40.565) (15, 50.565)

Density violation
Actual:0   Min:0.0392   Max:30  
False : No      Layer : via4(4)     Bounds (5, 5) (15, 15)

Density violation
Actual:0   Min:0.0392   Max:30  
False : No      Layer : via5(5)     Bounds (0, 10) (10, 20)

Density violation
Actual:0   Min:0.0392   Max:30  
False : No      Layer : via5(5)     Bounds (0, 15) (10, 25)

Density violation
Actual:0   Min:0.0392   Max:30  
False : No      Layer : via5(5)     Bounds (0, 20) (10, 30)

Density violation
Actual:0   Min:0.0392   Max:30  
False : No      Layer : via5(5)     Bounds (0, 25) (10, 35)

*********** ENCOUNTER Violation Browser Report ********** 
Report File Name :  gcd.viols.rpt                                                                             Page : 4

Density violation
Actual:0   Min:0.0392   Max:30  
False : No      Layer : via5(5)     Bounds (0, 30) (10, 40)

Density violation
Actual:0   Min:0.0392   Max:30  
False : No      Layer : via5(5)     Bounds (10, 0) (20, 10)

Density violation
Actual:0   Min:0.0392   Max:30  
False : No      Layer : via5(5)     Bounds (10, 10) (20, 20)

Density violation
Actual:0.0196   Min:0.0392   Max:30  
False : No      Layer : via5(5)     Bounds (10, 15) (20, 25)

Density violation
Actual:0.0196   Min:0.0392   Max:30  
False : No      Layer : via5(5)     Bounds (10, 20) (20, 30)

Density violation
Actual:0   Min:0.0392   Max:30  
False : No      Layer : via5(5)     Bounds (10, 25) (20, 35)

Density violation
Actual:0.0196   Min:0.0392   Max:30  
False : No      Layer : via5(5)     Bounds (10, 30) (20, 40)

Density violation
Actual:0.0196   Min:0.0392   Max:30  
False : No      Layer : via5(5)     Bounds (10, 35) (20, 45)

Density violation
Actual:0   Min:0.0392   Max:30  
False : No      Layer : via5(5)     Bounds (10, 40) (20, 50)

Density violation
Actual:0   Min:0.0392   Max:30  
False : No      Layer : via5(5)     Bounds (10, 40.565) (20, 50.565)

Density violation
Actual:0   Min:0.0392   Max:30  
False : No      Layer : via5(5)     Bounds (10, 5) (20, 15)

Density violation
Actual:0.0273   Min:0.0392   Max:30  
False : No      Layer : via5(5)     Bounds (15, 10) (25, 20)

Density violation
Actual:0.0196   Min:0.0392   Max:30  
False : No      Layer : via5(5)     Bounds (15, 25) (25, 35)

Density violation
Actual:0.0196   Min:0.0392   Max:30  
False : No      Layer : via5(5)     Bounds (15, 40) (25, 50)

Density violation
Actual:0.0196   Min:0.0392   Max:30  
False : No      Layer : via5(5)     Bounds (15, 40.565) (25, 50.565)

Density violation
Actual:0.0196   Min:0.0392   Max:30  
False : No      Layer : via5(5)     Bounds (15, 5) (25, 15)

Density violation
Actual:0.0196   Min:0.0392   Max:30  
False : No      Layer : via5(5)     Bounds (20, 25) (30, 35)

Density violation
Actual:0.0196   Min:0.0392   Max:30  
False : No      Layer : via5(5)     Bounds (20, 30) (30, 40)

Density violation
Actual:0.0196   Min:0.0392   Max:30  
False : No      Layer : via5(5)     Bounds (20, 35) (30, 45)

Density violation
Actual:0.0196   Min:0.0392   Max:30  
False : No      Layer : via5(5)     Bounds (20, 40) (30, 50)

Density violation
Actual:0.0196   Min:0.0392   Max:30  
False : No      Layer : via5(5)     Bounds (20, 40.565) (30, 50.565)

Density violation
Actual:0.0315   Min:0.0392   Max:30  
False : No      Layer : via5(5)     Bounds (25, 0) (35, 10)

*********** ENCOUNTER Violation Browser Report ********** 
Report File Name :  gcd.viols.rpt                                                                             Page : 5

Density violation
Actual:0.0315   Min:0.0392   Max:30  
False : No      Layer : via5(5)     Bounds (25, 10) (35, 20)

Density violation
Actual:0.0196   Min:0.0392   Max:30  
False : No      Layer : via5(5)     Bounds (25, 40) (35, 50)

Density violation
Actual:0.0196   Min:0.0392   Max:30  
False : No      Layer : via5(5)     Bounds (25, 40.565) (35, 50.565)

Density violation
Actual:0.0196   Min:0.0392   Max:30  
False : No      Layer : via5(5)     Bounds (25, 5) (35, 15)

Density violation
Actual:0   Min:0.0392   Max:30  
False : No      Layer : via5(5)     Bounds (30, 0) (40, 10)

Density violation
Actual:0.0196   Min:0.0392   Max:30  
False : No      Layer : via5(5)     Bounds (35, 0) (45, 10)

Density violation
Actual:0   Min:0.0392   Max:30  
False : No      Layer : via5(5)     Bounds (35, 20) (45, 30)

Density violation
Actual:0   Min:0.0392   Max:30  
False : No      Layer : via5(5)     Bounds (35, 25) (45, 35)

Density violation
Actual:0   Min:0.0392   Max:30  
False : No      Layer : via5(5)     Bounds (35, 30) (45, 40)

Density violation
Actual:0.0196   Min:0.0392   Max:30  
False : No      Layer : via5(5)     Bounds (35, 35) (45, 45)

Density violation
Actual:0.0196   Min:0.0392   Max:30  
False : No      Layer : via5(5)     Bounds (35, 40) (45, 50)

Density violation
Actual:0.0196   Min:0.0392   Max:30  
False : No      Layer : via5(5)     Bounds (35, 40.565) (45, 50.565)

Density violation
Actual:0.0196   Min:0.0392   Max:30  
False : No      Layer : via5(5)     Bounds (40, 0) (50, 10)

Density violation
Actual:0.0196   Min:0.0392   Max:30  
False : No      Layer : via5(5)     Bounds (40, 15) (50, 25)

Density violation
Actual:0   Min:0.0392   Max:30  
False : No      Layer : via5(5)     Bounds (40, 20) (50, 30)

Density violation
Actual:0   Min:0.0392   Max:30  
False : No      Layer : via5(5)     Bounds (40, 25) (50, 35)

Density violation
Actual:0   Min:0.0392   Max:30  
False : No      Layer : via5(5)     Bounds (40, 30) (50, 40)

Density violation
Actual:0   Min:0.0392   Max:30  
False : No      Layer : via5(5)     Bounds (40, 35) (50, 45)

Density violation
Actual:0   Min:0.0392   Max:30  
False : No      Layer : via5(5)     Bounds (40, 40) (50, 50)

Density violation
Actual:0   Min:0.0392   Max:30  
False : No      Layer : via5(5)     Bounds (40, 40.565) (50, 50.565)

Density violation
Actual:0.0196   Min:0.0392   Max:30  
False : No      Layer : via5(5)     Bounds (40.565, 0) (50.565, 10)

Density violation
Actual:0.0196   Min:0.0392   Max:30  
False : No      Layer : via5(5)     Bounds (40.565, 15) (50.565, 25)

*********** ENCOUNTER Violation Browser Report ********** 
Report File Name :  gcd.viols.rpt                                                                             Page : 6

Density violation
Actual:0   Min:0.0392   Max:30  
False : No      Layer : via5(5)     Bounds (40.565, 20) (50.565, 30)

Density violation
Actual:0   Min:0.0392   Max:30  
False : No      Layer : via5(5)     Bounds (40.565, 25) (50.565, 35)

Density violation
Actual:0   Min:0.0392   Max:30  
False : No      Layer : via5(5)     Bounds (40.565, 30) (50.565, 40)

Density violation
Actual:0   Min:0.0392   Max:30  
False : No      Layer : via5(5)     Bounds (40.565, 35) (50.565, 45)

Density violation
Actual:0   Min:0.0392   Max:30  
False : No      Layer : via5(5)     Bounds (40.565, 40) (50.565, 50)

Density violation
Actual:0   Min:0.0392   Max:30  
False : No      Layer : via5(5)     Bounds (40.565, 40.565) (50.565, 50.565)

Density violation
Actual:0   Min:0.0392   Max:30  
False : No      Layer : via5(5)     Bounds (5, 0) (15, 10)

Density violation
Actual:0   Min:0.0392   Max:30  
False : No      Layer : via5(5)     Bounds (5, 10) (15, 20)

Density violation
Actual:0   Min:0.0392   Max:30  
False : No      Layer : via5(5)     Bounds (5, 15) (15, 25)

Density violation
Actual:0   Min:0.0392   Max:30  
False : No      Layer : via5(5)     Bounds (5, 20) (15, 30)

Density violation
Actual:0   Min:0.0392   Max:30  
False : No      Layer : via5(5)     Bounds (5, 25) (15, 35)

Density violation
Actual:0   Min:0.0392   Max:30  
False : No      Layer : via5(5)     Bounds (5, 30) (15, 40)

Density violation
Actual:0   Min:0.0392   Max:30  
False : No      Layer : via5(5)     Bounds (5, 35) (15, 45)

Density violation
Actual:0   Min:0.0392   Max:30  
False : No      Layer : via5(5)     Bounds (5, 40) (15, 50)

Density violation
Actual:0   Min:0.0392   Max:30  
False : No      Layer : via5(5)     Bounds (5, 40.565) (15, 50.565)

Density violation
Actual:0   Min:0.0392   Max:30  
False : No      Layer : via5(5)     Bounds (5, 5) (15, 15)

Density violation
Actual:0   Min:0.0392   Max:30  
False : No      Layer : via6(6)     Bounds (0, 10) (10, 20)

Density violation
Actual:0   Min:0.0392   Max:30  
False : No      Layer : via6(6)     Bounds (0, 15) (10, 25)

Density violation
Actual:0   Min:0.0392   Max:30  
False : No      Layer : via6(6)     Bounds (0, 20) (10, 30)

Density violation
Actual:0   Min:0.0392   Max:30  
False : No      Layer : via6(6)     Bounds (0, 25) (10, 35)

Density violation
Actual:0   Min:0.0392   Max:30  
False : No      Layer : via6(6)     Bounds (0, 30) (10, 40)

Density violation
Actual:0.0315   Min:0.0392   Max:30  
False : No      Layer : via6(6)     Bounds (0, 5) (10, 15)

*********** ENCOUNTER Violation Browser Report ********** 
Report File Name :  gcd.viols.rpt                                                                             Page : 7

Density violation
Actual:0   Min:0.0392   Max:30  
False : No      Layer : via6(6)     Bounds (10, 0) (20, 10)

Density violation
Actual:0   Min:0.0392   Max:30  
False : No      Layer : via6(6)     Bounds (10, 10) (20, 20)

Density violation
Actual:0   Min:0.0392   Max:30  
False : No      Layer : via6(6)     Bounds (10, 15) (20, 25)

Density violation
Actual:0   Min:0.0392   Max:30  
False : No      Layer : via6(6)     Bounds (10, 20) (20, 30)

Density violation
Actual:0   Min:0.0392   Max:30  
False : No      Layer : via6(6)     Bounds (10, 25) (20, 35)

Density violation
Actual:0   Min:0.0392   Max:30  
False : No      Layer : via6(6)     Bounds (10, 30) (20, 40)

Density violation
Actual:0   Min:0.0392   Max:30  
False : No      Layer : via6(6)     Bounds (10, 35) (20, 45)

Density violation
Actual:0   Min:0.0392   Max:30  
False : No      Layer : via6(6)     Bounds (10, 40) (20, 50)

Density violation
Actual:0   Min:0.0392   Max:30  
False : No      Layer : via6(6)     Bounds (10, 40.565) (20, 50.565)

Density violation
Actual:0   Min:0.0392   Max:30  
False : No      Layer : via6(6)     Bounds (10, 5) (20, 15)

Density violation
Actual:0   Min:0.0392   Max:30  
False : No      Layer : via6(6)     Bounds (15, 0) (25, 10)

Density violation
Actual:0   Min:0.0392   Max:30  
False : No      Layer : via6(6)     Bounds (15, 10) (25, 20)

Density violation
Actual:0   Min:0.0392   Max:30  
False : No      Layer : via6(6)     Bounds (15, 15) (25, 25)

Density violation
Actual:0   Min:0.0392   Max:30  
False : No      Layer : via6(6)     Bounds (15, 20) (25, 30)

Density violation
Actual:0   Min:0.0392   Max:30  
False : No      Layer : via6(6)     Bounds (15, 25) (25, 35)

Density violation
Actual:0   Min:0.0392   Max:30  
False : No      Layer : via6(6)     Bounds (15, 30) (25, 40)

Density violation
Actual:0   Min:0.0392   Max:30  
False : No      Layer : via6(6)     Bounds (15, 35) (25, 45)

Density violation
Actual:0   Min:0.0392   Max:30  
False : No      Layer : via6(6)     Bounds (15, 40) (25, 50)

Density violation
Actual:0   Min:0.0392   Max:30  
False : No      Layer : via6(6)     Bounds (15, 40.565) (25, 50.565)

Density violation
Actual:0   Min:0.0392   Max:30  
False : No      Layer : via6(6)     Bounds (15, 5) (25, 15)

Density violation
Actual:0   Min:0.0392   Max:30  
False : No      Layer : via6(6)     Bounds (20, 0) (30, 10)

Density violation
Actual:0   Min:0.0392   Max:30  
False : No      Layer : via6(6)     Bounds (20, 10) (30, 20)

*********** ENCOUNTER Violation Browser Report ********** 
Report File Name :  gcd.viols.rpt                                                                             Page : 8

Density violation
Actual:0   Min:0.0392   Max:30  
False : No      Layer : via6(6)     Bounds (20, 15) (30, 25)

Density violation
Actual:0   Min:0.0392   Max:30  
False : No      Layer : via6(6)     Bounds (20, 20) (30, 30)

Density violation
Actual:0   Min:0.0392   Max:30  
False : No      Layer : via6(6)     Bounds (20, 25) (30, 35)

Density violation
Actual:0   Min:0.0392   Max:30  
False : No      Layer : via6(6)     Bounds (20, 30) (30, 40)

Density violation
Actual:0   Min:0.0392   Max:30  
False : No      Layer : via6(6)     Bounds (20, 35) (30, 45)

Density violation
Actual:0   Min:0.0392   Max:30  
False : No      Layer : via6(6)     Bounds (20, 40) (30, 50)

Density violation
Actual:0   Min:0.0392   Max:30  
False : No      Layer : via6(6)     Bounds (20, 40.565) (30, 50.565)

Density violation
Actual:0   Min:0.0392   Max:30  
False : No      Layer : via6(6)     Bounds (20, 5) (30, 15)

Density violation
Actual:0   Min:0.0392   Max:30  
False : No      Layer : via6(6)     Bounds (25, 0) (35, 10)

Density violation
Actual:0   Min:0.0392   Max:30  
False : No      Layer : via6(6)     Bounds (25, 10) (35, 20)

Density violation
Actual:0.0315   Min:0.0392   Max:30  
False : No      Layer : via6(6)     Bounds (25, 25) (35, 35)

Density violation
Actual:0   Min:0.0392   Max:30  
False : No      Layer : via6(6)     Bounds (25, 30) (35, 40)

Density violation
Actual:0   Min:0.0392   Max:30  
False : No      Layer : via6(6)     Bounds (25, 35) (35, 45)

Density violation
Actual:0   Min:0.0392   Max:30  
False : No      Layer : via6(6)     Bounds (25, 40) (35, 50)

Density violation
Actual:0   Min:0.0392   Max:30  
False : No      Layer : via6(6)     Bounds (25, 40.565) (35, 50.565)

Density violation
Actual:0   Min:0.0392   Max:30  
False : No      Layer : via6(6)     Bounds (25, 5) (35, 15)

Density violation
Actual:0   Min:0.0392   Max:30  
False : No      Layer : via6(6)     Bounds (30, 0) (40, 10)

Density violation
Actual:0   Min:0.0392   Max:30  
False : No      Layer : via6(6)     Bounds (30, 10) (40, 20)

Density violation
Actual:0.0315   Min:0.0392   Max:30  
False : No      Layer : via6(6)     Bounds (30, 25) (40, 35)

Density violation
Actual:0   Min:0.0392   Max:30  
False : No      Layer : via6(6)     Bounds (30, 30) (40, 40)

Density violation
Actual:0   Min:0.0392   Max:30  
False : No      Layer : via6(6)     Bounds (30, 35) (40, 45)

Density violation
Actual:0   Min:0.0392   Max:30  
False : No      Layer : via6(6)     Bounds (30, 40) (40, 50)

*********** ENCOUNTER Violation Browser Report ********** 
Report File Name :  gcd.viols.rpt                                                                             Page : 9

Density violation
Actual:0   Min:0.0392   Max:30  
False : No      Layer : via6(6)     Bounds (30, 40.565) (40, 50.565)

Density violation
Actual:0   Min:0.0392   Max:30  
False : No      Layer : via6(6)     Bounds (30, 5) (40, 15)

Density violation
Actual:0   Min:0.0392   Max:30  
False : No      Layer : via6(6)     Bounds (35, 0) (45, 10)

Density violation
Actual:0   Min:0.0392   Max:30  
False : No      Layer : via6(6)     Bounds (35, 10) (45, 20)

Density violation
Actual:0   Min:0.0392   Max:30  
False : No      Layer : via6(6)     Bounds (35, 15) (45, 25)

Density violation
Actual:0   Min:0.0392   Max:30  
False : No      Layer : via6(6)     Bounds (35, 20) (45, 30)

Density violation
Actual:0   Min:0.0392   Max:30  
False : No      Layer : via6(6)     Bounds (35, 25) (45, 35)

Density violation
Actual:0   Min:0.0392   Max:30  
False : No      Layer : via6(6)     Bounds (35, 30) (45, 40)

Density violation
Actual:0   Min:0.0392   Max:30  
False : No      Layer : via6(6)     Bounds (35, 35) (45, 45)

Density violation
Actual:0   Min:0.0392   Max:30  
False : No      Layer : via6(6)     Bounds (35, 40) (45, 50)

Density violation
Actual:0   Min:0.0392   Max:30  
False : No      Layer : via6(6)     Bounds (35, 40.565) (45, 50.565)

Density violation
Actual:0   Min:0.0392   Max:30  
False : No      Layer : via6(6)     Bounds (35, 5) (45, 15)

Density violation
Actual:0   Min:0.0392   Max:30  
False : No      Layer : via6(6)     Bounds (40, 0) (50, 10)

Density violation
Actual:0   Min:0.0392   Max:30  
False : No      Layer : via6(6)     Bounds (40, 10) (50, 20)

Density violation
Actual:0   Min:0.0392   Max:30  
False : No      Layer : via6(6)     Bounds (40, 15) (50, 25)

Density violation
Actual:0   Min:0.0392   Max:30  
False : No      Layer : via6(6)     Bounds (40, 20) (50, 30)

Density violation
Actual:0   Min:0.0392   Max:30  
False : No      Layer : via6(6)     Bounds (40, 25) (50, 35)

Density violation
Actual:0   Min:0.0392   Max:30  
False : No      Layer : via6(6)     Bounds (40, 30) (50, 40)

Density violation
Actual:0   Min:0.0392   Max:30  
False : No      Layer : via6(6)     Bounds (40, 35) (50, 45)

Density violation
Actual:0   Min:0.0392   Max:30  
False : No      Layer : via6(6)     Bounds (40, 40) (50, 50)

Density violation
Actual:0   Min:0.0392   Max:30  
False : No      Layer : via6(6)     Bounds (40, 40.565) (50, 50.565)

Density violation
Actual:0   Min:0.0392   Max:30  
False : No      Layer : via6(6)     Bounds (40, 5) (50, 15)

*********** ENCOUNTER Violation Browser Report ********** 
Report File Name :  gcd.viols.rpt                                                                             Page : 10

Density violation
Actual:0   Min:0.0392   Max:30  
False : No      Layer : via6(6)     Bounds (40.565, 0) (50.565, 10)

Density violation
Actual:0   Min:0.0392   Max:30  
False : No      Layer : via6(6)     Bounds (40.565, 10) (50.565, 20)

Density violation
Actual:0   Min:0.0392   Max:30  
False : No      Layer : via6(6)     Bounds (40.565, 15) (50.565, 25)

Density violation
Actual:0   Min:0.0392   Max:30  
False : No      Layer : via6(6)     Bounds (40.565, 20) (50.565, 30)

Density violation
Actual:0   Min:0.0392   Max:30  
False : No      Layer : via6(6)     Bounds (40.565, 25) (50.565, 35)

Density violation
Actual:0   Min:0.0392   Max:30  
False : No      Layer : via6(6)     Bounds (40.565, 30) (50.565, 40)

Density violation
Actual:0   Min:0.0392   Max:30  
False : No      Layer : via6(6)     Bounds (40.565, 35) (50.565, 45)

Density violation
Actual:0   Min:0.0392   Max:30  
False : No      Layer : via6(6)     Bounds (40.565, 40) (50.565, 50)

Density violation
Actual:0   Min:0.0392   Max:30  
False : No      Layer : via6(6)     Bounds (40.565, 40.565) (50.565, 50.565)

Density violation
Actual:0   Min:0.0392   Max:30  
False : No      Layer : via6(6)     Bounds (40.565, 5) (50.565, 15)

Density violation
Actual:0   Min:0.0392   Max:30  
False : No      Layer : via6(6)     Bounds (5, 0) (15, 10)

Density violation
Actual:0   Min:0.0392   Max:30  
False : No      Layer : via6(6)     Bounds (5, 10) (15, 20)

Density violation
Actual:0   Min:0.0392   Max:30  
False : No      Layer : via6(6)     Bounds (5, 15) (15, 25)

Density violation
Actual:0   Min:0.0392   Max:30  
False : No      Layer : via6(6)     Bounds (5, 20) (15, 30)

Density violation
Actual:0   Min:0.0392   Max:30  
False : No      Layer : via6(6)     Bounds (5, 25) (15, 35)

Density violation
Actual:0   Min:0.0392   Max:30  
False : No      Layer : via6(6)     Bounds (5, 30) (15, 40)

Density violation
Actual:0   Min:0.0392   Max:30  
False : No      Layer : via6(6)     Bounds (5, 35) (15, 45)

Density violation
Actual:0   Min:0.0392   Max:30  
False : No      Layer : via6(6)     Bounds (5, 40) (15, 50)

Density violation
Actual:0   Min:0.0392   Max:30  
False : No      Layer : via6(6)     Bounds (5, 40.565) (15, 50.565)

Density violation
Actual:0   Min:0.0392   Max:30  
False : No      Layer : via6(6)     Bounds (5, 5) (15, 15)

Density violation
Actual:0   Min:0.32   Max:30  
False : No      Layer : via7(7)     Bounds (0, 0) (10, 10)

Density violation
Actual:0   Min:0.32   Max:30  
False : No      Layer : via7(7)     Bounds (0, 10) (10, 20)

*********** ENCOUNTER Violation Browser Report ********** 
Report File Name :  gcd.viols.rpt                                                                             Page : 11

Density violation
Actual:0   Min:0.32   Max:30  
False : No      Layer : via7(7)     Bounds (0, 15) (10, 25)

Density violation
Actual:0   Min:0.32   Max:30  
False : No      Layer : via7(7)     Bounds (0, 20) (10, 30)

Density violation
Actual:0   Min:0.32   Max:30  
False : No      Layer : via7(7)     Bounds (0, 25) (10, 35)

Density violation
Actual:0   Min:0.32   Max:30  
False : No      Layer : via7(7)     Bounds (0, 30) (10, 40)

Density violation
Actual:0   Min:0.32   Max:30  
False : No      Layer : via7(7)     Bounds (0, 35) (10, 45)

Density violation
Actual:0   Min:0.32   Max:30  
False : No      Layer : via7(7)     Bounds (0, 40) (10, 50)

Density violation
Actual:0   Min:0.32   Max:30  
False : No      Layer : via7(7)     Bounds (0, 40.565) (10, 50.565)

Density violation
Actual:0   Min:0.32   Max:30  
False : No      Layer : via7(7)     Bounds (0, 5) (10, 15)

Density violation
Actual:0   Min:0.32   Max:30  
False : No      Layer : via7(7)     Bounds (10, 0) (20, 10)

Density violation
Actual:0   Min:0.32   Max:30  
False : No      Layer : via7(7)     Bounds (10, 10) (20, 20)

Density violation
Actual:0   Min:0.32   Max:30  
False : No      Layer : via7(7)     Bounds (10, 15) (20, 25)

Density violation
Actual:0   Min:0.32   Max:30  
False : No      Layer : via7(7)     Bounds (10, 20) (20, 30)

Density violation
Actual:0   Min:0.32   Max:30  
False : No      Layer : via7(7)     Bounds (10, 25) (20, 35)

Density violation
Actual:0   Min:0.32   Max:30  
False : No      Layer : via7(7)     Bounds (10, 30) (20, 40)

Density violation
Actual:0   Min:0.32   Max:30  
False : No      Layer : via7(7)     Bounds (10, 35) (20, 45)

Density violation
Actual:0   Min:0.32   Max:30  
False : No      Layer : via7(7)     Bounds (10, 40) (20, 50)

Density violation
Actual:0   Min:0.32   Max:30  
False : No      Layer : via7(7)     Bounds (10, 40.565) (20, 50.565)

Density violation
Actual:0   Min:0.32   Max:30  
False : No      Layer : via7(7)     Bounds (10, 5) (20, 15)

Density violation
Actual:0   Min:0.32   Max:30  
False : No      Layer : via7(7)     Bounds (15, 0) (25, 10)

Density violation
Actual:0   Min:0.32   Max:30  
False : No      Layer : via7(7)     Bounds (15, 10) (25, 20)

Density violation
Actual:0   Min:0.32   Max:30  
False : No      Layer : via7(7)     Bounds (15, 15) (25, 25)

Density violation
Actual:0   Min:0.32   Max:30  
False : No      Layer : via7(7)     Bounds (15, 20) (25, 30)

*********** ENCOUNTER Violation Browser Report ********** 
Report File Name :  gcd.viols.rpt                                                                             Page : 12

Density violation
Actual:0   Min:0.32   Max:30  
False : No      Layer : via7(7)     Bounds (15, 25) (25, 35)

Density violation
Actual:0   Min:0.32   Max:30  
False : No      Layer : via7(7)     Bounds (15, 30) (25, 40)

Density violation
Actual:0   Min:0.32   Max:30  
False : No      Layer : via7(7)     Bounds (15, 35) (25, 45)

Density violation
Actual:0   Min:0.32   Max:30  
False : No      Layer : via7(7)     Bounds (15, 40) (25, 50)

Density violation
Actual:0   Min:0.32   Max:30  
False : No      Layer : via7(7)     Bounds (15, 40.565) (25, 50.565)

Density violation
Actual:0   Min:0.32   Max:30  
False : No      Layer : via7(7)     Bounds (15, 5) (25, 15)

Density violation
Actual:0   Min:0.32   Max:30  
False : No      Layer : via7(7)     Bounds (20, 0) (30, 10)

Density violation
Actual:0   Min:0.32   Max:30  
False : No      Layer : via7(7)     Bounds (20, 10) (30, 20)

Density violation
Actual:0   Min:0.32   Max:30  
False : No      Layer : via7(7)     Bounds (20, 15) (30, 25)

Density violation
Actual:0   Min:0.32   Max:30  
False : No      Layer : via7(7)     Bounds (20, 20) (30, 30)

Density violation
Actual:0   Min:0.32   Max:30  
False : No      Layer : via7(7)     Bounds (20, 25) (30, 35)

Density violation
Actual:0   Min:0.32   Max:30  
False : No      Layer : via7(7)     Bounds (20, 30) (30, 40)

Density violation
Actual:0   Min:0.32   Max:30  
False : No      Layer : via7(7)     Bounds (20, 35) (30, 45)

Density violation
Actual:0   Min:0.32   Max:30  
False : No      Layer : via7(7)     Bounds (20, 40) (30, 50)

Density violation
Actual:0   Min:0.32   Max:30  
False : No      Layer : via7(7)     Bounds (20, 40.565) (30, 50.565)

Density violation
Actual:0   Min:0.32   Max:30  
False : No      Layer : via7(7)     Bounds (20, 5) (30, 15)

Density violation
Actual:0   Min:0.32   Max:30  
False : No      Layer : via7(7)     Bounds (25, 0) (35, 10)

Density violation
Actual:0   Min:0.32   Max:30  
False : No      Layer : via7(7)     Bounds (25, 10) (35, 20)

Density violation
Actual:0   Min:0.32   Max:30  
False : No      Layer : via7(7)     Bounds (25, 15) (35, 25)

Density violation
Actual:0   Min:0.32   Max:30  
False : No      Layer : via7(7)     Bounds (25, 20) (35, 30)

Density violation
Actual:0   Min:0.32   Max:30  
False : No      Layer : via7(7)     Bounds (25, 25) (35, 35)

Density violation
Actual:0   Min:0.32   Max:30  
False : No      Layer : via7(7)     Bounds (25, 30) (35, 40)

*********** ENCOUNTER Violation Browser Report ********** 
Report File Name :  gcd.viols.rpt                                                                             Page : 13

Density violation
Actual:0   Min:0.32   Max:30  
False : No      Layer : via7(7)     Bounds (25, 35) (35, 45)

Density violation
Actual:0   Min:0.32   Max:30  
False : No      Layer : via7(7)     Bounds (25, 40) (35, 50)

Density violation
Actual:0   Min:0.32   Max:30  
False : No      Layer : via7(7)     Bounds (25, 40.565) (35, 50.565)

Density violation
Actual:0   Min:0.32   Max:30  
False : No      Layer : via7(7)     Bounds (25, 5) (35, 15)

Density violation
Actual:0   Min:0.32   Max:30  
False : No      Layer : via7(7)     Bounds (30, 0) (40, 10)

Density violation
Actual:0   Min:0.32   Max:30  
False : No      Layer : via7(7)     Bounds (30, 10) (40, 20)

Density violation
Actual:0   Min:0.32   Max:30  
False : No      Layer : via7(7)     Bounds (30, 15) (40, 25)

Density violation
Actual:0   Min:0.32   Max:30  
False : No      Layer : via7(7)     Bounds (30, 20) (40, 30)

Density violation
Actual:0   Min:0.32   Max:30  
False : No      Layer : via7(7)     Bounds (30, 25) (40, 35)

Density violation
Actual:0   Min:0.32   Max:30  
False : No      Layer : via7(7)     Bounds (30, 30) (40, 40)

Density violation
Actual:0   Min:0.32   Max:30  
False : No      Layer : via7(7)     Bounds (30, 35) (40, 45)

Density violation
Actual:0   Min:0.32   Max:30  
False : No      Layer : via7(7)     Bounds (30, 40) (40, 50)

Density violation
Actual:0   Min:0.32   Max:30  
False : No      Layer : via7(7)     Bounds (30, 40.565) (40, 50.565)

Density violation
Actual:0   Min:0.32   Max:30  
False : No      Layer : via7(7)     Bounds (30, 5) (40, 15)

Density violation
Actual:0   Min:0.32   Max:30  
False : No      Layer : via7(7)     Bounds (35, 0) (45, 10)

Density violation
Actual:0   Min:0.32   Max:30  
False : No      Layer : via7(7)     Bounds (35, 10) (45, 20)

Density violation
Actual:0   Min:0.32   Max:30  
False : No      Layer : via7(7)     Bounds (35, 15) (45, 25)

Density violation
Actual:0   Min:0.32   Max:30  
False : No      Layer : via7(7)     Bounds (35, 20) (45, 30)

Density violation
Actual:0   Min:0.32   Max:30  
False : No      Layer : via7(7)     Bounds (35, 25) (45, 35)

Density violation
Actual:0   Min:0.32   Max:30  
False : No      Layer : via7(7)     Bounds (35, 30) (45, 40)

Density violation
Actual:0   Min:0.32   Max:30  
False : No      Layer : via7(7)     Bounds (35, 35) (45, 45)

Density violation
Actual:0   Min:0.32   Max:30  
False : No      Layer : via7(7)     Bounds (35, 40) (45, 50)

*********** ENCOUNTER Violation Browser Report ********** 
Report File Name :  gcd.viols.rpt                                                                             Page : 14

Density violation
Actual:0   Min:0.32   Max:30  
False : No      Layer : via7(7)     Bounds (35, 40.565) (45, 50.565)

Density violation
Actual:0   Min:0.32   Max:30  
False : No      Layer : via7(7)     Bounds (35, 5) (45, 15)

Density violation
Actual:0   Min:0.32   Max:30  
False : No      Layer : via7(7)     Bounds (40, 0) (50, 10)

Density violation
Actual:0   Min:0.32   Max:30  
False : No      Layer : via7(7)     Bounds (40, 10) (50, 20)

Density violation
Actual:0   Min:0.32   Max:30  
False : No      Layer : via7(7)     Bounds (40, 15) (50, 25)

Density violation
Actual:0   Min:0.32   Max:30  
False : No      Layer : via7(7)     Bounds (40, 20) (50, 30)

Density violation
Actual:0   Min:0.32   Max:30  
False : No      Layer : via7(7)     Bounds (40, 25) (50, 35)

Density violation
Actual:0   Min:0.32   Max:30  
False : No      Layer : via7(7)     Bounds (40, 30) (50, 40)

Density violation
Actual:0   Min:0.32   Max:30  
False : No      Layer : via7(7)     Bounds (40, 35) (50, 45)

Density violation
Actual:0   Min:0.32   Max:30  
False : No      Layer : via7(7)     Bounds (40, 40) (50, 50)

Density violation
Actual:0   Min:0.32   Max:30  
False : No      Layer : via7(7)     Bounds (40, 40.565) (50, 50.565)

Density violation
Actual:0   Min:0.32   Max:30  
False : No      Layer : via7(7)     Bounds (40, 5) (50, 15)

Density violation
Actual:0   Min:0.32   Max:30  
False : No      Layer : via7(7)     Bounds (40.565, 0) (50.565, 10)

Density violation
Actual:0   Min:0.32   Max:30  
False : No      Layer : via7(7)     Bounds (40.565, 10) (50.565, 20)

Density violation
Actual:0   Min:0.32   Max:30  
False : No      Layer : via7(7)     Bounds (40.565, 15) (50.565, 25)

Density violation
Actual:0   Min:0.32   Max:30  
False : No      Layer : via7(7)     Bounds (40.565, 20) (50.565, 30)

Density violation
Actual:0   Min:0.32   Max:30  
False : No      Layer : via7(7)     Bounds (40.565, 25) (50.565, 35)

Density violation
Actual:0   Min:0.32   Max:30  
False : No      Layer : via7(7)     Bounds (40.565, 30) (50.565, 40)

Density violation
Actual:0   Min:0.32   Max:30  
False : No      Layer : via7(7)     Bounds (40.565, 35) (50.565, 45)

Density violation
Actual:0   Min:0.32   Max:30  
False : No      Layer : via7(7)     Bounds (40.565, 40) (50.565, 50)

Density violation
Actual:0   Min:0.32   Max:30  
False : No      Layer : via7(7)     Bounds (40.565, 40.565) (50.565, 50.565)

Density violation
Actual:0   Min:0.32   Max:30  
False : No      Layer : via7(7)     Bounds (40.565, 5) (50.565, 15)

*********** ENCOUNTER Violation Browser Report ********** 
Report File Name :  gcd.viols.rpt                                                                             Page : 15

Density violation
Actual:0   Min:0.32   Max:30  
False : No      Layer : via7(7)     Bounds (5, 0) (15, 10)

Density violation
Actual:0   Min:0.32   Max:30  
False : No      Layer : via7(7)     Bounds (5, 10) (15, 20)

Density violation
Actual:0   Min:0.32   Max:30  
False : No      Layer : via7(7)     Bounds (5, 15) (15, 25)

Density violation
Actual:0   Min:0.32   Max:30  
False : No      Layer : via7(7)     Bounds (5, 20) (15, 30)

Density violation
Actual:0   Min:0.32   Max:30  
False : No      Layer : via7(7)     Bounds (5, 25) (15, 35)

Density violation
Actual:0   Min:0.32   Max:30  
False : No      Layer : via7(7)     Bounds (5, 30) (15, 40)

Density violation
Actual:0   Min:0.32   Max:30  
False : No      Layer : via7(7)     Bounds (5, 35) (15, 45)

Density violation
Actual:0   Min:0.32   Max:30  
False : No      Layer : via7(7)     Bounds (5, 40) (15, 50)

Density violation
Actual:0   Min:0.32   Max:30  
False : No      Layer : via7(7)     Bounds (5, 40.565) (15, 50.565)

Density violation
Actual:0   Min:0.32   Max:30  
False : No      Layer : via7(7)     Bounds (5, 5) (15, 15)

Density violation
Actual:0   Min:0.32   Max:30  
False : No      Layer : via8(8)     Bounds (0, 0) (10, 10)

Density violation
Actual:0   Min:0.32   Max:30  
False : No      Layer : via8(8)     Bounds (0, 10) (10, 20)

Density violation
Actual:0   Min:0.32   Max:30  
False : No      Layer : via8(8)     Bounds (0, 15) (10, 25)

Density violation
Actual:0   Min:0.32   Max:30  
False : No      Layer : via8(8)     Bounds (0, 20) (10, 30)

Density violation
Actual:0   Min:0.32   Max:30  
False : No      Layer : via8(8)     Bounds (0, 25) (10, 35)

Density violation
Actual:0   Min:0.32   Max:30  
False : No      Layer : via8(8)     Bounds (0, 30) (10, 40)

Density violation
Actual:0   Min:0.32   Max:30  
False : No      Layer : via8(8)     Bounds (0, 35) (10, 45)

Density violation
Actual:0   Min:0.32   Max:30  
False : No      Layer : via8(8)     Bounds (0, 40) (10, 50)

Density violation
Actual:0   Min:0.32   Max:30  
False : No      Layer : via8(8)     Bounds (0, 40.565) (10, 50.565)

Density violation
Actual:0   Min:0.32   Max:30  
False : No      Layer : via8(8)     Bounds (0, 5) (10, 15)

Density violation
Actual:0   Min:0.32   Max:30  
False : No      Layer : via8(8)     Bounds (10, 0) (20, 10)

Density violation
Actual:0   Min:0.32   Max:30  
False : No      Layer : via8(8)     Bounds (10, 10) (20, 20)

*********** ENCOUNTER Violation Browser Report ********** 
Report File Name :  gcd.viols.rpt                                                                             Page : 16

Density violation
Actual:0   Min:0.32   Max:30  
False : No      Layer : via8(8)     Bounds (10, 15) (20, 25)

Density violation
Actual:0   Min:0.32   Max:30  
False : No      Layer : via8(8)     Bounds (10, 20) (20, 30)

Density violation
Actual:0   Min:0.32   Max:30  
False : No      Layer : via8(8)     Bounds (10, 25) (20, 35)

Density violation
Actual:0   Min:0.32   Max:30  
False : No      Layer : via8(8)     Bounds (10, 30) (20, 40)

Density violation
Actual:0   Min:0.32   Max:30  
False : No      Layer : via8(8)     Bounds (10, 35) (20, 45)

Density violation
Actual:0   Min:0.32   Max:30  
False : No      Layer : via8(8)     Bounds (10, 40) (20, 50)

Density violation
Actual:0   Min:0.32   Max:30  
False : No      Layer : via8(8)     Bounds (10, 40.565) (20, 50.565)

Density violation
Actual:0   Min:0.32   Max:30  
False : No      Layer : via8(8)     Bounds (10, 5) (20, 15)

Density violation
Actual:0   Min:0.32   Max:30  
False : No      Layer : via8(8)     Bounds (15, 0) (25, 10)

Density violation
Actual:0   Min:0.32   Max:30  
False : No      Layer : via8(8)     Bounds (15, 10) (25, 20)

Density violation
Actual:0   Min:0.32   Max:30  
False : No      Layer : via8(8)     Bounds (15, 15) (25, 25)

Density violation
Actual:0   Min:0.32   Max:30  
False : No      Layer : via8(8)     Bounds (15, 20) (25, 30)

Density violation
Actual:0   Min:0.32   Max:30  
False : No      Layer : via8(8)     Bounds (15, 25) (25, 35)

Density violation
Actual:0   Min:0.32   Max:30  
False : No      Layer : via8(8)     Bounds (15, 30) (25, 40)

Density violation
Actual:0   Min:0.32   Max:30  
False : No      Layer : via8(8)     Bounds (15, 35) (25, 45)

Density violation
Actual:0   Min:0.32   Max:30  
False : No      Layer : via8(8)     Bounds (15, 40) (25, 50)

Density violation
Actual:0   Min:0.32   Max:30  
False : No      Layer : via8(8)     Bounds (15, 40.565) (25, 50.565)

Density violation
Actual:0   Min:0.32   Max:30  
False : No      Layer : via8(8)     Bounds (15, 5) (25, 15)

Density violation
Actual:0   Min:0.32   Max:30  
False : No      Layer : via8(8)     Bounds (20, 0) (30, 10)

Density violation
Actual:0   Min:0.32   Max:30  
False : No      Layer : via8(8)     Bounds (20, 10) (30, 20)

Density violation
Actual:0   Min:0.32   Max:30  
False : No      Layer : via8(8)     Bounds (20, 15) (30, 25)

Density violation
Actual:0   Min:0.32   Max:30  
False : No      Layer : via8(8)     Bounds (20, 20) (30, 30)

*********** ENCOUNTER Violation Browser Report ********** 
Report File Name :  gcd.viols.rpt                                                                             Page : 17

Density violation
Actual:0   Min:0.32   Max:30  
False : No      Layer : via8(8)     Bounds (20, 25) (30, 35)

Density violation
Actual:0   Min:0.32   Max:30  
False : No      Layer : via8(8)     Bounds (20, 30) (30, 40)

Density violation
Actual:0   Min:0.32   Max:30  
False : No      Layer : via8(8)     Bounds (20, 35) (30, 45)

Density violation
Actual:0   Min:0.32   Max:30  
False : No      Layer : via8(8)     Bounds (20, 40) (30, 50)

Density violation
Actual:0   Min:0.32   Max:30  
False : No      Layer : via8(8)     Bounds (20, 40.565) (30, 50.565)

Density violation
Actual:0   Min:0.32   Max:30  
False : No      Layer : via8(8)     Bounds (20, 5) (30, 15)

Density violation
Actual:0   Min:0.32   Max:30  
False : No      Layer : via8(8)     Bounds (25, 0) (35, 10)

Density violation
Actual:0   Min:0.32   Max:30  
False : No      Layer : via8(8)     Bounds (25, 10) (35, 20)

Density violation
Actual:0   Min:0.32   Max:30  
False : No      Layer : via8(8)     Bounds (25, 15) (35, 25)

Density violation
Actual:0   Min:0.32   Max:30  
False : No      Layer : via8(8)     Bounds (25, 20) (35, 30)

Density violation
Actual:0   Min:0.32   Max:30  
False : No      Layer : via8(8)     Bounds (25, 25) (35, 35)

Density violation
Actual:0   Min:0.32   Max:30  
False : No      Layer : via8(8)     Bounds (25, 30) (35, 40)

Density violation
Actual:0   Min:0.32   Max:30  
False : No      Layer : via8(8)     Bounds (25, 35) (35, 45)

Density violation
Actual:0   Min:0.32   Max:30  
False : No      Layer : via8(8)     Bounds (25, 40) (35, 50)

Density violation
Actual:0   Min:0.32   Max:30  
False : No      Layer : via8(8)     Bounds (25, 40.565) (35, 50.565)

Density violation
Actual:0   Min:0.32   Max:30  
False : No      Layer : via8(8)     Bounds (25, 5) (35, 15)

Density violation
Actual:0   Min:0.32   Max:30  
False : No      Layer : via8(8)     Bounds (30, 0) (40, 10)

Density violation
Actual:0   Min:0.32   Max:30  
False : No      Layer : via8(8)     Bounds (30, 10) (40, 20)

Density violation
Actual:0   Min:0.32   Max:30  
False : No      Layer : via8(8)     Bounds (30, 15) (40, 25)

Density violation
Actual:0   Min:0.32   Max:30  
False : No      Layer : via8(8)     Bounds (30, 20) (40, 30)

Density violation
Actual:0   Min:0.32   Max:30  
False : No      Layer : via8(8)     Bounds (30, 25) (40, 35)

Density violation
Actual:0   Min:0.32   Max:30  
False : No      Layer : via8(8)     Bounds (30, 30) (40, 40)

*********** ENCOUNTER Violation Browser Report ********** 
Report File Name :  gcd.viols.rpt                                                                             Page : 18

Density violation
Actual:0   Min:0.32   Max:30  
False : No      Layer : via8(8)     Bounds (30, 35) (40, 45)

Density violation
Actual:0   Min:0.32   Max:30  
False : No      Layer : via8(8)     Bounds (30, 40) (40, 50)

Density violation
Actual:0   Min:0.32   Max:30  
False : No      Layer : via8(8)     Bounds (30, 40.565) (40, 50.565)

Density violation
Actual:0   Min:0.32   Max:30  
False : No      Layer : via8(8)     Bounds (30, 5) (40, 15)

Density violation
Actual:0   Min:0.32   Max:30  
False : No      Layer : via8(8)     Bounds (35, 0) (45, 10)

Density violation
Actual:0   Min:0.32   Max:30  
False : No      Layer : via8(8)     Bounds (35, 10) (45, 20)

Density violation
Actual:0   Min:0.32   Max:30  
False : No      Layer : via8(8)     Bounds (35, 15) (45, 25)

Density violation
Actual:0   Min:0.32   Max:30  
False : No      Layer : via8(8)     Bounds (35, 20) (45, 30)

Density violation
Actual:0   Min:0.32   Max:30  
False : No      Layer : via8(8)     Bounds (35, 25) (45, 35)

Density violation
Actual:0   Min:0.32   Max:30  
False : No      Layer : via8(8)     Bounds (35, 30) (45, 40)

Density violation
Actual:0   Min:0.32   Max:30  
False : No      Layer : via8(8)     Bounds (35, 35) (45, 45)

Density violation
Actual:0   Min:0.32   Max:30  
False : No      Layer : via8(8)     Bounds (35, 40) (45, 50)

Density violation
Actual:0   Min:0.32   Max:30  
False : No      Layer : via8(8)     Bounds (35, 40.565) (45, 50.565)

Density violation
Actual:0   Min:0.32   Max:30  
False : No      Layer : via8(8)     Bounds (35, 5) (45, 15)

Density violation
Actual:0   Min:0.32   Max:30  
False : No      Layer : via8(8)     Bounds (40, 0) (50, 10)

Density violation
Actual:0   Min:0.32   Max:30  
False : No      Layer : via8(8)     Bounds (40, 10) (50, 20)

Density violation
Actual:0   Min:0.32   Max:30  
False : No      Layer : via8(8)     Bounds (40, 15) (50, 25)

Density violation
Actual:0   Min:0.32   Max:30  
False : No      Layer : via8(8)     Bounds (40, 20) (50, 30)

Density violation
Actual:0   Min:0.32   Max:30  
False : No      Layer : via8(8)     Bounds (40, 25) (50, 35)

Density violation
Actual:0   Min:0.32   Max:30  
False : No      Layer : via8(8)     Bounds (40, 30) (50, 40)

Density violation
Actual:0   Min:0.32   Max:30  
False : No      Layer : via8(8)     Bounds (40, 35) (50, 45)

Density violation
Actual:0   Min:0.32   Max:30  
False : No      Layer : via8(8)     Bounds (40, 40) (50, 50)

*********** ENCOUNTER Violation Browser Report ********** 
Report File Name :  gcd.viols.rpt                                                                             Page : 19

Density violation
Actual:0   Min:0.32   Max:30  
False : No      Layer : via8(8)     Bounds (40, 40.565) (50, 50.565)

Density violation
Actual:0   Min:0.32   Max:30  
False : No      Layer : via8(8)     Bounds (40, 5) (50, 15)

Density violation
Actual:0   Min:0.32   Max:30  
False : No      Layer : via8(8)     Bounds (40.565, 0) (50.565, 10)

Density violation
Actual:0   Min:0.32   Max:30  
False : No      Layer : via8(8)     Bounds (40.565, 10) (50.565, 20)

Density violation
Actual:0   Min:0.32   Max:30  
False : No      Layer : via8(8)     Bounds (40.565, 15) (50.565, 25)

Density violation
Actual:0   Min:0.32   Max:30  
False : No      Layer : via8(8)     Bounds (40.565, 20) (50.565, 30)

Density violation
Actual:0   Min:0.32   Max:30  
False : No      Layer : via8(8)     Bounds (40.565, 25) (50.565, 35)

Density violation
Actual:0   Min:0.32   Max:30  
False : No      Layer : via8(8)     Bounds (40.565, 30) (50.565, 40)

Density violation
Actual:0   Min:0.32   Max:30  
False : No      Layer : via8(8)     Bounds (40.565, 35) (50.565, 45)

Density violation
Actual:0   Min:0.32   Max:30  
False : No      Layer : via8(8)     Bounds (40.565, 40) (50.565, 50)

Density violation
Actual:0   Min:0.32   Max:30  
False : No      Layer : via8(8)     Bounds (40.565, 40.565) (50.565, 50.565)

Density violation
Actual:0   Min:0.32   Max:30  
False : No      Layer : via8(8)     Bounds (40.565, 5) (50.565, 15)

Density violation
Actual:0   Min:0.32   Max:30  
False : No      Layer : via8(8)     Bounds (5, 0) (15, 10)

Density violation
Actual:0   Min:0.32   Max:30  
False : No      Layer : via8(8)     Bounds (5, 10) (15, 20)

Density violation
Actual:0   Min:0.32   Max:30  
False : No      Layer : via8(8)     Bounds (5, 15) (15, 25)

Density violation
Actual:0   Min:0.32   Max:30  
False : No      Layer : via8(8)     Bounds (5, 20) (15, 30)

Density violation
Actual:0   Min:0.32   Max:30  
False : No      Layer : via8(8)     Bounds (5, 25) (15, 35)

Density violation
Actual:0   Min:0.32   Max:30  
False : No      Layer : via8(8)     Bounds (5, 30) (15, 40)

Density violation
Actual:0   Min:0.32   Max:30  
False : No      Layer : via8(8)     Bounds (5, 35) (15, 45)

Density violation
Actual:0   Min:0.32   Max:30  
False : No      Layer : via8(8)     Bounds (5, 40) (15, 50)

Density violation
Actual:0   Min:0.32   Max:30  
False : No      Layer : via8(8)     Bounds (5, 40.565) (15, 50.565)

Density violation
Actual:0   Min:0.32   Max:30  
False : No      Layer : via8(8)     Bounds (5, 5) (15, 15)

*********** ENCOUNTER Violation Browser Report ********** 
Report File Name :  gcd.viols.rpt                                                                             Page : 20

Density violation
Actual:0   Min:1.28   Max:30  
False : No      Layer : via9(9)     Bounds (0, 0) (10, 10)

Density violation
Actual:0   Min:1.28   Max:30  
False : No      Layer : via9(9)     Bounds (0, 10) (10, 20)

Density violation
Actual:0   Min:1.28   Max:30  
False : No      Layer : via9(9)     Bounds (0, 15) (10, 25)

Density violation
Actual:0   Min:1.28   Max:30  
False : No      Layer : via9(9)     Bounds (0, 20) (10, 30)

Density violation
Actual:0   Min:1.28   Max:30  
False : No      Layer : via9(9)     Bounds (0, 25) (10, 35)

Density violation
Actual:0   Min:1.28   Max:30  
False : No      Layer : via9(9)     Bounds (0, 30) (10, 40)

Density violation
Actual:0   Min:1.28   Max:30  
False : No      Layer : via9(9)     Bounds (0, 35) (10, 45)

Density violation
Actual:0   Min:1.28   Max:30  
False : No      Layer : via9(9)     Bounds (0, 40) (10, 50)

Density violation
Actual:0   Min:1.28   Max:30  
False : No      Layer : via9(9)     Bounds (0, 40.565) (10, 50.565)

Density violation
Actual:0   Min:1.28   Max:30  
False : No      Layer : via9(9)     Bounds (0, 5) (10, 15)

Density violation
Actual:0   Min:1.28   Max:30  
False : No      Layer : via9(9)     Bounds (10, 0) (20, 10)

Density violation
Actual:0   Min:1.28   Max:30  
False : No      Layer : via9(9)     Bounds (10, 10) (20, 20)

Density violation
Actual:0   Min:1.28   Max:30  
False : No      Layer : via9(9)     Bounds (10, 15) (20, 25)

Density violation
Actual:0   Min:1.28   Max:30  
False : No      Layer : via9(9)     Bounds (10, 20) (20, 30)

Density violation
Actual:0   Min:1.28   Max:30  
False : No      Layer : via9(9)     Bounds (10, 25) (20, 35)

Density violation
Actual:0   Min:1.28   Max:30  
False : No      Layer : via9(9)     Bounds (10, 30) (20, 40)

Density violation
Actual:0   Min:1.28   Max:30  
False : No      Layer : via9(9)     Bounds (10, 35) (20, 45)

Density violation
Actual:0   Min:1.28   Max:30  
False : No      Layer : via9(9)     Bounds (10, 40) (20, 50)

Density violation
Actual:0   Min:1.28   Max:30  
False : No      Layer : via9(9)     Bounds (10, 40.565) (20, 50.565)

Density violation
Actual:0   Min:1.28   Max:30  
False : No      Layer : via9(9)     Bounds (10, 5) (20, 15)

Density violation
Actual:0   Min:1.28   Max:30  
False : No      Layer : via9(9)     Bounds (15, 0) (25, 10)

Density violation
Actual:0   Min:1.28   Max:30  
False : No      Layer : via9(9)     Bounds (15, 10) (25, 20)

*********** ENCOUNTER Violation Browser Report ********** 
Report File Name :  gcd.viols.rpt                                                                             Page : 21

Density violation
Actual:0   Min:1.28   Max:30  
False : No      Layer : via9(9)     Bounds (15, 15) (25, 25)

Density violation
Actual:0   Min:1.28   Max:30  
False : No      Layer : via9(9)     Bounds (15, 20) (25, 30)

Density violation
Actual:0   Min:1.28   Max:30  
False : No      Layer : via9(9)     Bounds (15, 25) (25, 35)

Density violation
Actual:0   Min:1.28   Max:30  
False : No      Layer : via9(9)     Bounds (15, 30) (25, 40)

Density violation
Actual:0   Min:1.28   Max:30  
False : No      Layer : via9(9)     Bounds (15, 35) (25, 45)

Density violation
Actual:0   Min:1.28   Max:30  
False : No      Layer : via9(9)     Bounds (15, 40) (25, 50)

Density violation
Actual:0   Min:1.28   Max:30  
False : No      Layer : via9(9)     Bounds (15, 40.565) (25, 50.565)

Density violation
Actual:0   Min:1.28   Max:30  
False : No      Layer : via9(9)     Bounds (15, 5) (25, 15)

Density violation
Actual:0   Min:1.28   Max:30  
False : No      Layer : via9(9)     Bounds (20, 0) (30, 10)

Density violation
Actual:0   Min:1.28   Max:30  
False : No      Layer : via9(9)     Bounds (20, 10) (30, 20)

Density violation
Actual:0   Min:1.28   Max:30  
False : No      Layer : via9(9)     Bounds (20, 15) (30, 25)

Density violation
Actual:0   Min:1.28   Max:30  
False : No      Layer : via9(9)     Bounds (20, 20) (30, 30)

Density violation
Actual:0   Min:1.28   Max:30  
False : No      Layer : via9(9)     Bounds (20, 25) (30, 35)

Density violation
Actual:0   Min:1.28   Max:30  
False : No      Layer : via9(9)     Bounds (20, 30) (30, 40)

Density violation
Actual:0   Min:1.28   Max:30  
False : No      Layer : via9(9)     Bounds (20, 35) (30, 45)

Density violation
Actual:0   Min:1.28   Max:30  
False : No      Layer : via9(9)     Bounds (20, 40) (30, 50)

Density violation
Actual:0   Min:1.28   Max:30  
False : No      Layer : via9(9)     Bounds (20, 40.565) (30, 50.565)

Density violation
Actual:0   Min:1.28   Max:30  
False : No      Layer : via9(9)     Bounds (20, 5) (30, 15)

Density violation
Actual:0   Min:1.28   Max:30  
False : No      Layer : via9(9)     Bounds (25, 0) (35, 10)

Density violation
Actual:0   Min:1.28   Max:30  
False : No      Layer : via9(9)     Bounds (25, 10) (35, 20)

Density violation
Actual:0   Min:1.28   Max:30  
False : No      Layer : via9(9)     Bounds (25, 15) (35, 25)

Density violation
Actual:0   Min:1.28   Max:30  
False : No      Layer : via9(9)     Bounds (25, 20) (35, 30)

*********** ENCOUNTER Violation Browser Report ********** 
Report File Name :  gcd.viols.rpt                                                                             Page : 22

Density violation
Actual:0   Min:1.28   Max:30  
False : No      Layer : via9(9)     Bounds (25, 25) (35, 35)

Density violation
Actual:0   Min:1.28   Max:30  
False : No      Layer : via9(9)     Bounds (25, 30) (35, 40)

Density violation
Actual:0   Min:1.28   Max:30  
False : No      Layer : via9(9)     Bounds (25, 35) (35, 45)

Density violation
Actual:0   Min:1.28   Max:30  
False : No      Layer : via9(9)     Bounds (25, 40) (35, 50)

Density violation
Actual:0   Min:1.28   Max:30  
False : No      Layer : via9(9)     Bounds (25, 40.565) (35, 50.565)

Density violation
Actual:0   Min:1.28   Max:30  
False : No      Layer : via9(9)     Bounds (25, 5) (35, 15)

Density violation
Actual:0   Min:1.28   Max:30  
False : No      Layer : via9(9)     Bounds (30, 0) (40, 10)

Density violation
Actual:0   Min:1.28   Max:30  
False : No      Layer : via9(9)     Bounds (30, 10) (40, 20)

Density violation
Actual:0   Min:1.28   Max:30  
False : No      Layer : via9(9)     Bounds (30, 15) (40, 25)

Density violation
Actual:0   Min:1.28   Max:30  
False : No      Layer : via9(9)     Bounds (30, 20) (40, 30)

Density violation
Actual:0   Min:1.28   Max:30  
False : No      Layer : via9(9)     Bounds (30, 25) (40, 35)

Density violation
Actual:0   Min:1.28   Max:30  
False : No      Layer : via9(9)     Bounds (30, 30) (40, 40)

Density violation
Actual:0   Min:1.28   Max:30  
False : No      Layer : via9(9)     Bounds (30, 35) (40, 45)

Density violation
Actual:0   Min:1.28   Max:30  
False : No      Layer : via9(9)     Bounds (30, 40) (40, 50)

Density violation
Actual:0   Min:1.28   Max:30  
False : No      Layer : via9(9)     Bounds (30, 40.565) (40, 50.565)

Density violation
Actual:0   Min:1.28   Max:30  
False : No      Layer : via9(9)     Bounds (30, 5) (40, 15)

Density violation
Actual:0   Min:1.28   Max:30  
False : No      Layer : via9(9)     Bounds (35, 0) (45, 10)

Density violation
Actual:0   Min:1.28   Max:30  
False : No      Layer : via9(9)     Bounds (35, 10) (45, 20)

Density violation
Actual:0   Min:1.28   Max:30  
False : No      Layer : via9(9)     Bounds (35, 15) (45, 25)

Density violation
Actual:0   Min:1.28   Max:30  
False : No      Layer : via9(9)     Bounds (35, 20) (45, 30)

Density violation
Actual:0   Min:1.28   Max:30  
False : No      Layer : via9(9)     Bounds (35, 25) (45, 35)

Density violation
Actual:0   Min:1.28   Max:30  
False : No      Layer : via9(9)     Bounds (35, 30) (45, 40)

*********** ENCOUNTER Violation Browser Report ********** 
Report File Name :  gcd.viols.rpt                                                                             Page : 23

Density violation
Actual:0   Min:1.28   Max:30  
False : No      Layer : via9(9)     Bounds (35, 35) (45, 45)

Density violation
Actual:0   Min:1.28   Max:30  
False : No      Layer : via9(9)     Bounds (35, 40) (45, 50)

Density violation
Actual:0   Min:1.28   Max:30  
False : No      Layer : via9(9)     Bounds (35, 40.565) (45, 50.565)

Density violation
Actual:0   Min:1.28   Max:30  
False : No      Layer : via9(9)     Bounds (35, 5) (45, 15)

Density violation
Actual:0   Min:1.28   Max:30  
False : No      Layer : via9(9)     Bounds (40, 0) (50, 10)

Density violation
Actual:0   Min:1.28   Max:30  
False : No      Layer : via9(9)     Bounds (40, 10) (50, 20)

Density violation
Actual:0   Min:1.28   Max:30  
False : No      Layer : via9(9)     Bounds (40, 15) (50, 25)

Density violation
Actual:0   Min:1.28   Max:30  
False : No      Layer : via9(9)     Bounds (40, 20) (50, 30)

Density violation
Actual:0   Min:1.28   Max:30  
False : No      Layer : via9(9)     Bounds (40, 25) (50, 35)

Density violation
Actual:0   Min:1.28   Max:30  
False : No      Layer : via9(9)     Bounds (40, 30) (50, 40)

Density violation
Actual:0   Min:1.28   Max:30  
False : No      Layer : via9(9)     Bounds (40, 35) (50, 45)

Density violation
Actual:0   Min:1.28   Max:30  
False : No      Layer : via9(9)     Bounds (40, 40) (50, 50)

Density violation
Actual:0   Min:1.28   Max:30  
False : No      Layer : via9(9)     Bounds (40, 40.565) (50, 50.565)

Density violation
Actual:0   Min:1.28   Max:30  
False : No      Layer : via9(9)     Bounds (40, 5) (50, 15)

Density violation
Actual:0   Min:1.28   Max:30  
False : No      Layer : via9(9)     Bounds (40.565, 0) (50.565, 10)

Density violation
Actual:0   Min:1.28   Max:30  
False : No      Layer : via9(9)     Bounds (40.565, 10) (50.565, 20)

Density violation
Actual:0   Min:1.28   Max:30  
False : No      Layer : via9(9)     Bounds (40.565, 15) (50.565, 25)

Density violation
Actual:0   Min:1.28   Max:30  
False : No      Layer : via9(9)     Bounds (40.565, 20) (50.565, 30)

Density violation
Actual:0   Min:1.28   Max:30  
False : No      Layer : via9(9)     Bounds (40.565, 25) (50.565, 35)

Density violation
Actual:0   Min:1.28   Max:30  
False : No      Layer : via9(9)     Bounds (40.565, 30) (50.565, 40)

Density violation
Actual:0   Min:1.28   Max:30  
False : No      Layer : via9(9)     Bounds (40.565, 35) (50.565, 45)

Density violation
Actual:0   Min:1.28   Max:30  
False : No      Layer : via9(9)     Bounds (40.565, 40) (50.565, 50)

*********** ENCOUNTER Violation Browser Report ********** 
Report File Name :  gcd.viols.rpt                                                                             Page : 24

Density violation
Actual:0   Min:1.28   Max:30  
False : No      Layer : via9(9)     Bounds (40.565, 40.565) (50.565, 50.565)

Density violation
Actual:0   Min:1.28   Max:30  
False : No      Layer : via9(9)     Bounds (40.565, 5) (50.565, 15)

Density violation
Actual:0   Min:1.28   Max:30  
False : No      Layer : via9(9)     Bounds (5, 0) (15, 10)

Density violation
Actual:0   Min:1.28   Max:30  
False : No      Layer : via9(9)     Bounds (5, 10) (15, 20)

Density violation
Actual:0   Min:1.28   Max:30  
False : No      Layer : via9(9)     Bounds (5, 15) (15, 25)

Density violation
Actual:0   Min:1.28   Max:30  
False : No      Layer : via9(9)     Bounds (5, 20) (15, 30)

Density violation
Actual:0   Min:1.28   Max:30  
False : No      Layer : via9(9)     Bounds (5, 25) (15, 35)

Density violation
Actual:0   Min:1.28   Max:30  
False : No      Layer : via9(9)     Bounds (5, 30) (15, 40)

Density violation
Actual:0   Min:1.28   Max:30  
False : No      Layer : via9(9)     Bounds (5, 35) (15, 45)

Density violation
Actual:0   Min:1.28   Max:30  
False : No      Layer : via9(9)     Bounds (5, 40) (15, 50)

Density violation
Actual:0   Min:1.28   Max:30  
False : No      Layer : via9(9)     Bounds (5, 40.565) (15, 50.565)

Density violation
Actual:0   Min:1.28   Max:30  
False : No      Layer : via9(9)     Bounds (5, 5) (15, 15)

