###############################################################
#  Generated by:      Cadence Innovus 21.11-s130_1
#  OS:                Linux x86_64(Host ID redondo-asia-tpe-desktop-pawanekar-0)
#  Generated on:      Fri Nov  3 02:59:35 2023
#  Design:            gcd
#  Command:           verifyConnectivity -type all -connLoop -append -dividePowerNet -rawViolsMark -useNewOpenVio -removeOldOpenVio -useVirtualConnection -error 1000000 -warning 50000
###############################################################
Verify Connectivity Report is created on Fri Nov  3 02:59:35 2023



Net VSS: dangling Wire at (56.580, 92.720) (56.580, 92.720) on layer: met4
Net VSS: dangling Wire at (83.720, 92.720) (83.720, 92.720) on layer: met4
Net VSS: dangling Wire at (2.300, 56.880) (2.300, 56.880) on layer: met5
Net VSS: dangling Wire at (92.920, 56.880) (92.920, 56.880) on layer: met5
Net VSS: dangling Wire at (2.300, 84.080) (2.300, 84.080) on layer: met5
Net VSS: dangling Wire at (92.920, 84.080) (92.920, 84.080) on layer: met5
Net VSS: dangling Wire at (29.440, 92.720) (29.440, 92.720) on layer: met4
Net VSS: dangling Wire at (2.300, 29.680) (2.300, 29.680) on layer: met5
Net VSS: dangling Wire at (92.920, 29.680) (92.920, 29.680) on layer: met5
Net VDD: dangling Wire at (70.150, 2.480) (70.150, 2.480) on layer: met4
Net VDD: dangling Wire at (2.300, 70.480) (2.300, 70.480) on layer: met5
Net VDD: dangling Wire at (92.920, 70.480) (92.920, 70.480) on layer: met5
Net VDD: dangling Wire at (43.010, 2.480) (43.010, 2.480) on layer: met4
Net VDD: dangling Wire at (2.300, 16.080) (2.300, 16.080) on layer: met5
Net VDD: dangling Wire at (92.920, 16.080) (92.920, 16.080) on layer: met5
Net VDD: dangling Wire at (15.870, 2.480) (15.870, 2.480) on layer: met4
Net VDD: dangling Wire at (2.300, 43.280) (2.300, 43.280) on layer: met5
Net VDD: dangling Wire at (92.920, 43.280) (92.920, 43.280) on layer: met5

Begin Summary
    18 Problem(s) (IMPVFC-94): The net has dangling wire(s).
    18 total info(s) created.
End Summary
