###############################################################
#  Generated by:      Cadence Innovus 21.11-s130_1
#  OS:                Linux x86_64(Host ID redondo-asia-tpe-desktop-pawanekar-0)
#  Generated on:      Fri Nov  3 02:58:29 2023
#  Design:            gcd
#  Command:           violationBrowserReport
###############################################################
*********** ENCOUNTER Violation Browser Report ********** 
Report File Name :  gcd.viols.rpt                                                                             Page : 1

***************** Report Summary *****************
Num Violation Total                        749
   Verify                             749
      Connectivity              21
         Antenna (DanglingWire)  21
      Density                   728
         Density          728
*************** End Report Summary ***************

Verify - Connectivity - Antenna (DanglingWire) Violations ( 21 ) 

Net VDD
False : No      Layer : met4(5)     Bounds (15.87, 2.48) (15.87, 2.48)

Net VDD
False : No      Layer : met4(5)     Bounds (43.01, 2.48) (43.01, 2.48)

Net VDD
False : No      Layer : met4(5)     Bounds (70.15, 2.48) (70.15, 2.48)

Net VDD
False : No      Layer : met4(5)     Bounds (97.29, 2.48) (97.29, 2.48)

Net VSS
False : No      Layer : met4(5)     Bounds (29.44, 103.6) (29.44, 103.6)

Net VSS
False : No      Layer : met4(5)     Bounds (56.58, 103.6) (56.58, 103.6)

Net VSS
False : No      Layer : met4(5)     Bounds (83.72, 103.6) (83.72, 103.6)

Net VDD
False : No      Layer : met5(6)     Bounds (103.96, 16.08) (103.96, 16.08)

Net VDD
False : No      Layer : met5(6)     Bounds (103.96, 43.28) (103.96, 43.28)

Net VDD
False : No      Layer : met5(6)     Bounds (103.96, 70.48) (103.96, 70.48)

Net VDD
False : No      Layer : met5(6)     Bounds (103.96, 97.68) (103.96, 97.68)

Net VDD
False : No      Layer : met5(6)     Bounds (2.3, 16.08) (2.3, 16.08)

Net VDD
False : No      Layer : met5(6)     Bounds (2.3, 43.28) (2.3, 43.28)

*********** ENCOUNTER Violation Browser Report ********** 
Report File Name :  gcd.viols.rpt                                                                             Page : 2

Net VDD
False : No      Layer : met5(6)     Bounds (2.3, 70.48) (2.3, 70.48)

Net VDD
False : No      Layer : met5(6)     Bounds (2.3, 97.68) (2.3, 97.68)

Net VSS
False : No      Layer : met5(6)     Bounds (103.96, 29.68) (103.96, 29.68)

Net VSS
False : No      Layer : met5(6)     Bounds (103.96, 56.88) (103.96, 56.88)

Net VSS
False : No      Layer : met5(6)     Bounds (103.96, 84.08) (103.96, 84.08)

Net VSS
False : No      Layer : met5(6)     Bounds (2.3, 29.68) (2.3, 29.68)

Net VSS
False : No      Layer : met5(6)     Bounds (2.3, 56.88) (2.3, 56.88)

Net VSS
False : No      Layer : met5(6)     Bounds (2.3, 84.08) (2.3, 84.08)

Verify - Density - Density Violations ( 728 ) 

Density violation
Actual:0   Min:0.0578   Max:30  
False : No      Layer : mcon(1)     Bounds (0, 0) (10, 10)

Density violation
Actual:0   Min:0.0578   Max:30  
False : No      Layer : mcon(1)     Bounds (0, 10) (10, 20)

Density violation
Actual:0   Min:0.0578   Max:30  
False : No      Layer : mcon(1)     Bounds (0, 15) (10, 25)

Density violation
Actual:0   Min:0.0578   Max:30  
False : No      Layer : mcon(1)     Bounds (0, 5) (10, 15)

Density violation
Actual:0   Min:0.0578   Max:30  
False : No      Layer : mcon(1)     Bounds (0, 75) (10, 85)

Density violation
Actual:0   Min:0.0578   Max:30  
False : No      Layer : mcon(1)     Bounds (0, 80) (10, 90)

Density violation
Actual:0   Min:0.0578   Max:30  
False : No      Layer : mcon(1)     Bounds (0, 85) (10, 95)

Density violation
Actual:0   Min:0.0578   Max:30  
False : No      Layer : mcon(1)     Bounds (0, 90) (10, 100)

Density violation
Actual:0   Min:0.0578   Max:30  
False : No      Layer : mcon(1)     Bounds (0, 95) (10, 105)

Density violation
Actual:0   Min:0.0578   Max:30  
False : No      Layer : mcon(1)     Bounds (0, 96.06) (10, 106.06)

Density violation
Actual:0   Min:0.0578   Max:30  
False : No      Layer : mcon(1)     Bounds (10, 0) (20, 10)

Density violation
Actual:0.0493   Min:0.0578   Max:30  
False : No      Layer : mcon(1)     Bounds (10, 10) (20, 20)

Density violation
Actual:0.0289   Min:0.0578   Max:30  
False : No      Layer : mcon(1)     Bounds (10, 15) (20, 25)

*********** ENCOUNTER Violation Browser Report ********** 
Report File Name :  gcd.viols.rpt                                                                             Page : 3

Density violation
Actual:0.0204   Min:0.0578   Max:30  
False : No      Layer : mcon(1)     Bounds (10, 5) (20, 15)

Density violation
Actual:0.00935   Min:0.0578   Max:30  
False : No      Layer : mcon(1)     Bounds (10, 75) (20, 85)

Density violation
Actual:0.01275   Min:0.0578   Max:30  
False : No      Layer : mcon(1)     Bounds (10, 80) (20, 90)

Density violation
Actual:0.01275   Min:0.0578   Max:30  
False : No      Layer : mcon(1)     Bounds (10, 85) (20, 95)

Density violation
Actual:0   Min:0.0578   Max:30  
False : No      Layer : mcon(1)     Bounds (10, 90) (20, 100)

Density violation
Actual:0   Min:0.0578   Max:30  
False : No      Layer : mcon(1)     Bounds (10, 95) (20, 105)

Density violation
Actual:0   Min:0.0578   Max:30  
False : No      Layer : mcon(1)     Bounds (10, 96.06) (20, 106.06)

Density violation
Actual:0   Min:0.0578   Max:30  
False : No      Layer : mcon(1)     Bounds (5, 0) (15, 10)

Density violation
Actual:0   Min:0.0578   Max:30  
False : No      Layer : mcon(1)     Bounds (5, 10) (15, 20)

Density violation
Actual:0   Min:0.0578   Max:30  
False : No      Layer : mcon(1)     Bounds (5, 15) (15, 25)

Density violation
Actual:0   Min:0.0578   Max:30  
False : No      Layer : mcon(1)     Bounds (5, 20) (15, 30)

Density violation
Actual:0   Min:0.0578   Max:30  
False : No      Layer : mcon(1)     Bounds (5, 25) (15, 35)

Density violation
Actual:0   Min:0.0578   Max:30  
False : No      Layer : mcon(1)     Bounds (5, 5) (15, 15)

Density violation
Actual:0   Min:0.0578   Max:30  
False : No      Layer : mcon(1)     Bounds (5, 60) (15, 70)

Density violation
Actual:0   Min:0.0578   Max:30  
False : No      Layer : mcon(1)     Bounds (5, 75) (15, 85)

Density violation
Actual:0   Min:0.0578   Max:30  
False : No      Layer : mcon(1)     Bounds (5, 80) (15, 90)

Density violation
Actual:0   Min:0.0578   Max:30  
False : No      Layer : mcon(1)     Bounds (5, 85) (15, 95)

Density violation
Actual:0   Min:0.0578   Max:30  
False : No      Layer : mcon(1)     Bounds (5, 90) (15, 100)

Density violation
Actual:0   Min:0.0578   Max:30  
False : No      Layer : mcon(1)     Bounds (5, 95) (15, 105)

Density violation
Actual:0   Min:0.0578   Max:30  
False : No      Layer : mcon(1)     Bounds (5, 96.06) (15, 106.06)

Density violation
Actual:0.0289   Min:0.0578   Max:30  
False : No      Layer : mcon(1)     Bounds (80, 60) (90, 70)

Density violation
Actual:0.0289   Min:0.0578   Max:30  
False : No      Layer : mcon(1)     Bounds (85, 55) (95, 65)

*********** ENCOUNTER Violation Browser Report ********** 
Report File Name :  gcd.viols.rpt                                                                             Page : 4

Density violation
Actual:0   Min:0.0578   Max:30  
False : No      Layer : mcon(1)     Bounds (85, 60) (95, 70)

Density violation
Actual:0   Min:0.0578   Max:30  
False : No      Layer : mcon(1)     Bounds (90, 0) (100, 10)

Density violation
Actual:0.00255   Min:0.0578   Max:30  
False : No      Layer : mcon(1)     Bounds (90, 10) (100, 20)

Density violation
Actual:0   Min:0.0578   Max:30  
False : No      Layer : mcon(1)     Bounds (90, 15) (100, 25)

Density violation
Actual:0.0289   Min:0.0578   Max:30  
False : No      Layer : mcon(1)     Bounds (90, 30) (100, 40)

Density violation
Actual:0.0289   Min:0.0578   Max:30  
False : No      Layer : mcon(1)     Bounds (90, 45) (100, 55)

Density violation
Actual:0.00255   Min:0.0578   Max:30  
False : No      Layer : mcon(1)     Bounds (90, 5) (100, 15)

Density violation
Actual:0   Min:0.0578   Max:30  
False : No      Layer : mcon(1)     Bounds (90, 50) (100, 60)

Density violation
Actual:0   Min:0.0578   Max:30  
False : No      Layer : mcon(1)     Bounds (90, 55) (100, 65)

Density violation
Actual:0   Min:0.0578   Max:30  
False : No      Layer : mcon(1)     Bounds (90, 60) (100, 70)

Density violation
Actual:0.03145   Min:0.0578   Max:30  
False : No      Layer : mcon(1)     Bounds (90, 75) (100, 85)

Density violation
Actual:0.03145   Min:0.0578   Max:30  
False : No      Layer : mcon(1)     Bounds (90, 85) (100, 95)

Density violation
Actual:0   Min:0.0578   Max:30  
False : No      Layer : mcon(1)     Bounds (95, 0) (105, 10)

Density violation
Actual:0   Min:0.0578   Max:30  
False : No      Layer : mcon(1)     Bounds (95, 10) (105, 20)

Density violation
Actual:0   Min:0.0578   Max:30  
False : No      Layer : mcon(1)     Bounds (95, 15) (105, 25)

Density violation
Actual:0.03485   Min:0.0578   Max:30  
False : No      Layer : mcon(1)     Bounds (95, 35) (105, 45)

Density violation
Actual:0   Min:0.0578   Max:30  
False : No      Layer : mcon(1)     Bounds (95, 5) (105, 15)

Density violation
Actual:0.0289   Min:0.0578   Max:30  
False : No      Layer : mcon(1)     Bounds (95, 85) (105, 95)

Density violation
Actual:0   Min:0.0578   Max:30  
False : No      Layer : mcon(1)     Bounds (95, 90) (105, 100)

Density violation
Actual:0   Min:0.0578   Max:30  
False : No      Layer : mcon(1)     Bounds (95, 95) (105, 105)

Density violation
Actual:0   Min:0.0578   Max:30  
False : No      Layer : mcon(1)     Bounds (95, 96.06) (105, 106.06)

Density violation
Actual:0   Min:0.0578   Max:30  
False : No      Layer : mcon(1)     Bounds (96.06, 0) (106.06, 10)

*********** ENCOUNTER Violation Browser Report ********** 
Report File Name :  gcd.viols.rpt                                                                             Page : 5

Density violation
Actual:0   Min:0.0578   Max:30  
False : No      Layer : mcon(1)     Bounds (96.06, 10) (106.06, 20)

Density violation
Actual:0   Min:0.0578   Max:30  
False : No      Layer : mcon(1)     Bounds (96.06, 15) (106.06, 25)

Density violation
Actual:0.03485   Min:0.0578   Max:30  
False : No      Layer : mcon(1)     Bounds (96.06, 35) (106.06, 45)

Density violation
Actual:0   Min:0.0578   Max:30  
False : No      Layer : mcon(1)     Bounds (96.06, 5) (106.06, 15)

Density violation
Actual:0.0289   Min:0.0578   Max:30  
False : No      Layer : mcon(1)     Bounds (96.06, 85) (106.06, 95)

Density violation
Actual:0   Min:0.0578   Max:30  
False : No      Layer : mcon(1)     Bounds (96.06, 90) (106.06, 100)

Density violation
Actual:0   Min:0.0578   Max:30  
False : No      Layer : mcon(1)     Bounds (96.06, 95) (106.06, 105)

Density violation
Actual:0   Min:0.0578   Max:30  
False : No      Layer : mcon(1)     Bounds (96.06, 96.06) (106.06, 106.06)

Density violation
Actual:0   Min:0.045   Max:30  
False : No      Layer : via(2)     Bounds (0, 0) (10, 10)

Density violation
Actual:0   Min:0.045   Max:30  
False : No      Layer : via(2)     Bounds (0, 10) (10, 20)

Density violation
Actual:0   Min:0.045   Max:30  
False : No      Layer : via(2)     Bounds (0, 15) (10, 25)

Density violation
Actual:0.0225   Min:0.045   Max:30  
False : No      Layer : via(2)     Bounds (0, 30) (10, 40)

Density violation
Actual:0   Min:0.045   Max:30  
False : No      Layer : via(2)     Bounds (0, 5) (10, 15)

Density violation
Actual:0   Min:0.045   Max:30  
False : No      Layer : via(2)     Bounds (0, 75) (10, 85)

Density violation
Actual:0   Min:0.045   Max:30  
False : No      Layer : via(2)     Bounds (0, 80) (10, 90)

Density violation
Actual:0   Min:0.045   Max:30  
False : No      Layer : via(2)     Bounds (0, 85) (10, 95)

Density violation
Actual:0   Min:0.045   Max:30  
False : No      Layer : via(2)     Bounds (0, 90) (10, 100)

Density violation
Actual:0   Min:0.045   Max:30  
False : No      Layer : via(2)     Bounds (0, 95) (10, 105)

Density violation
Actual:0   Min:0.045   Max:30  
False : No      Layer : via(2)     Bounds (0, 96.06) (10, 106.06)

Density violation
Actual:0   Min:0.045   Max:30  
False : No      Layer : via(2)     Bounds (5, 0) (15, 10)

Density violation
Actual:0.0225   Min:0.045   Max:30  
False : No      Layer : via(2)     Bounds (5, 10) (15, 20)

Density violation
Actual:0.0225   Min:0.045   Max:30  
False : No      Layer : via(2)     Bounds (5, 15) (15, 25)

*********** ENCOUNTER Violation Browser Report ********** 
Report File Name :  gcd.viols.rpt                                                                             Page : 6

Density violation
Actual:0   Min:0.045   Max:30  
False : No      Layer : via(2)     Bounds (5, 20) (15, 30)

Density violation
Actual:0   Min:0.045   Max:30  
False : No      Layer : via(2)     Bounds (5, 25) (15, 35)

Density violation
Actual:0.0225   Min:0.045   Max:30  
False : No      Layer : via(2)     Bounds (5, 30) (15, 40)

Density violation
Actual:0   Min:0.045   Max:30  
False : No      Layer : via(2)     Bounds (5, 5) (15, 15)

Density violation
Actual:0   Min:0.045   Max:30  
False : No      Layer : via(2)     Bounds (5, 60) (15, 70)

Density violation
Actual:0.0225   Min:0.045   Max:30  
False : No      Layer : via(2)     Bounds (5, 65) (15, 75)

Density violation
Actual:0.0225   Min:0.045   Max:30  
False : No      Layer : via(2)     Bounds (5, 70) (15, 80)

Density violation
Actual:0   Min:0.045   Max:30  
False : No      Layer : via(2)     Bounds (5, 75) (15, 85)

Density violation
Actual:0   Min:0.045   Max:30  
False : No      Layer : via(2)     Bounds (5, 80) (15, 90)

Density violation
Actual:0   Min:0.045   Max:30  
False : No      Layer : via(2)     Bounds (5, 85) (15, 95)

Density violation
Actual:0   Min:0.045   Max:30  
False : No      Layer : via(2)     Bounds (5, 90) (15, 100)

Density violation
Actual:0   Min:0.045   Max:30  
False : No      Layer : via(2)     Bounds (5, 95) (15, 105)

Density violation
Actual:0   Min:0.045   Max:30  
False : No      Layer : via(2)     Bounds (5, 96.06) (15, 106.06)

Density violation
Actual:0   Min:0.08   Max:30  
False : No      Layer : via2(3)     Bounds (0, 0) (10, 10)

Density violation
Actual:0   Min:0.08   Max:30  
False : No      Layer : via2(3)     Bounds (0, 10) (10, 20)

Density violation
Actual:0   Min:0.08   Max:30  
False : No      Layer : via2(3)     Bounds (0, 15) (10, 25)

Density violation
Actual:0.04   Min:0.08   Max:30  
False : No      Layer : via2(3)     Bounds (0, 20) (10, 30)

Density violation
Actual:0.04   Min:0.08   Max:30  
False : No      Layer : via2(3)     Bounds (0, 25) (10, 35)

Density violation
Actual:0   Min:0.08   Max:30  
False : No      Layer : via2(3)     Bounds (0, 5) (10, 15)

Density violation
Actual:0.04   Min:0.08   Max:30  
False : No      Layer : via2(3)     Bounds (0, 55) (10, 65)

Density violation
Actual:0.04   Min:0.08   Max:30  
False : No      Layer : via2(3)     Bounds (0, 70) (10, 80)

Density violation
Actual:0   Min:0.08   Max:30  
False : No      Layer : via2(3)     Bounds (0, 75) (10, 85)

*********** ENCOUNTER Violation Browser Report ********** 
Report File Name :  gcd.viols.rpt                                                                             Page : 7

Density violation
Actual:0   Min:0.08   Max:30  
False : No      Layer : via2(3)     Bounds (0, 80) (10, 90)

Density violation
Actual:0   Min:0.08   Max:30  
False : No      Layer : via2(3)     Bounds (0, 85) (10, 95)

Density violation
Actual:0   Min:0.08   Max:30  
False : No      Layer : via2(3)     Bounds (0, 90) (10, 100)

Density violation
Actual:0   Min:0.08   Max:30  
False : No      Layer : via2(3)     Bounds (0, 95) (10, 105)

Density violation
Actual:0   Min:0.08   Max:30  
False : No      Layer : via2(3)     Bounds (0, 96.06) (10, 106.06)

Density violation
Actual:0.056   Min:0.08   Max:30  
False : No      Layer : via2(3)     Bounds (30, 0) (40, 10)

Density violation
Actual:0.0532   Min:0.08   Max:30  
False : No      Layer : via2(3)     Bounds (30, 20) (40, 30)

Density violation
Actual:0.028   Min:0.08   Max:30  
False : No      Layer : via2(3)     Bounds (30, 25) (40, 35)

Density violation
Actual:0.0308   Min:0.08   Max:30  
False : No      Layer : via2(3)     Bounds (30, 30) (40, 40)

Density violation
Actual:0.056   Min:0.08   Max:30  
False : No      Layer : via2(3)     Bounds (30, 35) (40, 45)

Density violation
Actual:0.056   Min:0.08   Max:30  
False : No      Layer : via2(3)     Bounds (30, 5) (40, 15)

Density violation
Actual:0.056   Min:0.08   Max:30  
False : No      Layer : via2(3)     Bounds (30, 50) (40, 60)

Density violation
Actual:0.056   Min:0.08   Max:30  
False : No      Layer : via2(3)     Bounds (30, 55) (40, 65)

Density violation
Actual:0.056   Min:0.08   Max:30  
False : No      Layer : via2(3)     Bounds (30, 70) (40, 80)

Density violation
Actual:0.056   Min:0.08   Max:30  
False : No      Layer : via2(3)     Bounds (30, 75) (40, 85)

Density violation
Actual:0.056   Min:0.08   Max:30  
False : No      Layer : via2(3)     Bounds (30, 80) (40, 90)

Density violation
Actual:0.028   Min:0.08   Max:30  
False : No      Layer : via2(3)     Bounds (30, 85) (40, 95)

Density violation
Actual:0.068   Min:0.08   Max:30  
False : No      Layer : via2(3)     Bounds (30, 90) (40, 100)

Density violation
Actual:0.068   Min:0.08   Max:30  
False : No      Layer : via2(3)     Bounds (30, 96.06) (40, 106.06)

Density violation
Actual:0   Min:0.08   Max:30  
False : No      Layer : via2(3)     Bounds (45, 0) (55, 10)

Density violation
Actual:0.048   Min:0.08   Max:30  
False : No      Layer : via2(3)     Bounds (45, 10) (55, 20)

Density violation
Actual:0.032   Min:0.08   Max:30  
False : No      Layer : via2(3)     Bounds (45, 20) (55, 30)

*********** ENCOUNTER Violation Browser Report ********** 
Report File Name :  gcd.viols.rpt                                                                             Page : 8

Density violation
Actual:0   Min:0.08   Max:30  
False : No      Layer : via2(3)     Bounds (45, 25) (55, 35)

Density violation
Actual:0   Min:0.08   Max:30  
False : No      Layer : via2(3)     Bounds (45, 40) (55, 50)

Density violation
Actual:0   Min:0.08   Max:30  
False : No      Layer : via2(3)     Bounds (45, 45) (55, 55)

Density violation
Actual:0   Min:0.08   Max:30  
False : No      Layer : via2(3)     Bounds (45, 5) (55, 15)

Density violation
Actual:0   Min:0.08   Max:30  
False : No      Layer : via2(3)     Bounds (45, 50) (55, 60)

Density violation
Actual:0   Min:0.08   Max:30  
False : No      Layer : via2(3)     Bounds (45, 55) (55, 65)

Density violation
Actual:0   Min:0.08   Max:30  
False : No      Layer : via2(3)     Bounds (45, 60) (55, 70)

Density violation
Actual:0   Min:0.08   Max:30  
False : No      Layer : via2(3)     Bounds (45, 65) (55, 75)

Density violation
Actual:0   Min:0.08   Max:30  
False : No      Layer : via2(3)     Bounds (45, 70) (55, 80)

Density violation
Actual:0   Min:0.08   Max:30  
False : No      Layer : via2(3)     Bounds (45, 75) (55, 85)

Density violation
Actual:0   Min:0.08   Max:30  
False : No      Layer : via2(3)     Bounds (45, 80) (55, 90)

Density violation
Actual:0   Min:0.08   Max:30  
False : No      Layer : via2(3)     Bounds (45, 85) (55, 95)

Density violation
Actual:0   Min:0.08   Max:30  
False : No      Layer : via2(3)     Bounds (45, 90) (55, 100)

Density violation
Actual:0   Min:0.08   Max:30  
False : No      Layer : via2(3)     Bounds (45, 95) (55, 105)

Density violation
Actual:0   Min:0.08   Max:30  
False : No      Layer : via2(3)     Bounds (45, 96.06) (55, 106.06)

Density violation
Actual:0   Min:0.08   Max:30  
False : No      Layer : via2(3)     Bounds (5, 0) (15, 10)

Density violation
Actual:0   Min:0.08   Max:30  
False : No      Layer : via2(3)     Bounds (5, 10) (15, 20)

Density violation
Actual:0   Min:0.08   Max:30  
False : No      Layer : via2(3)     Bounds (5, 15) (15, 25)

Density violation
Actual:0   Min:0.08   Max:30  
False : No      Layer : via2(3)     Bounds (5, 20) (15, 30)

Density violation
Actual:0   Min:0.08   Max:30  
False : No      Layer : via2(3)     Bounds (5, 25) (15, 35)

Density violation
Actual:0   Min:0.08   Max:30  
False : No      Layer : via2(3)     Bounds (5, 5) (15, 15)

Density violation
Actual:0.04   Min:0.08   Max:30  
False : No      Layer : via2(3)     Bounds (5, 50) (15, 60)

*********** ENCOUNTER Violation Browser Report ********** 
Report File Name :  gcd.viols.rpt                                                                             Page : 9

Density violation
Actual:0   Min:0.08   Max:30  
False : No      Layer : via2(3)     Bounds (5, 55) (15, 65)

Density violation
Actual:0   Min:0.08   Max:30  
False : No      Layer : via2(3)     Bounds (5, 60) (15, 70)

Density violation
Actual:0.04   Min:0.08   Max:30  
False : No      Layer : via2(3)     Bounds (5, 65) (15, 75)

Density violation
Actual:0.04   Min:0.08   Max:30  
False : No      Layer : via2(3)     Bounds (5, 70) (15, 80)

Density violation
Actual:0   Min:0.08   Max:30  
False : No      Layer : via2(3)     Bounds (5, 75) (15, 85)

Density violation
Actual:0   Min:0.08   Max:30  
False : No      Layer : via2(3)     Bounds (5, 80) (15, 90)

Density violation
Actual:0   Min:0.08   Max:30  
False : No      Layer : via2(3)     Bounds (5, 85) (15, 95)

Density violation
Actual:0   Min:0.08   Max:30  
False : No      Layer : via2(3)     Bounds (5, 90) (15, 100)

Density violation
Actual:0   Min:0.08   Max:30  
False : No      Layer : via2(3)     Bounds (5, 95) (15, 105)

Density violation
Actual:0   Min:0.08   Max:30  
False : No      Layer : via2(3)     Bounds (5, 96.06) (15, 106.06)

Density violation
Actual:0.07   Min:0.08   Max:30  
False : No      Layer : via2(3)     Bounds (60, 0) (70, 10)

Density violation
Actual:0.07   Min:0.08   Max:30  
False : No      Layer : via2(3)     Bounds (60, 55) (70, 65)

Density violation
Actual:0.07   Min:0.08   Max:30  
False : No      Layer : via2(3)     Bounds (60, 60) (70, 70)

Density violation
Actual:0   Min:0.08   Max:30  
False : No      Layer : via2(3)     Bounds (85, 0) (95, 10)

Density violation
Actual:0   Min:0.08   Max:30  
False : No      Layer : via2(3)     Bounds (85, 10) (95, 20)

Density violation
Actual:0   Min:0.08   Max:30  
False : No      Layer : via2(3)     Bounds (85, 15) (95, 25)

Density violation
Actual:0   Min:0.08   Max:30  
False : No      Layer : via2(3)     Bounds (85, 20) (95, 30)

Density violation
Actual:0   Min:0.08   Max:30  
False : No      Layer : via2(3)     Bounds (85, 25) (95, 35)

Density violation
Actual:0   Min:0.08   Max:30  
False : No      Layer : via2(3)     Bounds (85, 30) (95, 40)

Density violation
Actual:0   Min:0.08   Max:30  
False : No      Layer : via2(3)     Bounds (85, 35) (95, 45)

Density violation
Actual:0   Min:0.08   Max:30  
False : No      Layer : via2(3)     Bounds (85, 40) (95, 50)

Density violation
Actual:0   Min:0.08   Max:30  
False : No      Layer : via2(3)     Bounds (85, 45) (95, 55)

*********** ENCOUNTER Violation Browser Report ********** 
Report File Name :  gcd.viols.rpt                                                                             Page : 10

Density violation
Actual:0   Min:0.08   Max:30  
False : No      Layer : via2(3)     Bounds (85, 5) (95, 15)

Density violation
Actual:0   Min:0.08   Max:30  
False : No      Layer : via2(3)     Bounds (85, 50) (95, 60)

Density violation
Actual:0   Min:0.08   Max:30  
False : No      Layer : via2(3)     Bounds (85, 55) (95, 65)

Density violation
Actual:0   Min:0.08   Max:30  
False : No      Layer : via2(3)     Bounds (85, 60) (95, 70)

Density violation
Actual:0   Min:0.08   Max:30  
False : No      Layer : via2(3)     Bounds (85, 65) (95, 75)

Density violation
Actual:0   Min:0.08   Max:30  
False : No      Layer : via2(3)     Bounds (85, 70) (95, 80)

Density violation
Actual:0   Min:0.08   Max:30  
False : No      Layer : via2(3)     Bounds (85, 75) (95, 85)

Density violation
Actual:0   Min:0.08   Max:30  
False : No      Layer : via2(3)     Bounds (85, 80) (95, 90)

Density violation
Actual:0   Min:0.08   Max:30  
False : No      Layer : via2(3)     Bounds (85, 85) (95, 95)

Density violation
Actual:0   Min:0.08   Max:30  
False : No      Layer : via2(3)     Bounds (85, 90) (95, 100)

Density violation
Actual:0   Min:0.08   Max:30  
False : No      Layer : via2(3)     Bounds (85, 95) (95, 105)

Density violation
Actual:0   Min:0.08   Max:30  
False : No      Layer : via2(3)     Bounds (85, 96.06) (95, 106.06)

Density violation
Actual:0   Min:0.08   Max:30  
False : No      Layer : via3(4)     Bounds (0, 0) (10, 10)

Density violation
Actual:0   Min:0.08   Max:30  
False : No      Layer : via3(4)     Bounds (0, 10) (10, 20)

Density violation
Actual:0   Min:0.08   Max:30  
False : No      Layer : via3(4)     Bounds (0, 15) (10, 25)

Density violation
Actual:0   Min:0.08   Max:30  
False : No      Layer : via3(4)     Bounds (0, 20) (10, 30)

Density violation
Actual:0   Min:0.08   Max:30  
False : No      Layer : via3(4)     Bounds (0, 25) (10, 35)

Density violation
Actual:0   Min:0.08   Max:30  
False : No      Layer : via3(4)     Bounds (0, 30) (10, 40)

Density violation
Actual:0   Min:0.08   Max:30  
False : No      Layer : via3(4)     Bounds (0, 35) (10, 45)

Density violation
Actual:0   Min:0.08   Max:30  
False : No      Layer : via3(4)     Bounds (0, 40) (10, 50)

Density violation
Actual:0   Min:0.08   Max:30  
False : No      Layer : via3(4)     Bounds (0, 45) (10, 55)

Density violation
Actual:0   Min:0.08   Max:30  
False : No      Layer : via3(4)     Bounds (0, 5) (10, 15)

*********** ENCOUNTER Violation Browser Report ********** 
Report File Name :  gcd.viols.rpt                                                                             Page : 11

Density violation
Actual:0   Min:0.08   Max:30  
False : No      Layer : via3(4)     Bounds (0, 50) (10, 60)

Density violation
Actual:0   Min:0.08   Max:30  
False : No      Layer : via3(4)     Bounds (0, 55) (10, 65)

Density violation
Actual:0   Min:0.08   Max:30  
False : No      Layer : via3(4)     Bounds (0, 60) (10, 70)

Density violation
Actual:0   Min:0.08   Max:30  
False : No      Layer : via3(4)     Bounds (0, 65) (10, 75)

Density violation
Actual:0   Min:0.08   Max:30  
False : No      Layer : via3(4)     Bounds (0, 70) (10, 80)

Density violation
Actual:0   Min:0.08   Max:30  
False : No      Layer : via3(4)     Bounds (0, 75) (10, 85)

Density violation
Actual:0   Min:0.08   Max:30  
False : No      Layer : via3(4)     Bounds (0, 80) (10, 90)

Density violation
Actual:0   Min:0.08   Max:30  
False : No      Layer : via3(4)     Bounds (0, 85) (10, 95)

Density violation
Actual:0   Min:0.08   Max:30  
False : No      Layer : via3(4)     Bounds (0, 90) (10, 100)

Density violation
Actual:0   Min:0.08   Max:30  
False : No      Layer : via3(4)     Bounds (0, 95) (10, 105)

Density violation
Actual:0   Min:0.08   Max:30  
False : No      Layer : via3(4)     Bounds (0, 96.06) (10, 106.06)

Density violation
Actual:0.056   Min:0.08   Max:30  
False : No      Layer : via3(4)     Bounds (30, 0) (40, 10)

Density violation
Actual:0.056   Min:0.08   Max:30  
False : No      Layer : via3(4)     Bounds (30, 10) (40, 20)

Density violation
Actual:0.056   Min:0.08   Max:30  
False : No      Layer : via3(4)     Bounds (30, 15) (40, 25)

Density violation
Actual:0.0532   Min:0.08   Max:30  
False : No      Layer : via3(4)     Bounds (30, 20) (40, 30)

Density violation
Actual:0.028   Min:0.08   Max:30  
False : No      Layer : via3(4)     Bounds (30, 25) (40, 35)

Density violation
Actual:0.0308   Min:0.08   Max:30  
False : No      Layer : via3(4)     Bounds (30, 30) (40, 40)

Density violation
Actual:0.056   Min:0.08   Max:30  
False : No      Layer : via3(4)     Bounds (30, 35) (40, 45)

Density violation
Actual:0.056   Min:0.08   Max:30  
False : No      Layer : via3(4)     Bounds (30, 40) (40, 50)

Density violation
Actual:0.056   Min:0.08   Max:30  
False : No      Layer : via3(4)     Bounds (30, 45) (40, 55)

Density violation
Actual:0.056   Min:0.08   Max:30  
False : No      Layer : via3(4)     Bounds (30, 5) (40, 15)

Density violation
Actual:0.056   Min:0.08   Max:30  
False : No      Layer : via3(4)     Bounds (30, 50) (40, 60)

*********** ENCOUNTER Violation Browser Report ********** 
Report File Name :  gcd.viols.rpt                                                                             Page : 12

Density violation
Actual:0.056   Min:0.08   Max:30  
False : No      Layer : via3(4)     Bounds (30, 55) (40, 65)

Density violation
Actual:0.056   Min:0.08   Max:30  
False : No      Layer : via3(4)     Bounds (30, 60) (40, 70)

Density violation
Actual:0.056   Min:0.08   Max:30  
False : No      Layer : via3(4)     Bounds (30, 65) (40, 75)

Density violation
Actual:0.056   Min:0.08   Max:30  
False : No      Layer : via3(4)     Bounds (30, 70) (40, 80)

Density violation
Actual:0.056   Min:0.08   Max:30  
False : No      Layer : via3(4)     Bounds (30, 75) (40, 85)

Density violation
Actual:0.056   Min:0.08   Max:30  
False : No      Layer : via3(4)     Bounds (30, 80) (40, 90)

Density violation
Actual:0.028   Min:0.08   Max:30  
False : No      Layer : via3(4)     Bounds (30, 85) (40, 95)

Density violation
Actual:0.028   Min:0.08   Max:30  
False : No      Layer : via3(4)     Bounds (30, 90) (40, 100)

Density violation
Actual:0.056   Min:0.08   Max:30  
False : No      Layer : via3(4)     Bounds (30, 95) (40, 105)

Density violation
Actual:0.028   Min:0.08   Max:30  
False : No      Layer : via3(4)     Bounds (30, 96.06) (40, 106.06)

Density violation
Actual:0   Min:0.08   Max:30  
False : No      Layer : via3(4)     Bounds (45, 0) (55, 10)

Density violation
Actual:0   Min:0.08   Max:30  
False : No      Layer : via3(4)     Bounds (45, 10) (55, 20)

Density violation
Actual:0   Min:0.08   Max:30  
False : No      Layer : via3(4)     Bounds (45, 15) (55, 25)

Density violation
Actual:0   Min:0.08   Max:30  
False : No      Layer : via3(4)     Bounds (45, 20) (55, 30)

Density violation
Actual:0   Min:0.08   Max:30  
False : No      Layer : via3(4)     Bounds (45, 25) (55, 35)

Density violation
Actual:0   Min:0.08   Max:30  
False : No      Layer : via3(4)     Bounds (45, 30) (55, 40)

Density violation
Actual:0   Min:0.08   Max:30  
False : No      Layer : via3(4)     Bounds (45, 35) (55, 45)

Density violation
Actual:0   Min:0.08   Max:30  
False : No      Layer : via3(4)     Bounds (45, 40) (55, 50)

Density violation
Actual:0   Min:0.08   Max:30  
False : No      Layer : via3(4)     Bounds (45, 45) (55, 55)

Density violation
Actual:0   Min:0.08   Max:30  
False : No      Layer : via3(4)     Bounds (45, 5) (55, 15)

Density violation
Actual:0   Min:0.08   Max:30  
False : No      Layer : via3(4)     Bounds (45, 50) (55, 60)

Density violation
Actual:0   Min:0.08   Max:30  
False : No      Layer : via3(4)     Bounds (45, 55) (55, 65)

*********** ENCOUNTER Violation Browser Report ********** 
Report File Name :  gcd.viols.rpt                                                                             Page : 13

Density violation
Actual:0   Min:0.08   Max:30  
False : No      Layer : via3(4)     Bounds (45, 60) (55, 70)

Density violation
Actual:0   Min:0.08   Max:30  
False : No      Layer : via3(4)     Bounds (45, 65) (55, 75)

Density violation
Actual:0   Min:0.08   Max:30  
False : No      Layer : via3(4)     Bounds (45, 70) (55, 80)

Density violation
Actual:0   Min:0.08   Max:30  
False : No      Layer : via3(4)     Bounds (45, 75) (55, 85)

Density violation
Actual:0   Min:0.08   Max:30  
False : No      Layer : via3(4)     Bounds (45, 80) (55, 90)

Density violation
Actual:0   Min:0.08   Max:30  
False : No      Layer : via3(4)     Bounds (45, 85) (55, 95)

Density violation
Actual:0   Min:0.08   Max:30  
False : No      Layer : via3(4)     Bounds (45, 90) (55, 100)

Density violation
Actual:0   Min:0.08   Max:30  
False : No      Layer : via3(4)     Bounds (45, 95) (55, 105)

Density violation
Actual:0   Min:0.08   Max:30  
False : No      Layer : via3(4)     Bounds (45, 96.06) (55, 106.06)

Density violation
Actual:0   Min:0.08   Max:30  
False : No      Layer : via3(4)     Bounds (5, 0) (15, 10)

Density violation
Actual:0   Min:0.08   Max:30  
False : No      Layer : via3(4)     Bounds (5, 10) (15, 20)

Density violation
Actual:0   Min:0.08   Max:30  
False : No      Layer : via3(4)     Bounds (5, 15) (15, 25)

Density violation
Actual:0   Min:0.08   Max:30  
False : No      Layer : via3(4)     Bounds (5, 20) (15, 30)

Density violation
Actual:0   Min:0.08   Max:30  
False : No      Layer : via3(4)     Bounds (5, 25) (15, 35)

Density violation
Actual:0   Min:0.08   Max:30  
False : No      Layer : via3(4)     Bounds (5, 30) (15, 40)

Density violation
Actual:0   Min:0.08   Max:30  
False : No      Layer : via3(4)     Bounds (5, 35) (15, 45)

Density violation
Actual:0   Min:0.08   Max:30  
False : No      Layer : via3(4)     Bounds (5, 40) (15, 50)

Density violation
Actual:0   Min:0.08   Max:30  
False : No      Layer : via3(4)     Bounds (5, 45) (15, 55)

Density violation
Actual:0   Min:0.08   Max:30  
False : No      Layer : via3(4)     Bounds (5, 5) (15, 15)

Density violation
Actual:0   Min:0.08   Max:30  
False : No      Layer : via3(4)     Bounds (5, 50) (15, 60)

Density violation
Actual:0   Min:0.08   Max:30  
False : No      Layer : via3(4)     Bounds (5, 55) (15, 65)

Density violation
Actual:0   Min:0.08   Max:30  
False : No      Layer : via3(4)     Bounds (5, 60) (15, 70)

*********** ENCOUNTER Violation Browser Report ********** 
Report File Name :  gcd.viols.rpt                                                                             Page : 14

Density violation
Actual:0   Min:0.08   Max:30  
False : No      Layer : via3(4)     Bounds (5, 65) (15, 75)

Density violation
Actual:0   Min:0.08   Max:30  
False : No      Layer : via3(4)     Bounds (5, 70) (15, 80)

Density violation
Actual:0   Min:0.08   Max:30  
False : No      Layer : via3(4)     Bounds (5, 75) (15, 85)

Density violation
Actual:0   Min:0.08   Max:30  
False : No      Layer : via3(4)     Bounds (5, 80) (15, 90)

Density violation
Actual:0   Min:0.08   Max:30  
False : No      Layer : via3(4)     Bounds (5, 85) (15, 95)

Density violation
Actual:0   Min:0.08   Max:30  
False : No      Layer : via3(4)     Bounds (5, 90) (15, 100)

Density violation
Actual:0   Min:0.08   Max:30  
False : No      Layer : via3(4)     Bounds (5, 95) (15, 105)

Density violation
Actual:0   Min:0.08   Max:30  
False : No      Layer : via3(4)     Bounds (5, 96.06) (15, 106.06)

Density violation
Actual:0.07   Min:0.08   Max:30  
False : No      Layer : via3(4)     Bounds (60, 0) (70, 10)

Density violation
Actual:0.07   Min:0.08   Max:30  
False : No      Layer : via3(4)     Bounds (60, 55) (70, 65)

Density violation
Actual:0.07   Min:0.08   Max:30  
False : No      Layer : via3(4)     Bounds (60, 60) (70, 70)

Density violation
Actual:0   Min:0.08   Max:30  
False : No      Layer : via3(4)     Bounds (85, 0) (95, 10)

Density violation
Actual:0   Min:0.08   Max:30  
False : No      Layer : via3(4)     Bounds (85, 10) (95, 20)

Density violation
Actual:0   Min:0.08   Max:30  
False : No      Layer : via3(4)     Bounds (85, 15) (95, 25)

Density violation
Actual:0   Min:0.08   Max:30  
False : No      Layer : via3(4)     Bounds (85, 20) (95, 30)

Density violation
Actual:0   Min:0.08   Max:30  
False : No      Layer : via3(4)     Bounds (85, 25) (95, 35)

Density violation
Actual:0   Min:0.08   Max:30  
False : No      Layer : via3(4)     Bounds (85, 30) (95, 40)

Density violation
Actual:0   Min:0.08   Max:30  
False : No      Layer : via3(4)     Bounds (85, 35) (95, 45)

Density violation
Actual:0   Min:0.08   Max:30  
False : No      Layer : via3(4)     Bounds (85, 40) (95, 50)

Density violation
Actual:0   Min:0.08   Max:30  
False : No      Layer : via3(4)     Bounds (85, 45) (95, 55)

Density violation
Actual:0   Min:0.08   Max:30  
False : No      Layer : via3(4)     Bounds (85, 5) (95, 15)

Density violation
Actual:0   Min:0.08   Max:30  
False : No      Layer : via3(4)     Bounds (85, 50) (95, 60)

*********** ENCOUNTER Violation Browser Report ********** 
Report File Name :  gcd.viols.rpt                                                                             Page : 15

Density violation
Actual:0   Min:0.08   Max:30  
False : No      Layer : via3(4)     Bounds (85, 55) (95, 65)

Density violation
Actual:0   Min:0.08   Max:30  
False : No      Layer : via3(4)     Bounds (85, 60) (95, 70)

Density violation
Actual:0   Min:0.08   Max:30  
False : No      Layer : via3(4)     Bounds (85, 65) (95, 75)

Density violation
Actual:0   Min:0.08   Max:30  
False : No      Layer : via3(4)     Bounds (85, 70) (95, 80)

Density violation
Actual:0   Min:0.08   Max:30  
False : No      Layer : via3(4)     Bounds (85, 75) (95, 85)

Density violation
Actual:0   Min:0.08   Max:30  
False : No      Layer : via3(4)     Bounds (85, 80) (95, 90)

Density violation
Actual:0   Min:0.08   Max:30  
False : No      Layer : via3(4)     Bounds (85, 85) (95, 95)

Density violation
Actual:0   Min:0.08   Max:30  
False : No      Layer : via3(4)     Bounds (85, 90) (95, 100)

Density violation
Actual:0   Min:0.08   Max:30  
False : No      Layer : via3(4)     Bounds (85, 95) (95, 105)

Density violation
Actual:0   Min:0.08   Max:30  
False : No      Layer : via3(4)     Bounds (85, 96.06) (95, 106.06)

Density violation
Actual:0   Min:1.28   Max:30  
False : No      Layer : via4(5)     Bounds (0, 0) (10, 10)

Density violation
Actual:0   Min:1.28   Max:30  
False : No      Layer : via4(5)     Bounds (0, 10) (10, 20)

Density violation
Actual:0   Min:1.28   Max:30  
False : No      Layer : via4(5)     Bounds (0, 15) (10, 25)

Density violation
Actual:0   Min:1.28   Max:30  
False : No      Layer : via4(5)     Bounds (0, 20) (10, 30)

Density violation
Actual:0   Min:1.28   Max:30  
False : No      Layer : via4(5)     Bounds (0, 25) (10, 35)

Density violation
Actual:0   Min:1.28   Max:30  
False : No      Layer : via4(5)     Bounds (0, 30) (10, 40)

Density violation
Actual:0   Min:1.28   Max:30  
False : No      Layer : via4(5)     Bounds (0, 35) (10, 45)

Density violation
Actual:0   Min:1.28   Max:30  
False : No      Layer : via4(5)     Bounds (0, 40) (10, 50)

Density violation
Actual:0   Min:1.28   Max:30  
False : No      Layer : via4(5)     Bounds (0, 45) (10, 55)

Density violation
Actual:0   Min:1.28   Max:30  
False : No      Layer : via4(5)     Bounds (0, 5) (10, 15)

Density violation
Actual:0   Min:1.28   Max:30  
False : No      Layer : via4(5)     Bounds (0, 50) (10, 60)

Density violation
Actual:0   Min:1.28   Max:30  
False : No      Layer : via4(5)     Bounds (0, 55) (10, 65)

*********** ENCOUNTER Violation Browser Report ********** 
Report File Name :  gcd.viols.rpt                                                                             Page : 16

Density violation
Actual:0   Min:1.28   Max:30  
False : No      Layer : via4(5)     Bounds (0, 60) (10, 70)

Density violation
Actual:0   Min:1.28   Max:30  
False : No      Layer : via4(5)     Bounds (0, 65) (10, 75)

Density violation
Actual:0   Min:1.28   Max:30  
False : No      Layer : via4(5)     Bounds (0, 70) (10, 80)

Density violation
Actual:0   Min:1.28   Max:30  
False : No      Layer : via4(5)     Bounds (0, 75) (10, 85)

Density violation
Actual:0   Min:1.28   Max:30  
False : No      Layer : via4(5)     Bounds (0, 80) (10, 90)

Density violation
Actual:0   Min:1.28   Max:30  
False : No      Layer : via4(5)     Bounds (0, 85) (10, 95)

Density violation
Actual:0   Min:1.28   Max:30  
False : No      Layer : via4(5)     Bounds (0, 90) (10, 100)

Density violation
Actual:0   Min:1.28   Max:30  
False : No      Layer : via4(5)     Bounds (0, 95) (10, 105)

Density violation
Actual:0   Min:1.28   Max:30  
False : No      Layer : via4(5)     Bounds (0, 96.06) (10, 106.06)

Density violation
Actual:0   Min:1.28   Max:30  
False : No      Layer : via4(5)     Bounds (10, 0) (20, 10)

Density violation
Actual:0.64   Min:1.28   Max:30  
False : No      Layer : via4(5)     Bounds (10, 10) (20, 20)

Density violation
Actual:0.64   Min:1.28   Max:30  
False : No      Layer : via4(5)     Bounds (10, 15) (20, 25)

Density violation
Actual:0   Min:1.28   Max:30  
False : No      Layer : via4(5)     Bounds (10, 20) (20, 30)

Density violation
Actual:0   Min:1.28   Max:30  
False : No      Layer : via4(5)     Bounds (10, 25) (20, 35)

Density violation
Actual:0   Min:1.28   Max:30  
False : No      Layer : via4(5)     Bounds (10, 30) (20, 40)

Density violation
Actual:0.64   Min:1.28   Max:30  
False : No      Layer : via4(5)     Bounds (10, 35) (20, 45)

Density violation
Actual:0.64   Min:1.28   Max:30  
False : No      Layer : via4(5)     Bounds (10, 40) (20, 50)

Density violation
Actual:0   Min:1.28   Max:30  
False : No      Layer : via4(5)     Bounds (10, 45) (20, 55)

Density violation
Actual:0   Min:1.28   Max:30  
False : No      Layer : via4(5)     Bounds (10, 5) (20, 15)

Density violation
Actual:0   Min:1.28   Max:30  
False : No      Layer : via4(5)     Bounds (10, 50) (20, 60)

Density violation
Actual:0   Min:1.28   Max:30  
False : No      Layer : via4(5)     Bounds (10, 55) (20, 65)

Density violation
Actual:0   Min:1.28   Max:30  
False : No      Layer : via4(5)     Bounds (10, 60) (20, 70)

*********** ENCOUNTER Violation Browser Report ********** 
Report File Name :  gcd.viols.rpt                                                                             Page : 17

Density violation
Actual:0.64   Min:1.28   Max:30  
False : No      Layer : via4(5)     Bounds (10, 65) (20, 75)

Density violation
Actual:0.64   Min:1.28   Max:30  
False : No      Layer : via4(5)     Bounds (10, 70) (20, 80)

Density violation
Actual:0   Min:1.28   Max:30  
False : No      Layer : via4(5)     Bounds (10, 75) (20, 85)

Density violation
Actual:0   Min:1.28   Max:30  
False : No      Layer : via4(5)     Bounds (10, 80) (20, 90)

Density violation
Actual:0   Min:1.28   Max:30  
False : No      Layer : via4(5)     Bounds (10, 85) (20, 95)

Density violation
Actual:0.64   Min:1.28   Max:30  
False : No      Layer : via4(5)     Bounds (10, 90) (20, 100)

Density violation
Actual:0.64   Min:1.28   Max:30  
False : No      Layer : via4(5)     Bounds (10, 95) (20, 105)

Density violation
Actual:0.64   Min:1.28   Max:30  
False : No      Layer : via4(5)     Bounds (10, 96.06) (20, 106.06)

Density violation
Actual:0   Min:1.28   Max:30  
False : No      Layer : via4(5)     Bounds (15, 0) (25, 10)

Density violation
Actual:0.64   Min:1.28   Max:30  
False : No      Layer : via4(5)     Bounds (15, 10) (25, 20)

Density violation
Actual:0.64   Min:1.28   Max:30  
False : No      Layer : via4(5)     Bounds (15, 15) (25, 25)

Density violation
Actual:0   Min:1.28   Max:30  
False : No      Layer : via4(5)     Bounds (15, 20) (25, 30)

Density violation
Actual:0   Min:1.28   Max:30  
False : No      Layer : via4(5)     Bounds (15, 25) (25, 35)

Density violation
Actual:0   Min:1.28   Max:30  
False : No      Layer : via4(5)     Bounds (15, 30) (25, 40)

Density violation
Actual:0.64   Min:1.28   Max:30  
False : No      Layer : via4(5)     Bounds (15, 35) (25, 45)

Density violation
Actual:0.64   Min:1.28   Max:30  
False : No      Layer : via4(5)     Bounds (15, 40) (25, 50)

Density violation
Actual:0   Min:1.28   Max:30  
False : No      Layer : via4(5)     Bounds (15, 45) (25, 55)

Density violation
Actual:0   Min:1.28   Max:30  
False : No      Layer : via4(5)     Bounds (15, 5) (25, 15)

Density violation
Actual:0   Min:1.28   Max:30  
False : No      Layer : via4(5)     Bounds (15, 50) (25, 60)

Density violation
Actual:0   Min:1.28   Max:30  
False : No      Layer : via4(5)     Bounds (15, 55) (25, 65)

Density violation
Actual:0   Min:1.28   Max:30  
False : No      Layer : via4(5)     Bounds (15, 60) (25, 70)

Density violation
Actual:0.64   Min:1.28   Max:30  
False : No      Layer : via4(5)     Bounds (15, 65) (25, 75)

*********** ENCOUNTER Violation Browser Report ********** 
Report File Name :  gcd.viols.rpt                                                                             Page : 18

Density violation
Actual:0.64   Min:1.28   Max:30  
False : No      Layer : via4(5)     Bounds (15, 70) (25, 80)

Density violation
Actual:0   Min:1.28   Max:30  
False : No      Layer : via4(5)     Bounds (15, 75) (25, 85)

Density violation
Actual:0   Min:1.28   Max:30  
False : No      Layer : via4(5)     Bounds (15, 80) (25, 90)

Density violation
Actual:0   Min:1.28   Max:30  
False : No      Layer : via4(5)     Bounds (15, 85) (25, 95)

Density violation
Actual:0.64   Min:1.28   Max:30  
False : No      Layer : via4(5)     Bounds (15, 90) (25, 100)

Density violation
Actual:0.64   Min:1.28   Max:30  
False : No      Layer : via4(5)     Bounds (15, 95) (25, 105)

Density violation
Actual:0.64   Min:1.28   Max:30  
False : No      Layer : via4(5)     Bounds (15, 96.06) (25, 106.06)

Density violation
Actual:0   Min:1.28   Max:30  
False : No      Layer : via4(5)     Bounds (20, 0) (30, 10)

Density violation
Actual:0   Min:1.28   Max:30  
False : No      Layer : via4(5)     Bounds (20, 10) (30, 20)

Density violation
Actual:0   Min:1.28   Max:30  
False : No      Layer : via4(5)     Bounds (20, 15) (30, 25)

Density violation
Actual:0.576   Min:1.28   Max:30  
False : No      Layer : via4(5)     Bounds (20, 20) (30, 30)

Density violation
Actual:0.64   Min:1.28   Max:30  
False : No      Layer : via4(5)     Bounds (20, 25) (30, 35)

Density violation
Actual:0.064   Min:1.28   Max:30  
False : No      Layer : via4(5)     Bounds (20, 30) (30, 40)

Density violation
Actual:0   Min:1.28   Max:30  
False : No      Layer : via4(5)     Bounds (20, 35) (30, 45)

Density violation
Actual:0   Min:1.28   Max:30  
False : No      Layer : via4(5)     Bounds (20, 40) (30, 50)

Density violation
Actual:0   Min:1.28   Max:30  
False : No      Layer : via4(5)     Bounds (20, 45) (30, 55)

Density violation
Actual:0   Min:1.28   Max:30  
False : No      Layer : via4(5)     Bounds (20, 5) (30, 15)

Density violation
Actual:0.64   Min:1.28   Max:30  
False : No      Layer : via4(5)     Bounds (20, 50) (30, 60)

Density violation
Actual:0.64   Min:1.28   Max:30  
False : No      Layer : via4(5)     Bounds (20, 55) (30, 65)

Density violation
Actual:0   Min:1.28   Max:30  
False : No      Layer : via4(5)     Bounds (20, 60) (30, 70)

Density violation
Actual:0   Min:1.28   Max:30  
False : No      Layer : via4(5)     Bounds (20, 65) (30, 75)

Density violation
Actual:0   Min:1.28   Max:30  
False : No      Layer : via4(5)     Bounds (20, 70) (30, 80)

*********** ENCOUNTER Violation Browser Report ********** 
Report File Name :  gcd.viols.rpt                                                                             Page : 19

Density violation
Actual:0.64   Min:1.28   Max:30  
False : No      Layer : via4(5)     Bounds (20, 75) (30, 85)

Density violation
Actual:0.64   Min:1.28   Max:30  
False : No      Layer : via4(5)     Bounds (20, 80) (30, 90)

Density violation
Actual:0   Min:1.28   Max:30  
False : No      Layer : via4(5)     Bounds (20, 85) (30, 95)

Density violation
Actual:0   Min:1.28   Max:30  
False : No      Layer : via4(5)     Bounds (20, 90) (30, 100)

Density violation
Actual:0   Min:1.28   Max:30  
False : No      Layer : via4(5)     Bounds (20, 95) (30, 105)

Density violation
Actual:0   Min:1.28   Max:30  
False : No      Layer : via4(5)     Bounds (20, 96.06) (30, 106.06)

Density violation
Actual:0   Min:1.28   Max:30  
False : No      Layer : via4(5)     Bounds (25, 0) (35, 10)

Density violation
Actual:0   Min:1.28   Max:30  
False : No      Layer : via4(5)     Bounds (25, 10) (35, 20)

Density violation
Actual:0   Min:1.28   Max:30  
False : No      Layer : via4(5)     Bounds (25, 15) (35, 25)

Density violation
Actual:0.576   Min:1.28   Max:30  
False : No      Layer : via4(5)     Bounds (25, 20) (35, 30)

Density violation
Actual:0.64   Min:1.28   Max:30  
False : No      Layer : via4(5)     Bounds (25, 25) (35, 35)

Density violation
Actual:0.064   Min:1.28   Max:30  
False : No      Layer : via4(5)     Bounds (25, 30) (35, 40)

Density violation
Actual:0   Min:1.28   Max:30  
False : No      Layer : via4(5)     Bounds (25, 35) (35, 45)

Density violation
Actual:0   Min:1.28   Max:30  
False : No      Layer : via4(5)     Bounds (25, 40) (35, 50)

Density violation
Actual:0   Min:1.28   Max:30  
False : No      Layer : via4(5)     Bounds (25, 45) (35, 55)

Density violation
Actual:0   Min:1.28   Max:30  
False : No      Layer : via4(5)     Bounds (25, 5) (35, 15)

Density violation
Actual:0.64   Min:1.28   Max:30  
False : No      Layer : via4(5)     Bounds (25, 50) (35, 60)

Density violation
Actual:0.64   Min:1.28   Max:30  
False : No      Layer : via4(5)     Bounds (25, 55) (35, 65)

Density violation
Actual:0   Min:1.28   Max:30  
False : No      Layer : via4(5)     Bounds (25, 60) (35, 70)

Density violation
Actual:0   Min:1.28   Max:30  
False : No      Layer : via4(5)     Bounds (25, 65) (35, 75)

Density violation
Actual:0   Min:1.28   Max:30  
False : No      Layer : via4(5)     Bounds (25, 70) (35, 80)

Density violation
Actual:0.64   Min:1.28   Max:30  
False : No      Layer : via4(5)     Bounds (25, 75) (35, 85)

*********** ENCOUNTER Violation Browser Report ********** 
Report File Name :  gcd.viols.rpt                                                                             Page : 20

Density violation
Actual:0.64   Min:1.28   Max:30  
False : No      Layer : via4(5)     Bounds (25, 80) (35, 90)

Density violation
Actual:0   Min:1.28   Max:30  
False : No      Layer : via4(5)     Bounds (25, 85) (35, 95)

Density violation
Actual:0   Min:1.28   Max:30  
False : No      Layer : via4(5)     Bounds (25, 90) (35, 100)

Density violation
Actual:0   Min:1.28   Max:30  
False : No      Layer : via4(5)     Bounds (25, 95) (35, 105)

Density violation
Actual:0   Min:1.28   Max:30  
False : No      Layer : via4(5)     Bounds (25, 96.06) (35, 106.06)

Density violation
Actual:0   Min:1.28   Max:30  
False : No      Layer : via4(5)     Bounds (30, 0) (40, 10)

Density violation
Actual:0   Min:1.28   Max:30  
False : No      Layer : via4(5)     Bounds (30, 10) (40, 20)

Density violation
Actual:0   Min:1.28   Max:30  
False : No      Layer : via4(5)     Bounds (30, 15) (40, 25)

Density violation
Actual:0   Min:1.28   Max:30  
False : No      Layer : via4(5)     Bounds (30, 20) (40, 30)

Density violation
Actual:0   Min:1.28   Max:30  
False : No      Layer : via4(5)     Bounds (30, 25) (40, 35)

Density violation
Actual:0   Min:1.28   Max:30  
False : No      Layer : via4(5)     Bounds (30, 30) (40, 40)

Density violation
Actual:0   Min:1.28   Max:30  
False : No      Layer : via4(5)     Bounds (30, 35) (40, 45)

Density violation
Actual:0   Min:1.28   Max:30  
False : No      Layer : via4(5)     Bounds (30, 40) (40, 50)

Density violation
Actual:0   Min:1.28   Max:30  
False : No      Layer : via4(5)     Bounds (30, 45) (40, 55)

Density violation
Actual:0   Min:1.28   Max:30  
False : No      Layer : via4(5)     Bounds (30, 5) (40, 15)

Density violation
Actual:0   Min:1.28   Max:30  
False : No      Layer : via4(5)     Bounds (30, 50) (40, 60)

Density violation
Actual:0   Min:1.28   Max:30  
False : No      Layer : via4(5)     Bounds (30, 55) (40, 65)

Density violation
Actual:0   Min:1.28   Max:30  
False : No      Layer : via4(5)     Bounds (30, 60) (40, 70)

Density violation
Actual:0   Min:1.28   Max:30  
False : No      Layer : via4(5)     Bounds (30, 65) (40, 75)

Density violation
Actual:0   Min:1.28   Max:30  
False : No      Layer : via4(5)     Bounds (30, 70) (40, 80)

Density violation
Actual:0   Min:1.28   Max:30  
False : No      Layer : via4(5)     Bounds (30, 75) (40, 85)

Density violation
Actual:0   Min:1.28   Max:30  
False : No      Layer : via4(5)     Bounds (30, 80) (40, 90)

*********** ENCOUNTER Violation Browser Report ********** 
Report File Name :  gcd.viols.rpt                                                                             Page : 21

Density violation
Actual:0   Min:1.28   Max:30  
False : No      Layer : via4(5)     Bounds (30, 85) (40, 95)

Density violation
Actual:0   Min:1.28   Max:30  
False : No      Layer : via4(5)     Bounds (30, 90) (40, 100)

Density violation
Actual:0   Min:1.28   Max:30  
False : No      Layer : via4(5)     Bounds (30, 95) (40, 105)

Density violation
Actual:0   Min:1.28   Max:30  
False : No      Layer : via4(5)     Bounds (30, 96.06) (40, 106.06)

Density violation
Actual:0   Min:1.28   Max:30  
False : No      Layer : via4(5)     Bounds (35, 0) (45, 10)

Density violation
Actual:0.64   Min:1.28   Max:30  
False : No      Layer : via4(5)     Bounds (35, 10) (45, 20)

Density violation
Actual:0.64   Min:1.28   Max:30  
False : No      Layer : via4(5)     Bounds (35, 15) (45, 25)

Density violation
Actual:0   Min:1.28   Max:30  
False : No      Layer : via4(5)     Bounds (35, 20) (45, 30)

Density violation
Actual:0   Min:1.28   Max:30  
False : No      Layer : via4(5)     Bounds (35, 25) (45, 35)

Density violation
Actual:0   Min:1.28   Max:30  
False : No      Layer : via4(5)     Bounds (35, 30) (45, 40)

Density violation
Actual:0.64   Min:1.28   Max:30  
False : No      Layer : via4(5)     Bounds (35, 35) (45, 45)

Density violation
Actual:0.64   Min:1.28   Max:30  
False : No      Layer : via4(5)     Bounds (35, 40) (45, 50)

Density violation
Actual:0   Min:1.28   Max:30  
False : No      Layer : via4(5)     Bounds (35, 45) (45, 55)

Density violation
Actual:0   Min:1.28   Max:30  
False : No      Layer : via4(5)     Bounds (35, 5) (45, 15)

Density violation
Actual:0   Min:1.28   Max:30  
False : No      Layer : via4(5)     Bounds (35, 50) (45, 60)

Density violation
Actual:0   Min:1.28   Max:30  
False : No      Layer : via4(5)     Bounds (35, 55) (45, 65)

Density violation
Actual:0   Min:1.28   Max:30  
False : No      Layer : via4(5)     Bounds (35, 60) (45, 70)

Density violation
Actual:0.64   Min:1.28   Max:30  
False : No      Layer : via4(5)     Bounds (35, 65) (45, 75)

Density violation
Actual:0.64   Min:1.28   Max:30  
False : No      Layer : via4(5)     Bounds (35, 70) (45, 80)

Density violation
Actual:0   Min:1.28   Max:30  
False : No      Layer : via4(5)     Bounds (35, 75) (45, 85)

Density violation
Actual:0   Min:1.28   Max:30  
False : No      Layer : via4(5)     Bounds (35, 80) (45, 90)

Density violation
Actual:0   Min:1.28   Max:30  
False : No      Layer : via4(5)     Bounds (35, 85) (45, 95)

*********** ENCOUNTER Violation Browser Report ********** 
Report File Name :  gcd.viols.rpt                                                                             Page : 22

Density violation
Actual:0.64   Min:1.28   Max:30  
False : No      Layer : via4(5)     Bounds (35, 90) (45, 100)

Density violation
Actual:0.64   Min:1.28   Max:30  
False : No      Layer : via4(5)     Bounds (35, 95) (45, 105)

Density violation
Actual:0.64   Min:1.28   Max:30  
False : No      Layer : via4(5)     Bounds (35, 96.06) (45, 106.06)

Density violation
Actual:0   Min:1.28   Max:30  
False : No      Layer : via4(5)     Bounds (40, 0) (50, 10)

Density violation
Actual:0.64   Min:1.28   Max:30  
False : No      Layer : via4(5)     Bounds (40, 10) (50, 20)

Density violation
Actual:0.64   Min:1.28   Max:30  
False : No      Layer : via4(5)     Bounds (40, 15) (50, 25)

Density violation
Actual:0   Min:1.28   Max:30  
False : No      Layer : via4(5)     Bounds (40, 20) (50, 30)

Density violation
Actual:0   Min:1.28   Max:30  
False : No      Layer : via4(5)     Bounds (40, 25) (50, 35)

Density violation
Actual:0   Min:1.28   Max:30  
False : No      Layer : via4(5)     Bounds (40, 30) (50, 40)

Density violation
Actual:0.64   Min:1.28   Max:30  
False : No      Layer : via4(5)     Bounds (40, 35) (50, 45)

Density violation
Actual:0.64   Min:1.28   Max:30  
False : No      Layer : via4(5)     Bounds (40, 40) (50, 50)

Density violation
Actual:0   Min:1.28   Max:30  
False : No      Layer : via4(5)     Bounds (40, 45) (50, 55)

Density violation
Actual:0   Min:1.28   Max:30  
False : No      Layer : via4(5)     Bounds (40, 5) (50, 15)

Density violation
Actual:0   Min:1.28   Max:30  
False : No      Layer : via4(5)     Bounds (40, 50) (50, 60)

Density violation
Actual:0   Min:1.28   Max:30  
False : No      Layer : via4(5)     Bounds (40, 55) (50, 65)

Density violation
Actual:0   Min:1.28   Max:30  
False : No      Layer : via4(5)     Bounds (40, 60) (50, 70)

Density violation
Actual:0.64   Min:1.28   Max:30  
False : No      Layer : via4(5)     Bounds (40, 65) (50, 75)

Density violation
Actual:0.64   Min:1.28   Max:30  
False : No      Layer : via4(5)     Bounds (40, 70) (50, 80)

Density violation
Actual:0   Min:1.28   Max:30  
False : No      Layer : via4(5)     Bounds (40, 75) (50, 85)

Density violation
Actual:0   Min:1.28   Max:30  
False : No      Layer : via4(5)     Bounds (40, 80) (50, 90)

Density violation
Actual:0   Min:1.28   Max:30  
False : No      Layer : via4(5)     Bounds (40, 85) (50, 95)

Density violation
Actual:0.64   Min:1.28   Max:30  
False : No      Layer : via4(5)     Bounds (40, 90) (50, 100)

*********** ENCOUNTER Violation Browser Report ********** 
Report File Name :  gcd.viols.rpt                                                                             Page : 23

Density violation
Actual:0.64   Min:1.28   Max:30  
False : No      Layer : via4(5)     Bounds (40, 95) (50, 105)

Density violation
Actual:0.64   Min:1.28   Max:30  
False : No      Layer : via4(5)     Bounds (40, 96.06) (50, 106.06)

Density violation
Actual:0   Min:1.28   Max:30  
False : No      Layer : via4(5)     Bounds (45, 0) (55, 10)

Density violation
Actual:0   Min:1.28   Max:30  
False : No      Layer : via4(5)     Bounds (45, 10) (55, 20)

Density violation
Actual:0   Min:1.28   Max:30  
False : No      Layer : via4(5)     Bounds (45, 15) (55, 25)

Density violation
Actual:0   Min:1.28   Max:30  
False : No      Layer : via4(5)     Bounds (45, 20) (55, 30)

Density violation
Actual:0   Min:1.28   Max:30  
False : No      Layer : via4(5)     Bounds (45, 25) (55, 35)

Density violation
Actual:0   Min:1.28   Max:30  
False : No      Layer : via4(5)     Bounds (45, 30) (55, 40)

Density violation
Actual:0   Min:1.28   Max:30  
False : No      Layer : via4(5)     Bounds (45, 35) (55, 45)

Density violation
Actual:0   Min:1.28   Max:30  
False : No      Layer : via4(5)     Bounds (45, 40) (55, 50)

Density violation
Actual:0   Min:1.28   Max:30  
False : No      Layer : via4(5)     Bounds (45, 45) (55, 55)

Density violation
Actual:0   Min:1.28   Max:30  
False : No      Layer : via4(5)     Bounds (45, 5) (55, 15)

Density violation
Actual:0   Min:1.28   Max:30  
False : No      Layer : via4(5)     Bounds (45, 50) (55, 60)

Density violation
Actual:0   Min:1.28   Max:30  
False : No      Layer : via4(5)     Bounds (45, 55) (55, 65)

Density violation
Actual:0   Min:1.28   Max:30  
False : No      Layer : via4(5)     Bounds (45, 60) (55, 70)

Density violation
Actual:0   Min:1.28   Max:30  
False : No      Layer : via4(5)     Bounds (45, 65) (55, 75)

Density violation
Actual:0   Min:1.28   Max:30  
False : No      Layer : via4(5)     Bounds (45, 70) (55, 80)

Density violation
Actual:0   Min:1.28   Max:30  
False : No      Layer : via4(5)     Bounds (45, 75) (55, 85)

Density violation
Actual:0   Min:1.28   Max:30  
False : No      Layer : via4(5)     Bounds (45, 80) (55, 90)

Density violation
Actual:0   Min:1.28   Max:30  
False : No      Layer : via4(5)     Bounds (45, 85) (55, 95)

Density violation
Actual:0   Min:1.28   Max:30  
False : No      Layer : via4(5)     Bounds (45, 90) (55, 100)

Density violation
Actual:0   Min:1.28   Max:30  
False : No      Layer : via4(5)     Bounds (45, 95) (55, 105)

*********** ENCOUNTER Violation Browser Report ********** 
Report File Name :  gcd.viols.rpt                                                                             Page : 24

Density violation
Actual:0   Min:1.28   Max:30  
False : No      Layer : via4(5)     Bounds (45, 96.06) (55, 106.06)

Density violation
Actual:0   Min:1.28   Max:30  
False : No      Layer : via4(5)     Bounds (5, 0) (15, 10)

Density violation
Actual:0   Min:1.28   Max:30  
False : No      Layer : via4(5)     Bounds (5, 10) (15, 20)

Density violation
Actual:0   Min:1.28   Max:30  
False : No      Layer : via4(5)     Bounds (5, 15) (15, 25)

Density violation
Actual:0   Min:1.28   Max:30  
False : No      Layer : via4(5)     Bounds (5, 20) (15, 30)

Density violation
Actual:0   Min:1.28   Max:30  
False : No      Layer : via4(5)     Bounds (5, 25) (15, 35)

Density violation
Actual:0   Min:1.28   Max:30  
False : No      Layer : via4(5)     Bounds (5, 30) (15, 40)

Density violation
Actual:0   Min:1.28   Max:30  
False : No      Layer : via4(5)     Bounds (5, 35) (15, 45)

Density violation
Actual:0   Min:1.28   Max:30  
False : No      Layer : via4(5)     Bounds (5, 40) (15, 50)

Density violation
Actual:0   Min:1.28   Max:30  
False : No      Layer : via4(5)     Bounds (5, 45) (15, 55)

Density violation
Actual:0   Min:1.28   Max:30  
False : No      Layer : via4(5)     Bounds (5, 5) (15, 15)

Density violation
Actual:0   Min:1.28   Max:30  
False : No      Layer : via4(5)     Bounds (5, 50) (15, 60)

Density violation
Actual:0   Min:1.28   Max:30  
False : No      Layer : via4(5)     Bounds (5, 55) (15, 65)

Density violation
Actual:0   Min:1.28   Max:30  
False : No      Layer : via4(5)     Bounds (5, 60) (15, 70)

Density violation
Actual:0   Min:1.28   Max:30  
False : No      Layer : via4(5)     Bounds (5, 65) (15, 75)

Density violation
Actual:0   Min:1.28   Max:30  
False : No      Layer : via4(5)     Bounds (5, 70) (15, 80)

Density violation
Actual:0   Min:1.28   Max:30  
False : No      Layer : via4(5)     Bounds (5, 75) (15, 85)

Density violation
Actual:0   Min:1.28   Max:30  
False : No      Layer : via4(5)     Bounds (5, 80) (15, 90)

Density violation
Actual:0   Min:1.28   Max:30  
False : No      Layer : via4(5)     Bounds (5, 85) (15, 95)

Density violation
Actual:0   Min:1.28   Max:30  
False : No      Layer : via4(5)     Bounds (5, 90) (15, 100)

Density violation
Actual:0   Min:1.28   Max:30  
False : No      Layer : via4(5)     Bounds (5, 95) (15, 105)

Density violation
Actual:0   Min:1.28   Max:30  
False : No      Layer : via4(5)     Bounds (5, 96.06) (15, 106.06)

*********** ENCOUNTER Violation Browser Report ********** 
Report File Name :  gcd.viols.rpt                                                                             Page : 25

Density violation
Actual:0   Min:1.28   Max:30  
False : No      Layer : via4(5)     Bounds (50, 0) (60, 10)

Density violation
Actual:0   Min:1.28   Max:30  
False : No      Layer : via4(5)     Bounds (50, 10) (60, 20)

Density violation
Actual:0   Min:1.28   Max:30  
False : No      Layer : via4(5)     Bounds (50, 15) (60, 25)

Density violation
Actual:0.576   Min:1.28   Max:30  
False : No      Layer : via4(5)     Bounds (50, 20) (60, 30)

Density violation
Actual:0.64   Min:1.28   Max:30  
False : No      Layer : via4(5)     Bounds (50, 25) (60, 35)

Density violation
Actual:0.064   Min:1.28   Max:30  
False : No      Layer : via4(5)     Bounds (50, 30) (60, 40)

Density violation
Actual:0   Min:1.28   Max:30  
False : No      Layer : via4(5)     Bounds (50, 35) (60, 45)

Density violation
Actual:0   Min:1.28   Max:30  
False : No      Layer : via4(5)     Bounds (50, 40) (60, 50)

Density violation
Actual:0   Min:1.28   Max:30  
False : No      Layer : via4(5)     Bounds (50, 45) (60, 55)

Density violation
Actual:0   Min:1.28   Max:30  
False : No      Layer : via4(5)     Bounds (50, 5) (60, 15)

Density violation
Actual:0.64   Min:1.28   Max:30  
False : No      Layer : via4(5)     Bounds (50, 50) (60, 60)

Density violation
Actual:0.64   Min:1.28   Max:30  
False : No      Layer : via4(5)     Bounds (50, 55) (60, 65)

Density violation
Actual:0   Min:1.28   Max:30  
False : No      Layer : via4(5)     Bounds (50, 60) (60, 70)

Density violation
Actual:0   Min:1.28   Max:30  
False : No      Layer : via4(5)     Bounds (50, 65) (60, 75)

Density violation
Actual:0   Min:1.28   Max:30  
False : No      Layer : via4(5)     Bounds (50, 70) (60, 80)

Density violation
Actual:0.64   Min:1.28   Max:30  
False : No      Layer : via4(5)     Bounds (50, 75) (60, 85)

Density violation
Actual:0.64   Min:1.28   Max:30  
False : No      Layer : via4(5)     Bounds (50, 80) (60, 90)

Density violation
Actual:0   Min:1.28   Max:30  
False : No      Layer : via4(5)     Bounds (50, 85) (60, 95)

Density violation
Actual:0   Min:1.28   Max:30  
False : No      Layer : via4(5)     Bounds (50, 90) (60, 100)

Density violation
Actual:0   Min:1.28   Max:30  
False : No      Layer : via4(5)     Bounds (50, 95) (60, 105)

Density violation
Actual:0   Min:1.28   Max:30  
False : No      Layer : via4(5)     Bounds (50, 96.06) (60, 106.06)

Density violation
Actual:0   Min:1.28   Max:30  
False : No      Layer : via4(5)     Bounds (55, 0) (65, 10)

*********** ENCOUNTER Violation Browser Report ********** 
Report File Name :  gcd.viols.rpt                                                                             Page : 26

Density violation
Actual:0   Min:1.28   Max:30  
False : No      Layer : via4(5)     Bounds (55, 10) (65, 20)

Density violation
Actual:0   Min:1.28   Max:30  
False : No      Layer : via4(5)     Bounds (55, 15) (65, 25)

Density violation
Actual:0.576   Min:1.28   Max:30  
False : No      Layer : via4(5)     Bounds (55, 20) (65, 30)

Density violation
Actual:0.64   Min:1.28   Max:30  
False : No      Layer : via4(5)     Bounds (55, 25) (65, 35)

Density violation
Actual:0.064   Min:1.28   Max:30  
False : No      Layer : via4(5)     Bounds (55, 30) (65, 40)

Density violation
Actual:0   Min:1.28   Max:30  
False : No      Layer : via4(5)     Bounds (55, 35) (65, 45)

Density violation
Actual:0   Min:1.28   Max:30  
False : No      Layer : via4(5)     Bounds (55, 40) (65, 50)

Density violation
Actual:0   Min:1.28   Max:30  
False : No      Layer : via4(5)     Bounds (55, 45) (65, 55)

Density violation
Actual:0   Min:1.28   Max:30  
False : No      Layer : via4(5)     Bounds (55, 5) (65, 15)

Density violation
Actual:0.64   Min:1.28   Max:30  
False : No      Layer : via4(5)     Bounds (55, 50) (65, 60)

Density violation
Actual:0.64   Min:1.28   Max:30  
False : No      Layer : via4(5)     Bounds (55, 55) (65, 65)

Density violation
Actual:0   Min:1.28   Max:30  
False : No      Layer : via4(5)     Bounds (55, 60) (65, 70)

Density violation
Actual:0   Min:1.28   Max:30  
False : No      Layer : via4(5)     Bounds (55, 65) (65, 75)

Density violation
Actual:0   Min:1.28   Max:30  
False : No      Layer : via4(5)     Bounds (55, 70) (65, 80)

Density violation
Actual:0.64   Min:1.28   Max:30  
False : No      Layer : via4(5)     Bounds (55, 75) (65, 85)

Density violation
Actual:0.64   Min:1.28   Max:30  
False : No      Layer : via4(5)     Bounds (55, 80) (65, 90)

Density violation
Actual:0   Min:1.28   Max:30  
False : No      Layer : via4(5)     Bounds (55, 85) (65, 95)

Density violation
Actual:0   Min:1.28   Max:30  
False : No      Layer : via4(5)     Bounds (55, 90) (65, 100)

Density violation
Actual:0   Min:1.28   Max:30  
False : No      Layer : via4(5)     Bounds (55, 95) (65, 105)

Density violation
Actual:0   Min:1.28   Max:30  
False : No      Layer : via4(5)     Bounds (55, 96.06) (65, 106.06)

Density violation
Actual:0   Min:1.28   Max:30  
False : No      Layer : via4(5)     Bounds (60, 0) (70, 10)

Density violation
Actual:0.2   Min:1.28   Max:30  
False : No      Layer : via4(5)     Bounds (60, 10) (70, 20)

*********** ENCOUNTER Violation Browser Report ********** 
Report File Name :  gcd.viols.rpt                                                                             Page : 27

Density violation
Actual:0.2   Min:1.28   Max:30  
False : No      Layer : via4(5)     Bounds (60, 15) (70, 25)

Density violation
Actual:0   Min:1.28   Max:30  
False : No      Layer : via4(5)     Bounds (60, 20) (70, 30)

Density violation
Actual:0   Min:1.28   Max:30  
False : No      Layer : via4(5)     Bounds (60, 25) (70, 35)

Density violation
Actual:0   Min:1.28   Max:30  
False : No      Layer : via4(5)     Bounds (60, 30) (70, 40)

Density violation
Actual:0.2   Min:1.28   Max:30  
False : No      Layer : via4(5)     Bounds (60, 35) (70, 45)

Density violation
Actual:0.2   Min:1.28   Max:30  
False : No      Layer : via4(5)     Bounds (60, 40) (70, 50)

Density violation
Actual:0   Min:1.28   Max:30  
False : No      Layer : via4(5)     Bounds (60, 45) (70, 55)

Density violation
Actual:0   Min:1.28   Max:30  
False : No      Layer : via4(5)     Bounds (60, 5) (70, 15)

Density violation
Actual:0   Min:1.28   Max:30  
False : No      Layer : via4(5)     Bounds (60, 50) (70, 60)

Density violation
Actual:0   Min:1.28   Max:30  
False : No      Layer : via4(5)     Bounds (60, 55) (70, 65)

Density violation
Actual:0   Min:1.28   Max:30  
False : No      Layer : via4(5)     Bounds (60, 60) (70, 70)

Density violation
Actual:0.2   Min:1.28   Max:30  
False : No      Layer : via4(5)     Bounds (60, 65) (70, 75)

Density violation
Actual:0.2   Min:1.28   Max:30  
False : No      Layer : via4(5)     Bounds (60, 70) (70, 80)

Density violation
Actual:0   Min:1.28   Max:30  
False : No      Layer : via4(5)     Bounds (60, 75) (70, 85)

Density violation
Actual:0   Min:1.28   Max:30  
False : No      Layer : via4(5)     Bounds (60, 80) (70, 90)

Density violation
Actual:0   Min:1.28   Max:30  
False : No      Layer : via4(5)     Bounds (60, 85) (70, 95)

Density violation
Actual:0.2   Min:1.28   Max:30  
False : No      Layer : via4(5)     Bounds (60, 90) (70, 100)

Density violation
Actual:0.2   Min:1.28   Max:30  
False : No      Layer : via4(5)     Bounds (60, 95) (70, 105)

Density violation
Actual:0.2   Min:1.28   Max:30  
False : No      Layer : via4(5)     Bounds (60, 96.06) (70, 106.06)

Density violation
Actual:0   Min:1.28   Max:30  
False : No      Layer : via4(5)     Bounds (65, 0) (75, 10)

Density violation
Actual:0.64   Min:1.28   Max:30  
False : No      Layer : via4(5)     Bounds (65, 10) (75, 20)

Density violation
Actual:0.64   Min:1.28   Max:30  
False : No      Layer : via4(5)     Bounds (65, 15) (75, 25)

*********** ENCOUNTER Violation Browser Report ********** 
Report File Name :  gcd.viols.rpt                                                                             Page : 28

Density violation
Actual:0   Min:1.28   Max:30  
False : No      Layer : via4(5)     Bounds (65, 20) (75, 30)

Density violation
Actual:0   Min:1.28   Max:30  
False : No      Layer : via4(5)     Bounds (65, 25) (75, 35)

Density violation
Actual:0   Min:1.28   Max:30  
False : No      Layer : via4(5)     Bounds (65, 30) (75, 40)

Density violation
Actual:0.64   Min:1.28   Max:30  
False : No      Layer : via4(5)     Bounds (65, 35) (75, 45)

Density violation
Actual:0.64   Min:1.28   Max:30  
False : No      Layer : via4(5)     Bounds (65, 40) (75, 50)

Density violation
Actual:0   Min:1.28   Max:30  
False : No      Layer : via4(5)     Bounds (65, 45) (75, 55)

Density violation
Actual:0   Min:1.28   Max:30  
False : No      Layer : via4(5)     Bounds (65, 5) (75, 15)

Density violation
Actual:0   Min:1.28   Max:30  
False : No      Layer : via4(5)     Bounds (65, 50) (75, 60)

Density violation
Actual:0   Min:1.28   Max:30  
False : No      Layer : via4(5)     Bounds (65, 55) (75, 65)

Density violation
Actual:0   Min:1.28   Max:30  
False : No      Layer : via4(5)     Bounds (65, 60) (75, 70)

Density violation
Actual:0.64   Min:1.28   Max:30  
False : No      Layer : via4(5)     Bounds (65, 65) (75, 75)

Density violation
Actual:0.64   Min:1.28   Max:30  
False : No      Layer : via4(5)     Bounds (65, 70) (75, 80)

Density violation
Actual:0   Min:1.28   Max:30  
False : No      Layer : via4(5)     Bounds (65, 75) (75, 85)

Density violation
Actual:0   Min:1.28   Max:30  
False : No      Layer : via4(5)     Bounds (65, 80) (75, 90)

Density violation
Actual:0   Min:1.28   Max:30  
False : No      Layer : via4(5)     Bounds (65, 85) (75, 95)

Density violation
Actual:0.64   Min:1.28   Max:30  
False : No      Layer : via4(5)     Bounds (65, 90) (75, 100)

Density violation
Actual:0.64   Min:1.28   Max:30  
False : No      Layer : via4(5)     Bounds (65, 95) (75, 105)

Density violation
Actual:0.64   Min:1.28   Max:30  
False : No      Layer : via4(5)     Bounds (65, 96.06) (75, 106.06)

Density violation
Actual:0   Min:1.28   Max:30  
False : No      Layer : via4(5)     Bounds (70, 0) (80, 10)

Density violation
Actual:0.44   Min:1.28   Max:30  
False : No      Layer : via4(5)     Bounds (70, 10) (80, 20)

Density violation
Actual:0.44   Min:1.28   Max:30  
False : No      Layer : via4(5)     Bounds (70, 15) (80, 25)

Density violation
Actual:0   Min:1.28   Max:30  
False : No      Layer : via4(5)     Bounds (70, 20) (80, 30)

*********** ENCOUNTER Violation Browser Report ********** 
Report File Name :  gcd.viols.rpt                                                                             Page : 29

Density violation
Actual:0   Min:1.28   Max:30  
False : No      Layer : via4(5)     Bounds (70, 25) (80, 35)

Density violation
Actual:0   Min:1.28   Max:30  
False : No      Layer : via4(5)     Bounds (70, 30) (80, 40)

Density violation
Actual:0.44   Min:1.28   Max:30  
False : No      Layer : via4(5)     Bounds (70, 35) (80, 45)

Density violation
Actual:0.44   Min:1.28   Max:30  
False : No      Layer : via4(5)     Bounds (70, 40) (80, 50)

Density violation
Actual:0   Min:1.28   Max:30  
False : No      Layer : via4(5)     Bounds (70, 45) (80, 55)

Density violation
Actual:0   Min:1.28   Max:30  
False : No      Layer : via4(5)     Bounds (70, 5) (80, 15)

Density violation
Actual:0   Min:1.28   Max:30  
False : No      Layer : via4(5)     Bounds (70, 50) (80, 60)

Density violation
Actual:0   Min:1.28   Max:30  
False : No      Layer : via4(5)     Bounds (70, 55) (80, 65)

Density violation
Actual:0   Min:1.28   Max:30  
False : No      Layer : via4(5)     Bounds (70, 60) (80, 70)

Density violation
Actual:0.44   Min:1.28   Max:30  
False : No      Layer : via4(5)     Bounds (70, 65) (80, 75)

Density violation
Actual:0.44   Min:1.28   Max:30  
False : No      Layer : via4(5)     Bounds (70, 70) (80, 80)

Density violation
Actual:0   Min:1.28   Max:30  
False : No      Layer : via4(5)     Bounds (70, 75) (80, 85)

Density violation
Actual:0   Min:1.28   Max:30  
False : No      Layer : via4(5)     Bounds (70, 80) (80, 90)

Density violation
Actual:0   Min:1.28   Max:30  
False : No      Layer : via4(5)     Bounds (70, 85) (80, 95)

Density violation
Actual:0.44   Min:1.28   Max:30  
False : No      Layer : via4(5)     Bounds (70, 90) (80, 100)

Density violation
Actual:0.44   Min:1.28   Max:30  
False : No      Layer : via4(5)     Bounds (70, 95) (80, 105)

Density violation
Actual:0.44   Min:1.28   Max:30  
False : No      Layer : via4(5)     Bounds (70, 96.06) (80, 106.06)

Density violation
Actual:0   Min:1.28   Max:30  
False : No      Layer : via4(5)     Bounds (75, 0) (85, 10)

Density violation
Actual:0   Min:1.28   Max:30  
False : No      Layer : via4(5)     Bounds (75, 10) (85, 20)

Density violation
Actual:0   Min:1.28   Max:30  
False : No      Layer : via4(5)     Bounds (75, 15) (85, 25)

Density violation
Actual:0.576   Min:1.28   Max:30  
False : No      Layer : via4(5)     Bounds (75, 20) (85, 30)

Density violation
Actual:0.64   Min:1.28   Max:30  
False : No      Layer : via4(5)     Bounds (75, 25) (85, 35)

*********** ENCOUNTER Violation Browser Report ********** 
Report File Name :  gcd.viols.rpt                                                                             Page : 30

Density violation
Actual:0.064   Min:1.28   Max:30  
False : No      Layer : via4(5)     Bounds (75, 30) (85, 40)

Density violation
Actual:0   Min:1.28   Max:30  
False : No      Layer : via4(5)     Bounds (75, 35) (85, 45)

Density violation
Actual:0   Min:1.28   Max:30  
False : No      Layer : via4(5)     Bounds (75, 40) (85, 50)

Density violation
Actual:0   Min:1.28   Max:30  
False : No      Layer : via4(5)     Bounds (75, 45) (85, 55)

Density violation
Actual:0   Min:1.28   Max:30  
False : No      Layer : via4(5)     Bounds (75, 5) (85, 15)

Density violation
Actual:0.64   Min:1.28   Max:30  
False : No      Layer : via4(5)     Bounds (75, 50) (85, 60)

Density violation
Actual:0.64   Min:1.28   Max:30  
False : No      Layer : via4(5)     Bounds (75, 55) (85, 65)

Density violation
Actual:0   Min:1.28   Max:30  
False : No      Layer : via4(5)     Bounds (75, 60) (85, 70)

Density violation
Actual:0   Min:1.28   Max:30  
False : No      Layer : via4(5)     Bounds (75, 65) (85, 75)

Density violation
Actual:0   Min:1.28   Max:30  
False : No      Layer : via4(5)     Bounds (75, 70) (85, 80)

Density violation
Actual:0.64   Min:1.28   Max:30  
False : No      Layer : via4(5)     Bounds (75, 75) (85, 85)

Density violation
Actual:0.64   Min:1.28   Max:30  
False : No      Layer : via4(5)     Bounds (75, 80) (85, 90)

Density violation
Actual:0   Min:1.28   Max:30  
False : No      Layer : via4(5)     Bounds (75, 85) (85, 95)

Density violation
Actual:0   Min:1.28   Max:30  
False : No      Layer : via4(5)     Bounds (75, 90) (85, 100)

Density violation
Actual:0   Min:1.28   Max:30  
False : No      Layer : via4(5)     Bounds (75, 95) (85, 105)

Density violation
Actual:0   Min:1.28   Max:30  
False : No      Layer : via4(5)     Bounds (75, 96.06) (85, 106.06)

Density violation
Actual:0   Min:1.28   Max:30  
False : No      Layer : via4(5)     Bounds (80, 0) (90, 10)

Density violation
Actual:0   Min:1.28   Max:30  
False : No      Layer : via4(5)     Bounds (80, 10) (90, 20)

Density violation
Actual:0   Min:1.28   Max:30  
False : No      Layer : via4(5)     Bounds (80, 15) (90, 25)

Density violation
Actual:0.576   Min:1.28   Max:30  
False : No      Layer : via4(5)     Bounds (80, 20) (90, 30)

Density violation
Actual:0.64   Min:1.28   Max:30  
False : No      Layer : via4(5)     Bounds (80, 25) (90, 35)

Density violation
Actual:0.064   Min:1.28   Max:30  
False : No      Layer : via4(5)     Bounds (80, 30) (90, 40)

*********** ENCOUNTER Violation Browser Report ********** 
Report File Name :  gcd.viols.rpt                                                                             Page : 31

Density violation
Actual:0   Min:1.28   Max:30  
False : No      Layer : via4(5)     Bounds (80, 35) (90, 45)

Density violation
Actual:0   Min:1.28   Max:30  
False : No      Layer : via4(5)     Bounds (80, 40) (90, 50)

Density violation
Actual:0   Min:1.28   Max:30  
False : No      Layer : via4(5)     Bounds (80, 45) (90, 55)

Density violation
Actual:0   Min:1.28   Max:30  
False : No      Layer : via4(5)     Bounds (80, 5) (90, 15)

Density violation
Actual:0.64   Min:1.28   Max:30  
False : No      Layer : via4(5)     Bounds (80, 50) (90, 60)

Density violation
Actual:0.64   Min:1.28   Max:30  
False : No      Layer : via4(5)     Bounds (80, 55) (90, 65)

Density violation
Actual:0   Min:1.28   Max:30  
False : No      Layer : via4(5)     Bounds (80, 60) (90, 70)

Density violation
Actual:0   Min:1.28   Max:30  
False : No      Layer : via4(5)     Bounds (80, 65) (90, 75)

Density violation
Actual:0   Min:1.28   Max:30  
False : No      Layer : via4(5)     Bounds (80, 70) (90, 80)

Density violation
Actual:0.64   Min:1.28   Max:30  
False : No      Layer : via4(5)     Bounds (80, 75) (90, 85)

Density violation
Actual:0.64   Min:1.28   Max:30  
False : No      Layer : via4(5)     Bounds (80, 80) (90, 90)

Density violation
Actual:0   Min:1.28   Max:30  
False : No      Layer : via4(5)     Bounds (80, 85) (90, 95)

Density violation
Actual:0   Min:1.28   Max:30  
False : No      Layer : via4(5)     Bounds (80, 90) (90, 100)

Density violation
Actual:0   Min:1.28   Max:30  
False : No      Layer : via4(5)     Bounds (80, 95) (90, 105)

Density violation
Actual:0   Min:1.28   Max:30  
False : No      Layer : via4(5)     Bounds (80, 96.06) (90, 106.06)

Density violation
Actual:0   Min:1.28   Max:30  
False : No      Layer : via4(5)     Bounds (85, 0) (95, 10)

Density violation
Actual:0   Min:1.28   Max:30  
False : No      Layer : via4(5)     Bounds (85, 10) (95, 20)

Density violation
Actual:0   Min:1.28   Max:30  
False : No      Layer : via4(5)     Bounds (85, 15) (95, 25)

Density violation
Actual:0   Min:1.28   Max:30  
False : No      Layer : via4(5)     Bounds (85, 20) (95, 30)

Density violation
Actual:0   Min:1.28   Max:30  
False : No      Layer : via4(5)     Bounds (85, 25) (95, 35)

Density violation
Actual:0   Min:1.28   Max:30  
False : No      Layer : via4(5)     Bounds (85, 30) (95, 40)

Density violation
Actual:0   Min:1.28   Max:30  
False : No      Layer : via4(5)     Bounds (85, 35) (95, 45)

*********** ENCOUNTER Violation Browser Report ********** 
Report File Name :  gcd.viols.rpt                                                                             Page : 32

Density violation
Actual:0   Min:1.28   Max:30  
False : No      Layer : via4(5)     Bounds (85, 40) (95, 50)

Density violation
Actual:0   Min:1.28   Max:30  
False : No      Layer : via4(5)     Bounds (85, 45) (95, 55)

Density violation
Actual:0   Min:1.28   Max:30  
False : No      Layer : via4(5)     Bounds (85, 5) (95, 15)

Density violation
Actual:0   Min:1.28   Max:30  
False : No      Layer : via4(5)     Bounds (85, 50) (95, 60)

Density violation
Actual:0   Min:1.28   Max:30  
False : No      Layer : via4(5)     Bounds (85, 55) (95, 65)

Density violation
Actual:0   Min:1.28   Max:30  
False : No      Layer : via4(5)     Bounds (85, 60) (95, 70)

Density violation
Actual:0   Min:1.28   Max:30  
False : No      Layer : via4(5)     Bounds (85, 65) (95, 75)

Density violation
Actual:0   Min:1.28   Max:30  
False : No      Layer : via4(5)     Bounds (85, 70) (95, 80)

Density violation
Actual:0   Min:1.28   Max:30  
False : No      Layer : via4(5)     Bounds (85, 75) (95, 85)

Density violation
Actual:0   Min:1.28   Max:30  
False : No      Layer : via4(5)     Bounds (85, 80) (95, 90)

Density violation
Actual:0   Min:1.28   Max:30  
False : No      Layer : via4(5)     Bounds (85, 85) (95, 95)

Density violation
Actual:0   Min:1.28   Max:30  
False : No      Layer : via4(5)     Bounds (85, 90) (95, 100)

Density violation
Actual:0   Min:1.28   Max:30  
False : No      Layer : via4(5)     Bounds (85, 95) (95, 105)

Density violation
Actual:0   Min:1.28   Max:30  
False : No      Layer : via4(5)     Bounds (85, 96.06) (95, 106.06)

Density violation
Actual:0   Min:1.28   Max:30  
False : No      Layer : via4(5)     Bounds (90, 0) (100, 10)

Density violation
Actual:0.64   Min:1.28   Max:30  
False : No      Layer : via4(5)     Bounds (90, 10) (100, 20)

Density violation
Actual:0.64   Min:1.28   Max:30  
False : No      Layer : via4(5)     Bounds (90, 15) (100, 25)

Density violation
Actual:0   Min:1.28   Max:30  
False : No      Layer : via4(5)     Bounds (90, 20) (100, 30)

Density violation
Actual:0   Min:1.28   Max:30  
False : No      Layer : via4(5)     Bounds (90, 25) (100, 35)

Density violation
Actual:0   Min:1.28   Max:30  
False : No      Layer : via4(5)     Bounds (90, 30) (100, 40)

Density violation
Actual:0.64   Min:1.28   Max:30  
False : No      Layer : via4(5)     Bounds (90, 35) (100, 45)

Density violation
Actual:0.64   Min:1.28   Max:30  
False : No      Layer : via4(5)     Bounds (90, 40) (100, 50)

*********** ENCOUNTER Violation Browser Report ********** 
Report File Name :  gcd.viols.rpt                                                                             Page : 33

Density violation
Actual:0   Min:1.28   Max:30  
False : No      Layer : via4(5)     Bounds (90, 45) (100, 55)

Density violation
Actual:0   Min:1.28   Max:30  
False : No      Layer : via4(5)     Bounds (90, 5) (100, 15)

Density violation
Actual:0   Min:1.28   Max:30  
False : No      Layer : via4(5)     Bounds (90, 50) (100, 60)

Density violation
Actual:0   Min:1.28   Max:30  
False : No      Layer : via4(5)     Bounds (90, 55) (100, 65)

Density violation
Actual:0   Min:1.28   Max:30  
False : No      Layer : via4(5)     Bounds (90, 60) (100, 70)

Density violation
Actual:0.64   Min:1.28   Max:30  
False : No      Layer : via4(5)     Bounds (90, 65) (100, 75)

Density violation
Actual:0.64   Min:1.28   Max:30  
False : No      Layer : via4(5)     Bounds (90, 70) (100, 80)

Density violation
Actual:0   Min:1.28   Max:30  
False : No      Layer : via4(5)     Bounds (90, 75) (100, 85)

Density violation
Actual:0   Min:1.28   Max:30  
False : No      Layer : via4(5)     Bounds (90, 80) (100, 90)

Density violation
Actual:0   Min:1.28   Max:30  
False : No      Layer : via4(5)     Bounds (90, 85) (100, 95)

Density violation
Actual:0.64   Min:1.28   Max:30  
False : No      Layer : via4(5)     Bounds (90, 90) (100, 100)

Density violation
Actual:0.64   Min:1.28   Max:30  
False : No      Layer : via4(5)     Bounds (90, 95) (100, 105)

Density violation
Actual:0.64   Min:1.28   Max:30  
False : No      Layer : via4(5)     Bounds (90, 96.06) (100, 106.06)

Density violation
Actual:0   Min:1.28   Max:30  
False : No      Layer : via4(5)     Bounds (95, 0) (105, 10)

Density violation
Actual:0.64   Min:1.28   Max:30  
False : No      Layer : via4(5)     Bounds (95, 10) (105, 20)

Density violation
Actual:0.64   Min:1.28   Max:30  
False : No      Layer : via4(5)     Bounds (95, 15) (105, 25)

Density violation
Actual:0   Min:1.28   Max:30  
False : No      Layer : via4(5)     Bounds (95, 20) (105, 30)

Density violation
Actual:0   Min:1.28   Max:30  
False : No      Layer : via4(5)     Bounds (95, 25) (105, 35)

Density violation
Actual:0   Min:1.28   Max:30  
False : No      Layer : via4(5)     Bounds (95, 30) (105, 40)

Density violation
Actual:0.64   Min:1.28   Max:30  
False : No      Layer : via4(5)     Bounds (95, 35) (105, 45)

Density violation
Actual:0.64   Min:1.28   Max:30  
False : No      Layer : via4(5)     Bounds (95, 40) (105, 50)

Density violation
Actual:0   Min:1.28   Max:30  
False : No      Layer : via4(5)     Bounds (95, 45) (105, 55)

*********** ENCOUNTER Violation Browser Report ********** 
Report File Name :  gcd.viols.rpt                                                                             Page : 34

Density violation
Actual:0   Min:1.28   Max:30  
False : No      Layer : via4(5)     Bounds (95, 5) (105, 15)

Density violation
Actual:0   Min:1.28   Max:30  
False : No      Layer : via4(5)     Bounds (95, 50) (105, 60)

Density violation
Actual:0   Min:1.28   Max:30  
False : No      Layer : via4(5)     Bounds (95, 55) (105, 65)

Density violation
Actual:0   Min:1.28   Max:30  
False : No      Layer : via4(5)     Bounds (95, 60) (105, 70)

Density violation
Actual:0.64   Min:1.28   Max:30  
False : No      Layer : via4(5)     Bounds (95, 65) (105, 75)

Density violation
Actual:0.64   Min:1.28   Max:30  
False : No      Layer : via4(5)     Bounds (95, 70) (105, 80)

Density violation
Actual:0   Min:1.28   Max:30  
False : No      Layer : via4(5)     Bounds (95, 75) (105, 85)

Density violation
Actual:0   Min:1.28   Max:30  
False : No      Layer : via4(5)     Bounds (95, 80) (105, 90)

Density violation
Actual:0   Min:1.28   Max:30  
False : No      Layer : via4(5)     Bounds (95, 85) (105, 95)

Density violation
Actual:0.64   Min:1.28   Max:30  
False : No      Layer : via4(5)     Bounds (95, 90) (105, 100)

Density violation
Actual:0.64   Min:1.28   Max:30  
False : No      Layer : via4(5)     Bounds (95, 95) (105, 105)

Density violation
Actual:0.64   Min:1.28   Max:30  
False : No      Layer : via4(5)     Bounds (95, 96.06) (105, 106.06)

Density violation
Actual:0   Min:1.28   Max:30  
False : No      Layer : via4(5)     Bounds (96.06, 0) (106.06, 10)

Density violation
Actual:0.64   Min:1.28   Max:30  
False : No      Layer : via4(5)     Bounds (96.06, 10) (106.06, 20)

Density violation
Actual:0.64   Min:1.28   Max:30  
False : No      Layer : via4(5)     Bounds (96.06, 15) (106.06, 25)

Density violation
Actual:0   Min:1.28   Max:30  
False : No      Layer : via4(5)     Bounds (96.06, 20) (106.06, 30)

Density violation
Actual:0   Min:1.28   Max:30  
False : No      Layer : via4(5)     Bounds (96.06, 25) (106.06, 35)

Density violation
Actual:0   Min:1.28   Max:30  
False : No      Layer : via4(5)     Bounds (96.06, 30) (106.06, 40)

Density violation
Actual:0.64   Min:1.28   Max:30  
False : No      Layer : via4(5)     Bounds (96.06, 35) (106.06, 45)

Density violation
Actual:0.64   Min:1.28   Max:30  
False : No      Layer : via4(5)     Bounds (96.06, 40) (106.06, 50)

Density violation
Actual:0   Min:1.28   Max:30  
False : No      Layer : via4(5)     Bounds (96.06, 45) (106.06, 55)

Density violation
Actual:0   Min:1.28   Max:30  
False : No      Layer : via4(5)     Bounds (96.06, 5) (106.06, 15)

*********** ENCOUNTER Violation Browser Report ********** 
Report File Name :  gcd.viols.rpt                                                                             Page : 35

Density violation
Actual:0   Min:1.28   Max:30  
False : No      Layer : via4(5)     Bounds (96.06, 50) (106.06, 60)

Density violation
Actual:0   Min:1.28   Max:30  
False : No      Layer : via4(5)     Bounds (96.06, 55) (106.06, 65)

Density violation
Actual:0   Min:1.28   Max:30  
False : No      Layer : via4(5)     Bounds (96.06, 60) (106.06, 70)

Density violation
Actual:0.64   Min:1.28   Max:30  
False : No      Layer : via4(5)     Bounds (96.06, 65) (106.06, 75)

Density violation
Actual:0.64   Min:1.28   Max:30  
False : No      Layer : via4(5)     Bounds (96.06, 70) (106.06, 80)

Density violation
Actual:0   Min:1.28   Max:30  
False : No      Layer : via4(5)     Bounds (96.06, 75) (106.06, 85)

Density violation
Actual:0   Min:1.28   Max:30  
False : No      Layer : via4(5)     Bounds (96.06, 80) (106.06, 90)

Density violation
Actual:0   Min:1.28   Max:30  
False : No      Layer : via4(5)     Bounds (96.06, 85) (106.06, 95)

Density violation
Actual:0.64   Min:1.28   Max:30  
False : No      Layer : via4(5)     Bounds (96.06, 90) (106.06, 100)

Density violation
Actual:0.64   Min:1.28   Max:30  
False : No      Layer : via4(5)     Bounds (96.06, 95) (106.06, 105)

Density violation
Actual:0.64   Min:1.28   Max:30  
False : No      Layer : via4(5)     Bounds (96.06, 96.06) (106.06, 106.06)

