###############################################################
#  Generated by:      Cadence Innovus 21.11-s130_1
#  OS:                Linux x86_64(Host ID redondo-asia-tpe-desktop-pawanekar-0)
#  Generated on:      Fri Nov  3 03:51:08 2023
#  Design:            gcd
#  Command:           violationBrowserReport
###############################################################
*********** ENCOUNTER Violation Browser Report ********** 
Report File Name :  gcd.viols.rpt                                                                             Page : 1

***************** Report Summary *****************
Num Violation Total                        664
   Verify                             664
      Connectivity              8
         Antenna (DanglingWire)  8
      Density                   656
         Density          656
*************** End Report Summary ***************

Verify - Connectivity - Antenna (DanglingWire) Violations ( 8 ) 

Net VDD
False : No      Layer : metal4(4)     Bounds (4.09, 2.715) (4.09, 2.715)

Net VDD
False : No      Layer : metal4(4)     Bounds (4.09, 53.285) (4.09, 53.285)

Net VDD
False : No      Layer : metal7(7)     Bounds (2.09, 4.715) (2.09, 4.715)

Net VDD
False : No      Layer : metal7(7)     Bounds (2.09, 44.715) (2.09, 44.715)

Net VDD
False : No      Layer : metal7(7)     Bounds (53.96, 4.715) (53.96, 4.715)

Net VDD
False : No      Layer : metal7(7)     Bounds (53.96, 44.715) (53.96, 44.715)

Net VSS
False : No      Layer : metal7(7)     Bounds (2.09, 24.715) (2.09, 24.715)

Net VSS
False : No      Layer : metal7(7)     Bounds (53.96, 24.715) (53.96, 24.715)

Verify - Density - Density Violations ( 656 ) 

Density violation
Actual:0   Min:0.0098   Max:30  
False : No      Layer : via1(1)     Bounds (10, 0) (20, 10)

Density violation
Actual:0.0049   Min:0.0098   Max:30  
False : No      Layer : via1(1)     Bounds (45, 46.065) (55, 56.065)

Density violation
Actual:0.00805   Min:0.0098   Max:30  
False : No      Layer : via1(1)     Bounds (46.065, 45) (56.065, 55)

Density violation
Actual:0   Min:0.0098   Max:30  
False : No      Layer : via1(1)     Bounds (46.065, 46.065) (56.065, 56.065)

*********** ENCOUNTER Violation Browser Report ********** 
Report File Name :  gcd.viols.rpt                                                                             Page : 2

Density violation
Actual:0   Min:0.0098   Max:30  
False : No      Layer : via1(1)     Bounds (5, 10) (15, 20)

Density violation
Actual:0   Min:0.0098   Max:30  
False : No      Layer : via1(1)     Bounds (5, 25) (15, 35)

Density violation
Actual:0   Min:0.0098   Max:30  
False : No      Layer : via1(1)     Bounds (5, 40) (15, 50)

Density violation
Actual:0   Min:0.0098   Max:30  
False : No      Layer : via1(1)     Bounds (5, 45) (15, 55)

Density violation
Actual:0   Min:0.0098   Max:30  
False : No      Layer : via1(1)     Bounds (5, 46.065) (15, 56.065)

Density violation
Actual:0.0007   Min:0.0098   Max:30  
False : No      Layer : via1(1)     Bounds (5, 5) (15, 15)

Density violation
Actual:0   Min:0.0098   Max:30  
False : No      Layer : via2(2)     Bounds (10, 0) (20, 10)

Density violation
Actual:0   Min:0.0098   Max:30  
False : No      Layer : via2(2)     Bounds (45, 46.065) (55, 56.065)

Density violation
Actual:0.00805   Min:0.0098   Max:30  
False : No      Layer : via2(2)     Bounds (46.065, 45) (56.065, 55)

Density violation
Actual:0   Min:0.0098   Max:30  
False : No      Layer : via2(2)     Bounds (46.065, 46.065) (56.065, 56.065)

Density violation
Actual:0.0049   Min:0.0098   Max:30  
False : No      Layer : via2(2)     Bounds (5, 0) (15, 10)

Density violation
Actual:0.0049   Min:0.0098   Max:30  
False : No      Layer : via2(2)     Bounds (5, 25) (15, 35)

Density violation
Actual:0.0049   Min:0.0098   Max:30  
False : No      Layer : via2(2)     Bounds (5, 30) (15, 40)

Density violation
Actual:0   Min:0.0098   Max:30  
False : No      Layer : via2(2)     Bounds (5, 35) (15, 45)

Density violation
Actual:0   Min:0.0098   Max:30  
False : No      Layer : via2(2)     Bounds (5, 40) (15, 50)

Density violation
Actual:0   Min:0.0098   Max:30  
False : No      Layer : via2(2)     Bounds (5, 45) (15, 55)

Density violation
Actual:0   Min:0.0098   Max:30  
False : No      Layer : via2(2)     Bounds (5, 46.065) (15, 56.065)

Density violation
Actual:0   Min:0.0098   Max:30  
False : No      Layer : via2(2)     Bounds (5, 5) (15, 15)

Density violation
Actual:0   Min:0.0098   Max:30  
False : No      Layer : via3(3)     Bounds (10, 0) (20, 10)

Density violation
Actual:0.0049   Min:0.0098   Max:30  
False : No      Layer : via3(3)     Bounds (10, 10) (20, 20)

Density violation
Actual:0   Min:0.0098   Max:30  
False : No      Layer : via3(3)     Bounds (10, 45) (20, 55)

Density violation
Actual:0   Min:0.0098   Max:30  
False : No      Layer : via3(3)     Bounds (10, 46.065) (20, 56.065)

*********** ENCOUNTER Violation Browser Report ********** 
Report File Name :  gcd.viols.rpt                                                                             Page : 3

Density violation
Actual:0   Min:0.0098   Max:30  
False : No      Layer : via3(3)     Bounds (10, 5) (20, 15)

Density violation
Actual:0.0049   Min:0.0098   Max:30  
False : No      Layer : via3(3)     Bounds (40, 45) (50, 55)

Density violation
Actual:0.0049   Min:0.0098   Max:30  
False : No      Layer : via3(3)     Bounds (40, 46.065) (50, 56.065)

Density violation
Actual:0   Min:0.0098   Max:30  
False : No      Layer : via3(3)     Bounds (45, 45) (55, 55)

Density violation
Actual:0   Min:0.0098   Max:30  
False : No      Layer : via3(3)     Bounds (45, 46.065) (55, 56.065)

Density violation
Actual:0   Min:0.0098   Max:30  
False : No      Layer : via3(3)     Bounds (46.065, 45) (56.065, 55)

Density violation
Actual:0   Min:0.0098   Max:30  
False : No      Layer : via3(3)     Bounds (46.065, 46.065) (56.065, 56.065)

Density violation
Actual:0   Min:0.0098   Max:30  
False : No      Layer : via3(3)     Bounds (5, 0) (15, 10)

Density violation
Actual:0   Min:0.0098   Max:30  
False : No      Layer : via3(3)     Bounds (5, 10) (15, 20)

Density violation
Actual:0   Min:0.0098   Max:30  
False : No      Layer : via3(3)     Bounds (5, 15) (15, 25)

Density violation
Actual:0   Min:0.0098   Max:30  
False : No      Layer : via3(3)     Bounds (5, 20) (15, 30)

Density violation
Actual:0   Min:0.0098   Max:30  
False : No      Layer : via3(3)     Bounds (5, 25) (15, 35)

Density violation
Actual:0   Min:0.0098   Max:30  
False : No      Layer : via3(3)     Bounds (5, 30) (15, 40)

Density violation
Actual:0   Min:0.0098   Max:30  
False : No      Layer : via3(3)     Bounds (5, 35) (15, 45)

Density violation
Actual:0   Min:0.0098   Max:30  
False : No      Layer : via3(3)     Bounds (5, 40) (15, 50)

Density violation
Actual:0   Min:0.0098   Max:30  
False : No      Layer : via3(3)     Bounds (5, 45) (15, 55)

Density violation
Actual:0   Min:0.0098   Max:30  
False : No      Layer : via3(3)     Bounds (5, 46.065) (15, 56.065)

Density violation
Actual:0   Min:0.0098   Max:30  
False : No      Layer : via3(3)     Bounds (5, 5) (15, 15)

Density violation
Actual:0   Min:0.0392   Max:30  
False : No      Layer : via4(4)     Bounds (0, 10) (10, 20)

Density violation
Actual:0   Min:0.0392   Max:30  
False : No      Layer : via4(4)     Bounds (0, 15) (10, 25)

Density violation
Actual:0   Min:0.0392   Max:30  
False : No      Layer : via4(4)     Bounds (0, 20) (10, 30)

Density violation
Actual:0   Min:0.0392   Max:30  
False : No      Layer : via4(4)     Bounds (0, 25) (10, 35)

*********** ENCOUNTER Violation Browser Report ********** 
Report File Name :  gcd.viols.rpt                                                                             Page : 4

Density violation
Actual:0   Min:0.0392   Max:30  
False : No      Layer : via4(4)     Bounds (0, 30) (10, 40)

Density violation
Actual:0   Min:0.0392   Max:30  
False : No      Layer : via4(4)     Bounds (0, 46.065) (10, 56.065)

Density violation
Actual:0   Min:0.0392   Max:30  
False : No      Layer : via4(4)     Bounds (10, 0) (20, 10)

Density violation
Actual:0   Min:0.0392   Max:30  
False : No      Layer : via4(4)     Bounds (10, 10) (20, 20)

Density violation
Actual:0.0196   Min:0.0392   Max:30  
False : No      Layer : via4(4)     Bounds (10, 15) (20, 25)

Density violation
Actual:0.0196   Min:0.0392   Max:30  
False : No      Layer : via4(4)     Bounds (10, 30) (20, 40)

Density violation
Actual:0.0196   Min:0.0392   Max:30  
False : No      Layer : via4(4)     Bounds (10, 35) (20, 45)

Density violation
Actual:0.0196   Min:0.0392   Max:30  
False : No      Layer : via4(4)     Bounds (10, 40) (20, 50)

Density violation
Actual:0   Min:0.0392   Max:30  
False : No      Layer : via4(4)     Bounds (10, 45) (20, 55)

Density violation
Actual:0   Min:0.0392   Max:30  
False : No      Layer : via4(4)     Bounds (10, 46.065) (20, 56.065)

Density violation
Actual:0   Min:0.0392   Max:30  
False : No      Layer : via4(4)     Bounds (10, 5) (20, 15)

Density violation
Actual:0   Min:0.0392   Max:30  
False : No      Layer : via4(4)     Bounds (15, 0) (25, 10)

Density violation
Actual:0.0196   Min:0.0392   Max:30  
False : No      Layer : via4(4)     Bounds (15, 30) (25, 40)

Density violation
Actual:0   Min:0.0392   Max:30  
False : No      Layer : via4(4)     Bounds (15, 45) (25, 55)

Density violation
Actual:0   Min:0.0392   Max:30  
False : No      Layer : via4(4)     Bounds (15, 46.065) (25, 56.065)

Density violation
Actual:0.0077   Min:0.0392   Max:30  
False : No      Layer : via4(4)     Bounds (15, 5) (25, 15)

Density violation
Actual:0   Min:0.0392   Max:30  
False : No      Layer : via4(4)     Bounds (20, 0) (30, 10)

Density violation
Actual:0   Min:0.0392   Max:30  
False : No      Layer : via4(4)     Bounds (20, 45) (30, 55)

Density violation
Actual:0   Min:0.0392   Max:30  
False : No      Layer : via4(4)     Bounds (20, 46.065) (30, 56.065)

Density violation
Actual:0.0196   Min:0.0392   Max:30  
False : No      Layer : via4(4)     Bounds (20, 5) (30, 15)

Density violation
Actual:0   Min:0.0392   Max:30  
False : No      Layer : via4(4)     Bounds (25, 0) (35, 10)

Density violation
Actual:0   Min:0.0392   Max:30  
False : No      Layer : via4(4)     Bounds (25, 45) (35, 55)

*********** ENCOUNTER Violation Browser Report ********** 
Report File Name :  gcd.viols.rpt                                                                             Page : 5

Density violation
Actual:0   Min:0.0392   Max:30  
False : No      Layer : via4(4)     Bounds (25, 46.065) (35, 56.065)

Density violation
Actual:0   Min:0.0392   Max:30  
False : No      Layer : via4(4)     Bounds (30, 0) (40, 10)

Density violation
Actual:0.0196   Min:0.0392   Max:30  
False : No      Layer : via4(4)     Bounds (30, 45) (40, 55)

Density violation
Actual:0.0196   Min:0.0392   Max:30  
False : No      Layer : via4(4)     Bounds (30, 46.065) (40, 56.065)

Density violation
Actual:0.0196   Min:0.0392   Max:30  
False : No      Layer : via4(4)     Bounds (35, 0) (45, 10)

Density violation
Actual:0.0196   Min:0.0392   Max:30  
False : No      Layer : via4(4)     Bounds (40, 45) (50, 55)

Density violation
Actual:0.0196   Min:0.0392   Max:30  
False : No      Layer : via4(4)     Bounds (40, 46.065) (50, 56.065)

Density violation
Actual:0.0196   Min:0.0392   Max:30  
False : No      Layer : via4(4)     Bounds (45, 0) (55, 10)

Density violation
Actual:0   Min:0.0392   Max:30  
False : No      Layer : via4(4)     Bounds (45, 40) (55, 50)

Density violation
Actual:0   Min:0.0392   Max:30  
False : No      Layer : via4(4)     Bounds (45, 45) (55, 55)

Density violation
Actual:0   Min:0.0392   Max:30  
False : No      Layer : via4(4)     Bounds (45, 46.065) (55, 56.065)

Density violation
Actual:0.0196   Min:0.0392   Max:30  
False : No      Layer : via4(4)     Bounds (46.065, 0) (56.065, 10)

Density violation
Actual:0   Min:0.0392   Max:30  
False : No      Layer : via4(4)     Bounds (46.065, 40) (56.065, 50)

Density violation
Actual:0   Min:0.0392   Max:30  
False : No      Layer : via4(4)     Bounds (46.065, 45) (56.065, 55)

Density violation
Actual:0   Min:0.0392   Max:30  
False : No      Layer : via4(4)     Bounds (46.065, 46.065) (56.065, 56.065)

Density violation
Actual:0   Min:0.0392   Max:30  
False : No      Layer : via4(4)     Bounds (5, 0) (15, 10)

Density violation
Actual:0   Min:0.0392   Max:30  
False : No      Layer : via4(4)     Bounds (5, 10) (15, 20)

Density violation
Actual:0   Min:0.0392   Max:30  
False : No      Layer : via4(4)     Bounds (5, 15) (15, 25)

Density violation
Actual:0   Min:0.0392   Max:30  
False : No      Layer : via4(4)     Bounds (5, 20) (15, 30)

Density violation
Actual:0   Min:0.0392   Max:30  
False : No      Layer : via4(4)     Bounds (5, 25) (15, 35)

Density violation
Actual:0   Min:0.0392   Max:30  
False : No      Layer : via4(4)     Bounds (5, 30) (15, 40)

Density violation
Actual:0   Min:0.0392   Max:30  
False : No      Layer : via4(4)     Bounds (5, 35) (15, 45)

*********** ENCOUNTER Violation Browser Report ********** 
Report File Name :  gcd.viols.rpt                                                                             Page : 6

Density violation
Actual:0   Min:0.0392   Max:30  
False : No      Layer : via4(4)     Bounds (5, 40) (15, 50)

Density violation
Actual:0   Min:0.0392   Max:30  
False : No      Layer : via4(4)     Bounds (5, 45) (15, 55)

Density violation
Actual:0   Min:0.0392   Max:30  
False : No      Layer : via4(4)     Bounds (5, 46.065) (15, 56.065)

Density violation
Actual:0   Min:0.0392   Max:30  
False : No      Layer : via4(4)     Bounds (5, 5) (15, 15)

Density violation
Actual:0   Min:0.0392   Max:30  
False : No      Layer : via5(5)     Bounds (0, 10) (10, 20)

Density violation
Actual:0   Min:0.0392   Max:30  
False : No      Layer : via5(5)     Bounds (0, 15) (10, 25)

Density violation
Actual:0   Min:0.0392   Max:30  
False : No      Layer : via5(5)     Bounds (0, 20) (10, 30)

Density violation
Actual:0   Min:0.0392   Max:30  
False : No      Layer : via5(5)     Bounds (0, 25) (10, 35)

Density violation
Actual:0   Min:0.0392   Max:30  
False : No      Layer : via5(5)     Bounds (0, 30) (10, 40)

Density violation
Actual:0   Min:0.0392   Max:30  
False : No      Layer : via5(5)     Bounds (0, 46.065) (10, 56.065)

Density violation
Actual:0   Min:0.0392   Max:30  
False : No      Layer : via5(5)     Bounds (10, 0) (20, 10)

Density violation
Actual:0   Min:0.0392   Max:30  
False : No      Layer : via5(5)     Bounds (10, 10) (20, 20)

Density violation
Actual:0   Min:0.0392   Max:30  
False : No      Layer : via5(5)     Bounds (10, 15) (20, 25)

Density violation
Actual:0   Min:0.0392   Max:30  
False : No      Layer : via5(5)     Bounds (10, 20) (20, 30)

Density violation
Actual:0   Min:0.0392   Max:30  
False : No      Layer : via5(5)     Bounds (10, 25) (20, 35)

Density violation
Actual:0   Min:0.0392   Max:30  
False : No      Layer : via5(5)     Bounds (10, 30) (20, 40)

Density violation
Actual:0   Min:0.0392   Max:30  
False : No      Layer : via5(5)     Bounds (10, 35) (20, 45)

Density violation
Actual:0   Min:0.0392   Max:30  
False : No      Layer : via5(5)     Bounds (10, 40) (20, 50)

Density violation
Actual:0   Min:0.0392   Max:30  
False : No      Layer : via5(5)     Bounds (10, 45) (20, 55)

Density violation
Actual:0   Min:0.0392   Max:30  
False : No      Layer : via5(5)     Bounds (10, 46.065) (20, 56.065)

Density violation
Actual:0   Min:0.0392   Max:30  
False : No      Layer : via5(5)     Bounds (10, 5) (20, 15)

Density violation
Actual:0   Min:0.0392   Max:30  
False : No      Layer : via5(5)     Bounds (15, 0) (25, 10)

*********** ENCOUNTER Violation Browser Report ********** 
Report File Name :  gcd.viols.rpt                                                                             Page : 7

Density violation
Actual:0   Min:0.0392   Max:30  
False : No      Layer : via5(5)     Bounds (15, 10) (25, 20)

Density violation
Actual:0   Min:0.0392   Max:30  
False : No      Layer : via5(5)     Bounds (15, 15) (25, 25)

Density violation
Actual:0   Min:0.0392   Max:30  
False : No      Layer : via5(5)     Bounds (15, 20) (25, 30)

Density violation
Actual:0   Min:0.0392   Max:30  
False : No      Layer : via5(5)     Bounds (15, 25) (25, 35)

Density violation
Actual:0   Min:0.0392   Max:30  
False : No      Layer : via5(5)     Bounds (15, 30) (25, 40)

Density violation
Actual:0   Min:0.0392   Max:30  
False : No      Layer : via5(5)     Bounds (15, 35) (25, 45)

Density violation
Actual:0   Min:0.0392   Max:30  
False : No      Layer : via5(5)     Bounds (15, 40) (25, 50)

Density violation
Actual:0   Min:0.0392   Max:30  
False : No      Layer : via5(5)     Bounds (15, 45) (25, 55)

Density violation
Actual:0   Min:0.0392   Max:30  
False : No      Layer : via5(5)     Bounds (15, 46.065) (25, 56.065)

Density violation
Actual:0   Min:0.0392   Max:30  
False : No      Layer : via5(5)     Bounds (15, 5) (25, 15)

Density violation
Actual:0   Min:0.0392   Max:30  
False : No      Layer : via5(5)     Bounds (20, 0) (30, 10)

Density violation
Actual:0   Min:0.0392   Max:30  
False : No      Layer : via5(5)     Bounds (20, 10) (30, 20)

Density violation
Actual:0   Min:0.0392   Max:30  
False : No      Layer : via5(5)     Bounds (20, 15) (30, 25)

Density violation
Actual:0   Min:0.0392   Max:30  
False : No      Layer : via5(5)     Bounds (20, 20) (30, 30)

Density violation
Actual:0   Min:0.0392   Max:30  
False : No      Layer : via5(5)     Bounds (20, 25) (30, 35)

Density violation
Actual:0   Min:0.0392   Max:30  
False : No      Layer : via5(5)     Bounds (20, 30) (30, 40)

Density violation
Actual:0   Min:0.0392   Max:30  
False : No      Layer : via5(5)     Bounds (20, 35) (30, 45)

Density violation
Actual:0   Min:0.0392   Max:30  
False : No      Layer : via5(5)     Bounds (20, 40) (30, 50)

Density violation
Actual:0   Min:0.0392   Max:30  
False : No      Layer : via5(5)     Bounds (20, 45) (30, 55)

Density violation
Actual:0   Min:0.0392   Max:30  
False : No      Layer : via5(5)     Bounds (20, 46.065) (30, 56.065)

Density violation
Actual:0   Min:0.0392   Max:30  
False : No      Layer : via5(5)     Bounds (20, 5) (30, 15)

Density violation
Actual:0.0196   Min:0.0392   Max:30  
False : No      Layer : via5(5)     Bounds (25, 0) (35, 10)

*********** ENCOUNTER Violation Browser Report ********** 
Report File Name :  gcd.viols.rpt                                                                             Page : 8

Density violation
Actual:0   Min:0.0392   Max:30  
False : No      Layer : via5(5)     Bounds (25, 10) (35, 20)

Density violation
Actual:0   Min:0.0392   Max:30  
False : No      Layer : via5(5)     Bounds (25, 45) (35, 55)

Density violation
Actual:0   Min:0.0392   Max:30  
False : No      Layer : via5(5)     Bounds (25, 46.065) (35, 56.065)

Density violation
Actual:0.0196   Min:0.0392   Max:30  
False : No      Layer : via5(5)     Bounds (25, 5) (35, 15)

Density violation
Actual:0.0196   Min:0.0392   Max:30  
False : No      Layer : via5(5)     Bounds (30, 0) (40, 10)

Density violation
Actual:0.0196   Min:0.0392   Max:30  
False : No      Layer : via5(5)     Bounds (30, 10) (40, 20)

Density violation
Actual:0.0196   Min:0.0392   Max:30  
False : No      Layer : via5(5)     Bounds (30, 45) (40, 55)

Density violation
Actual:0.0196   Min:0.0392   Max:30  
False : No      Layer : via5(5)     Bounds (30, 46.065) (40, 56.065)

Density violation
Actual:0.0196   Min:0.0392   Max:30  
False : No      Layer : via5(5)     Bounds (30, 5) (40, 15)

Density violation
Actual:0.0196   Min:0.0392   Max:30  
False : No      Layer : via5(5)     Bounds (35, 0) (45, 10)

Density violation
Actual:0.0196   Min:0.0392   Max:30  
False : No      Layer : via5(5)     Bounds (35, 25) (45, 35)

Density violation
Actual:0.0196   Min:0.0392   Max:30  
False : No      Layer : via5(5)     Bounds (40, 0) (50, 10)

Density violation
Actual:0.0196   Min:0.0392   Max:30  
False : No      Layer : via5(5)     Bounds (40, 15) (50, 25)

Density violation
Actual:0.0196   Min:0.0392   Max:30  
False : No      Layer : via5(5)     Bounds (40, 30) (50, 40)

Density violation
Actual:0.0196   Min:0.0392   Max:30  
False : No      Layer : via5(5)     Bounds (40, 35) (50, 45)

Density violation
Actual:0.0196   Min:0.0392   Max:30  
False : No      Layer : via5(5)     Bounds (40, 40) (50, 50)

Density violation
Actual:0.0196   Min:0.0392   Max:30  
False : No      Layer : via5(5)     Bounds (40, 45) (50, 55)

Density violation
Actual:0.0196   Min:0.0392   Max:30  
False : No      Layer : via5(5)     Bounds (40, 46.065) (50, 56.065)

Density violation
Actual:0   Min:0.0392   Max:30  
False : No      Layer : via5(5)     Bounds (45, 0) (55, 10)

Density violation
Actual:0.0196   Min:0.0392   Max:30  
False : No      Layer : via5(5)     Bounds (45, 30) (55, 40)

Density violation
Actual:0   Min:0.0392   Max:30  
False : No      Layer : via5(5)     Bounds (45, 35) (55, 45)

Density violation
Actual:0   Min:0.0392   Max:30  
False : No      Layer : via5(5)     Bounds (45, 40) (55, 50)

*********** ENCOUNTER Violation Browser Report ********** 
Report File Name :  gcd.viols.rpt                                                                             Page : 9

Density violation
Actual:0   Min:0.0392   Max:30  
False : No      Layer : via5(5)     Bounds (45, 45) (55, 55)

Density violation
Actual:0   Min:0.0392   Max:30  
False : No      Layer : via5(5)     Bounds (45, 46.065) (55, 56.065)

Density violation
Actual:0.0196   Min:0.0392   Max:30  
False : No      Layer : via5(5)     Bounds (45, 5) (55, 15)

Density violation
Actual:0   Min:0.0392   Max:30  
False : No      Layer : via5(5)     Bounds (46.065, 0) (56.065, 10)

Density violation
Actual:0.0196   Min:0.0392   Max:30  
False : No      Layer : via5(5)     Bounds (46.065, 30) (56.065, 40)

Density violation
Actual:0   Min:0.0392   Max:30  
False : No      Layer : via5(5)     Bounds (46.065, 35) (56.065, 45)

Density violation
Actual:0   Min:0.0392   Max:30  
False : No      Layer : via5(5)     Bounds (46.065, 40) (56.065, 50)

Density violation
Actual:0   Min:0.0392   Max:30  
False : No      Layer : via5(5)     Bounds (46.065, 45) (56.065, 55)

Density violation
Actual:0   Min:0.0392   Max:30  
False : No      Layer : via5(5)     Bounds (46.065, 46.065) (56.065, 56.065)

Density violation
Actual:0.0196   Min:0.0392   Max:30  
False : No      Layer : via5(5)     Bounds (46.065, 5) (56.065, 15)

Density violation
Actual:0   Min:0.0392   Max:30  
False : No      Layer : via5(5)     Bounds (5, 0) (15, 10)

Density violation
Actual:0   Min:0.0392   Max:30  
False : No      Layer : via5(5)     Bounds (5, 10) (15, 20)

Density violation
Actual:0   Min:0.0392   Max:30  
False : No      Layer : via5(5)     Bounds (5, 15) (15, 25)

Density violation
Actual:0   Min:0.0392   Max:30  
False : No      Layer : via5(5)     Bounds (5, 20) (15, 30)

Density violation
Actual:0   Min:0.0392   Max:30  
False : No      Layer : via5(5)     Bounds (5, 25) (15, 35)

Density violation
Actual:0   Min:0.0392   Max:30  
False : No      Layer : via5(5)     Bounds (5, 30) (15, 40)

Density violation
Actual:0   Min:0.0392   Max:30  
False : No      Layer : via5(5)     Bounds (5, 35) (15, 45)

Density violation
Actual:0   Min:0.0392   Max:30  
False : No      Layer : via5(5)     Bounds (5, 40) (15, 50)

Density violation
Actual:0   Min:0.0392   Max:30  
False : No      Layer : via5(5)     Bounds (5, 45) (15, 55)

Density violation
Actual:0   Min:0.0392   Max:30  
False : No      Layer : via5(5)     Bounds (5, 46.065) (15, 56.065)

Density violation
Actual:0   Min:0.0392   Max:30  
False : No      Layer : via5(5)     Bounds (5, 5) (15, 15)

Density violation
Actual:0   Min:0.0392   Max:30  
False : No      Layer : via6(6)     Bounds (0, 10) (10, 20)

*********** ENCOUNTER Violation Browser Report ********** 
Report File Name :  gcd.viols.rpt                                                                             Page : 10

Density violation
Actual:0   Min:0.0392   Max:30  
False : No      Layer : via6(6)     Bounds (0, 15) (10, 25)

Density violation
Actual:0   Min:0.0392   Max:30  
False : No      Layer : via6(6)     Bounds (0, 20) (10, 30)

Density violation
Actual:0   Min:0.0392   Max:30  
False : No      Layer : via6(6)     Bounds (0, 25) (10, 35)

Density violation
Actual:0   Min:0.0392   Max:30  
False : No      Layer : via6(6)     Bounds (0, 30) (10, 40)

Density violation
Actual:0.0315   Min:0.0392   Max:30  
False : No      Layer : via6(6)     Bounds (0, 45) (10, 55)

Density violation
Actual:0   Min:0.0392   Max:30  
False : No      Layer : via6(6)     Bounds (0, 46.065) (10, 56.065)

Density violation
Actual:0.0315   Min:0.0392   Max:30  
False : No      Layer : via6(6)     Bounds (0, 5) (10, 15)

Density violation
Actual:0   Min:0.0392   Max:30  
False : No      Layer : via6(6)     Bounds (10, 0) (20, 10)

Density violation
Actual:0   Min:0.0392   Max:30  
False : No      Layer : via6(6)     Bounds (10, 10) (20, 20)

Density violation
Actual:0   Min:0.0392   Max:30  
False : No      Layer : via6(6)     Bounds (10, 15) (20, 25)

Density violation
Actual:0   Min:0.0392   Max:30  
False : No      Layer : via6(6)     Bounds (10, 20) (20, 30)

Density violation
Actual:0   Min:0.0392   Max:30  
False : No      Layer : via6(6)     Bounds (10, 25) (20, 35)

Density violation
Actual:0   Min:0.0392   Max:30  
False : No      Layer : via6(6)     Bounds (10, 30) (20, 40)

Density violation
Actual:0   Min:0.0392   Max:30  
False : No      Layer : via6(6)     Bounds (10, 35) (20, 45)

Density violation
Actual:0   Min:0.0392   Max:30  
False : No      Layer : via6(6)     Bounds (10, 40) (20, 50)

Density violation
Actual:0   Min:0.0392   Max:30  
False : No      Layer : via6(6)     Bounds (10, 45) (20, 55)

Density violation
Actual:0   Min:0.0392   Max:30  
False : No      Layer : via6(6)     Bounds (10, 46.065) (20, 56.065)

Density violation
Actual:0   Min:0.0392   Max:30  
False : No      Layer : via6(6)     Bounds (10, 5) (20, 15)

Density violation
Actual:0   Min:0.0392   Max:30  
False : No      Layer : via6(6)     Bounds (15, 0) (25, 10)

Density violation
Actual:0   Min:0.0392   Max:30  
False : No      Layer : via6(6)     Bounds (15, 10) (25, 20)

Density violation
Actual:0   Min:0.0392   Max:30  
False : No      Layer : via6(6)     Bounds (15, 15) (25, 25)

Density violation
Actual:0   Min:0.0392   Max:30  
False : No      Layer : via6(6)     Bounds (15, 20) (25, 30)

*********** ENCOUNTER Violation Browser Report ********** 
Report File Name :  gcd.viols.rpt                                                                             Page : 11

Density violation
Actual:0   Min:0.0392   Max:30  
False : No      Layer : via6(6)     Bounds (15, 25) (25, 35)

Density violation
Actual:0   Min:0.0392   Max:30  
False : No      Layer : via6(6)     Bounds (15, 30) (25, 40)

Density violation
Actual:0   Min:0.0392   Max:30  
False : No      Layer : via6(6)     Bounds (15, 35) (25, 45)

Density violation
Actual:0   Min:0.0392   Max:30  
False : No      Layer : via6(6)     Bounds (15, 40) (25, 50)

Density violation
Actual:0   Min:0.0392   Max:30  
False : No      Layer : via6(6)     Bounds (15, 45) (25, 55)

Density violation
Actual:0   Min:0.0392   Max:30  
False : No      Layer : via6(6)     Bounds (15, 46.065) (25, 56.065)

Density violation
Actual:0   Min:0.0392   Max:30  
False : No      Layer : via6(6)     Bounds (15, 5) (25, 15)

Density violation
Actual:0   Min:0.0392   Max:30  
False : No      Layer : via6(6)     Bounds (20, 0) (30, 10)

Density violation
Actual:0   Min:0.0392   Max:30  
False : No      Layer : via6(6)     Bounds (20, 10) (30, 20)

Density violation
Actual:0   Min:0.0392   Max:30  
False : No      Layer : via6(6)     Bounds (20, 15) (30, 25)

Density violation
Actual:0   Min:0.0392   Max:30  
False : No      Layer : via6(6)     Bounds (20, 20) (30, 30)

Density violation
Actual:0   Min:0.0392   Max:30  
False : No      Layer : via6(6)     Bounds (20, 25) (30, 35)

Density violation
Actual:0   Min:0.0392   Max:30  
False : No      Layer : via6(6)     Bounds (20, 30) (30, 40)

Density violation
Actual:0   Min:0.0392   Max:30  
False : No      Layer : via6(6)     Bounds (20, 35) (30, 45)

Density violation
Actual:0   Min:0.0392   Max:30  
False : No      Layer : via6(6)     Bounds (20, 40) (30, 50)

Density violation
Actual:0   Min:0.0392   Max:30  
False : No      Layer : via6(6)     Bounds (20, 45) (30, 55)

Density violation
Actual:0   Min:0.0392   Max:30  
False : No      Layer : via6(6)     Bounds (20, 46.065) (30, 56.065)

Density violation
Actual:0   Min:0.0392   Max:30  
False : No      Layer : via6(6)     Bounds (20, 5) (30, 15)

Density violation
Actual:0   Min:0.0392   Max:30  
False : No      Layer : via6(6)     Bounds (25, 0) (35, 10)

Density violation
Actual:0   Min:0.0392   Max:30  
False : No      Layer : via6(6)     Bounds (25, 10) (35, 20)

Density violation
Actual:0.0315   Min:0.0392   Max:30  
False : No      Layer : via6(6)     Bounds (25, 25) (35, 35)

Density violation
Actual:0   Min:0.0392   Max:30  
False : No      Layer : via6(6)     Bounds (25, 30) (35, 40)

*********** ENCOUNTER Violation Browser Report ********** 
Report File Name :  gcd.viols.rpt                                                                             Page : 12

Density violation
Actual:0   Min:0.0392   Max:30  
False : No      Layer : via6(6)     Bounds (25, 35) (35, 45)

Density violation
Actual:0   Min:0.0392   Max:30  
False : No      Layer : via6(6)     Bounds (25, 40) (35, 50)

Density violation
Actual:0   Min:0.0392   Max:30  
False : No      Layer : via6(6)     Bounds (25, 45) (35, 55)

Density violation
Actual:0   Min:0.0392   Max:30  
False : No      Layer : via6(6)     Bounds (25, 46.065) (35, 56.065)

Density violation
Actual:0   Min:0.0392   Max:30  
False : No      Layer : via6(6)     Bounds (25, 5) (35, 15)

Density violation
Actual:0   Min:0.0392   Max:30  
False : No      Layer : via6(6)     Bounds (30, 0) (40, 10)

Density violation
Actual:0   Min:0.0392   Max:30  
False : No      Layer : via6(6)     Bounds (30, 10) (40, 20)

Density violation
Actual:0.0315   Min:0.0392   Max:30  
False : No      Layer : via6(6)     Bounds (30, 25) (40, 35)

Density violation
Actual:0   Min:0.0392   Max:30  
False : No      Layer : via6(6)     Bounds (30, 30) (40, 40)

Density violation
Actual:0   Min:0.0392   Max:30  
False : No      Layer : via6(6)     Bounds (30, 35) (40, 45)

Density violation
Actual:0   Min:0.0392   Max:30  
False : No      Layer : via6(6)     Bounds (30, 40) (40, 50)

Density violation
Actual:0   Min:0.0392   Max:30  
False : No      Layer : via6(6)     Bounds (30, 45) (40, 55)

Density violation
Actual:0   Min:0.0392   Max:30  
False : No      Layer : via6(6)     Bounds (30, 46.065) (40, 56.065)

Density violation
Actual:0   Min:0.0392   Max:30  
False : No      Layer : via6(6)     Bounds (30, 5) (40, 15)

Density violation
Actual:0   Min:0.0392   Max:30  
False : No      Layer : via6(6)     Bounds (35, 0) (45, 10)

Density violation
Actual:0   Min:0.0392   Max:30  
False : No      Layer : via6(6)     Bounds (35, 10) (45, 20)

Density violation
Actual:0   Min:0.0392   Max:30  
False : No      Layer : via6(6)     Bounds (35, 15) (45, 25)

Density violation
Actual:0   Min:0.0392   Max:30  
False : No      Layer : via6(6)     Bounds (35, 20) (45, 30)

Density violation
Actual:0   Min:0.0392   Max:30  
False : No      Layer : via6(6)     Bounds (35, 25) (45, 35)

Density violation
Actual:0   Min:0.0392   Max:30  
False : No      Layer : via6(6)     Bounds (35, 30) (45, 40)

Density violation
Actual:0   Min:0.0392   Max:30  
False : No      Layer : via6(6)     Bounds (35, 35) (45, 45)

Density violation
Actual:0   Min:0.0392   Max:30  
False : No      Layer : via6(6)     Bounds (35, 40) (45, 50)

*********** ENCOUNTER Violation Browser Report ********** 
Report File Name :  gcd.viols.rpt                                                                             Page : 13

Density violation
Actual:0   Min:0.0392   Max:30  
False : No      Layer : via6(6)     Bounds (35, 45) (45, 55)

Density violation
Actual:0   Min:0.0392   Max:30  
False : No      Layer : via6(6)     Bounds (35, 46.065) (45, 56.065)

Density violation
Actual:0   Min:0.0392   Max:30  
False : No      Layer : via6(6)     Bounds (35, 5) (45, 15)

Density violation
Actual:0   Min:0.0392   Max:30  
False : No      Layer : via6(6)     Bounds (40, 0) (50, 10)

Density violation
Actual:0   Min:0.0392   Max:30  
False : No      Layer : via6(6)     Bounds (40, 10) (50, 20)

Density violation
Actual:0   Min:0.0392   Max:30  
False : No      Layer : via6(6)     Bounds (40, 15) (50, 25)

Density violation
Actual:0   Min:0.0392   Max:30  
False : No      Layer : via6(6)     Bounds (40, 20) (50, 30)

Density violation
Actual:0   Min:0.0392   Max:30  
False : No      Layer : via6(6)     Bounds (40, 25) (50, 35)

Density violation
Actual:0   Min:0.0392   Max:30  
False : No      Layer : via6(6)     Bounds (40, 30) (50, 40)

Density violation
Actual:0   Min:0.0392   Max:30  
False : No      Layer : via6(6)     Bounds (40, 35) (50, 45)

Density violation
Actual:0   Min:0.0392   Max:30  
False : No      Layer : via6(6)     Bounds (40, 40) (50, 50)

Density violation
Actual:0   Min:0.0392   Max:30  
False : No      Layer : via6(6)     Bounds (40, 45) (50, 55)

Density violation
Actual:0   Min:0.0392   Max:30  
False : No      Layer : via6(6)     Bounds (40, 46.065) (50, 56.065)

Density violation
Actual:0   Min:0.0392   Max:30  
False : No      Layer : via6(6)     Bounds (40, 5) (50, 15)

Density violation
Actual:0   Min:0.0392   Max:30  
False : No      Layer : via6(6)     Bounds (45, 0) (55, 10)

Density violation
Actual:0   Min:0.0392   Max:30  
False : No      Layer : via6(6)     Bounds (45, 10) (55, 20)

Density violation
Actual:0   Min:0.0392   Max:30  
False : No      Layer : via6(6)     Bounds (45, 15) (55, 25)

Density violation
Actual:0   Min:0.0392   Max:30  
False : No      Layer : via6(6)     Bounds (45, 20) (55, 30)

Density violation
Actual:0   Min:0.0392   Max:30  
False : No      Layer : via6(6)     Bounds (45, 25) (55, 35)

Density violation
Actual:0   Min:0.0392   Max:30  
False : No      Layer : via6(6)     Bounds (45, 30) (55, 40)

Density violation
Actual:0   Min:0.0392   Max:30  
False : No      Layer : via6(6)     Bounds (45, 35) (55, 45)

Density violation
Actual:0   Min:0.0392   Max:30  
False : No      Layer : via6(6)     Bounds (45, 40) (55, 50)

*********** ENCOUNTER Violation Browser Report ********** 
Report File Name :  gcd.viols.rpt                                                                             Page : 14

Density violation
Actual:0   Min:0.0392   Max:30  
False : No      Layer : via6(6)     Bounds (45, 45) (55, 55)

Density violation
Actual:0   Min:0.0392   Max:30  
False : No      Layer : via6(6)     Bounds (45, 46.065) (55, 56.065)

Density violation
Actual:0   Min:0.0392   Max:30  
False : No      Layer : via6(6)     Bounds (45, 5) (55, 15)

Density violation
Actual:0   Min:0.0392   Max:30  
False : No      Layer : via6(6)     Bounds (46.065, 0) (56.065, 10)

Density violation
Actual:0   Min:0.0392   Max:30  
False : No      Layer : via6(6)     Bounds (46.065, 10) (56.065, 20)

Density violation
Actual:0   Min:0.0392   Max:30  
False : No      Layer : via6(6)     Bounds (46.065, 15) (56.065, 25)

Density violation
Actual:0   Min:0.0392   Max:30  
False : No      Layer : via6(6)     Bounds (46.065, 20) (56.065, 30)

Density violation
Actual:0   Min:0.0392   Max:30  
False : No      Layer : via6(6)     Bounds (46.065, 25) (56.065, 35)

Density violation
Actual:0   Min:0.0392   Max:30  
False : No      Layer : via6(6)     Bounds (46.065, 30) (56.065, 40)

Density violation
Actual:0   Min:0.0392   Max:30  
False : No      Layer : via6(6)     Bounds (46.065, 35) (56.065, 45)

Density violation
Actual:0   Min:0.0392   Max:30  
False : No      Layer : via6(6)     Bounds (46.065, 40) (56.065, 50)

Density violation
Actual:0   Min:0.0392   Max:30  
False : No      Layer : via6(6)     Bounds (46.065, 45) (56.065, 55)

Density violation
Actual:0   Min:0.0392   Max:30  
False : No      Layer : via6(6)     Bounds (46.065, 46.065) (56.065, 56.065)

Density violation
Actual:0   Min:0.0392   Max:30  
False : No      Layer : via6(6)     Bounds (46.065, 5) (56.065, 15)

Density violation
Actual:0   Min:0.0392   Max:30  
False : No      Layer : via6(6)     Bounds (5, 0) (15, 10)

Density violation
Actual:0   Min:0.0392   Max:30  
False : No      Layer : via6(6)     Bounds (5, 10) (15, 20)

Density violation
Actual:0   Min:0.0392   Max:30  
False : No      Layer : via6(6)     Bounds (5, 15) (15, 25)

Density violation
Actual:0   Min:0.0392   Max:30  
False : No      Layer : via6(6)     Bounds (5, 20) (15, 30)

Density violation
Actual:0   Min:0.0392   Max:30  
False : No      Layer : via6(6)     Bounds (5, 25) (15, 35)

Density violation
Actual:0   Min:0.0392   Max:30  
False : No      Layer : via6(6)     Bounds (5, 30) (15, 40)

Density violation
Actual:0   Min:0.0392   Max:30  
False : No      Layer : via6(6)     Bounds (5, 35) (15, 45)

Density violation
Actual:0   Min:0.0392   Max:30  
False : No      Layer : via6(6)     Bounds (5, 40) (15, 50)

*********** ENCOUNTER Violation Browser Report ********** 
Report File Name :  gcd.viols.rpt                                                                             Page : 15

Density violation
Actual:0   Min:0.0392   Max:30  
False : No      Layer : via6(6)     Bounds (5, 45) (15, 55)

Density violation
Actual:0   Min:0.0392   Max:30  
False : No      Layer : via6(6)     Bounds (5, 46.065) (15, 56.065)

Density violation
Actual:0   Min:0.0392   Max:30  
False : No      Layer : via6(6)     Bounds (5, 5) (15, 15)

Density violation
Actual:0   Min:0.32   Max:30  
False : No      Layer : via7(7)     Bounds (0, 0) (10, 10)

Density violation
Actual:0   Min:0.32   Max:30  
False : No      Layer : via7(7)     Bounds (0, 10) (10, 20)

Density violation
Actual:0   Min:0.32   Max:30  
False : No      Layer : via7(7)     Bounds (0, 15) (10, 25)

Density violation
Actual:0   Min:0.32   Max:30  
False : No      Layer : via7(7)     Bounds (0, 20) (10, 30)

Density violation
Actual:0   Min:0.32   Max:30  
False : No      Layer : via7(7)     Bounds (0, 25) (10, 35)

Density violation
Actual:0   Min:0.32   Max:30  
False : No      Layer : via7(7)     Bounds (0, 30) (10, 40)

Density violation
Actual:0   Min:0.32   Max:30  
False : No      Layer : via7(7)     Bounds (0, 35) (10, 45)

Density violation
Actual:0   Min:0.32   Max:30  
False : No      Layer : via7(7)     Bounds (0, 40) (10, 50)

Density violation
Actual:0   Min:0.32   Max:30  
False : No      Layer : via7(7)     Bounds (0, 45) (10, 55)

Density violation
Actual:0   Min:0.32   Max:30  
False : No      Layer : via7(7)     Bounds (0, 46.065) (10, 56.065)

Density violation
Actual:0   Min:0.32   Max:30  
False : No      Layer : via7(7)     Bounds (0, 5) (10, 15)

Density violation
Actual:0   Min:0.32   Max:30  
False : No      Layer : via7(7)     Bounds (10, 0) (20, 10)

Density violation
Actual:0   Min:0.32   Max:30  
False : No      Layer : via7(7)     Bounds (10, 10) (20, 20)

Density violation
Actual:0   Min:0.32   Max:30  
False : No      Layer : via7(7)     Bounds (10, 15) (20, 25)

Density violation
Actual:0   Min:0.32   Max:30  
False : No      Layer : via7(7)     Bounds (10, 20) (20, 30)

Density violation
Actual:0   Min:0.32   Max:30  
False : No      Layer : via7(7)     Bounds (10, 25) (20, 35)

Density violation
Actual:0   Min:0.32   Max:30  
False : No      Layer : via7(7)     Bounds (10, 30) (20, 40)

Density violation
Actual:0   Min:0.32   Max:30  
False : No      Layer : via7(7)     Bounds (10, 35) (20, 45)

Density violation
Actual:0   Min:0.32   Max:30  
False : No      Layer : via7(7)     Bounds (10, 40) (20, 50)

*********** ENCOUNTER Violation Browser Report ********** 
Report File Name :  gcd.viols.rpt                                                                             Page : 16

Density violation
Actual:0   Min:0.32   Max:30  
False : No      Layer : via7(7)     Bounds (10, 45) (20, 55)

Density violation
Actual:0   Min:0.32   Max:30  
False : No      Layer : via7(7)     Bounds (10, 46.065) (20, 56.065)

Density violation
Actual:0   Min:0.32   Max:30  
False : No      Layer : via7(7)     Bounds (10, 5) (20, 15)

Density violation
Actual:0   Min:0.32   Max:30  
False : No      Layer : via7(7)     Bounds (15, 0) (25, 10)

Density violation
Actual:0   Min:0.32   Max:30  
False : No      Layer : via7(7)     Bounds (15, 10) (25, 20)

Density violation
Actual:0   Min:0.32   Max:30  
False : No      Layer : via7(7)     Bounds (15, 15) (25, 25)

Density violation
Actual:0   Min:0.32   Max:30  
False : No      Layer : via7(7)     Bounds (15, 20) (25, 30)

Density violation
Actual:0   Min:0.32   Max:30  
False : No      Layer : via7(7)     Bounds (15, 25) (25, 35)

Density violation
Actual:0   Min:0.32   Max:30  
False : No      Layer : via7(7)     Bounds (15, 30) (25, 40)

Density violation
Actual:0   Min:0.32   Max:30  
False : No      Layer : via7(7)     Bounds (15, 35) (25, 45)

Density violation
Actual:0   Min:0.32   Max:30  
False : No      Layer : via7(7)     Bounds (15, 40) (25, 50)

Density violation
Actual:0   Min:0.32   Max:30  
False : No      Layer : via7(7)     Bounds (15, 45) (25, 55)

Density violation
Actual:0   Min:0.32   Max:30  
False : No      Layer : via7(7)     Bounds (15, 46.065) (25, 56.065)

Density violation
Actual:0   Min:0.32   Max:30  
False : No      Layer : via7(7)     Bounds (15, 5) (25, 15)

Density violation
Actual:0   Min:0.32   Max:30  
False : No      Layer : via7(7)     Bounds (20, 0) (30, 10)

Density violation
Actual:0   Min:0.32   Max:30  
False : No      Layer : via7(7)     Bounds (20, 10) (30, 20)

Density violation
Actual:0   Min:0.32   Max:30  
False : No      Layer : via7(7)     Bounds (20, 15) (30, 25)

Density violation
Actual:0   Min:0.32   Max:30  
False : No      Layer : via7(7)     Bounds (20, 20) (30, 30)

Density violation
Actual:0   Min:0.32   Max:30  
False : No      Layer : via7(7)     Bounds (20, 25) (30, 35)

Density violation
Actual:0   Min:0.32   Max:30  
False : No      Layer : via7(7)     Bounds (20, 30) (30, 40)

Density violation
Actual:0   Min:0.32   Max:30  
False : No      Layer : via7(7)     Bounds (20, 35) (30, 45)

Density violation
Actual:0   Min:0.32   Max:30  
False : No      Layer : via7(7)     Bounds (20, 40) (30, 50)

*********** ENCOUNTER Violation Browser Report ********** 
Report File Name :  gcd.viols.rpt                                                                             Page : 17

Density violation
Actual:0   Min:0.32   Max:30  
False : No      Layer : via7(7)     Bounds (20, 45) (30, 55)

Density violation
Actual:0   Min:0.32   Max:30  
False : No      Layer : via7(7)     Bounds (20, 46.065) (30, 56.065)

Density violation
Actual:0   Min:0.32   Max:30  
False : No      Layer : via7(7)     Bounds (20, 5) (30, 15)

Density violation
Actual:0   Min:0.32   Max:30  
False : No      Layer : via7(7)     Bounds (25, 0) (35, 10)

Density violation
Actual:0   Min:0.32   Max:30  
False : No      Layer : via7(7)     Bounds (25, 10) (35, 20)

Density violation
Actual:0   Min:0.32   Max:30  
False : No      Layer : via7(7)     Bounds (25, 15) (35, 25)

Density violation
Actual:0   Min:0.32   Max:30  
False : No      Layer : via7(7)     Bounds (25, 20) (35, 30)

Density violation
Actual:0   Min:0.32   Max:30  
False : No      Layer : via7(7)     Bounds (25, 25) (35, 35)

Density violation
Actual:0   Min:0.32   Max:30  
False : No      Layer : via7(7)     Bounds (25, 30) (35, 40)

Density violation
Actual:0   Min:0.32   Max:30  
False : No      Layer : via7(7)     Bounds (25, 35) (35, 45)

Density violation
Actual:0   Min:0.32   Max:30  
False : No      Layer : via7(7)     Bounds (25, 40) (35, 50)

Density violation
Actual:0   Min:0.32   Max:30  
False : No      Layer : via7(7)     Bounds (25, 45) (35, 55)

Density violation
Actual:0   Min:0.32   Max:30  
False : No      Layer : via7(7)     Bounds (25, 46.065) (35, 56.065)

Density violation
Actual:0   Min:0.32   Max:30  
False : No      Layer : via7(7)     Bounds (25, 5) (35, 15)

Density violation
Actual:0   Min:0.32   Max:30  
False : No      Layer : via7(7)     Bounds (30, 0) (40, 10)

Density violation
Actual:0   Min:0.32   Max:30  
False : No      Layer : via7(7)     Bounds (30, 10) (40, 20)

Density violation
Actual:0   Min:0.32   Max:30  
False : No      Layer : via7(7)     Bounds (30, 15) (40, 25)

Density violation
Actual:0   Min:0.32   Max:30  
False : No      Layer : via7(7)     Bounds (30, 20) (40, 30)

Density violation
Actual:0   Min:0.32   Max:30  
False : No      Layer : via7(7)     Bounds (30, 25) (40, 35)

Density violation
Actual:0   Min:0.32   Max:30  
False : No      Layer : via7(7)     Bounds (30, 30) (40, 40)

Density violation
Actual:0   Min:0.32   Max:30  
False : No      Layer : via7(7)     Bounds (30, 35) (40, 45)

Density violation
Actual:0   Min:0.32   Max:30  
False : No      Layer : via7(7)     Bounds (30, 40) (40, 50)

*********** ENCOUNTER Violation Browser Report ********** 
Report File Name :  gcd.viols.rpt                                                                             Page : 18

Density violation
Actual:0   Min:0.32   Max:30  
False : No      Layer : via7(7)     Bounds (30, 45) (40, 55)

Density violation
Actual:0   Min:0.32   Max:30  
False : No      Layer : via7(7)     Bounds (30, 46.065) (40, 56.065)

Density violation
Actual:0   Min:0.32   Max:30  
False : No      Layer : via7(7)     Bounds (30, 5) (40, 15)

Density violation
Actual:0   Min:0.32   Max:30  
False : No      Layer : via7(7)     Bounds (35, 0) (45, 10)

Density violation
Actual:0   Min:0.32   Max:30  
False : No      Layer : via7(7)     Bounds (35, 10) (45, 20)

Density violation
Actual:0   Min:0.32   Max:30  
False : No      Layer : via7(7)     Bounds (35, 15) (45, 25)

Density violation
Actual:0   Min:0.32   Max:30  
False : No      Layer : via7(7)     Bounds (35, 20) (45, 30)

Density violation
Actual:0   Min:0.32   Max:30  
False : No      Layer : via7(7)     Bounds (35, 25) (45, 35)

Density violation
Actual:0   Min:0.32   Max:30  
False : No      Layer : via7(7)     Bounds (35, 30) (45, 40)

Density violation
Actual:0   Min:0.32   Max:30  
False : No      Layer : via7(7)     Bounds (35, 35) (45, 45)

Density violation
Actual:0   Min:0.32   Max:30  
False : No      Layer : via7(7)     Bounds (35, 40) (45, 50)

Density violation
Actual:0   Min:0.32   Max:30  
False : No      Layer : via7(7)     Bounds (35, 45) (45, 55)

Density violation
Actual:0   Min:0.32   Max:30  
False : No      Layer : via7(7)     Bounds (35, 46.065) (45, 56.065)

Density violation
Actual:0   Min:0.32   Max:30  
False : No      Layer : via7(7)     Bounds (35, 5) (45, 15)

Density violation
Actual:0   Min:0.32   Max:30  
False : No      Layer : via7(7)     Bounds (40, 0) (50, 10)

Density violation
Actual:0   Min:0.32   Max:30  
False : No      Layer : via7(7)     Bounds (40, 10) (50, 20)

Density violation
Actual:0   Min:0.32   Max:30  
False : No      Layer : via7(7)     Bounds (40, 15) (50, 25)

Density violation
Actual:0   Min:0.32   Max:30  
False : No      Layer : via7(7)     Bounds (40, 20) (50, 30)

Density violation
Actual:0   Min:0.32   Max:30  
False : No      Layer : via7(7)     Bounds (40, 25) (50, 35)

Density violation
Actual:0   Min:0.32   Max:30  
False : No      Layer : via7(7)     Bounds (40, 30) (50, 40)

Density violation
Actual:0   Min:0.32   Max:30  
False : No      Layer : via7(7)     Bounds (40, 35) (50, 45)

Density violation
Actual:0   Min:0.32   Max:30  
False : No      Layer : via7(7)     Bounds (40, 40) (50, 50)

*********** ENCOUNTER Violation Browser Report ********** 
Report File Name :  gcd.viols.rpt                                                                             Page : 19

Density violation
Actual:0   Min:0.32   Max:30  
False : No      Layer : via7(7)     Bounds (40, 45) (50, 55)

Density violation
Actual:0   Min:0.32   Max:30  
False : No      Layer : via7(7)     Bounds (40, 46.065) (50, 56.065)

Density violation
Actual:0   Min:0.32   Max:30  
False : No      Layer : via7(7)     Bounds (40, 5) (50, 15)

Density violation
Actual:0   Min:0.32   Max:30  
False : No      Layer : via7(7)     Bounds (45, 0) (55, 10)

Density violation
Actual:0   Min:0.32   Max:30  
False : No      Layer : via7(7)     Bounds (45, 10) (55, 20)

Density violation
Actual:0   Min:0.32   Max:30  
False : No      Layer : via7(7)     Bounds (45, 15) (55, 25)

Density violation
Actual:0   Min:0.32   Max:30  
False : No      Layer : via7(7)     Bounds (45, 20) (55, 30)

Density violation
Actual:0   Min:0.32   Max:30  
False : No      Layer : via7(7)     Bounds (45, 25) (55, 35)

Density violation
Actual:0   Min:0.32   Max:30  
False : No      Layer : via7(7)     Bounds (45, 30) (55, 40)

Density violation
Actual:0   Min:0.32   Max:30  
False : No      Layer : via7(7)     Bounds (45, 35) (55, 45)

Density violation
Actual:0   Min:0.32   Max:30  
False : No      Layer : via7(7)     Bounds (45, 40) (55, 50)

Density violation
Actual:0   Min:0.32   Max:30  
False : No      Layer : via7(7)     Bounds (45, 45) (55, 55)

Density violation
Actual:0   Min:0.32   Max:30  
False : No      Layer : via7(7)     Bounds (45, 46.065) (55, 56.065)

Density violation
Actual:0   Min:0.32   Max:30  
False : No      Layer : via7(7)     Bounds (45, 5) (55, 15)

Density violation
Actual:0   Min:0.32   Max:30  
False : No      Layer : via7(7)     Bounds (46.065, 0) (56.065, 10)

Density violation
Actual:0   Min:0.32   Max:30  
False : No      Layer : via7(7)     Bounds (46.065, 10) (56.065, 20)

Density violation
Actual:0   Min:0.32   Max:30  
False : No      Layer : via7(7)     Bounds (46.065, 15) (56.065, 25)

Density violation
Actual:0   Min:0.32   Max:30  
False : No      Layer : via7(7)     Bounds (46.065, 20) (56.065, 30)

Density violation
Actual:0   Min:0.32   Max:30  
False : No      Layer : via7(7)     Bounds (46.065, 25) (56.065, 35)

Density violation
Actual:0   Min:0.32   Max:30  
False : No      Layer : via7(7)     Bounds (46.065, 30) (56.065, 40)

Density violation
Actual:0   Min:0.32   Max:30  
False : No      Layer : via7(7)     Bounds (46.065, 35) (56.065, 45)

Density violation
Actual:0   Min:0.32   Max:30  
False : No      Layer : via7(7)     Bounds (46.065, 40) (56.065, 50)

*********** ENCOUNTER Violation Browser Report ********** 
Report File Name :  gcd.viols.rpt                                                                             Page : 20

Density violation
Actual:0   Min:0.32   Max:30  
False : No      Layer : via7(7)     Bounds (46.065, 45) (56.065, 55)

Density violation
Actual:0   Min:0.32   Max:30  
False : No      Layer : via7(7)     Bounds (46.065, 46.065) (56.065, 56.065)

Density violation
Actual:0   Min:0.32   Max:30  
False : No      Layer : via7(7)     Bounds (46.065, 5) (56.065, 15)

Density violation
Actual:0   Min:0.32   Max:30  
False : No      Layer : via7(7)     Bounds (5, 0) (15, 10)

Density violation
Actual:0   Min:0.32   Max:30  
False : No      Layer : via7(7)     Bounds (5, 10) (15, 20)

Density violation
Actual:0   Min:0.32   Max:30  
False : No      Layer : via7(7)     Bounds (5, 15) (15, 25)

Density violation
Actual:0   Min:0.32   Max:30  
False : No      Layer : via7(7)     Bounds (5, 20) (15, 30)

Density violation
Actual:0   Min:0.32   Max:30  
False : No      Layer : via7(7)     Bounds (5, 25) (15, 35)

Density violation
Actual:0   Min:0.32   Max:30  
False : No      Layer : via7(7)     Bounds (5, 30) (15, 40)

Density violation
Actual:0   Min:0.32   Max:30  
False : No      Layer : via7(7)     Bounds (5, 35) (15, 45)

Density violation
Actual:0   Min:0.32   Max:30  
False : No      Layer : via7(7)     Bounds (5, 40) (15, 50)

Density violation
Actual:0   Min:0.32   Max:30  
False : No      Layer : via7(7)     Bounds (5, 45) (15, 55)

Density violation
Actual:0   Min:0.32   Max:30  
False : No      Layer : via7(7)     Bounds (5, 46.065) (15, 56.065)

Density violation
Actual:0   Min:0.32   Max:30  
False : No      Layer : via7(7)     Bounds (5, 5) (15, 15)

Density violation
Actual:0   Min:0.32   Max:30  
False : No      Layer : via8(8)     Bounds (0, 0) (10, 10)

Density violation
Actual:0   Min:0.32   Max:30  
False : No      Layer : via8(8)     Bounds (0, 10) (10, 20)

Density violation
Actual:0   Min:0.32   Max:30  
False : No      Layer : via8(8)     Bounds (0, 15) (10, 25)

Density violation
Actual:0   Min:0.32   Max:30  
False : No      Layer : via8(8)     Bounds (0, 20) (10, 30)

Density violation
Actual:0   Min:0.32   Max:30  
False : No      Layer : via8(8)     Bounds (0, 25) (10, 35)

Density violation
Actual:0   Min:0.32   Max:30  
False : No      Layer : via8(8)     Bounds (0, 30) (10, 40)

Density violation
Actual:0   Min:0.32   Max:30  
False : No      Layer : via8(8)     Bounds (0, 35) (10, 45)

Density violation
Actual:0   Min:0.32   Max:30  
False : No      Layer : via8(8)     Bounds (0, 40) (10, 50)

*********** ENCOUNTER Violation Browser Report ********** 
Report File Name :  gcd.viols.rpt                                                                             Page : 21

Density violation
Actual:0   Min:0.32   Max:30  
False : No      Layer : via8(8)     Bounds (0, 45) (10, 55)

Density violation
Actual:0   Min:0.32   Max:30  
False : No      Layer : via8(8)     Bounds (0, 46.065) (10, 56.065)

Density violation
Actual:0   Min:0.32   Max:30  
False : No      Layer : via8(8)     Bounds (0, 5) (10, 15)

Density violation
Actual:0   Min:0.32   Max:30  
False : No      Layer : via8(8)     Bounds (10, 0) (20, 10)

Density violation
Actual:0   Min:0.32   Max:30  
False : No      Layer : via8(8)     Bounds (10, 10) (20, 20)

Density violation
Actual:0   Min:0.32   Max:30  
False : No      Layer : via8(8)     Bounds (10, 15) (20, 25)

Density violation
Actual:0   Min:0.32   Max:30  
False : No      Layer : via8(8)     Bounds (10, 20) (20, 30)

Density violation
Actual:0   Min:0.32   Max:30  
False : No      Layer : via8(8)     Bounds (10, 25) (20, 35)

Density violation
Actual:0   Min:0.32   Max:30  
False : No      Layer : via8(8)     Bounds (10, 30) (20, 40)

Density violation
Actual:0   Min:0.32   Max:30  
False : No      Layer : via8(8)     Bounds (10, 35) (20, 45)

Density violation
Actual:0   Min:0.32   Max:30  
False : No      Layer : via8(8)     Bounds (10, 40) (20, 50)

Density violation
Actual:0   Min:0.32   Max:30  
False : No      Layer : via8(8)     Bounds (10, 45) (20, 55)

Density violation
Actual:0   Min:0.32   Max:30  
False : No      Layer : via8(8)     Bounds (10, 46.065) (20, 56.065)

Density violation
Actual:0   Min:0.32   Max:30  
False : No      Layer : via8(8)     Bounds (10, 5) (20, 15)

Density violation
Actual:0   Min:0.32   Max:30  
False : No      Layer : via8(8)     Bounds (15, 0) (25, 10)

Density violation
Actual:0   Min:0.32   Max:30  
False : No      Layer : via8(8)     Bounds (15, 10) (25, 20)

Density violation
Actual:0   Min:0.32   Max:30  
False : No      Layer : via8(8)     Bounds (15, 15) (25, 25)

Density violation
Actual:0   Min:0.32   Max:30  
False : No      Layer : via8(8)     Bounds (15, 20) (25, 30)

Density violation
Actual:0   Min:0.32   Max:30  
False : No      Layer : via8(8)     Bounds (15, 25) (25, 35)

Density violation
Actual:0   Min:0.32   Max:30  
False : No      Layer : via8(8)     Bounds (15, 30) (25, 40)

Density violation
Actual:0   Min:0.32   Max:30  
False : No      Layer : via8(8)     Bounds (15, 35) (25, 45)

Density violation
Actual:0   Min:0.32   Max:30  
False : No      Layer : via8(8)     Bounds (15, 40) (25, 50)

*********** ENCOUNTER Violation Browser Report ********** 
Report File Name :  gcd.viols.rpt                                                                             Page : 22

Density violation
Actual:0   Min:0.32   Max:30  
False : No      Layer : via8(8)     Bounds (15, 45) (25, 55)

Density violation
Actual:0   Min:0.32   Max:30  
False : No      Layer : via8(8)     Bounds (15, 46.065) (25, 56.065)

Density violation
Actual:0   Min:0.32   Max:30  
False : No      Layer : via8(8)     Bounds (15, 5) (25, 15)

Density violation
Actual:0   Min:0.32   Max:30  
False : No      Layer : via8(8)     Bounds (20, 0) (30, 10)

Density violation
Actual:0   Min:0.32   Max:30  
False : No      Layer : via8(8)     Bounds (20, 10) (30, 20)

Density violation
Actual:0   Min:0.32   Max:30  
False : No      Layer : via8(8)     Bounds (20, 15) (30, 25)

Density violation
Actual:0   Min:0.32   Max:30  
False : No      Layer : via8(8)     Bounds (20, 20) (30, 30)

Density violation
Actual:0   Min:0.32   Max:30  
False : No      Layer : via8(8)     Bounds (20, 25) (30, 35)

Density violation
Actual:0   Min:0.32   Max:30  
False : No      Layer : via8(8)     Bounds (20, 30) (30, 40)

Density violation
Actual:0   Min:0.32   Max:30  
False : No      Layer : via8(8)     Bounds (20, 35) (30, 45)

Density violation
Actual:0   Min:0.32   Max:30  
False : No      Layer : via8(8)     Bounds (20, 40) (30, 50)

Density violation
Actual:0   Min:0.32   Max:30  
False : No      Layer : via8(8)     Bounds (20, 45) (30, 55)

Density violation
Actual:0   Min:0.32   Max:30  
False : No      Layer : via8(8)     Bounds (20, 46.065) (30, 56.065)

Density violation
Actual:0   Min:0.32   Max:30  
False : No      Layer : via8(8)     Bounds (20, 5) (30, 15)

Density violation
Actual:0   Min:0.32   Max:30  
False : No      Layer : via8(8)     Bounds (25, 0) (35, 10)

Density violation
Actual:0   Min:0.32   Max:30  
False : No      Layer : via8(8)     Bounds (25, 10) (35, 20)

Density violation
Actual:0   Min:0.32   Max:30  
False : No      Layer : via8(8)     Bounds (25, 15) (35, 25)

Density violation
Actual:0   Min:0.32   Max:30  
False : No      Layer : via8(8)     Bounds (25, 20) (35, 30)

Density violation
Actual:0   Min:0.32   Max:30  
False : No      Layer : via8(8)     Bounds (25, 25) (35, 35)

Density violation
Actual:0   Min:0.32   Max:30  
False : No      Layer : via8(8)     Bounds (25, 30) (35, 40)

Density violation
Actual:0   Min:0.32   Max:30  
False : No      Layer : via8(8)     Bounds (25, 35) (35, 45)

Density violation
Actual:0   Min:0.32   Max:30  
False : No      Layer : via8(8)     Bounds (25, 40) (35, 50)

*********** ENCOUNTER Violation Browser Report ********** 
Report File Name :  gcd.viols.rpt                                                                             Page : 23

Density violation
Actual:0   Min:0.32   Max:30  
False : No      Layer : via8(8)     Bounds (25, 45) (35, 55)

Density violation
Actual:0   Min:0.32   Max:30  
False : No      Layer : via8(8)     Bounds (25, 46.065) (35, 56.065)

Density violation
Actual:0   Min:0.32   Max:30  
False : No      Layer : via8(8)     Bounds (25, 5) (35, 15)

Density violation
Actual:0   Min:0.32   Max:30  
False : No      Layer : via8(8)     Bounds (30, 0) (40, 10)

Density violation
Actual:0   Min:0.32   Max:30  
False : No      Layer : via8(8)     Bounds (30, 10) (40, 20)

Density violation
Actual:0   Min:0.32   Max:30  
False : No      Layer : via8(8)     Bounds (30, 15) (40, 25)

Density violation
Actual:0   Min:0.32   Max:30  
False : No      Layer : via8(8)     Bounds (30, 20) (40, 30)

Density violation
Actual:0   Min:0.32   Max:30  
False : No      Layer : via8(8)     Bounds (30, 25) (40, 35)

Density violation
Actual:0   Min:0.32   Max:30  
False : No      Layer : via8(8)     Bounds (30, 30) (40, 40)

Density violation
Actual:0   Min:0.32   Max:30  
False : No      Layer : via8(8)     Bounds (30, 35) (40, 45)

Density violation
Actual:0   Min:0.32   Max:30  
False : No      Layer : via8(8)     Bounds (30, 40) (40, 50)

Density violation
Actual:0   Min:0.32   Max:30  
False : No      Layer : via8(8)     Bounds (30, 45) (40, 55)

Density violation
Actual:0   Min:0.32   Max:30  
False : No      Layer : via8(8)     Bounds (30, 46.065) (40, 56.065)

Density violation
Actual:0   Min:0.32   Max:30  
False : No      Layer : via8(8)     Bounds (30, 5) (40, 15)

Density violation
Actual:0   Min:0.32   Max:30  
False : No      Layer : via8(8)     Bounds (35, 0) (45, 10)

Density violation
Actual:0   Min:0.32   Max:30  
False : No      Layer : via8(8)     Bounds (35, 10) (45, 20)

Density violation
Actual:0   Min:0.32   Max:30  
False : No      Layer : via8(8)     Bounds (35, 15) (45, 25)

Density violation
Actual:0   Min:0.32   Max:30  
False : No      Layer : via8(8)     Bounds (35, 20) (45, 30)

Density violation
Actual:0   Min:0.32   Max:30  
False : No      Layer : via8(8)     Bounds (35, 25) (45, 35)

Density violation
Actual:0   Min:0.32   Max:30  
False : No      Layer : via8(8)     Bounds (35, 30) (45, 40)

Density violation
Actual:0   Min:0.32   Max:30  
False : No      Layer : via8(8)     Bounds (35, 35) (45, 45)

Density violation
Actual:0   Min:0.32   Max:30  
False : No      Layer : via8(8)     Bounds (35, 40) (45, 50)

*********** ENCOUNTER Violation Browser Report ********** 
Report File Name :  gcd.viols.rpt                                                                             Page : 24

Density violation
Actual:0   Min:0.32   Max:30  
False : No      Layer : via8(8)     Bounds (35, 45) (45, 55)

Density violation
Actual:0   Min:0.32   Max:30  
False : No      Layer : via8(8)     Bounds (35, 46.065) (45, 56.065)

Density violation
Actual:0   Min:0.32   Max:30  
False : No      Layer : via8(8)     Bounds (35, 5) (45, 15)

Density violation
Actual:0   Min:0.32   Max:30  
False : No      Layer : via8(8)     Bounds (40, 0) (50, 10)

Density violation
Actual:0   Min:0.32   Max:30  
False : No      Layer : via8(8)     Bounds (40, 10) (50, 20)

Density violation
Actual:0   Min:0.32   Max:30  
False : No      Layer : via8(8)     Bounds (40, 15) (50, 25)

Density violation
Actual:0   Min:0.32   Max:30  
False : No      Layer : via8(8)     Bounds (40, 20) (50, 30)

Density violation
Actual:0   Min:0.32   Max:30  
False : No      Layer : via8(8)     Bounds (40, 25) (50, 35)

Density violation
Actual:0   Min:0.32   Max:30  
False : No      Layer : via8(8)     Bounds (40, 30) (50, 40)

Density violation
Actual:0   Min:0.32   Max:30  
False : No      Layer : via8(8)     Bounds (40, 35) (50, 45)

Density violation
Actual:0   Min:0.32   Max:30  
False : No      Layer : via8(8)     Bounds (40, 40) (50, 50)

Density violation
Actual:0   Min:0.32   Max:30  
False : No      Layer : via8(8)     Bounds (40, 45) (50, 55)

Density violation
Actual:0   Min:0.32   Max:30  
False : No      Layer : via8(8)     Bounds (40, 46.065) (50, 56.065)

Density violation
Actual:0   Min:0.32   Max:30  
False : No      Layer : via8(8)     Bounds (40, 5) (50, 15)

Density violation
Actual:0   Min:0.32   Max:30  
False : No      Layer : via8(8)     Bounds (45, 0) (55, 10)

Density violation
Actual:0   Min:0.32   Max:30  
False : No      Layer : via8(8)     Bounds (45, 10) (55, 20)

Density violation
Actual:0   Min:0.32   Max:30  
False : No      Layer : via8(8)     Bounds (45, 15) (55, 25)

Density violation
Actual:0   Min:0.32   Max:30  
False : No      Layer : via8(8)     Bounds (45, 20) (55, 30)

Density violation
Actual:0   Min:0.32   Max:30  
False : No      Layer : via8(8)     Bounds (45, 25) (55, 35)

Density violation
Actual:0   Min:0.32   Max:30  
False : No      Layer : via8(8)     Bounds (45, 30) (55, 40)

Density violation
Actual:0   Min:0.32   Max:30  
False : No      Layer : via8(8)     Bounds (45, 35) (55, 45)

Density violation
Actual:0   Min:0.32   Max:30  
False : No      Layer : via8(8)     Bounds (45, 40) (55, 50)

*********** ENCOUNTER Violation Browser Report ********** 
Report File Name :  gcd.viols.rpt                                                                             Page : 25

Density violation
Actual:0   Min:0.32   Max:30  
False : No      Layer : via8(8)     Bounds (45, 45) (55, 55)

Density violation
Actual:0   Min:0.32   Max:30  
False : No      Layer : via8(8)     Bounds (45, 46.065) (55, 56.065)

Density violation
Actual:0   Min:0.32   Max:30  
False : No      Layer : via8(8)     Bounds (45, 5) (55, 15)

Density violation
Actual:0   Min:0.32   Max:30  
False : No      Layer : via8(8)     Bounds (46.065, 0) (56.065, 10)

Density violation
Actual:0   Min:0.32   Max:30  
False : No      Layer : via8(8)     Bounds (46.065, 10) (56.065, 20)

Density violation
Actual:0   Min:0.32   Max:30  
False : No      Layer : via8(8)     Bounds (46.065, 15) (56.065, 25)

Density violation
Actual:0   Min:0.32   Max:30  
False : No      Layer : via8(8)     Bounds (46.065, 20) (56.065, 30)

Density violation
Actual:0   Min:0.32   Max:30  
False : No      Layer : via8(8)     Bounds (46.065, 25) (56.065, 35)

Density violation
Actual:0   Min:0.32   Max:30  
False : No      Layer : via8(8)     Bounds (46.065, 30) (56.065, 40)

Density violation
Actual:0   Min:0.32   Max:30  
False : No      Layer : via8(8)     Bounds (46.065, 35) (56.065, 45)

Density violation
Actual:0   Min:0.32   Max:30  
False : No      Layer : via8(8)     Bounds (46.065, 40) (56.065, 50)

Density violation
Actual:0   Min:0.32   Max:30  
False : No      Layer : via8(8)     Bounds (46.065, 45) (56.065, 55)

Density violation
Actual:0   Min:0.32   Max:30  
False : No      Layer : via8(8)     Bounds (46.065, 46.065) (56.065, 56.065)

Density violation
Actual:0   Min:0.32   Max:30  
False : No      Layer : via8(8)     Bounds (46.065, 5) (56.065, 15)

Density violation
Actual:0   Min:0.32   Max:30  
False : No      Layer : via8(8)     Bounds (5, 0) (15, 10)

Density violation
Actual:0   Min:0.32   Max:30  
False : No      Layer : via8(8)     Bounds (5, 10) (15, 20)

Density violation
Actual:0   Min:0.32   Max:30  
False : No      Layer : via8(8)     Bounds (5, 15) (15, 25)

Density violation
Actual:0   Min:0.32   Max:30  
False : No      Layer : via8(8)     Bounds (5, 20) (15, 30)

Density violation
Actual:0   Min:0.32   Max:30  
False : No      Layer : via8(8)     Bounds (5, 25) (15, 35)

Density violation
Actual:0   Min:0.32   Max:30  
False : No      Layer : via8(8)     Bounds (5, 30) (15, 40)

Density violation
Actual:0   Min:0.32   Max:30  
False : No      Layer : via8(8)     Bounds (5, 35) (15, 45)

Density violation
Actual:0   Min:0.32   Max:30  
False : No      Layer : via8(8)     Bounds (5, 40) (15, 50)

*********** ENCOUNTER Violation Browser Report ********** 
Report File Name :  gcd.viols.rpt                                                                             Page : 26

Density violation
Actual:0   Min:0.32   Max:30  
False : No      Layer : via8(8)     Bounds (5, 45) (15, 55)

Density violation
Actual:0   Min:0.32   Max:30  
False : No      Layer : via8(8)     Bounds (5, 46.065) (15, 56.065)

Density violation
Actual:0   Min:0.32   Max:30  
False : No      Layer : via8(8)     Bounds (5, 5) (15, 15)

Density violation
Actual:0   Min:1.28   Max:30  
False : No      Layer : via9(9)     Bounds (0, 0) (10, 10)

Density violation
Actual:0   Min:1.28   Max:30  
False : No      Layer : via9(9)     Bounds (0, 10) (10, 20)

Density violation
Actual:0   Min:1.28   Max:30  
False : No      Layer : via9(9)     Bounds (0, 15) (10, 25)

Density violation
Actual:0   Min:1.28   Max:30  
False : No      Layer : via9(9)     Bounds (0, 20) (10, 30)

Density violation
Actual:0   Min:1.28   Max:30  
False : No      Layer : via9(9)     Bounds (0, 25) (10, 35)

Density violation
Actual:0   Min:1.28   Max:30  
False : No      Layer : via9(9)     Bounds (0, 30) (10, 40)

Density violation
Actual:0   Min:1.28   Max:30  
False : No      Layer : via9(9)     Bounds (0, 35) (10, 45)

Density violation
Actual:0   Min:1.28   Max:30  
False : No      Layer : via9(9)     Bounds (0, 40) (10, 50)

Density violation
Actual:0   Min:1.28   Max:30  
False : No      Layer : via9(9)     Bounds (0, 45) (10, 55)

Density violation
Actual:0   Min:1.28   Max:30  
False : No      Layer : via9(9)     Bounds (0, 46.065) (10, 56.065)

Density violation
Actual:0   Min:1.28   Max:30  
False : No      Layer : via9(9)     Bounds (0, 5) (10, 15)

Density violation
Actual:0   Min:1.28   Max:30  
False : No      Layer : via9(9)     Bounds (10, 0) (20, 10)

Density violation
Actual:0   Min:1.28   Max:30  
False : No      Layer : via9(9)     Bounds (10, 10) (20, 20)

Density violation
Actual:0   Min:1.28   Max:30  
False : No      Layer : via9(9)     Bounds (10, 15) (20, 25)

Density violation
Actual:0   Min:1.28   Max:30  
False : No      Layer : via9(9)     Bounds (10, 20) (20, 30)

Density violation
Actual:0   Min:1.28   Max:30  
False : No      Layer : via9(9)     Bounds (10, 25) (20, 35)

Density violation
Actual:0   Min:1.28   Max:30  
False : No      Layer : via9(9)     Bounds (10, 30) (20, 40)

Density violation
Actual:0   Min:1.28   Max:30  
False : No      Layer : via9(9)     Bounds (10, 35) (20, 45)

Density violation
Actual:0   Min:1.28   Max:30  
False : No      Layer : via9(9)     Bounds (10, 40) (20, 50)

*********** ENCOUNTER Violation Browser Report ********** 
Report File Name :  gcd.viols.rpt                                                                             Page : 27

Density violation
Actual:0   Min:1.28   Max:30  
False : No      Layer : via9(9)     Bounds (10, 45) (20, 55)

Density violation
Actual:0   Min:1.28   Max:30  
False : No      Layer : via9(9)     Bounds (10, 46.065) (20, 56.065)

Density violation
Actual:0   Min:1.28   Max:30  
False : No      Layer : via9(9)     Bounds (10, 5) (20, 15)

Density violation
Actual:0   Min:1.28   Max:30  
False : No      Layer : via9(9)     Bounds (15, 0) (25, 10)

Density violation
Actual:0   Min:1.28   Max:30  
False : No      Layer : via9(9)     Bounds (15, 10) (25, 20)

Density violation
Actual:0   Min:1.28   Max:30  
False : No      Layer : via9(9)     Bounds (15, 15) (25, 25)

Density violation
Actual:0   Min:1.28   Max:30  
False : No      Layer : via9(9)     Bounds (15, 20) (25, 30)

Density violation
Actual:0   Min:1.28   Max:30  
False : No      Layer : via9(9)     Bounds (15, 25) (25, 35)

Density violation
Actual:0   Min:1.28   Max:30  
False : No      Layer : via9(9)     Bounds (15, 30) (25, 40)

Density violation
Actual:0   Min:1.28   Max:30  
False : No      Layer : via9(9)     Bounds (15, 35) (25, 45)

Density violation
Actual:0   Min:1.28   Max:30  
False : No      Layer : via9(9)     Bounds (15, 40) (25, 50)

Density violation
Actual:0   Min:1.28   Max:30  
False : No      Layer : via9(9)     Bounds (15, 45) (25, 55)

Density violation
Actual:0   Min:1.28   Max:30  
False : No      Layer : via9(9)     Bounds (15, 46.065) (25, 56.065)

Density violation
Actual:0   Min:1.28   Max:30  
False : No      Layer : via9(9)     Bounds (15, 5) (25, 15)

Density violation
Actual:0   Min:1.28   Max:30  
False : No      Layer : via9(9)     Bounds (20, 0) (30, 10)

Density violation
Actual:0   Min:1.28   Max:30  
False : No      Layer : via9(9)     Bounds (20, 10) (30, 20)

Density violation
Actual:0   Min:1.28   Max:30  
False : No      Layer : via9(9)     Bounds (20, 15) (30, 25)

Density violation
Actual:0   Min:1.28   Max:30  
False : No      Layer : via9(9)     Bounds (20, 20) (30, 30)

Density violation
Actual:0   Min:1.28   Max:30  
False : No      Layer : via9(9)     Bounds (20, 25) (30, 35)

Density violation
Actual:0   Min:1.28   Max:30  
False : No      Layer : via9(9)     Bounds (20, 30) (30, 40)

Density violation
Actual:0   Min:1.28   Max:30  
False : No      Layer : via9(9)     Bounds (20, 35) (30, 45)

Density violation
Actual:0   Min:1.28   Max:30  
False : No      Layer : via9(9)     Bounds (20, 40) (30, 50)

*********** ENCOUNTER Violation Browser Report ********** 
Report File Name :  gcd.viols.rpt                                                                             Page : 28

Density violation
Actual:0   Min:1.28   Max:30  
False : No      Layer : via9(9)     Bounds (20, 45) (30, 55)

Density violation
Actual:0   Min:1.28   Max:30  
False : No      Layer : via9(9)     Bounds (20, 46.065) (30, 56.065)

Density violation
Actual:0   Min:1.28   Max:30  
False : No      Layer : via9(9)     Bounds (20, 5) (30, 15)

Density violation
Actual:0   Min:1.28   Max:30  
False : No      Layer : via9(9)     Bounds (25, 0) (35, 10)

Density violation
Actual:0   Min:1.28   Max:30  
False : No      Layer : via9(9)     Bounds (25, 10) (35, 20)

Density violation
Actual:0   Min:1.28   Max:30  
False : No      Layer : via9(9)     Bounds (25, 15) (35, 25)

Density violation
Actual:0   Min:1.28   Max:30  
False : No      Layer : via9(9)     Bounds (25, 20) (35, 30)

Density violation
Actual:0   Min:1.28   Max:30  
False : No      Layer : via9(9)     Bounds (25, 25) (35, 35)

Density violation
Actual:0   Min:1.28   Max:30  
False : No      Layer : via9(9)     Bounds (25, 30) (35, 40)

Density violation
Actual:0   Min:1.28   Max:30  
False : No      Layer : via9(9)     Bounds (25, 35) (35, 45)

Density violation
Actual:0   Min:1.28   Max:30  
False : No      Layer : via9(9)     Bounds (25, 40) (35, 50)

Density violation
Actual:0   Min:1.28   Max:30  
False : No      Layer : via9(9)     Bounds (25, 45) (35, 55)

Density violation
Actual:0   Min:1.28   Max:30  
False : No      Layer : via9(9)     Bounds (25, 46.065) (35, 56.065)

Density violation
Actual:0   Min:1.28   Max:30  
False : No      Layer : via9(9)     Bounds (25, 5) (35, 15)

Density violation
Actual:0   Min:1.28   Max:30  
False : No      Layer : via9(9)     Bounds (30, 0) (40, 10)

Density violation
Actual:0   Min:1.28   Max:30  
False : No      Layer : via9(9)     Bounds (30, 10) (40, 20)

Density violation
Actual:0   Min:1.28   Max:30  
False : No      Layer : via9(9)     Bounds (30, 15) (40, 25)

Density violation
Actual:0   Min:1.28   Max:30  
False : No      Layer : via9(9)     Bounds (30, 20) (40, 30)

Density violation
Actual:0   Min:1.28   Max:30  
False : No      Layer : via9(9)     Bounds (30, 25) (40, 35)

Density violation
Actual:0   Min:1.28   Max:30  
False : No      Layer : via9(9)     Bounds (30, 30) (40, 40)

Density violation
Actual:0   Min:1.28   Max:30  
False : No      Layer : via9(9)     Bounds (30, 35) (40, 45)

Density violation
Actual:0   Min:1.28   Max:30  
False : No      Layer : via9(9)     Bounds (30, 40) (40, 50)

*********** ENCOUNTER Violation Browser Report ********** 
Report File Name :  gcd.viols.rpt                                                                             Page : 29

Density violation
Actual:0   Min:1.28   Max:30  
False : No      Layer : via9(9)     Bounds (30, 45) (40, 55)

Density violation
Actual:0   Min:1.28   Max:30  
False : No      Layer : via9(9)     Bounds (30, 46.065) (40, 56.065)

Density violation
Actual:0   Min:1.28   Max:30  
False : No      Layer : via9(9)     Bounds (30, 5) (40, 15)

Density violation
Actual:0   Min:1.28   Max:30  
False : No      Layer : via9(9)     Bounds (35, 0) (45, 10)

Density violation
Actual:0   Min:1.28   Max:30  
False : No      Layer : via9(9)     Bounds (35, 10) (45, 20)

Density violation
Actual:0   Min:1.28   Max:30  
False : No      Layer : via9(9)     Bounds (35, 15) (45, 25)

Density violation
Actual:0   Min:1.28   Max:30  
False : No      Layer : via9(9)     Bounds (35, 20) (45, 30)

Density violation
Actual:0   Min:1.28   Max:30  
False : No      Layer : via9(9)     Bounds (35, 25) (45, 35)

Density violation
Actual:0   Min:1.28   Max:30  
False : No      Layer : via9(9)     Bounds (35, 30) (45, 40)

Density violation
Actual:0   Min:1.28   Max:30  
False : No      Layer : via9(9)     Bounds (35, 35) (45, 45)

Density violation
Actual:0   Min:1.28   Max:30  
False : No      Layer : via9(9)     Bounds (35, 40) (45, 50)

Density violation
Actual:0   Min:1.28   Max:30  
False : No      Layer : via9(9)     Bounds (35, 45) (45, 55)

Density violation
Actual:0   Min:1.28   Max:30  
False : No      Layer : via9(9)     Bounds (35, 46.065) (45, 56.065)

Density violation
Actual:0   Min:1.28   Max:30  
False : No      Layer : via9(9)     Bounds (35, 5) (45, 15)

Density violation
Actual:0   Min:1.28   Max:30  
False : No      Layer : via9(9)     Bounds (40, 0) (50, 10)

Density violation
Actual:0   Min:1.28   Max:30  
False : No      Layer : via9(9)     Bounds (40, 10) (50, 20)

Density violation
Actual:0   Min:1.28   Max:30  
False : No      Layer : via9(9)     Bounds (40, 15) (50, 25)

Density violation
Actual:0   Min:1.28   Max:30  
False : No      Layer : via9(9)     Bounds (40, 20) (50, 30)

Density violation
Actual:0   Min:1.28   Max:30  
False : No      Layer : via9(9)     Bounds (40, 25) (50, 35)

Density violation
Actual:0   Min:1.28   Max:30  
False : No      Layer : via9(9)     Bounds (40, 30) (50, 40)

Density violation
Actual:0   Min:1.28   Max:30  
False : No      Layer : via9(9)     Bounds (40, 35) (50, 45)

Density violation
Actual:0   Min:1.28   Max:30  
False : No      Layer : via9(9)     Bounds (40, 40) (50, 50)

*********** ENCOUNTER Violation Browser Report ********** 
Report File Name :  gcd.viols.rpt                                                                             Page : 30

Density violation
Actual:0   Min:1.28   Max:30  
False : No      Layer : via9(9)     Bounds (40, 45) (50, 55)

Density violation
Actual:0   Min:1.28   Max:30  
False : No      Layer : via9(9)     Bounds (40, 46.065) (50, 56.065)

Density violation
Actual:0   Min:1.28   Max:30  
False : No      Layer : via9(9)     Bounds (40, 5) (50, 15)

Density violation
Actual:0   Min:1.28   Max:30  
False : No      Layer : via9(9)     Bounds (45, 0) (55, 10)

Density violation
Actual:0   Min:1.28   Max:30  
False : No      Layer : via9(9)     Bounds (45, 10) (55, 20)

Density violation
Actual:0   Min:1.28   Max:30  
False : No      Layer : via9(9)     Bounds (45, 15) (55, 25)

Density violation
Actual:0   Min:1.28   Max:30  
False : No      Layer : via9(9)     Bounds (45, 20) (55, 30)

Density violation
Actual:0   Min:1.28   Max:30  
False : No      Layer : via9(9)     Bounds (45, 25) (55, 35)

Density violation
Actual:0   Min:1.28   Max:30  
False : No      Layer : via9(9)     Bounds (45, 30) (55, 40)

Density violation
Actual:0   Min:1.28   Max:30  
False : No      Layer : via9(9)     Bounds (45, 35) (55, 45)

Density violation
Actual:0   Min:1.28   Max:30  
False : No      Layer : via9(9)     Bounds (45, 40) (55, 50)

Density violation
Actual:0   Min:1.28   Max:30  
False : No      Layer : via9(9)     Bounds (45, 45) (55, 55)

Density violation
Actual:0   Min:1.28   Max:30  
False : No      Layer : via9(9)     Bounds (45, 46.065) (55, 56.065)

Density violation
Actual:0   Min:1.28   Max:30  
False : No      Layer : via9(9)     Bounds (45, 5) (55, 15)

Density violation
Actual:0   Min:1.28   Max:30  
False : No      Layer : via9(9)     Bounds (46.065, 0) (56.065, 10)

Density violation
Actual:0   Min:1.28   Max:30  
False : No      Layer : via9(9)     Bounds (46.065, 10) (56.065, 20)

Density violation
Actual:0   Min:1.28   Max:30  
False : No      Layer : via9(9)     Bounds (46.065, 15) (56.065, 25)

Density violation
Actual:0   Min:1.28   Max:30  
False : No      Layer : via9(9)     Bounds (46.065, 20) (56.065, 30)

Density violation
Actual:0   Min:1.28   Max:30  
False : No      Layer : via9(9)     Bounds (46.065, 25) (56.065, 35)

Density violation
Actual:0   Min:1.28   Max:30  
False : No      Layer : via9(9)     Bounds (46.065, 30) (56.065, 40)

Density violation
Actual:0   Min:1.28   Max:30  
False : No      Layer : via9(9)     Bounds (46.065, 35) (56.065, 45)

Density violation
Actual:0   Min:1.28   Max:30  
False : No      Layer : via9(9)     Bounds (46.065, 40) (56.065, 50)

*********** ENCOUNTER Violation Browser Report ********** 
Report File Name :  gcd.viols.rpt                                                                             Page : 31

Density violation
Actual:0   Min:1.28   Max:30  
False : No      Layer : via9(9)     Bounds (46.065, 45) (56.065, 55)

Density violation
Actual:0   Min:1.28   Max:30  
False : No      Layer : via9(9)     Bounds (46.065, 46.065) (56.065, 56.065)

Density violation
Actual:0   Min:1.28   Max:30  
False : No      Layer : via9(9)     Bounds (46.065, 5) (56.065, 15)

Density violation
Actual:0   Min:1.28   Max:30  
False : No      Layer : via9(9)     Bounds (5, 0) (15, 10)

Density violation
Actual:0   Min:1.28   Max:30  
False : No      Layer : via9(9)     Bounds (5, 10) (15, 20)

Density violation
Actual:0   Min:1.28   Max:30  
False : No      Layer : via9(9)     Bounds (5, 15) (15, 25)

Density violation
Actual:0   Min:1.28   Max:30  
False : No      Layer : via9(9)     Bounds (5, 20) (15, 30)

Density violation
Actual:0   Min:1.28   Max:30  
False : No      Layer : via9(9)     Bounds (5, 25) (15, 35)

Density violation
Actual:0   Min:1.28   Max:30  
False : No      Layer : via9(9)     Bounds (5, 30) (15, 40)

Density violation
Actual:0   Min:1.28   Max:30  
False : No      Layer : via9(9)     Bounds (5, 35) (15, 45)

Density violation
Actual:0   Min:1.28   Max:30  
False : No      Layer : via9(9)     Bounds (5, 40) (15, 50)

Density violation
Actual:0   Min:1.28   Max:30  
False : No      Layer : via9(9)     Bounds (5, 45) (15, 55)

Density violation
Actual:0   Min:1.28   Max:30  
False : No      Layer : via9(9)     Bounds (5, 46.065) (15, 56.065)

Density violation
Actual:0   Min:1.28   Max:30  
False : No      Layer : via9(9)     Bounds (5, 5) (15, 15)

