###############################################################
#  Generated by:      Cadence Innovus 21.11-s130_1
#  OS:                Linux x86_64(Host ID redondo-asia-tpe-desktop-pawanekar-0)
#  Generated on:      Fri Nov  3 03:54:05 2023
#  Design:            gcd
#  Command:           verifyCutDensity -detailed -globalDensity
###############################################################

Verify Cut Density report created on Fri Nov  3 03:54:05 2023

    Layer    Density(%)          Window  
***************************************************

     V12        0.07         (0 0) (10 10)
     V12        0.02         (5 0) (15 10)
     V12        0.02         (10 0) (20 10)
     V12        0.14         (15 0) (25 10)
     V12        0.17         (20 0) (30 10)
     V12        0.16         (25 0) (35 10)
     V12        0.28         (30 0) (40 10)
     V12        0.26         (35 0) (45 10)
     V12        0.17         (40 0) (50 10)
     V12        0.15         (40.565 0) (50.565 10)
     V12        0.04         (0 5) (10 15)
     V12        0.03         (5 5) (15 15)
     V12        0.11         (10 5) (20 15)
     V12        0.27         (15 5) (25 15)
     V12        0.37         (20 5) (30 15)
     V12        0.40         (25 5) (35 15)
     V12        0.48         (30 5) (40 15)
     V12        0.51         (35 5) (45 15)
     V12        0.38         (40 5) (50 15)
     V12        0.33         (40.565 5) (50.565 15)
     V12        0.05         (0 10) (10 20)
     V12        0.10         (5 10) (15 20)
     V12        0.26         (10 10) (20 20)
     V12        0.41         (15 10) (25 20)
     V12        0.48         (20 10) (30 20)
     V12        0.53         (25 10) (35 20)
     V12        0.55         (30 10) (40 20)
     V12        0.57         (35 10) (45 20)
     V12        0.47         (40 10) (50 20)
     V12        0.44         (40.565 10) (50.565 20)
     V12        0.09         (0 15) (10 25)
     V12        0.19         (5 15) (15 25)
     V12        0.47         (10 15) (20 25)
     V12        0.53         (15 15) (25 25)
     V12        0.43         (20 15) (30 25)
     V12        0.50         (25 15) (35 25)
     V12        0.57         (30 15) (40 25)
     V12        0.55         (35 15) (45 25)
     V12        0.45         (40 15) (50 25)
     V12        0.43         (40.565 15) (50.565 25)
     V12        0.10         (0 20) (10 30)
     V12        0.20         (5 20) (15 30)
     V12        0.57         (10 20) (20 30)
     V12        0.59         (15 20) (25 30)
     V12        0.44         (20 20) (30 30)
     V12        0.47         (25 20) (35 30)
     V12        0.50         (30 20) (40 30)
     V12        0.50         (35 20) (45 30)
     V12        0.43         (40 20) (50 30)
     V12        0.41         (40.565 20) (50.565 30)
     V12        0.11         (0 25) (10 35)
     V12        0.09         (5 25) (15 35)
     V12        0.43         (10 25) (20 35)
     V12        0.59         (15 25) (25 35)
     V12        0.53         (20 25) (30 35)
     V12        0.54         (25 25) (35 35)
     V12        0.50         (30 25) (40 35)
     V12        0.43         (35 25) (45 35)
     V12        0.31         (40 25) (50 35)
     V12        0.29         (40.565 25) (50.565 35)
     V12        0.10         (0 30) (10 40)
     V12        0.08         (5 30) (15 40)
     V12        0.37         (10 30) (20 40)
     V12        0.58         (15 30) (25 40)
     V12        0.57         (20 30) (30 40)
     V12        0.62         (25 30) (35 40)
     V12        0.57         (30 30) (40 40)
     V12        0.48         (35 30) (45 40)
     V12        0.30         (40 30) (50 40)
     V12        0.26         (40.565 30) (50.565 40)
     V12        0.10         (0 35) (10 45)
     V12        0.09         (5 35) (15 45)
     V12        0.23         (10 35) (20 45)
     V12        0.35         (15 35) (25 45)
     V12        0.38         (20 35) (30 45)
     V12        0.43         (25 35) (35 45)
     V12        0.44         (30 35) (40 45)
     V12        0.34         (35 35) (45 45)
     V12        0.21         (40 35) (50 45)
     V12        0.19         (40.565 35) (50.565 45)
     V12        0.07         (0 40) (10 50)
     V12        0.03         (5 40) (15 50)
     V12        0.05         (10 40) (20 50)
     V12        0.14         (15 40) (25 50)
     V12        0.18         (20 40) (30 50)
     V12        0.22         (25 40) (35 50)
     V12        0.25         (30 40) (40 50)
     V12        0.12         (35 40) (45 50)
     V12        0.04         (40 40) (50 50)
     V12        0.03         (40.565 40) (50.565 50)
     V12        0.07         (0 40.565) (10 50.565)
     V12        0.03         (5 40.565) (15 50.565)
     V12        0.05         (10 40.565) (20 50.565)
     V12        0.12         (15 40.565) (25 50.565)
     V12        0.17         (20 40.565) (30 50.565)
     V12        0.22         (25 40.565) (35 50.565)
     V12        0.25         (30 40.565) (40 50.565)
     V12        0.12         (35 40.565) (45 50.565)
     V12        0.04         (40 40.565) (50 50.565)
     V12        0.03         (40.565 40.565) (50.565 50.565)

     V12        0.28         (global density)

     V23        0.05         (0 0) (10 10)
     V23       *0.00         (5 0) (15 10)
     V23       *0.00         (10 0) (20 10)
     V23        0.05         (15 0) (25 10)
     V23        0.07         (20 0) (30 10)
     V23        0.14         (25 0) (35 10)
     V23        0.20         (30 0) (40 10)
     V23        0.17         (35 0) (45 10)
     V23        0.11         (40 0) (50 10)
     V23        0.09         (40.565 0) (50.565 10)
     V23        0.04         (0 5) (10 15)
     V23        0.02         (5 5) (15 15)
     V23        0.08         (10 5) (20 15)
     V23        0.21         (15 5) (25 15)
     V23        0.29         (20 5) (30 15)
     V23        0.38         (25 5) (35 15)
     V23        0.47         (30 5) (40 15)
     V23        0.46         (35 5) (45 15)
     V23        0.30         (40 5) (50 15)
     V23        0.26         (40.565 5) (50.565 15)
     V23        0.06         (0 10) (10 20)
     V23        0.11         (5 10) (15 20)
     V23        0.27         (10 10) (20 20)
     V23        0.45         (15 10) (25 20)
     V23        0.48         (20 10) (30 20)
     V23        0.47         (25 10) (35 20)
     V23        0.57         (30 10) (40 20)
     V23        0.58         (35 10) (45 20)
     V23        0.43         (40 10) (50 20)
     V23        0.39         (40.565 10) (50.565 20)
     V23        0.09         (0 15) (10 25)
     V23        0.19         (5 15) (15 25)
     V23        0.45         (10 15) (20 25)
     V23        0.50         (15 15) (25 25)
     V23        0.39         (20 15) (30 25)
     V23        0.42         (25 15) (35 25)
     V23        0.52         (30 15) (40 25)
     V23        0.51         (35 15) (45 25)
     V23        0.41         (40 15) (50 25)
     V23        0.39         (40.565 15) (50.565 25)
     V23        0.10         (0 20) (10 30)
     V23        0.15         (5 20) (15 30)
     V23        0.48         (10 20) (20 30)
     V23        0.49         (15 20) (25 30)
     V23        0.33         (20 20) (30 30)
     V23        0.42         (25 20) (35 30)
     V23        0.46         (30 20) (40 30)
     V23        0.45         (35 20) (45 30)
     V23        0.40         (40 20) (50 30)
     V23        0.38         (40.565 20) (50.565 30)
     V23        0.10         (0 25) (10 35)
     V23        0.06         (5 25) (15 35)
     V23        0.34         (10 25) (20 35)
     V23        0.47         (15 25) (25 35)
     V23        0.38         (20 25) (30 35)
     V23        0.43         (25 25) (35 35)
     V23        0.40         (30 25) (40 35)
     V23        0.35         (35 25) (45 35)
     V23        0.28         (40 25) (50 35)
     V23        0.25         (40.565 25) (50.565 35)
     V23        0.08         (0 30) (10 40)
     V23        0.08         (5 30) (15 40)
     V23        0.29         (10 30) (20 40)
     V23        0.42         (15 30) (25 40)
     V23        0.44         (20 30) (30 40)
     V23        0.51         (25 30) (35 40)
     V23        0.44         (30 30) (40 40)
     V23        0.39         (35 30) (45 40)
     V23        0.27         (40 30) (50 40)
     V23        0.24         (40.565 30) (50.565 40)
     V23        0.08         (0 35) (10 45)
     V23        0.10         (5 35) (15 45)
     V23        0.21         (10 35) (20 45)
     V23        0.28         (15 35) (25 45)
     V23        0.33         (20 35) (30 45)
     V23        0.39         (25 35) (35 45)
     V23        0.37         (30 35) (40 45)
     V23        0.31         (35 35) (45 45)
     V23        0.22         (40 35) (50 45)
     V23        0.20         (40.565 35) (50.565 45)
     V23        0.06         (0 40) (10 50)
     V23        0.03         (5 40) (15 50)
     V23        0.05         (10 40) (20 50)
     V23        0.09         (15 40) (25 50)
     V23        0.12         (20 40) (30 50)
     V23        0.16         (25 40) (35 50)
     V23        0.16         (30 40) (40 50)
     V23        0.08         (35 40) (45 50)
     V23        0.04         (40 40) (50 50)
     V23        0.04         (40.565 40) (50.565 50)
     V23        0.06         (0 40.565) (10 50.565)
     V23        0.03         (5 40.565) (15 50.565)
     V23        0.04         (10 40.565) (20 50.565)
     V23        0.08         (15 40.565) (25 50.565)
     V23        0.12         (20 40.565) (30 50.565)
     V23        0.16         (25 40.565) (35 50.565)
     V23        0.15         (30 40.565) (40 50.565)
     V23        0.07         (35 40.565) (45 50.565)
     V23        0.04         (40 40.565) (50 50.565)
     V23        0.04         (40.565 40.565) (50.565 50.565)

     V23        0.23         (global density)

     V34        0.04         (0 0) (10 10)
     V34       *0.00         (5 0) (15 10)
     V34       *0.00         (10 0) (20 10)
     V34        0.04         (15 0) (25 10)
     V34        0.05         (20 0) (30 10)
     V34        0.06         (25 0) (35 10)
     V34        0.06         (30 0) (40 10)
     V34        0.02         (35 0) (45 10)
     V34        0.01         (40 0) (50 10)
     V34        0.01         (40.565 0) (50.565 10)
     V34        0.04         (0 5) (10 15)
     V34        0.01         (5 5) (15 15)
     V34        0.02         (10 5) (20 15)
     V34        0.04         (15 5) (25 15)
     V34        0.07         (20 5) (30 15)
     V34        0.12         (25 5) (35 15)
     V34        0.15         (30 5) (40 15)
     V34        0.08         (35 5) (45 15)
     V34        0.04         (40 5) (50 15)
     V34        0.04         (40.565 5) (50.565 15)
     V34        0.04         (0 10) (10 20)
     V34        0.02         (5 10) (15 20)
     V34        0.04         (10 10) (20 20)
     V34        0.07         (15 10) (25 20)
     V34        0.10         (20 10) (30 20)
     V34        0.14         (25 10) (35 20)
     V34        0.16         (30 10) (40 20)
     V34        0.12         (35 10) (45 20)
     V34        0.07         (40 10) (50 20)
     V34        0.07         (40.565 10) (50.565 20)
     V34        0.06         (0 15) (10 25)
     V34        0.01         (5 15) (15 25)
     V34        0.07         (10 15) (20 25)
     V34        0.12         (15 15) (25 25)
     V34        0.09         (20 15) (30 25)
     V34        0.11         (25 15) (35 25)
     V34        0.14         (30 15) (40 25)
     V34        0.12         (35 15) (45 25)
     V34        0.08         (40 15) (50 25)
     V34        0.08         (40.565 15) (50.565 25)
     V34        0.07         (0 20) (10 30)
     V34        0.02         (5 20) (15 30)
     V34        0.08         (10 20) (20 30)
     V34        0.10         (15 20) (25 30)
     V34        0.07         (20 20) (30 30)
     V34        0.12         (25 20) (35 30)
     V34        0.15         (30 20) (40 30)
     V34        0.10         (35 20) (45 30)
     V34        0.06         (40 20) (50 30)
     V34        0.05         (40.565 20) (50.565 30)
     V34        0.06         (0 25) (10 35)
     V34        0.02         (5 25) (15 35)
     V34        0.05         (10 25) (20 35)
     V34        0.05         (15 25) (25 35)
     V34        0.06         (20 25) (30 35)
     V34        0.14         (25 25) (35 35)
     V34        0.17         (30 25) (40 35)
     V34        0.10         (35 25) (45 35)
     V34        0.06         (40 25) (50 35)
     V34        0.05         (40.565 25) (50.565 35)
     V34        0.05         (0 30) (10 40)
     V34        0.03         (5 30) (15 40)
     V34        0.06         (10 30) (20 40)
     V34        0.09         (15 30) (25 40)
     V34        0.10         (20 30) (30 40)
     V34        0.15         (25 30) (35 40)
     V34        0.16         (30 30) (40 40)
     V34        0.10         (35 30) (45 40)
     V34        0.06         (40 30) (50 40)
     V34        0.05         (40.565 30) (50.565 40)
     V34        0.05         (0 35) (10 45)
     V34        0.02         (5 35) (15 45)
     V34        0.03         (10 35) (20 45)
     V34        0.07         (15 35) (25 45)
     V34        0.09         (20 35) (30 45)
     V34        0.12         (25 35) (35 45)
     V34        0.11         (30 35) (40 45)
     V34        0.05         (35 35) (45 45)
     V34        0.02         (40 35) (50 45)
     V34        0.02         (40.565 35) (50.565 45)
     V34        0.04         (0 40) (10 50)
     V34       *0.00         (5 40) (15 50)
     V34       *0.00         (10 40) (20 50)
     V34        0.03         (15 40) (25 50)
     V34        0.03         (20 40) (30 50)
     V34        0.06         (25 40) (35 50)
     V34        0.07         (30 40) (40 50)
     V34        0.01         (35 40) (45 50)
     V34       *0.00         (40 40) (50 50)
     V34       *0.00         (40.565 40) (50.565 50)
     V34        0.04         (0 40.565) (10 50.565)
     V34       *0.00         (5 40.565) (15 50.565)
     V34       *0.00         (10 40.565) (20 50.565)
     V34        0.03         (15 40.565) (25 50.565)
     V34        0.03         (20 40.565) (30 50.565)
     V34        0.06         (25 40.565) (35 50.565)
     V34        0.07         (30 40.565) (40 50.565)
     V34        0.01         (35 40.565) (45 50.565)
     V34       *0.00         (40 40.565) (50 50.565)
     V34       *0.00         (40.565 40.565) (50.565 50.565)

     V34        0.06         (global density)

     V45        0.20         (0 0) (10 10)
     V45       *0.00         (5 0) (15 10)
     V45       *0.00         (10 0) (20 10)
     V45        0.04         (15 0) (25 10)
     V45        0.06         (20 0) (30 10)
     V45       *0.02         (25 0) (35 10)
     V45       *0.00         (30 0) (40 10)
     V45       *0.02         (35 0) (45 10)
     V45        0.04         (40 0) (50 10)
     V45        0.04         (40.565 0) (50.565 10)
     V45        0.06         (0 5) (10 15)
     V45       *0.00         (5 5) (15 15)
     V45       *0.00         (10 5) (20 15)
     V45       *0.02         (15 5) (25 15)
     V45        0.14         (20 5) (30 15)
     V45        0.16         (25 5) (35 15)
     V45        0.14         (30 5) (40 15)
     V45        0.14         (35 5) (45 15)
     V45        0.08         (40 5) (50 15)
     V45        0.08         (40.565 5) (50.565 15)
     V45       *0.00         (0 10) (10 20)
     V45       *0.00         (5 10) (15 20)
     V45       *0.00         (10 10) (20 20)
     V45       *0.03         (15 10) (25 20)
     V45        0.20         (20 10) (30 20)
     V45        0.21         (25 10) (35 20)
     V45        0.17         (30 10) (40 20)
     V45        0.17         (35 10) (45 20)
     V45        0.08         (40 10) (50 20)
     V45        0.08         (40.565 10) (50.565 20)
     V45       *0.02         (0 15) (10 25)
     V45       *0.02         (5 15) (15 25)
     V45        0.12         (10 15) (20 25)
     V45        0.16         (15 15) (25 25)
     V45        0.14         (20 15) (30 25)
     V45        0.22         (25 15) (35 25)
     V45        0.19         (30 15) (40 25)
     V45        0.06         (35 15) (45 25)
     V45        0.04         (40 15) (50 25)
     V45        0.04         (40.565 15) (50.565 25)
     V45        0.04         (0 20) (10 30)
     V45        0.08         (5 20) (15 30)
     V45        0.18         (10 20) (20 30)
     V45        0.18         (15 20) (25 30)
     V45        0.12         (20 20) (30 30)
     V45        0.29         (25 20) (35 30)
     V45        0.28         (30 20) (40 30)
     V45        0.06         (35 20) (45 30)
     V45        0.06         (40 20) (50 30)
     V45        0.04         (40.565 20) (50.565 30)
     V45        0.04         (0 25) (10 35)
     V45        0.08         (5 25) (15 35)
     V45        0.07         (10 25) (20 35)
     V45        0.10         (15 25) (25 35)
     V45        0.10         (20 25) (30 35)
     V45        0.16         (25 25) (35 35)
     V45        0.28         (30 25) (40 35)
     V45        0.24         (35 25) (45 35)
     V45        0.14         (40 25) (50 35)
     V45        0.08         (40.565 25) (50.565 35)
     V45       *0.02         (0 30) (10 40)
     V45        0.04         (5 30) (15 40)
     V45        0.07         (10 30) (20 40)
     V45        0.16         (15 30) (25 40)
     V45        0.12         (20 30) (30 40)
     V45        0.10         (25 30) (35 40)
     V45        0.22         (30 30) (40 40)
     V45        0.22         (35 30) (45 40)
     V45        0.12         (40 30) (50 40)
     V45        0.08         (40.565 30) (50.565 40)
     V45        0.13         (0 35) (10 45)
     V45       *0.02         (5 35) (15 45)
     V45        0.06         (10 35) (20 45)
     V45        0.12         (15 35) (25 45)
     V45        0.10         (20 35) (30 45)
     V45        0.08         (25 35) (35 45)
     V45        0.10         (30 35) (40 45)
     V45        0.06         (35 35) (45 45)
     V45        0.04         (40 35) (50 45)
     V45        0.04         (40.565 35) (50.565 45)
     V45        0.20         (0 40) (10 50)
     V45       *0.00         (5 40) (15 50)
     V45       *0.00         (10 40) (20 50)
     V45       *0.02         (15 40) (25 50)
     V45       *0.02         (20 40) (30 50)
     V45       *0.02         (25 40) (35 50)
     V45        0.04         (30 40) (40 50)
     V45       *0.02         (35 40) (45 50)
     V45       *0.00         (40 40) (50 50)
     V45       *0.00         (40.565 40) (50.565 50)
     V45        0.20         (0 40.565) (10 50.565)
     V45       *0.00         (5 40.565) (15 50.565)
     V45       *0.00         (10 40.565) (20 50.565)
     V45       *0.02         (15 40.565) (25 50.565)
     V45       *0.02         (20 40.565) (30 50.565)
     V45       *0.02         (25 40.565) (35 50.565)
     V45        0.04         (30 40.565) (40 50.565)
     V45       *0.02         (35 40.565) (45 50.565)
     V45       *0.00         (40 40.565) (50 50.565)
     V45       *0.00         (40.565 40.565) (50.565 50.565)

     V45        0.09         (global density)

     V56        0.20         (0 0) (10 10)
     V56       *0.00         (5 0) (15 10)
     V56       *0.00         (10 0) (20 10)
     V56        0.05         (15 0) (25 10)
     V56        0.08         (20 0) (30 10)
     V56       *0.03         (25 0) (35 10)
     V56       *0.00         (30 0) (40 10)
     V56       *0.02         (35 0) (45 10)
     V56       *0.02         (40 0) (50 10)
     V56       *0.02         (40.565 0) (50.565 10)
     V56        0.06         (0 5) (10 15)
     V56       *0.00         (5 5) (15 15)
     V56       *0.00         (10 5) (20 15)
     V56       *0.02         (15 5) (25 15)
     V56        0.04         (20 5) (30 15)
     V56       *0.02         (25 5) (35 15)
     V56        0.04         (30 5) (40 15)
     V56        0.08         (35 5) (45 15)
     V56        0.04         (40 5) (50 15)
     V56        0.04         (40.565 5) (50.565 15)
     V56       *0.00         (0 10) (10 20)
     V56       *0.00         (5 10) (15 20)
     V56       *0.00         (10 10) (20 20)
     V56       *0.03         (15 10) (25 20)
     V56        0.04         (20 10) (30 20)
     V56       *0.03         (25 10) (35 20)
     V56        0.08         (30 10) (40 20)
     V56        0.10         (35 10) (45 20)
     V56        0.04         (40 10) (50 20)
     V56        0.04         (40.565 10) (50.565 20)
     V56       *0.00         (0 15) (10 25)
     V56       *0.00         (5 15) (15 25)
     V56       *0.02         (10 15) (20 25)
     V56        0.07         (15 15) (25 25)
     V56        0.08         (20 15) (30 25)
     V56        0.20         (25 15) (35 25)
     V56        0.19         (30 15) (40 25)
     V56        0.04         (35 15) (45 25)
     V56       *0.02         (40 15) (50 25)
     V56       *0.02         (40.565 15) (50.565 25)
     V56       *0.00         (0 20) (10 30)
     V56       *0.00         (5 20) (15 30)
     V56       *0.02         (10 20) (20 30)
     V56        0.04         (15 20) (25 30)
     V56        0.04         (20 20) (30 30)
     V56        0.24         (25 20) (35 30)
     V56        0.22         (30 20) (40 30)
     V56       *0.00         (35 20) (45 30)
     V56       *0.00         (40 20) (50 30)
     V56       *0.00         (40.565 20) (50.565 30)
     V56       *0.00         (0 25) (10 35)
     V56       *0.00         (5 25) (15 35)
     V56       *0.00         (10 25) (20 35)
     V56       *0.02         (15 25) (25 35)
     V56       *0.02         (20 25) (30 35)
     V56        0.10         (25 25) (35 35)
     V56        0.10         (30 25) (40 35)
     V56       *0.00         (35 25) (45 35)
     V56       *0.00         (40 25) (50 35)
     V56       *0.00         (40.565 25) (50.565 35)
     V56       *0.00         (0 30) (10 40)
     V56       *0.00         (5 30) (15 40)
     V56       *0.02         (10 30) (20 40)
     V56        0.04         (15 30) (25 40)
     V56       *0.02         (20 30) (30 40)
     V56        0.06         (25 30) (35 40)
     V56        0.06         (30 30) (40 40)
     V56       *0.00         (35 30) (45 40)
     V56       *0.00         (40 30) (50 40)
     V56       *0.00         (40.565 30) (50.565 40)
     V56        0.13         (0 35) (10 45)
     V56       *0.00         (5 35) (15 45)
     V56       *0.02         (10 35) (20 45)
     V56        0.04         (15 35) (25 45)
     V56       *0.02         (20 35) (30 45)
     V56        0.04         (25 35) (35 45)
     V56        0.06         (30 35) (40 45)
     V56       *0.02         (35 35) (45 45)
     V56       *0.00         (40 35) (50 45)
     V56       *0.00         (40.565 35) (50.565 45)
     V56        0.20         (0 40) (10 50)
     V56       *0.00         (5 40) (15 50)
     V56       *0.00         (10 40) (20 50)
     V56       *0.02         (15 40) (25 50)
     V56       *0.02         (20 40) (30 50)
     V56       *0.02         (25 40) (35 50)
     V56        0.04         (30 40) (40 50)
     V56       *0.02         (35 40) (45 50)
     V56       *0.00         (40 40) (50 50)
     V56       *0.00         (40.565 40) (50.565 50)
     V56        0.20         (0 40.565) (10 50.565)
     V56       *0.00         (5 40.565) (15 50.565)
     V56       *0.00         (10 40.565) (20 50.565)
     V56       *0.02         (15 40.565) (25 50.565)
     V56       *0.02         (20 40.565) (30 50.565)
     V56       *0.02         (25 40.565) (35 50.565)
     V56        0.04         (30 40.565) (40 50.565)
     V56       *0.02         (35 40.565) (45 50.565)
     V56       *0.00         (40 40.565) (50 50.565)
     V56       *0.00         (40.565 40.565) (50.565 50.565)

     V56        0.04         (global density)

     V67        0.10         (0 0) (10 10)
     V67       *0.00         (5 0) (15 10)
     V67       *0.00         (10 0) (20 10)
     V67       *0.00         (15 0) (25 10)
     V67       *0.00         (20 0) (30 10)
     V67       *0.00         (25 0) (35 10)
     V67       *0.00         (30 0) (40 10)
     V67       *0.00         (35 0) (45 10)
     V67       *0.00         (40 0) (50 10)
     V67       *0.00         (40.565 0) (50.565 10)
     V67       *0.03         (0 5) (10 15)
     V67       *0.00         (5 5) (15 15)
     V67       *0.00         (10 5) (20 15)
     V67       *0.00         (15 5) (25 15)
     V67       *0.00         (20 5) (30 15)
     V67       *0.00         (25 5) (35 15)
     V67       *0.00         (30 5) (40 15)
     V67       *0.00         (35 5) (45 15)
     V67       *0.00         (40 5) (50 15)
     V67       *0.00         (40.565 5) (50.565 15)
     V67       *0.00         (0 10) (10 20)
     V67       *0.00         (5 10) (15 20)
     V67       *0.00         (10 10) (20 20)
     V67       *0.00         (15 10) (25 20)
     V67       *0.00         (20 10) (30 20)
     V67       *0.00         (25 10) (35 20)
     V67       *0.00         (30 10) (40 20)
     V67       *0.00         (35 10) (45 20)
     V67       *0.00         (40 10) (50 20)
     V67       *0.00         (40.565 10) (50.565 20)
     V67       *0.00         (0 15) (10 25)
     V67       *0.00         (5 15) (15 25)
     V67       *0.00         (10 15) (20 25)
     V67       *0.00         (15 15) (25 25)
     V67       *0.00         (20 15) (30 25)
     V67        0.07         (25 15) (35 25)
     V67        0.07         (30 15) (40 25)
     V67       *0.00         (35 15) (45 25)
     V67       *0.00         (40 15) (50 25)
     V67       *0.00         (40.565 15) (50.565 25)
     V67       *0.00         (0 20) (10 30)
     V67       *0.00         (5 20) (15 30)
     V67       *0.00         (10 20) (20 30)
     V67       *0.00         (15 20) (25 30)
     V67       *0.00         (20 20) (30 30)
     V67        0.10         (25 20) (35 30)
     V67        0.10         (30 20) (40 30)
     V67       *0.00         (35 20) (45 30)
     V67       *0.00         (40 20) (50 30)
     V67       *0.00         (40.565 20) (50.565 30)
     V67       *0.00         (0 25) (10 35)
     V67       *0.00         (5 25) (15 35)
     V67       *0.00         (10 25) (20 35)
     V67       *0.00         (15 25) (25 35)
     V67       *0.00         (20 25) (30 35)
     V67       *0.03         (25 25) (35 35)
     V67       *0.03         (30 25) (40 35)
     V67       *0.00         (35 25) (45 35)
     V67       *0.00         (40 25) (50 35)
     V67       *0.00         (40.565 25) (50.565 35)
     V67       *0.00         (0 30) (10 40)
     V67       *0.00         (5 30) (15 40)
     V67       *0.00         (10 30) (20 40)
     V67       *0.00         (15 30) (25 40)
     V67       *0.00         (20 30) (30 40)
     V67       *0.00         (25 30) (35 40)
     V67       *0.00         (30 30) (40 40)
     V67       *0.00         (35 30) (45 40)
     V67       *0.00         (40 30) (50 40)
     V67       *0.00         (40.565 30) (50.565 40)
     V67        0.07         (0 35) (10 45)
     V67       *0.00         (5 35) (15 45)
     V67       *0.00         (10 35) (20 45)
     V67       *0.00         (15 35) (25 45)
     V67       *0.00         (20 35) (30 45)
     V67       *0.00         (25 35) (35 45)
     V67       *0.00         (30 35) (40 45)
     V67       *0.00         (35 35) (45 45)
     V67       *0.00         (40 35) (50 45)
     V67       *0.00         (40.565 35) (50.565 45)
     V67        0.10         (0 40) (10 50)
     V67       *0.00         (5 40) (15 50)
     V67       *0.00         (10 40) (20 50)
     V67       *0.00         (15 40) (25 50)
     V67       *0.00         (20 40) (30 50)
     V67       *0.00         (25 40) (35 50)
     V67       *0.00         (30 40) (40 50)
     V67       *0.00         (35 40) (45 50)
     V67       *0.00         (40 40) (50 50)
     V67       *0.00         (40.565 40) (50.565 50)
     V67        0.10         (0 40.565) (10 50.565)
     V67       *0.00         (5 40.565) (15 50.565)
     V67       *0.00         (10 40.565) (20 50.565)
     V67       *0.00         (15 40.565) (25 50.565)
     V67       *0.00         (20 40.565) (30 50.565)
     V67       *0.00         (25 40.565) (35 50.565)
     V67       *0.00         (30 40.565) (40 50.565)
     V67       *0.00         (35 40.565) (45 50.565)
     V67       *0.00         (40 40.565) (50 50.565)
     V67       *0.00         (40.565 40.565) (50.565 50.565)

     V67        0.01         (global density)

     V78       *0.00         (0 0) (10 10)
     V78       *0.00         (5 0) (15 10)
     V78       *0.00         (10 0) (20 10)
     V78       *0.00         (15 0) (25 10)
     V78       *0.00         (20 0) (30 10)
     V78       *0.00         (25 0) (35 10)
     V78       *0.00         (30 0) (40 10)
     V78       *0.00         (35 0) (45 10)
     V78       *0.00         (40 0) (50 10)
     V78       *0.00         (40.565 0) (50.565 10)
     V78       *0.00         (0 5) (10 15)
     V78       *0.00         (5 5) (15 15)
     V78       *0.00         (10 5) (20 15)
     V78       *0.00         (15 5) (25 15)
     V78       *0.00         (20 5) (30 15)
     V78       *0.00         (25 5) (35 15)
     V78       *0.00         (30 5) (40 15)
     V78       *0.00         (35 5) (45 15)
     V78       *0.00         (40 5) (50 15)
     V78       *0.00         (40.565 5) (50.565 15)
     V78       *0.00         (0 10) (10 20)
     V78       *0.00         (5 10) (15 20)
     V78       *0.00         (10 10) (20 20)
     V78       *0.00         (15 10) (25 20)
     V78       *0.00         (20 10) (30 20)
     V78       *0.00         (25 10) (35 20)
     V78       *0.00         (30 10) (40 20)
     V78       *0.00         (35 10) (45 20)
     V78       *0.00         (40 10) (50 20)
     V78       *0.00         (40.565 10) (50.565 20)
     V78       *0.00         (0 15) (10 25)
     V78       *0.00         (5 15) (15 25)
     V78       *0.00         (10 15) (20 25)
     V78       *0.00         (15 15) (25 25)
     V78       *0.00         (20 15) (30 25)
     V78       *0.00         (25 15) (35 25)
     V78       *0.00         (30 15) (40 25)
     V78       *0.00         (35 15) (45 25)
     V78       *0.00         (40 15) (50 25)
     V78       *0.00         (40.565 15) (50.565 25)
     V78       *0.00         (0 20) (10 30)
     V78       *0.00         (5 20) (15 30)
     V78       *0.00         (10 20) (20 30)
     V78       *0.00         (15 20) (25 30)
     V78       *0.00         (20 20) (30 30)
     V78       *0.00         (25 20) (35 30)
     V78       *0.00         (30 20) (40 30)
     V78       *0.00         (35 20) (45 30)
     V78       *0.00         (40 20) (50 30)
     V78       *0.00         (40.565 20) (50.565 30)
     V78       *0.00         (0 25) (10 35)
     V78       *0.00         (5 25) (15 35)
     V78       *0.00         (10 25) (20 35)
     V78       *0.00         (15 25) (25 35)
     V78       *0.00         (20 25) (30 35)
     V78       *0.00         (25 25) (35 35)
     V78       *0.00         (30 25) (40 35)
     V78       *0.00         (35 25) (45 35)
     V78       *0.00         (40 25) (50 35)
     V78       *0.00         (40.565 25) (50.565 35)
     V78       *0.00         (0 30) (10 40)
     V78       *0.00         (5 30) (15 40)
     V78       *0.00         (10 30) (20 40)
     V78       *0.00         (15 30) (25 40)
     V78       *0.00         (20 30) (30 40)
     V78       *0.00         (25 30) (35 40)
     V78       *0.00         (30 30) (40 40)
     V78       *0.00         (35 30) (45 40)
     V78       *0.00         (40 30) (50 40)
     V78       *0.00         (40.565 30) (50.565 40)
     V78       *0.00         (0 35) (10 45)
     V78       *0.00         (5 35) (15 45)
     V78       *0.00         (10 35) (20 45)
     V78       *0.00         (15 35) (25 45)
     V78       *0.00         (20 35) (30 45)
     V78       *0.00         (25 35) (35 45)
     V78       *0.00         (30 35) (40 45)
     V78       *0.00         (35 35) (45 45)
     V78       *0.00         (40 35) (50 45)
     V78       *0.00         (40.565 35) (50.565 45)
     V78       *0.00         (0 40) (10 50)
     V78       *0.00         (5 40) (15 50)
     V78       *0.00         (10 40) (20 50)
     V78       *0.00         (15 40) (25 50)
     V78       *0.00         (20 40) (30 50)
     V78       *0.00         (25 40) (35 50)
     V78       *0.00         (30 40) (40 50)
     V78       *0.00         (35 40) (45 50)
     V78       *0.00         (40 40) (50 50)
     V78       *0.00         (40.565 40) (50.565 50)
     V78       *0.00         (0 40.565) (10 50.565)
     V78       *0.00         (5 40.565) (15 50.565)
     V78       *0.00         (10 40.565) (20 50.565)
     V78       *0.00         (15 40.565) (25 50.565)
     V78       *0.00         (20 40.565) (30 50.565)
     V78       *0.00         (25 40.565) (35 50.565)
     V78       *0.00         (30 40.565) (40 50.565)
     V78       *0.00         (35 40.565) (45 50.565)
     V78       *0.00         (40 40.565) (50 50.565)
     V78       *0.00         (40.565 40.565) (50.565 50.565)

     V78        0.00         (global density)

     V89       *0.00         (0 0) (10 10)
     V89       *0.00         (5 0) (15 10)
     V89       *0.00         (10 0) (20 10)
     V89       *0.00         (15 0) (25 10)
     V89       *0.00         (20 0) (30 10)
     V89       *0.00         (25 0) (35 10)
     V89       *0.00         (30 0) (40 10)
     V89       *0.00         (35 0) (45 10)
     V89       *0.00         (40 0) (50 10)
     V89       *0.00         (40.565 0) (50.565 10)
     V89       *0.00         (0 5) (10 15)
     V89       *0.00         (5 5) (15 15)
     V89       *0.00         (10 5) (20 15)
     V89       *0.00         (15 5) (25 15)
     V89       *0.00         (20 5) (30 15)
     V89       *0.00         (25 5) (35 15)
     V89       *0.00         (30 5) (40 15)
     V89       *0.00         (35 5) (45 15)
     V89       *0.00         (40 5) (50 15)
     V89       *0.00         (40.565 5) (50.565 15)
     V89       *0.00         (0 10) (10 20)
     V89       *0.00         (5 10) (15 20)
     V89       *0.00         (10 10) (20 20)
     V89       *0.00         (15 10) (25 20)
     V89       *0.00         (20 10) (30 20)
     V89       *0.00         (25 10) (35 20)
     V89       *0.00         (30 10) (40 20)
     V89       *0.00         (35 10) (45 20)
     V89       *0.00         (40 10) (50 20)
     V89       *0.00         (40.565 10) (50.565 20)
     V89       *0.00         (0 15) (10 25)
     V89       *0.00         (5 15) (15 25)
     V89       *0.00         (10 15) (20 25)
     V89       *0.00         (15 15) (25 25)
     V89       *0.00         (20 15) (30 25)
     V89       *0.00         (25 15) (35 25)
     V89       *0.00         (30 15) (40 25)
     V89       *0.00         (35 15) (45 25)
     V89       *0.00         (40 15) (50 25)
     V89       *0.00         (40.565 15) (50.565 25)
     V89       *0.00         (0 20) (10 30)
     V89       *0.00         (5 20) (15 30)
     V89       *0.00         (10 20) (20 30)
     V89       *0.00         (15 20) (25 30)
     V89       *0.00         (20 20) (30 30)
     V89       *0.00         (25 20) (35 30)
     V89       *0.00         (30 20) (40 30)
     V89       *0.00         (35 20) (45 30)
     V89       *0.00         (40 20) (50 30)
     V89       *0.00         (40.565 20) (50.565 30)
     V89       *0.00         (0 25) (10 35)
     V89       *0.00         (5 25) (15 35)
     V89       *0.00         (10 25) (20 35)
     V89       *0.00         (15 25) (25 35)
     V89       *0.00         (20 25) (30 35)
     V89       *0.00         (25 25) (35 35)
     V89       *0.00         (30 25) (40 35)
     V89       *0.00         (35 25) (45 35)
     V89       *0.00         (40 25) (50 35)
     V89       *0.00         (40.565 25) (50.565 35)
     V89       *0.00         (0 30) (10 40)
     V89       *0.00         (5 30) (15 40)
     V89       *0.00         (10 30) (20 40)
     V89       *0.00         (15 30) (25 40)
     V89       *0.00         (20 30) (30 40)
     V89       *0.00         (25 30) (35 40)
     V89       *0.00         (30 30) (40 40)
     V89       *0.00         (35 30) (45 40)
     V89       *0.00         (40 30) (50 40)
     V89       *0.00         (40.565 30) (50.565 40)
     V89       *0.00         (0 35) (10 45)
     V89       *0.00         (5 35) (15 45)
     V89       *0.00         (10 35) (20 45)
     V89       *0.00         (15 35) (25 45)
     V89       *0.00         (20 35) (30 45)
     V89       *0.00         (25 35) (35 45)
     V89       *0.00         (30 35) (40 45)
     V89       *0.00         (35 35) (45 45)
     V89       *0.00         (40 35) (50 45)
     V89       *0.00         (40.565 35) (50.565 45)
     V89       *0.00         (0 40) (10 50)
     V89       *0.00         (5 40) (15 50)
     V89       *0.00         (10 40) (20 50)
     V89       *0.00         (15 40) (25 50)
     V89       *0.00         (20 40) (30 50)
     V89       *0.00         (25 40) (35 50)
     V89       *0.00         (30 40) (40 50)
     V89       *0.00         (35 40) (45 50)
     V89       *0.00         (40 40) (50 50)
     V89       *0.00         (40.565 40) (50.565 50)
     V89       *0.00         (0 40.565) (10 50.565)
     V89       *0.00         (5 40.565) (15 50.565)
     V89       *0.00         (10 40.565) (20 50.565)
     V89       *0.00         (15 40.565) (25 50.565)
     V89       *0.00         (20 40.565) (30 50.565)
     V89       *0.00         (25 40.565) (35 50.565)
     V89       *0.00         (30 40.565) (40 50.565)
     V89       *0.00         (35 40.565) (45 50.565)
     V89       *0.00         (40 40.565) (50 50.565)
     V89       *0.00         (40.565 40.565) (50.565 50.565)

     V89        0.00         (global density)

    V910       *0.00         (0 0) (10 10)
    V910       *0.00         (5 0) (15 10)
    V910       *0.00         (10 0) (20 10)
    V910       *0.00         (15 0) (25 10)
    V910       *0.00         (20 0) (30 10)
    V910       *0.00         (25 0) (35 10)
    V910       *0.00         (30 0) (40 10)
    V910       *0.00         (35 0) (45 10)
    V910       *0.00         (40 0) (50 10)
    V910       *0.00         (40.565 0) (50.565 10)
    V910       *0.00         (0 5) (10 15)
    V910       *0.00         (5 5) (15 15)
    V910       *0.00         (10 5) (20 15)
    V910       *0.00         (15 5) (25 15)
    V910       *0.00         (20 5) (30 15)
    V910       *0.00         (25 5) (35 15)
    V910       *0.00         (30 5) (40 15)
    V910       *0.00         (35 5) (45 15)
    V910       *0.00         (40 5) (50 15)
    V910       *0.00         (40.565 5) (50.565 15)
    V910       *0.00         (0 10) (10 20)
    V910       *0.00         (5 10) (15 20)
    V910       *0.00         (10 10) (20 20)
    V910       *0.00         (15 10) (25 20)
    V910       *0.00         (20 10) (30 20)
    V910       *0.00         (25 10) (35 20)
    V910       *0.00         (30 10) (40 20)
    V910       *0.00         (35 10) (45 20)
    V910       *0.00         (40 10) (50 20)
    V910       *0.00         (40.565 10) (50.565 20)
    V910       *0.00         (0 15) (10 25)
    V910       *0.00         (5 15) (15 25)
    V910       *0.00         (10 15) (20 25)
    V910       *0.00         (15 15) (25 25)
    V910       *0.00         (20 15) (30 25)
    V910       *0.00         (25 15) (35 25)
    V910       *0.00         (30 15) (40 25)
    V910       *0.00         (35 15) (45 25)
    V910       *0.00         (40 15) (50 25)
    V910       *0.00         (40.565 15) (50.565 25)
    V910       *0.00         (0 20) (10 30)
    V910       *0.00         (5 20) (15 30)
    V910       *0.00         (10 20) (20 30)
    V910       *0.00         (15 20) (25 30)
    V910       *0.00         (20 20) (30 30)
    V910       *0.00         (25 20) (35 30)
    V910       *0.00         (30 20) (40 30)
    V910       *0.00         (35 20) (45 30)
    V910       *0.00         (40 20) (50 30)
    V910       *0.00         (40.565 20) (50.565 30)
    V910       *0.00         (0 25) (10 35)
    V910       *0.00         (5 25) (15 35)
    V910       *0.00         (10 25) (20 35)
    V910       *0.00         (15 25) (25 35)
    V910       *0.00         (20 25) (30 35)
    V910       *0.00         (25 25) (35 35)
    V910       *0.00         (30 25) (40 35)
    V910       *0.00         (35 25) (45 35)
    V910       *0.00         (40 25) (50 35)
    V910       *0.00         (40.565 25) (50.565 35)
    V910       *0.00         (0 30) (10 40)
    V910       *0.00         (5 30) (15 40)
    V910       *0.00         (10 30) (20 40)
    V910       *0.00         (15 30) (25 40)
    V910       *0.00         (20 30) (30 40)
    V910       *0.00         (25 30) (35 40)
    V910       *0.00         (30 30) (40 40)
    V910       *0.00         (35 30) (45 40)
    V910       *0.00         (40 30) (50 40)
    V910       *0.00         (40.565 30) (50.565 40)
    V910       *0.00         (0 35) (10 45)
    V910       *0.00         (5 35) (15 45)
    V910       *0.00         (10 35) (20 45)
    V910       *0.00         (15 35) (25 45)
    V910       *0.00         (20 35) (30 45)
    V910       *0.00         (25 35) (35 45)
    V910       *0.00         (30 35) (40 45)
    V910       *0.00         (35 35) (45 45)
    V910       *0.00         (40 35) (50 45)
    V910       *0.00         (40.565 35) (50.565 45)
    V910       *0.00         (0 40) (10 50)
    V910       *0.00         (5 40) (15 50)
    V910       *0.00         (10 40) (20 50)
    V910       *0.00         (15 40) (25 50)
    V910       *0.00         (20 40) (30 50)
    V910       *0.00         (25 40) (35 50)
    V910       *0.00         (30 40) (40 50)
    V910       *0.00         (35 40) (45 50)
    V910       *0.00         (40 40) (50 50)
    V910       *0.00         (40.565 40) (50.565 50)
    V910       *0.00         (0 40.565) (10 50.565)
    V910       *0.00         (5 40.565) (15 50.565)
    V910       *0.00         (10 40.565) (20 50.565)
    V910       *0.00         (15 40.565) (25 50.565)
    V910       *0.00         (20 40.565) (30 50.565)
    V910       *0.00         (25 40.565) (35 50.565)
    V910       *0.00         (30 40.565) (40 50.565)
    V910       *0.00         (35 40.565) (45 50.565)
    V910       *0.00         (40 40.565) (50 50.565)
    V910       *0.00         (40.565 40.565) (50.565 50.565)

    V910        0.00         (global density)


A total of 500 cut density violation(s).
Windows < Min. Density = 500
Windows > Max. Density = 0

* denotes minimum density violation(s)
# denotes maximum density violation(s)
