###############################################################
#  Generated by:      Cadence Innovus 21.11-s130_1
#  OS:                Linux x86_64(Host ID redondo-asia-tpe-desktop-pawanekar-0)
#  Generated on:      Fri Nov  3 03:51:08 2023
#  Design:            gcd
#  Command:           verifyCutDensity -detailed -globalDensity
###############################################################

Verify Cut Density report created on Fri Nov  3 03:51:08 2023

    Layer    Density(%)          Window  
***************************************************

     V12        0.07         (0 0) (10 10)
     V12        0.02         (5 0) (15 10)
     V12       *0.00         (10 0) (20 10)
     V12        0.02         (15 0) (25 10)
     V12        0.12         (20 0) (30 10)
     V12        0.16         (25 0) (35 10)
     V12        0.09         (30 0) (40 10)
     V12        0.17         (35 0) (45 10)
     V12        0.23         (40 0) (50 10)
     V12        0.16         (45 0) (55 10)
     V12        0.13         (46.065 0) (56.065 10)
     V12        0.04         (0 5) (10 15)
     V12       *0.00         (5 5) (15 15)
     V12        0.01         (10 5) (20 15)
     V12        0.06         (15 5) (25 15)
     V12        0.22         (20 5) (30 15)
     V12        0.35         (25 5) (35 15)
     V12        0.37         (30 5) (40 15)
     V12        0.38         (35 5) (45 15)
     V12        0.39         (40 5) (50 15)
     V12        0.37         (45 5) (55 15)
     V12        0.29         (46.065 5) (56.065 15)
     V12        0.05         (0 10) (10 20)
     V12       *0.00         (5 10) (15 20)
     V12        0.07         (10 10) (20 20)
     V12        0.22         (15 10) (25 20)
     V12        0.37         (20 10) (30 20)
     V12        0.52         (25 10) (35 20)
     V12        0.56         (30 10) (40 20)
     V12        0.46         (35 10) (45 20)
     V12        0.48         (40 10) (50 20)
     V12        0.46         (45 10) (55 20)
     V12        0.38         (46.065 10) (56.065 20)
     V12        0.08         (0 15) (10 25)
     V12        0.01         (5 15) (15 25)
     V12        0.18         (10 15) (20 25)
     V12        0.39         (15 15) (25 25)
     V12        0.39         (20 15) (30 25)
     V12        0.38         (25 15) (35 25)
     V12        0.46         (30 15) (40 25)
     V12        0.46         (35 15) (45 25)
     V12        0.42         (40 15) (50 25)
     V12        0.40         (45 15) (55 25)
     V12        0.36         (46.065 15) (56.065 25)
     V12        0.08         (0 20) (10 30)
     V12        0.01         (5 20) (15 30)
     V12        0.19         (10 20) (20 30)
     V12        0.42         (15 20) (25 30)
     V12        0.39         (20 20) (30 30)
     V12        0.34         (25 20) (35 30)
     V12        0.43         (30 20) (40 30)
     V12        0.42         (35 20) (45 30)
     V12        0.34         (40 20) (50 30)
     V12        0.34         (45 20) (55 30)
     V12        0.31         (46.065 20) (56.065 30)
     V12        0.08         (0 25) (10 35)
     V12       *0.00         (5 25) (15 35)
     V12        0.13         (10 25) (20 35)
     V12        0.44         (15 25) (25 35)
     V12        0.46         (20 25) (30 35)
     V12        0.44         (25 25) (35 35)
     V12        0.43         (30 25) (40 35)
     V12        0.34         (35 25) (45 35)
     V12        0.36         (40 25) (50 35)
     V12        0.35         (45 25) (55 35)
     V12        0.30         (46.065 25) (56.065 35)
     V12        0.11         (0 30) (10 40)
     V12        0.01         (5 30) (15 40)
     V12        0.07         (10 30) (20 40)
     V12        0.41         (15 30) (25 40)
     V12        0.55         (20 30) (30 40)
     V12        0.54         (25 30) (35 40)
     V12        0.51         (30 30) (40 40)
     V12        0.41         (35 30) (45 40)
     V12        0.43         (40 30) (50 40)
     V12        0.34         (45 30) (55 40)
     V12        0.30         (46.065 30) (56.065 40)
     V12        0.10         (0 35) (10 45)
     V12        0.01         (5 35) (15 45)
     V12        0.10         (10 35) (20 45)
     V12        0.32         (15 35) (25 45)
     V12        0.49         (20 35) (30 45)
     V12        0.54         (25 35) (35 45)
     V12        0.49         (30 35) (40 45)
     V12        0.47         (35 35) (45 45)
     V12        0.49         (40 35) (50 45)
     V12        0.29         (45 35) (55 45)
     V12        0.25         (46.065 35) (56.065 45)
     V12        0.08         (0 40) (10 50)
     V12       *0.00         (5 40) (15 50)
     V12        0.11         (10 40) (20 50)
     V12        0.21         (15 40) (25 50)
     V12        0.26         (20 40) (30 50)
     V12        0.31         (25 40) (35 50)
     V12        0.33         (30 40) (40 50)
     V12        0.36         (35 40) (45 50)
     V12        0.31         (40 40) (50 50)
     V12        0.16         (45 40) (55 50)
     V12        0.13         (46.065 40) (56.065 50)
     V12        0.07         (0 45) (10 55)
     V12       *0.00         (5 45) (15 55)
     V12        0.05         (10 45) (20 55)
     V12        0.10         (15 45) (25 55)
     V12        0.11         (20 45) (30 55)
     V12        0.15         (25 45) (35 55)
     V12        0.20         (30 45) (40 55)
     V12        0.19         (35 45) (45 55)
     V12        0.10         (40 45) (50 55)
     V12        0.02         (45 45) (55 55)
     V12       *0.01         (46.065 45) (56.065 55)
     V12        0.07         (0 46.065) (10 56.065)
     V12       *0.00         (5 46.065) (15 56.065)
     V12        0.03         (10 46.065) (20 56.065)
     V12        0.06         (15 46.065) (25 56.065)
     V12        0.06         (20 46.065) (30 56.065)
     V12        0.10         (25 46.065) (35 56.065)
     V12        0.13         (30 46.065) (40 56.065)
     V12        0.12         (35 46.065) (45 56.065)
     V12        0.06         (40 46.065) (50 56.065)
     V12       *0.00         (45 46.065) (55 56.065)
     V12       *0.00         (46.065 46.065) (56.065 56.065)

     V12        0.22         (global density)

     V23        0.05         (0 0) (10 10)
     V23       *0.00         (5 0) (15 10)
     V23       *0.00         (10 0) (20 10)
     V23        0.02         (15 0) (25 10)
     V23        0.05         (20 0) (30 10)
     V23        0.08         (25 0) (35 10)
     V23        0.07         (30 0) (40 10)
     V23        0.08         (35 0) (45 10)
     V23        0.10         (40 0) (50 10)
     V23        0.10         (45 0) (55 10)
     V23        0.08         (46.065 0) (56.065 10)
     V23        0.04         (0 5) (10 15)
     V23       *0.00         (5 5) (15 15)
     V23        0.01         (10 5) (20 15)
     V23        0.07         (15 5) (25 15)
     V23        0.20         (20 5) (30 15)
     V23        0.27         (25 5) (35 15)
     V23        0.29         (30 5) (40 15)
     V23        0.27         (35 5) (45 15)
     V23        0.23         (40 5) (50 15)
     V23        0.23         (45 5) (55 15)
     V23        0.18         (46.065 5) (56.065 15)
     V23        0.06         (0 10) (10 20)
     V23        0.01         (5 10) (15 20)
     V23        0.08         (10 10) (20 20)
     V23        0.21         (15 10) (25 20)
     V23        0.35         (20 10) (30 20)
     V23        0.43         (25 10) (35 20)
     V23        0.44         (30 10) (40 20)
     V23        0.36         (35 10) (45 20)
     V23        0.34         (40 10) (50 20)
     V23        0.33         (45 10) (55 20)
     V23        0.29         (46.065 10) (56.065 20)
     V23        0.08         (0 15) (10 25)
     V23        0.02         (5 15) (15 25)
     V23        0.15         (10 15) (20 25)
     V23        0.28         (15 15) (25 25)
     V23        0.30         (20 15) (30 25)
     V23        0.35         (25 15) (35 25)
     V23        0.42         (30 15) (40 25)
     V23        0.40         (35 15) (45 25)
     V23        0.34         (40 15) (50 25)
     V23        0.34         (45 15) (55 25)
     V23        0.32         (46.065 15) (56.065 25)
     V23        0.08         (0 20) (10 30)
     V23        0.01         (5 20) (15 30)
     V23        0.13         (10 20) (20 30)
     V23        0.26         (15 20) (25 30)
     V23        0.29         (20 20) (30 30)
     V23        0.33         (25 20) (35 30)
     V23        0.40         (30 20) (40 30)
     V23        0.41         (35 20) (45 30)
     V23        0.30         (40 20) (50 30)
     V23        0.27         (45 20) (55 30)
     V23        0.26         (46.065 20) (56.065 30)
     V23        0.09         (0 25) (10 35)
     V23       *0.00         (5 25) (15 35)
     V23        0.10         (10 25) (20 35)
     V23        0.31         (15 25) (25 35)
     V23        0.32         (20 25) (30 35)
     V23        0.32         (25 25) (35 35)
     V23        0.36         (30 25) (40 35)
     V23        0.33         (35 25) (45 35)
     V23        0.31         (40 25) (50 35)
     V23        0.29         (45 25) (55 35)
     V23        0.26         (46.065 25) (56.065 35)
     V23        0.08         (0 30) (10 40)
     V23       *0.00         (5 30) (15 40)
     V23        0.05         (10 30) (20 40)
     V23        0.31         (15 30) (25 40)
     V23        0.41         (20 30) (30 40)
     V23        0.44         (25 30) (35 40)
     V23        0.46         (30 30) (40 40)
     V23        0.38         (35 30) (45 40)
     V23        0.42         (40 30) (50 40)
     V23        0.35         (45 30) (55 40)
     V23        0.30         (46.065 30) (56.065 40)
     V23        0.07         (0 35) (10 45)
     V23       *0.00         (5 35) (15 45)
     V23        0.08         (10 35) (20 45)
     V23        0.28         (15 35) (25 45)
     V23        0.45         (20 35) (30 45)
     V23        0.51         (25 35) (35 45)
     V23        0.45         (30 35) (40 45)
     V23        0.37         (35 35) (45 45)
     V23        0.45         (40 35) (50 45)
     V23        0.31         (45 35) (55 45)
     V23        0.27         (46.065 35) (56.065 45)
     V23        0.08         (0 40) (10 50)
     V23       *0.00         (5 40) (15 50)
     V23        0.11         (10 40) (20 50)
     V23        0.21         (15 40) (25 50)
     V23        0.24         (20 40) (30 50)
     V23        0.28         (25 40) (35 50)
     V23        0.26         (30 40) (40 50)
     V23        0.25         (35 40) (45 50)
     V23        0.26         (40 40) (50 50)
     V23        0.16         (45 40) (55 50)
     V23        0.13         (46.065 40) (56.065 50)
     V23        0.07         (0 45) (10 55)
     V23       *0.00         (5 45) (15 55)
     V23        0.04         (10 45) (20 55)
     V23        0.07         (15 45) (25 55)
     V23        0.05         (20 45) (30 55)
     V23        0.10         (25 45) (35 55)
     V23        0.14         (30 45) (40 55)
     V23        0.11         (35 45) (45 55)
     V23        0.07         (40 45) (50 55)
     V23        0.01         (45 45) (55 55)
     V23       *0.01         (46.065 45) (56.065 55)
     V23        0.07         (0 46.065) (10 56.065)
     V23       *0.00         (5 46.065) (15 56.065)
     V23        0.03         (10 46.065) (20 56.065)
     V23        0.05         (15 46.065) (25 56.065)
     V23        0.03         (20 46.065) (30 56.065)
     V23        0.07         (25 46.065) (35 56.065)
     V23        0.08         (30 46.065) (40 56.065)
     V23        0.05         (35 46.065) (45 56.065)
     V23        0.02         (40 46.065) (50 56.065)
     V23       *0.00         (45 46.065) (55 56.065)
     V23       *0.00         (46.065 46.065) (56.065 56.065)

     V23        0.18         (global density)

     V34        0.04         (0 0) (10 10)
     V34       *0.00         (5 0) (15 10)
     V34       *0.00         (10 0) (20 10)
     V34        0.01         (15 0) (25 10)
     V34        0.03         (20 0) (30 10)
     V34        0.07         (25 0) (35 10)
     V34        0.06         (30 0) (40 10)
     V34        0.02         (35 0) (45 10)
     V34        0.02         (40 0) (50 10)
     V34        0.02         (45 0) (55 10)
     V34        0.02         (46.065 0) (56.065 10)
     V34        0.04         (0 5) (10 15)
     V34       *0.00         (5 5) (15 15)
     V34       *0.00         (10 5) (20 15)
     V34        0.02         (15 5) (25 15)
     V34        0.03         (20 5) (30 15)
     V34        0.09         (25 5) (35 15)
     V34        0.10         (30 5) (40 15)
     V34        0.08         (35 5) (45 15)
     V34        0.08         (40 5) (50 15)
     V34        0.06         (45 5) (55 15)
     V34        0.05         (46.065 5) (56.065 15)
     V34        0.04         (0 10) (10 20)
     V34       *0.00         (5 10) (15 20)
     V34       *0.00         (10 10) (20 20)
     V34        0.03         (15 10) (25 20)
     V34        0.07         (20 10) (30 20)
     V34        0.14         (25 10) (35 20)
     V34        0.12         (30 10) (40 20)
     V34        0.08         (35 10) (45 20)
     V34        0.07         (40 10) (50 20)
     V34        0.06         (45 10) (55 20)
     V34        0.06         (46.065 10) (56.065 20)
     V34        0.06         (0 15) (10 25)
     V34       *0.00         (5 15) (15 25)
     V34        0.01         (10 15) (20 25)
     V34        0.03         (15 15) (25 25)
     V34        0.09         (20 15) (30 25)
     V34        0.15         (25 15) (35 25)
     V34        0.14         (30 15) (40 25)
     V34        0.08         (35 15) (45 25)
     V34        0.06         (40 15) (50 25)
     V34        0.07         (45 15) (55 25)
     V34        0.07         (46.065 15) (56.065 25)
     V34        0.06         (0 20) (10 30)
     V34       *0.00         (5 20) (15 30)
     V34        0.01         (10 20) (20 30)
     V34        0.03         (15 20) (25 30)
     V34        0.07         (20 20) (30 30)
     V34        0.15         (25 20) (35 30)
     V34        0.16         (30 20) (40 30)
     V34        0.10         (35 20) (45 30)
     V34        0.09         (40 20) (50 30)
     V34        0.06         (45 20) (55 30)
     V34        0.06         (46.065 20) (56.065 30)
     V34        0.05         (0 25) (10 35)
     V34       *0.00         (5 25) (15 35)
     V34        0.01         (10 25) (20 35)
     V34        0.03         (15 25) (25 35)
     V34        0.05         (20 25) (30 35)
     V34        0.13         (25 25) (35 35)
     V34        0.13         (30 25) (40 35)
     V34        0.09         (35 25) (45 35)
     V34        0.09         (40 25) (50 35)
     V34        0.06         (45 25) (55 35)
     V34        0.06         (46.065 25) (56.065 35)
     V34        0.04         (0 30) (10 40)
     V34       *0.00         (5 30) (15 40)
     V34        0.01         (10 30) (20 40)
     V34        0.04         (15 30) (25 40)
     V34        0.09         (20 30) (30 40)
     V34        0.14         (25 30) (35 40)
     V34        0.13         (30 30) (40 40)
     V34        0.10         (35 30) (45 40)
     V34        0.10         (40 30) (50 40)
     V34        0.09         (45 30) (55 40)
     V34        0.08         (46.065 30) (56.065 40)
     V34        0.05         (0 35) (10 45)
     V34       *0.00         (5 35) (15 45)
     V34        0.01         (10 35) (20 45)
     V34        0.06         (15 35) (25 45)
     V34        0.13         (20 35) (30 45)
     V34        0.17         (25 35) (35 45)
     V34        0.13         (30 35) (40 45)
     V34        0.07         (35 35) (45 45)
     V34        0.07         (40 35) (50 45)
     V34        0.05         (45 35) (55 45)
     V34        0.05         (46.065 35) (56.065 45)
     V34        0.06         (0 40) (10 50)
     V34       *0.00         (5 40) (15 50)
     V34        0.01         (10 40) (20 50)
     V34        0.03         (15 40) (25 50)
     V34        0.06         (20 40) (30 50)
     V34        0.10         (25 40) (35 50)
     V34        0.08         (30 40) (40 50)
     V34        0.03         (35 40) (45 50)
     V34        0.03         (40 40) (50 50)
     V34        0.01         (45 40) (55 50)
     V34        0.01         (46.065 40) (56.065 50)
     V34        0.04         (0 45) (10 55)
     V34       *0.00         (5 45) (15 55)
     V34       *0.00         (10 45) (20 55)
     V34        0.01         (15 45) (25 55)
     V34        0.03         (20 45) (30 55)
     V34        0.06         (25 45) (35 55)
     V34        0.06         (30 45) (40 55)
     V34        0.01         (35 45) (45 55)
     V34       *0.00         (40 45) (50 55)
     V34       *0.00         (45 45) (55 55)
     V34       *0.00         (46.065 45) (56.065 55)
     V34        0.04         (0 46.065) (10 56.065)
     V34       *0.00         (5 46.065) (15 56.065)
     V34       *0.00         (10 46.065) (20 56.065)
     V34        0.01         (15 46.065) (25 56.065)
     V34        0.02         (20 46.065) (30 56.065)
     V34        0.06         (25 46.065) (35 56.065)
     V34        0.05         (30 46.065) (40 56.065)
     V34        0.01         (35 46.065) (45 56.065)
     V34       *0.00         (40 46.065) (50 56.065)
     V34       *0.00         (45 46.065) (55 56.065)
     V34       *0.00         (46.065 46.065) (56.065 56.065)

     V34        0.05         (global density)

     V45        0.20         (0 0) (10 10)
     V45       *0.00         (5 0) (15 10)
     V45       *0.00         (10 0) (20 10)
     V45       *0.00         (15 0) (25 10)
     V45       *0.00         (20 0) (30 10)
     V45       *0.00         (25 0) (35 10)
     V45       *0.00         (30 0) (40 10)
     V45       *0.02         (35 0) (45 10)
     V45        0.04         (40 0) (50 10)
     V45       *0.02         (45 0) (55 10)
     V45       *0.02         (46.065 0) (56.065 10)
     V45        0.06         (0 5) (10 15)
     V45       *0.00         (5 5) (15 15)
     V45       *0.00         (10 5) (20 15)
     V45       *0.01         (15 5) (25 15)
     V45       *0.02         (20 5) (30 15)
     V45        0.07         (25 5) (35 15)
     V45        0.06         (30 5) (40 15)
     V45        0.10         (35 5) (45 15)
     V45        0.16         (40 5) (50 15)
     V45        0.10         (45 5) (55 15)
     V45        0.10         (46.065 5) (56.065 15)
     V45       *0.00         (0 10) (10 20)
     V45       *0.00         (5 10) (15 20)
     V45       *0.00         (10 10) (20 20)
     V45        0.05         (15 10) (25 20)
     V45        0.08         (20 10) (30 20)
     V45        0.09         (25 10) (35 20)
     V45        0.06         (30 10) (40 20)
     V45        0.08         (35 10) (45 20)
     V45        0.14         (40 10) (50 20)
     V45        0.10         (45 10) (55 20)
     V45        0.10         (46.065 10) (56.065 20)
     V45       *0.00         (0 15) (10 25)
     V45       *0.00         (5 15) (15 25)
     V45       *0.02         (10 15) (20 25)
     V45        0.08         (15 15) (25 25)
     V45        0.12         (20 15) (30 25)
     V45        0.21         (25 15) (35 25)
     V45        0.19         (30 15) (40 25)
     V45        0.04         (35 15) (45 25)
     V45        0.04         (40 15) (50 25)
     V45        0.08         (45 15) (55 25)
     V45        0.06         (46.065 15) (56.065 25)
     V45       *0.00         (0 20) (10 30)
     V45       *0.00         (5 20) (15 30)
     V45        0.06         (10 20) (20 30)
     V45        0.08         (15 20) (25 30)
     V45        0.08         (20 20) (30 30)
     V45        0.37         (25 20) (35 30)
     V45        0.37         (30 20) (40 30)
     V45        0.10         (35 20) (45 30)
     V45        0.08         (40 20) (50 30)
     V45        0.08         (45 20) (55 30)
     V45        0.06         (46.065 20) (56.065 30)
     V45       *0.00         (0 25) (10 35)
     V45       *0.00         (5 25) (15 35)
     V45        0.06         (10 25) (20 35)
     V45        0.06         (15 25) (25 35)
     V45        0.06         (20 25) (30 35)
     V45        0.22         (25 25) (35 35)
     V45        0.24         (30 25) (40 35)
     V45        0.14         (35 25) (45 35)
     V45        0.10         (40 25) (50 35)
     V45        0.06         (45 25) (55 35)
     V45        0.06         (46.065 25) (56.065 35)
     V45       *0.00         (0 30) (10 40)
     V45       *0.00         (5 30) (15 40)
     V45       *0.02         (10 30) (20 40)
     V45       *0.02         (15 30) (25 40)
     V45        0.06         (20 30) (30 40)
     V45        0.08         (25 30) (35 40)
     V45        0.14         (30 30) (40 40)
     V45        0.20         (35 30) (45 40)
     V45        0.14         (40 30) (50 40)
     V45        0.08         (45 30) (55 40)
     V45        0.08         (46.065 30) (56.065 40)
     V45        0.13         (0 35) (10 45)
     V45       *0.00         (5 35) (15 45)
     V45       *0.02         (10 35) (20 45)
     V45        0.08         (15 35) (25 45)
     V45        0.10         (20 35) (30 45)
     V45        0.12         (25 35) (35 45)
     V45        0.16         (30 35) (40 45)
     V45        0.16         (35 35) (45 45)
     V45        0.12         (40 35) (50 45)
     V45        0.04         (45 35) (55 45)
     V45        0.04         (46.065 35) (56.065 45)
     V45        0.20         (0 40) (10 50)
     V45       *0.00         (5 40) (15 50)
     V45       *0.02         (10 40) (20 50)
     V45        0.08         (15 40) (25 50)
     V45        0.08         (20 40) (30 50)
     V45        0.08         (25 40) (35 50)
     V45        0.10         (30 40) (40 50)
     V45        0.08         (35 40) (45 50)
     V45        0.04         (40 40) (50 50)
     V45       *0.00         (45 40) (55 50)
     V45       *0.00         (46.065 40) (56.065 50)
     V45        0.06         (0 45) (10 55)
     V45       *0.00         (5 45) (15 55)
     V45       *0.00         (10 45) (20 55)
     V45       *0.00         (15 45) (25 55)
     V45       *0.00         (20 45) (30 55)
     V45       *0.00         (25 45) (35 55)
     V45       *0.02         (30 45) (40 55)
     V45        0.04         (35 45) (45 55)
     V45       *0.02         (40 45) (50 55)
     V45       *0.00         (45 45) (55 55)
     V45       *0.00         (46.065 45) (56.065 55)
     V45       *0.00         (0 46.065) (10 56.065)
     V45       *0.00         (5 46.065) (15 56.065)
     V45       *0.00         (10 46.065) (20 56.065)
     V45       *0.00         (15 46.065) (25 56.065)
     V45       *0.00         (20 46.065) (30 56.065)
     V45       *0.00         (25 46.065) (35 56.065)
     V45       *0.02         (30 46.065) (40 56.065)
     V45        0.04         (35 46.065) (45 56.065)
     V45       *0.02         (40 46.065) (50 56.065)
     V45       *0.00         (45 46.065) (55 56.065)
     V45       *0.00         (46.065 46.065) (56.065 56.065)

     V45        0.06         (global density)

     V56        0.20         (0 0) (10 10)
     V56       *0.00         (5 0) (15 10)
     V56       *0.00         (10 0) (20 10)
     V56       *0.00         (15 0) (25 10)
     V56       *0.00         (20 0) (30 10)
     V56       *0.02         (25 0) (35 10)
     V56       *0.02         (30 0) (40 10)
     V56       *0.02         (35 0) (45 10)
     V56       *0.02         (40 0) (50 10)
     V56       *0.00         (45 0) (55 10)
     V56       *0.00         (46.065 0) (56.065 10)
     V56        0.06         (0 5) (10 15)
     V56       *0.00         (5 5) (15 15)
     V56       *0.00         (10 5) (20 15)
     V56       *0.00         (15 5) (25 15)
     V56       *0.00         (20 5) (30 15)
     V56       *0.02         (25 5) (35 15)
     V56       *0.02         (30 5) (40 15)
     V56        0.04         (35 5) (45 15)
     V56        0.04         (40 5) (50 15)
     V56       *0.02         (45 5) (55 15)
     V56       *0.02         (46.065 5) (56.065 15)
     V56       *0.00         (0 10) (10 20)
     V56       *0.00         (5 10) (15 20)
     V56       *0.00         (10 10) (20 20)
     V56       *0.00         (15 10) (25 20)
     V56       *0.00         (20 10) (30 20)
     V56       *0.00         (25 10) (35 20)
     V56       *0.02         (30 10) (40 20)
     V56        0.04         (35 10) (45 20)
     V56        0.04         (40 10) (50 20)
     V56        0.04         (45 10) (55 20)
     V56        0.04         (46.065 10) (56.065 20)
     V56       *0.00         (0 15) (10 25)
     V56       *0.00         (5 15) (15 25)
     V56       *0.00         (10 15) (20 25)
     V56       *0.00         (15 15) (25 25)
     V56       *0.00         (20 15) (30 25)
     V56        0.15         (25 15) (35 25)
     V56        0.21         (30 15) (40 25)
     V56        0.06         (35 15) (45 25)
     V56       *0.02         (40 15) (50 25)
     V56        0.04         (45 15) (55 25)
     V56        0.04         (46.065 15) (56.065 25)
     V56       *0.00         (0 20) (10 30)
     V56       *0.00         (5 20) (15 30)
     V56       *0.00         (10 20) (20 30)
     V56       *0.00         (15 20) (25 30)
     V56       *0.00         (20 20) (30 30)
     V56        0.25         (25 20) (35 30)
     V56        0.29         (30 20) (40 30)
     V56        0.06         (35 20) (45 30)
     V56        0.04         (40 20) (50 30)
     V56        0.04         (45 20) (55 30)
     V56        0.04         (46.065 20) (56.065 30)
     V56       *0.00         (0 25) (10 35)
     V56       *0.00         (5 25) (15 35)
     V56       *0.00         (10 25) (20 35)
     V56       *0.00         (15 25) (25 35)
     V56       *0.00         (20 25) (30 35)
     V56        0.10         (25 25) (35 35)
     V56        0.10         (30 25) (40 35)
     V56       *0.02         (35 25) (45 35)
     V56        0.04         (40 25) (50 35)
     V56        0.04         (45 25) (55 35)
     V56        0.04         (46.065 25) (56.065 35)
     V56       *0.00         (0 30) (10 40)
     V56       *0.00         (5 30) (15 40)
     V56       *0.00         (10 30) (20 40)
     V56       *0.00         (15 30) (25 40)
     V56       *0.00         (20 30) (30 40)
     V56        0.04         (25 30) (35 40)
     V56        0.06         (30 30) (40 40)
     V56        0.04         (35 30) (45 40)
     V56       *0.02         (40 30) (50 40)
     V56       *0.02         (45 30) (55 40)
     V56       *0.02         (46.065 30) (56.065 40)
     V56        0.13         (0 35) (10 45)
     V56       *0.00         (5 35) (15 45)
     V56       *0.00         (10 35) (20 45)
     V56       *0.00         (15 35) (25 45)
     V56       *0.00         (20 35) (30 45)
     V56        0.08         (25 35) (35 45)
     V56        0.12         (30 35) (40 45)
     V56        0.06         (35 35) (45 45)
     V56       *0.02         (40 35) (50 45)
     V56       *0.00         (45 35) (55 45)
     V56       *0.00         (46.065 35) (56.065 45)
     V56        0.20         (0 40) (10 50)
     V56       *0.00         (5 40) (15 50)
     V56       *0.00         (10 40) (20 50)
     V56       *0.00         (15 40) (25 50)
     V56       *0.00         (20 40) (30 50)
     V56        0.04         (25 40) (35 50)
     V56        0.08         (30 40) (40 50)
     V56        0.06         (35 40) (45 50)
     V56       *0.02         (40 40) (50 50)
     V56       *0.00         (45 40) (55 50)
     V56       *0.00         (46.065 40) (56.065 50)
     V56        0.06         (0 45) (10 55)
     V56       *0.00         (5 45) (15 55)
     V56       *0.00         (10 45) (20 55)
     V56       *0.00         (15 45) (25 55)
     V56       *0.00         (20 45) (30 55)
     V56       *0.00         (25 45) (35 55)
     V56       *0.02         (30 45) (40 55)
     V56        0.04         (35 45) (45 55)
     V56       *0.02         (40 45) (50 55)
     V56       *0.00         (45 45) (55 55)
     V56       *0.00         (46.065 45) (56.065 55)
     V56       *0.00         (0 46.065) (10 56.065)
     V56       *0.00         (5 46.065) (15 56.065)
     V56       *0.00         (10 46.065) (20 56.065)
     V56       *0.00         (15 46.065) (25 56.065)
     V56       *0.00         (20 46.065) (30 56.065)
     V56       *0.00         (25 46.065) (35 56.065)
     V56       *0.02         (30 46.065) (40 56.065)
     V56        0.04         (35 46.065) (45 56.065)
     V56       *0.02         (40 46.065) (50 56.065)
     V56       *0.00         (45 46.065) (55 56.065)
     V56       *0.00         (46.065 46.065) (56.065 56.065)

     V56        0.03         (global density)

     V67        0.10         (0 0) (10 10)
     V67       *0.00         (5 0) (15 10)
     V67       *0.00         (10 0) (20 10)
     V67       *0.00         (15 0) (25 10)
     V67       *0.00         (20 0) (30 10)
     V67       *0.00         (25 0) (35 10)
     V67       *0.00         (30 0) (40 10)
     V67       *0.00         (35 0) (45 10)
     V67       *0.00         (40 0) (50 10)
     V67       *0.00         (45 0) (55 10)
     V67       *0.00         (46.065 0) (56.065 10)
     V67       *0.03         (0 5) (10 15)
     V67       *0.00         (5 5) (15 15)
     V67       *0.00         (10 5) (20 15)
     V67       *0.00         (15 5) (25 15)
     V67       *0.00         (20 5) (30 15)
     V67       *0.00         (25 5) (35 15)
     V67       *0.00         (30 5) (40 15)
     V67       *0.00         (35 5) (45 15)
     V67       *0.00         (40 5) (50 15)
     V67       *0.00         (45 5) (55 15)
     V67       *0.00         (46.065 5) (56.065 15)
     V67       *0.00         (0 10) (10 20)
     V67       *0.00         (5 10) (15 20)
     V67       *0.00         (10 10) (20 20)
     V67       *0.00         (15 10) (25 20)
     V67       *0.00         (20 10) (30 20)
     V67       *0.00         (25 10) (35 20)
     V67       *0.00         (30 10) (40 20)
     V67       *0.00         (35 10) (45 20)
     V67       *0.00         (40 10) (50 20)
     V67       *0.00         (45 10) (55 20)
     V67       *0.00         (46.065 10) (56.065 20)
     V67       *0.00         (0 15) (10 25)
     V67       *0.00         (5 15) (15 25)
     V67       *0.00         (10 15) (20 25)
     V67       *0.00         (15 15) (25 25)
     V67       *0.00         (20 15) (30 25)
     V67        0.07         (25 15) (35 25)
     V67        0.07         (30 15) (40 25)
     V67       *0.00         (35 15) (45 25)
     V67       *0.00         (40 15) (50 25)
     V67       *0.00         (45 15) (55 25)
     V67       *0.00         (46.065 15) (56.065 25)
     V67       *0.00         (0 20) (10 30)
     V67       *0.00         (5 20) (15 30)
     V67       *0.00         (10 20) (20 30)
     V67       *0.00         (15 20) (25 30)
     V67       *0.00         (20 20) (30 30)
     V67        0.10         (25 20) (35 30)
     V67        0.10         (30 20) (40 30)
     V67       *0.00         (35 20) (45 30)
     V67       *0.00         (40 20) (50 30)
     V67       *0.00         (45 20) (55 30)
     V67       *0.00         (46.065 20) (56.065 30)
     V67       *0.00         (0 25) (10 35)
     V67       *0.00         (5 25) (15 35)
     V67       *0.00         (10 25) (20 35)
     V67       *0.00         (15 25) (25 35)
     V67       *0.00         (20 25) (30 35)
     V67       *0.03         (25 25) (35 35)
     V67       *0.03         (30 25) (40 35)
     V67       *0.00         (35 25) (45 35)
     V67       *0.00         (40 25) (50 35)
     V67       *0.00         (45 25) (55 35)
     V67       *0.00         (46.065 25) (56.065 35)
     V67       *0.00         (0 30) (10 40)
     V67       *0.00         (5 30) (15 40)
     V67       *0.00         (10 30) (20 40)
     V67       *0.00         (15 30) (25 40)
     V67       *0.00         (20 30) (30 40)
     V67       *0.00         (25 30) (35 40)
     V67       *0.00         (30 30) (40 40)
     V67       *0.00         (35 30) (45 40)
     V67       *0.00         (40 30) (50 40)
     V67       *0.00         (45 30) (55 40)
     V67       *0.00         (46.065 30) (56.065 40)
     V67        0.07         (0 35) (10 45)
     V67       *0.00         (5 35) (15 45)
     V67       *0.00         (10 35) (20 45)
     V67       *0.00         (15 35) (25 45)
     V67       *0.00         (20 35) (30 45)
     V67       *0.00         (25 35) (35 45)
     V67       *0.00         (30 35) (40 45)
     V67       *0.00         (35 35) (45 45)
     V67       *0.00         (40 35) (50 45)
     V67       *0.00         (45 35) (55 45)
     V67       *0.00         (46.065 35) (56.065 45)
     V67        0.10         (0 40) (10 50)
     V67       *0.00         (5 40) (15 50)
     V67       *0.00         (10 40) (20 50)
     V67       *0.00         (15 40) (25 50)
     V67       *0.00         (20 40) (30 50)
     V67       *0.00         (25 40) (35 50)
     V67       *0.00         (30 40) (40 50)
     V67       *0.00         (35 40) (45 50)
     V67       *0.00         (40 40) (50 50)
     V67       *0.00         (45 40) (55 50)
     V67       *0.00         (46.065 40) (56.065 50)
     V67       *0.03         (0 45) (10 55)
     V67       *0.00         (5 45) (15 55)
     V67       *0.00         (10 45) (20 55)
     V67       *0.00         (15 45) (25 55)
     V67       *0.00         (20 45) (30 55)
     V67       *0.00         (25 45) (35 55)
     V67       *0.00         (30 45) (40 55)
     V67       *0.00         (35 45) (45 55)
     V67       *0.00         (40 45) (50 55)
     V67       *0.00         (45 45) (55 55)
     V67       *0.00         (46.065 45) (56.065 55)
     V67       *0.00         (0 46.065) (10 56.065)
     V67       *0.00         (5 46.065) (15 56.065)
     V67       *0.00         (10 46.065) (20 56.065)
     V67       *0.00         (15 46.065) (25 56.065)
     V67       *0.00         (20 46.065) (30 56.065)
     V67       *0.00         (25 46.065) (35 56.065)
     V67       *0.00         (30 46.065) (40 56.065)
     V67       *0.00         (35 46.065) (45 56.065)
     V67       *0.00         (40 46.065) (50 56.065)
     V67       *0.00         (45 46.065) (55 56.065)
     V67       *0.00         (46.065 46.065) (56.065 56.065)

     V67        0.01         (global density)

     V78       *0.00         (0 0) (10 10)
     V78       *0.00         (5 0) (15 10)
     V78       *0.00         (10 0) (20 10)
     V78       *0.00         (15 0) (25 10)
     V78       *0.00         (20 0) (30 10)
     V78       *0.00         (25 0) (35 10)
     V78       *0.00         (30 0) (40 10)
     V78       *0.00         (35 0) (45 10)
     V78       *0.00         (40 0) (50 10)
     V78       *0.00         (45 0) (55 10)
     V78       *0.00         (46.065 0) (56.065 10)
     V78       *0.00         (0 5) (10 15)
     V78       *0.00         (5 5) (15 15)
     V78       *0.00         (10 5) (20 15)
     V78       *0.00         (15 5) (25 15)
     V78       *0.00         (20 5) (30 15)
     V78       *0.00         (25 5) (35 15)
     V78       *0.00         (30 5) (40 15)
     V78       *0.00         (35 5) (45 15)
     V78       *0.00         (40 5) (50 15)
     V78       *0.00         (45 5) (55 15)
     V78       *0.00         (46.065 5) (56.065 15)
     V78       *0.00         (0 10) (10 20)
     V78       *0.00         (5 10) (15 20)
     V78       *0.00         (10 10) (20 20)
     V78       *0.00         (15 10) (25 20)
     V78       *0.00         (20 10) (30 20)
     V78       *0.00         (25 10) (35 20)
     V78       *0.00         (30 10) (40 20)
     V78       *0.00         (35 10) (45 20)
     V78       *0.00         (40 10) (50 20)
     V78       *0.00         (45 10) (55 20)
     V78       *0.00         (46.065 10) (56.065 20)
     V78       *0.00         (0 15) (10 25)
     V78       *0.00         (5 15) (15 25)
     V78       *0.00         (10 15) (20 25)
     V78       *0.00         (15 15) (25 25)
     V78       *0.00         (20 15) (30 25)
     V78       *0.00         (25 15) (35 25)
     V78       *0.00         (30 15) (40 25)
     V78       *0.00         (35 15) (45 25)
     V78       *0.00         (40 15) (50 25)
     V78       *0.00         (45 15) (55 25)
     V78       *0.00         (46.065 15) (56.065 25)
     V78       *0.00         (0 20) (10 30)
     V78       *0.00         (5 20) (15 30)
     V78       *0.00         (10 20) (20 30)
     V78       *0.00         (15 20) (25 30)
     V78       *0.00         (20 20) (30 30)
     V78       *0.00         (25 20) (35 30)
     V78       *0.00         (30 20) (40 30)
     V78       *0.00         (35 20) (45 30)
     V78       *0.00         (40 20) (50 30)
     V78       *0.00         (45 20) (55 30)
     V78       *0.00         (46.065 20) (56.065 30)
     V78       *0.00         (0 25) (10 35)
     V78       *0.00         (5 25) (15 35)
     V78       *0.00         (10 25) (20 35)
     V78       *0.00         (15 25) (25 35)
     V78       *0.00         (20 25) (30 35)
     V78       *0.00         (25 25) (35 35)
     V78       *0.00         (30 25) (40 35)
     V78       *0.00         (35 25) (45 35)
     V78       *0.00         (40 25) (50 35)
     V78       *0.00         (45 25) (55 35)
     V78       *0.00         (46.065 25) (56.065 35)
     V78       *0.00         (0 30) (10 40)
     V78       *0.00         (5 30) (15 40)
     V78       *0.00         (10 30) (20 40)
     V78       *0.00         (15 30) (25 40)
     V78       *0.00         (20 30) (30 40)
     V78       *0.00         (25 30) (35 40)
     V78       *0.00         (30 30) (40 40)
     V78       *0.00         (35 30) (45 40)
     V78       *0.00         (40 30) (50 40)
     V78       *0.00         (45 30) (55 40)
     V78       *0.00         (46.065 30) (56.065 40)
     V78       *0.00         (0 35) (10 45)
     V78       *0.00         (5 35) (15 45)
     V78       *0.00         (10 35) (20 45)
     V78       *0.00         (15 35) (25 45)
     V78       *0.00         (20 35) (30 45)
     V78       *0.00         (25 35) (35 45)
     V78       *0.00         (30 35) (40 45)
     V78       *0.00         (35 35) (45 45)
     V78       *0.00         (40 35) (50 45)
     V78       *0.00         (45 35) (55 45)
     V78       *0.00         (46.065 35) (56.065 45)
     V78       *0.00         (0 40) (10 50)
     V78       *0.00         (5 40) (15 50)
     V78       *0.00         (10 40) (20 50)
     V78       *0.00         (15 40) (25 50)
     V78       *0.00         (20 40) (30 50)
     V78       *0.00         (25 40) (35 50)
     V78       *0.00         (30 40) (40 50)
     V78       *0.00         (35 40) (45 50)
     V78       *0.00         (40 40) (50 50)
     V78       *0.00         (45 40) (55 50)
     V78       *0.00         (46.065 40) (56.065 50)
     V78       *0.00         (0 45) (10 55)
     V78       *0.00         (5 45) (15 55)
     V78       *0.00         (10 45) (20 55)
     V78       *0.00         (15 45) (25 55)
     V78       *0.00         (20 45) (30 55)
     V78       *0.00         (25 45) (35 55)
     V78       *0.00         (30 45) (40 55)
     V78       *0.00         (35 45) (45 55)
     V78       *0.00         (40 45) (50 55)
     V78       *0.00         (45 45) (55 55)
     V78       *0.00         (46.065 45) (56.065 55)
     V78       *0.00         (0 46.065) (10 56.065)
     V78       *0.00         (5 46.065) (15 56.065)
     V78       *0.00         (10 46.065) (20 56.065)
     V78       *0.00         (15 46.065) (25 56.065)
     V78       *0.00         (20 46.065) (30 56.065)
     V78       *0.00         (25 46.065) (35 56.065)
     V78       *0.00         (30 46.065) (40 56.065)
     V78       *0.00         (35 46.065) (45 56.065)
     V78       *0.00         (40 46.065) (50 56.065)
     V78       *0.00         (45 46.065) (55 56.065)
     V78       *0.00         (46.065 46.065) (56.065 56.065)

     V78        0.00         (global density)

     V89       *0.00         (0 0) (10 10)
     V89       *0.00         (5 0) (15 10)
     V89       *0.00         (10 0) (20 10)
     V89       *0.00         (15 0) (25 10)
     V89       *0.00         (20 0) (30 10)
     V89       *0.00         (25 0) (35 10)
     V89       *0.00         (30 0) (40 10)
     V89       *0.00         (35 0) (45 10)
     V89       *0.00         (40 0) (50 10)
     V89       *0.00         (45 0) (55 10)
     V89       *0.00         (46.065 0) (56.065 10)
     V89       *0.00         (0 5) (10 15)
     V89       *0.00         (5 5) (15 15)
     V89       *0.00         (10 5) (20 15)
     V89       *0.00         (15 5) (25 15)
     V89       *0.00         (20 5) (30 15)
     V89       *0.00         (25 5) (35 15)
     V89       *0.00         (30 5) (40 15)
     V89       *0.00         (35 5) (45 15)
     V89       *0.00         (40 5) (50 15)
     V89       *0.00         (45 5) (55 15)
     V89       *0.00         (46.065 5) (56.065 15)
     V89       *0.00         (0 10) (10 20)
     V89       *0.00         (5 10) (15 20)
     V89       *0.00         (10 10) (20 20)
     V89       *0.00         (15 10) (25 20)
     V89       *0.00         (20 10) (30 20)
     V89       *0.00         (25 10) (35 20)
     V89       *0.00         (30 10) (40 20)
     V89       *0.00         (35 10) (45 20)
     V89       *0.00         (40 10) (50 20)
     V89       *0.00         (45 10) (55 20)
     V89       *0.00         (46.065 10) (56.065 20)
     V89       *0.00         (0 15) (10 25)
     V89       *0.00         (5 15) (15 25)
     V89       *0.00         (10 15) (20 25)
     V89       *0.00         (15 15) (25 25)
     V89       *0.00         (20 15) (30 25)
     V89       *0.00         (25 15) (35 25)
     V89       *0.00         (30 15) (40 25)
     V89       *0.00         (35 15) (45 25)
     V89       *0.00         (40 15) (50 25)
     V89       *0.00         (45 15) (55 25)
     V89       *0.00         (46.065 15) (56.065 25)
     V89       *0.00         (0 20) (10 30)
     V89       *0.00         (5 20) (15 30)
     V89       *0.00         (10 20) (20 30)
     V89       *0.00         (15 20) (25 30)
     V89       *0.00         (20 20) (30 30)
     V89       *0.00         (25 20) (35 30)
     V89       *0.00         (30 20) (40 30)
     V89       *0.00         (35 20) (45 30)
     V89       *0.00         (40 20) (50 30)
     V89       *0.00         (45 20) (55 30)
     V89       *0.00         (46.065 20) (56.065 30)
     V89       *0.00         (0 25) (10 35)
     V89       *0.00         (5 25) (15 35)
     V89       *0.00         (10 25) (20 35)
     V89       *0.00         (15 25) (25 35)
     V89       *0.00         (20 25) (30 35)
     V89       *0.00         (25 25) (35 35)
     V89       *0.00         (30 25) (40 35)
     V89       *0.00         (35 25) (45 35)
     V89       *0.00         (40 25) (50 35)
     V89       *0.00         (45 25) (55 35)
     V89       *0.00         (46.065 25) (56.065 35)
     V89       *0.00         (0 30) (10 40)
     V89       *0.00         (5 30) (15 40)
     V89       *0.00         (10 30) (20 40)
     V89       *0.00         (15 30) (25 40)
     V89       *0.00         (20 30) (30 40)
     V89       *0.00         (25 30) (35 40)
     V89       *0.00         (30 30) (40 40)
     V89       *0.00         (35 30) (45 40)
     V89       *0.00         (40 30) (50 40)
     V89       *0.00         (45 30) (55 40)
     V89       *0.00         (46.065 30) (56.065 40)
     V89       *0.00         (0 35) (10 45)
     V89       *0.00         (5 35) (15 45)
     V89       *0.00         (10 35) (20 45)
     V89       *0.00         (15 35) (25 45)
     V89       *0.00         (20 35) (30 45)
     V89       *0.00         (25 35) (35 45)
     V89       *0.00         (30 35) (40 45)
     V89       *0.00         (35 35) (45 45)
     V89       *0.00         (40 35) (50 45)
     V89       *0.00         (45 35) (55 45)
     V89       *0.00         (46.065 35) (56.065 45)
     V89       *0.00         (0 40) (10 50)
     V89       *0.00         (5 40) (15 50)
     V89       *0.00         (10 40) (20 50)
     V89       *0.00         (15 40) (25 50)
     V89       *0.00         (20 40) (30 50)
     V89       *0.00         (25 40) (35 50)
     V89       *0.00         (30 40) (40 50)
     V89       *0.00         (35 40) (45 50)
     V89       *0.00         (40 40) (50 50)
     V89       *0.00         (45 40) (55 50)
     V89       *0.00         (46.065 40) (56.065 50)
     V89       *0.00         (0 45) (10 55)
     V89       *0.00         (5 45) (15 55)
     V89       *0.00         (10 45) (20 55)
     V89       *0.00         (15 45) (25 55)
     V89       *0.00         (20 45) (30 55)
     V89       *0.00         (25 45) (35 55)
     V89       *0.00         (30 45) (40 55)
     V89       *0.00         (35 45) (45 55)
     V89       *0.00         (40 45) (50 55)
     V89       *0.00         (45 45) (55 55)
     V89       *0.00         (46.065 45) (56.065 55)
     V89       *0.00         (0 46.065) (10 56.065)
     V89       *0.00         (5 46.065) (15 56.065)
     V89       *0.00         (10 46.065) (20 56.065)
     V89       *0.00         (15 46.065) (25 56.065)
     V89       *0.00         (20 46.065) (30 56.065)
     V89       *0.00         (25 46.065) (35 56.065)
     V89       *0.00         (30 46.065) (40 56.065)
     V89       *0.00         (35 46.065) (45 56.065)
     V89       *0.00         (40 46.065) (50 56.065)
     V89       *0.00         (45 46.065) (55 56.065)
     V89       *0.00         (46.065 46.065) (56.065 56.065)

     V89        0.00         (global density)

    V910       *0.00         (0 0) (10 10)
    V910       *0.00         (5 0) (15 10)
    V910       *0.00         (10 0) (20 10)
    V910       *0.00         (15 0) (25 10)
    V910       *0.00         (20 0) (30 10)
    V910       *0.00         (25 0) (35 10)
    V910       *0.00         (30 0) (40 10)
    V910       *0.00         (35 0) (45 10)
    V910       *0.00         (40 0) (50 10)
    V910       *0.00         (45 0) (55 10)
    V910       *0.00         (46.065 0) (56.065 10)
    V910       *0.00         (0 5) (10 15)
    V910       *0.00         (5 5) (15 15)
    V910       *0.00         (10 5) (20 15)
    V910       *0.00         (15 5) (25 15)
    V910       *0.00         (20 5) (30 15)
    V910       *0.00         (25 5) (35 15)
    V910       *0.00         (30 5) (40 15)
    V910       *0.00         (35 5) (45 15)
    V910       *0.00         (40 5) (50 15)
    V910       *0.00         (45 5) (55 15)
    V910       *0.00         (46.065 5) (56.065 15)
    V910       *0.00         (0 10) (10 20)
    V910       *0.00         (5 10) (15 20)
    V910       *0.00         (10 10) (20 20)
    V910       *0.00         (15 10) (25 20)
    V910       *0.00         (20 10) (30 20)
    V910       *0.00         (25 10) (35 20)
    V910       *0.00         (30 10) (40 20)
    V910       *0.00         (35 10) (45 20)
    V910       *0.00         (40 10) (50 20)
    V910       *0.00         (45 10) (55 20)
    V910       *0.00         (46.065 10) (56.065 20)
    V910       *0.00         (0 15) (10 25)
    V910       *0.00         (5 15) (15 25)
    V910       *0.00         (10 15) (20 25)
    V910       *0.00         (15 15) (25 25)
    V910       *0.00         (20 15) (30 25)
    V910       *0.00         (25 15) (35 25)
    V910       *0.00         (30 15) (40 25)
    V910       *0.00         (35 15) (45 25)
    V910       *0.00         (40 15) (50 25)
    V910       *0.00         (45 15) (55 25)
    V910       *0.00         (46.065 15) (56.065 25)
    V910       *0.00         (0 20) (10 30)
    V910       *0.00         (5 20) (15 30)
    V910       *0.00         (10 20) (20 30)
    V910       *0.00         (15 20) (25 30)
    V910       *0.00         (20 20) (30 30)
    V910       *0.00         (25 20) (35 30)
    V910       *0.00         (30 20) (40 30)
    V910       *0.00         (35 20) (45 30)
    V910       *0.00         (40 20) (50 30)
    V910       *0.00         (45 20) (55 30)
    V910       *0.00         (46.065 20) (56.065 30)
    V910       *0.00         (0 25) (10 35)
    V910       *0.00         (5 25) (15 35)
    V910       *0.00         (10 25) (20 35)
    V910       *0.00         (15 25) (25 35)
    V910       *0.00         (20 25) (30 35)
    V910       *0.00         (25 25) (35 35)
    V910       *0.00         (30 25) (40 35)
    V910       *0.00         (35 25) (45 35)
    V910       *0.00         (40 25) (50 35)
    V910       *0.00         (45 25) (55 35)
    V910       *0.00         (46.065 25) (56.065 35)
    V910       *0.00         (0 30) (10 40)
    V910       *0.00         (5 30) (15 40)
    V910       *0.00         (10 30) (20 40)
    V910       *0.00         (15 30) (25 40)
    V910       *0.00         (20 30) (30 40)
    V910       *0.00         (25 30) (35 40)
    V910       *0.00         (30 30) (40 40)
    V910       *0.00         (35 30) (45 40)
    V910       *0.00         (40 30) (50 40)
    V910       *0.00         (45 30) (55 40)
    V910       *0.00         (46.065 30) (56.065 40)
    V910       *0.00         (0 35) (10 45)
    V910       *0.00         (5 35) (15 45)
    V910       *0.00         (10 35) (20 45)
    V910       *0.00         (15 35) (25 45)
    V910       *0.00         (20 35) (30 45)
    V910       *0.00         (25 35) (35 45)
    V910       *0.00         (30 35) (40 45)
    V910       *0.00         (35 35) (45 45)
    V910       *0.00         (40 35) (50 45)
    V910       *0.00         (45 35) (55 45)
    V910       *0.00         (46.065 35) (56.065 45)
    V910       *0.00         (0 40) (10 50)
    V910       *0.00         (5 40) (15 50)
    V910       *0.00         (10 40) (20 50)
    V910       *0.00         (15 40) (25 50)
    V910       *0.00         (20 40) (30 50)
    V910       *0.00         (25 40) (35 50)
    V910       *0.00         (30 40) (40 50)
    V910       *0.00         (35 40) (45 50)
    V910       *0.00         (40 40) (50 50)
    V910       *0.00         (45 40) (55 50)
    V910       *0.00         (46.065 40) (56.065 50)
    V910       *0.00         (0 45) (10 55)
    V910       *0.00         (5 45) (15 55)
    V910       *0.00         (10 45) (20 55)
    V910       *0.00         (15 45) (25 55)
    V910       *0.00         (20 45) (30 55)
    V910       *0.00         (25 45) (35 55)
    V910       *0.00         (30 45) (40 55)
    V910       *0.00         (35 45) (45 55)
    V910       *0.00         (40 45) (50 55)
    V910       *0.00         (45 45) (55 55)
    V910       *0.00         (46.065 45) (56.065 55)
    V910       *0.00         (0 46.065) (10 56.065)
    V910       *0.00         (5 46.065) (15 56.065)
    V910       *0.00         (10 46.065) (20 56.065)
    V910       *0.00         (15 46.065) (25 56.065)
    V910       *0.00         (20 46.065) (30 56.065)
    V910       *0.00         (25 46.065) (35 56.065)
    V910       *0.00         (30 46.065) (40 56.065)
    V910       *0.00         (35 46.065) (45 56.065)
    V910       *0.00         (40 46.065) (50 56.065)
    V910       *0.00         (45 46.065) (55 56.065)
    V910       *0.00         (46.065 46.065) (56.065 56.065)

    V910        0.00         (global density)


A total of 656 cut density violation(s).
Windows < Min. Density = 656
Windows > Max. Density = 0

* denotes minimum density violation(s)
# denotes maximum density violation(s)
