###############################################################
#  Generated by:      Cadence Innovus 21.11-s130_1
#  OS:                Linux x86_64(Host ID redondo-asia-tpe-desktop-pawanekar-0)
#  Generated on:      Fri Nov  3 02:58:28 2023
#  Design:            gcd
#  Command:           verifyConnectivity -type all -connLoop -append -dividePowerNet -rawViolsMark -useNewOpenVio -removeOldOpenVio -useVirtualConnection -error 1000000 -warning 50000
###############################################################
Verify Connectivity Report is created on Fri Nov  3 02:58:28 2023



Net VSS: dangling Wire at (56.580, 103.600) (56.580, 103.600) on layer: met4
Net VSS: dangling Wire at (83.720, 103.600) (83.720, 103.600) on layer: met4
Net VSS: dangling Wire at (2.300, 56.880) (2.300, 56.880) on layer: met5
Net VSS: dangling Wire at (103.960, 56.880) (103.960, 56.880) on layer: met5
Net VSS: dangling Wire at (2.300, 84.080) (2.300, 84.080) on layer: met5
Net VSS: dangling Wire at (103.960, 84.080) (103.960, 84.080) on layer: met5
Net VSS: dangling Wire at (29.440, 103.600) (29.440, 103.600) on layer: met4
Net VSS: dangling Wire at (2.300, 29.680) (2.300, 29.680) on layer: met5
Net VSS: dangling Wire at (103.960, 29.680) (103.960, 29.680) on layer: met5
Net VDD: dangling Wire at (70.150, 2.480) (70.150, 2.480) on layer: met4
Net VDD: dangling Wire at (97.290, 2.480) (97.290, 2.480) on layer: met4
Net VDD: dangling Wire at (2.300, 70.480) (2.300, 70.480) on layer: met5
Net VDD: dangling Wire at (103.960, 70.480) (103.960, 70.480) on layer: met5
Net VDD: dangling Wire at (2.300, 97.680) (2.300, 97.680) on layer: met5
Net VDD: dangling Wire at (103.960, 97.680) (103.960, 97.680) on layer: met5
Net VDD: dangling Wire at (15.870, 2.480) (15.870, 2.480) on layer: met4
Net VDD: dangling Wire at (43.010, 2.480) (43.010, 2.480) on layer: met4
Net VDD: dangling Wire at (2.300, 16.080) (2.300, 16.080) on layer: met5
Net VDD: dangling Wire at (103.960, 16.080) (103.960, 16.080) on layer: met5
Net VDD: dangling Wire at (2.300, 43.280) (2.300, 43.280) on layer: met5
Net VDD: dangling Wire at (103.960, 43.280) (103.960, 43.280) on layer: met5

Begin Summary
    21 Problem(s) (IMPVFC-94): The net has dangling wire(s).
    21 total info(s) created.
End Summary
