###############################################################
#  Generated by:      Cadence Innovus 21.11-s130_1
#  OS:                Linux x86_64(Host ID redondo-asia-tpe-desktop-pawanekar-0)
#  Generated on:      Fri Nov  3 03:52:38 2023
#  Design:            gcd
#  Command:           verifyCutDensity -detailed -globalDensity
###############################################################

Verify Cut Density report created on Fri Nov  3 03:52:38 2023

    Layer    Density(%)          Window  
***************************************************

     V12        0.07         (0 0) (10 10)
     V12        0.01         (5 0) (15 10)
     V12       *0.00         (10 0) (20 10)
     V12       *0.01         (15 0) (25 10)
     V12        0.04         (20 0) (30 10)
     V12        0.13         (25 0) (35 10)
     V12        0.11         (30 0) (40 10)
     V12        0.02         (35 0) (45 10)
     V12        0.01         (40 0) (50 10)
     V12       *0.00         (45 0) (55 10)
     V12        0.08         (50 0) (60 10)
     V12        0.12         (54.115 0) (64.115 10)
     V12        0.05         (0 5) (10 15)
     V12       *0.00         (5 5) (15 15)
     V12       *0.00         (10 5) (20 15)
     V12       *0.00         (15 5) (25 15)
     V12        0.06         (20 5) (30 15)
     V12        0.20         (25 5) (35 15)
     V12        0.20         (30 5) (40 15)
     V12        0.18         (35 5) (45 15)
     V12        0.17         (40 5) (50 15)
     V12        0.20         (45 5) (55 15)
     V12        0.22         (50 5) (60 15)
     V12        0.17         (54.115 5) (64.115 15)
     V12        0.04         (0 10) (10 20)
     V12       *0.00         (5 10) (15 20)
     V12       *0.00         (10 10) (20 20)
     V12       *0.00         (15 10) (25 20)
     V12        0.13         (20 10) (30 20)
     V12        0.39         (25 10) (35 20)
     V12        0.44         (30 10) (40 20)
     V12        0.43         (35 10) (45 20)
     V12        0.34         (40 10) (50 20)
     V12        0.35         (45 10) (55 20)
     V12        0.28         (50 10) (60 20)
     V12        0.15         (54.115 10) (64.115 20)
     V12        0.06         (0 15) (10 25)
     V12       *0.00         (5 15) (15 25)
     V12       *0.00         (10 15) (20 25)
     V12        0.02         (15 15) (25 25)
     V12        0.20         (20 15) (30 25)
     V12        0.44         (25 15) (35 25)
     V12        0.52         (30 15) (40 25)
     V12        0.54         (35 15) (45 25)
     V12        0.43         (40 15) (50 25)
     V12        0.42         (45 15) (55 25)
     V12        0.34         (50 15) (60 25)
     V12        0.19         (54.115 15) (64.115 25)
     V12        0.06         (0 20) (10 30)
     V12       *0.00         (5 20) (15 30)
     V12       *0.00         (10 20) (20 30)
     V12        0.04         (15 20) (25 30)
     V12        0.23         (20 20) (30 30)
     V12        0.38         (25 20) (35 30)
     V12        0.44         (30 20) (40 30)
     V12        0.48         (35 20) (45 30)
     V12        0.43         (40 20) (50 30)
     V12        0.43         (45 20) (55 30)
     V12        0.41         (50 20) (60 30)
     V12        0.30         (54.115 20) (64.115 30)
     V12        0.11         (0 25) (10 35)
     V12        0.01         (5 25) (15 35)
     V12       *0.00         (10 25) (20 35)
     V12        0.09         (15 25) (25 35)
     V12        0.30         (20 25) (30 35)
     V12        0.46         (25 25) (35 35)
     V12        0.45         (30 25) (40 35)
     V12        0.38         (35 25) (45 35)
     V12        0.45         (40 25) (50 35)
     V12        0.52         (45 25) (55 35)
     V12        0.42         (50 25) (60 35)
     V12        0.33         (54.115 25) (64.115 35)
     V12        0.12         (0 30) (10 40)
     V12        0.01         (5 30) (15 40)
     V12       *0.00         (10 30) (20 40)
     V12        0.11         (15 30) (25 40)
     V12        0.42         (20 30) (30 40)
     V12        0.60         (25 30) (35 40)
     V12        0.53         (30 30) (40 40)
     V12        0.43         (35 30) (45 40)
     V12        0.44         (40 30) (50 40)
     V12        0.51         (45 30) (55 40)
     V12        0.37         (50 30) (60 40)
     V12        0.25         (54.115 30) (64.115 40)
     V12        0.07         (0 35) (10 45)
     V12       *0.00         (5 35) (15 45)
     V12       *0.00         (10 35) (20 45)
     V12        0.04         (15 35) (25 45)
     V12        0.24         (20 35) (30 45)
     V12        0.50         (25 35) (35 45)
     V12        0.58         (30 35) (40 45)
     V12        0.52         (35 35) (45 45)
     V12        0.36         (40 35) (50 45)
     V12        0.33         (45 35) (55 45)
     V12        0.31         (50 35) (60 45)
     V12        0.20         (54.115 35) (64.115 45)
     V12        0.06         (0 40) (10 50)
     V12       *0.00         (5 40) (15 50)
     V12       *0.00         (10 40) (20 50)
     V12       *0.00         (15 40) (25 50)
     V12        0.12         (20 40) (30 50)
     V12        0.45         (25 40) (35 50)
     V12        0.59         (30 40) (40 50)
     V12        0.53         (35 40) (45 50)
     V12        0.44         (40 40) (50 50)
     V12        0.37         (45 40) (55 50)
     V12        0.26         (50 40) (60 50)
     V12        0.12         (54.115 40) (64.115 50)
     V12        0.09         (0 45) (10 55)
     V12       *0.00         (5 45) (15 55)
     V12       *0.00         (10 45) (20 55)
     V12        0.01         (15 45) (25 55)
     V12        0.16         (20 45) (30 55)
     V12        0.39         (25 45) (35 55)
     V12        0.43         (30 45) (40 55)
     V12        0.37         (35 45) (45 55)
     V12        0.33         (40 45) (50 55)
     V12        0.24         (45 45) (55 55)
     V12        0.11         (50 45) (60 55)
     V12        0.06         (54.115 45) (64.115 55)
     V12        0.08         (0 50) (10 60)
     V12       *0.00         (5 50) (15 60)
     V12       *0.00         (10 50) (20 60)
     V12        0.01         (15 50) (25 60)
     V12        0.07         (20 50) (30 60)
     V12        0.16         (25 50) (35 60)
     V12        0.17         (30 50) (40 60)
     V12        0.11         (35 50) (45 60)
     V12        0.08         (40 50) (50 60)
     V12        0.03         (45 50) (55 60)
     V12        0.03         (50 50) (60 60)
     V12        0.10         (54.115 50) (64.115 60)
     V12        0.04         (0 54.115) (10 64.115)
     V12       *0.00         (5 54.115) (15 64.115)
     V12       *0.00         (10 54.115) (20 64.115)
     V12       *0.00         (15 54.115) (25 64.115)
     V12        0.01         (20 54.115) (30 64.115)
     V12        0.08         (25 54.115) (35 64.115)
     V12        0.09         (30 54.115) (40 64.115)
     V12        0.04         (35 54.115) (45 64.115)
     V12        0.03         (40 54.115) (50 64.115)
     V12        0.01         (45 54.115) (55 64.115)
     V12        0.03         (50 54.115) (60 64.115)
     V12        0.10         (54.115 54.115) (64.115 64.115)

     V12        0.18         (global density)

     V23        0.06         (0 0) (10 10)
     V23        0.01         (5 0) (15 10)
     V23       *0.00         (10 0) (20 10)
     V23       *0.00         (15 0) (25 10)
     V23        0.02         (20 0) (30 10)
     V23        0.09         (25 0) (35 10)
     V23        0.07         (30 0) (40 10)
     V23       *0.00         (35 0) (45 10)
     V23       *0.00         (40 0) (50 10)
     V23       *0.00         (45 0) (55 10)
     V23        0.05         (50 0) (60 10)
     V23        0.09         (54.115 0) (64.115 10)
     V23        0.05         (0 5) (10 15)
     V23       *0.01         (5 5) (15 15)
     V23       *0.00         (10 5) (20 15)
     V23       *0.00         (15 5) (25 15)
     V23        0.05         (20 5) (30 15)
     V23        0.18         (25 5) (35 15)
     V23        0.21         (30 5) (40 15)
     V23        0.19         (35 5) (45 15)
     V23        0.15         (40 5) (50 15)
     V23        0.15         (45 5) (55 15)
     V23        0.18         (50 5) (60 15)
     V23        0.16         (54.115 5) (64.115 15)
     V23        0.05         (0 10) (10 20)
     V23       *0.00         (5 10) (15 20)
     V23       *0.00         (10 10) (20 20)
     V23       *0.00         (15 10) (25 20)
     V23        0.10         (20 10) (30 20)
     V23        0.28         (25 10) (35 20)
     V23        0.33         (30 10) (40 20)
     V23        0.37         (35 10) (45 20)
     V23        0.30         (40 10) (50 20)
     V23        0.25         (45 10) (55 20)
     V23        0.21         (50 10) (60 20)
     V23        0.15         (54.115 10) (64.115 20)
     V23        0.06         (0 15) (10 25)
     V23       *0.00         (5 15) (15 25)
     V23       *0.00         (10 15) (20 25)
     V23        0.01         (15 15) (25 25)
     V23        0.17         (20 15) (30 25)
     V23        0.36         (25 15) (35 25)
     V23        0.37         (30 15) (40 25)
     V23        0.41         (35 15) (45 25)
     V23        0.37         (40 15) (50 25)
     V23        0.30         (45 15) (55 25)
     V23        0.24         (50 15) (60 25)
     V23        0.18         (54.115 15) (64.115 25)
     V23        0.06         (0 20) (10 30)
     V23       *0.00         (5 20) (15 30)
     V23       *0.00         (10 20) (20 30)
     V23        0.03         (15 20) (25 30)
     V23        0.19         (20 20) (30 30)
     V23        0.34         (25 20) (35 30)
     V23        0.37         (30 20) (40 30)
     V23        0.38         (35 20) (45 30)
     V23        0.38         (40 20) (50 30)
     V23        0.38         (45 20) (55 30)
     V23        0.39         (50 20) (60 30)
     V23        0.32         (54.115 20) (64.115 30)
     V23        0.11         (0 25) (10 35)
     V23        0.01         (5 25) (15 35)
     V23       *0.00         (10 25) (20 35)
     V23        0.08         (15 25) (25 35)
     V23        0.22         (20 25) (30 35)
     V23        0.34         (25 25) (35 35)
     V23        0.39         (30 25) (40 35)
     V23        0.36         (35 25) (45 35)
     V23        0.41         (40 25) (50 35)
     V23        0.50         (45 25) (55 35)
     V23        0.45         (50 25) (60 35)
     V23        0.34         (54.115 25) (64.115 35)
     V23        0.12         (0 30) (10 40)
     V23        0.01         (5 30) (15 40)
     V23       *0.00         (10 30) (20 40)
     V23        0.09         (15 30) (25 40)
     V23        0.35         (20 30) (30 40)
     V23        0.50         (25 30) (35 40)
     V23        0.47         (30 30) (40 40)
     V23        0.45         (35 30) (45 40)
     V23        0.43         (40 30) (50 40)
     V23        0.48         (45 30) (55 40)
     V23        0.37         (50 30) (60 40)
     V23        0.25         (54.115 30) (64.115 40)
     V23        0.07         (0 35) (10 45)
     V23       *0.00         (5 35) (15 45)
     V23       *0.00         (10 35) (20 45)
     V23        0.03         (15 35) (25 45)
     V23        0.21         (20 35) (30 45)
     V23        0.41         (25 35) (35 45)
     V23        0.43         (30 35) (40 45)
     V23        0.47         (35 35) (45 45)
     V23        0.38         (40 35) (50 45)
     V23        0.30         (45 35) (55 45)
     V23        0.28         (50 35) (60 45)
     V23        0.20         (54.115 35) (64.115 45)
     V23        0.06         (0 40) (10 50)
     V23       *0.00         (5 40) (15 50)
     V23       *0.00         (10 40) (20 50)
     V23       *0.01         (15 40) (25 50)
     V23        0.11         (20 40) (30 50)
     V23        0.38         (25 40) (35 50)
     V23        0.48         (30 40) (40 50)
     V23        0.47         (35 40) (45 50)
     V23        0.43         (40 40) (50 50)
     V23        0.34         (45 40) (55 50)
     V23        0.23         (50 40) (60 50)
     V23        0.13         (54.115 40) (64.115 50)
     V23        0.09         (0 45) (10 55)
     V23       *0.00         (5 45) (15 55)
     V23       *0.00         (10 45) (20 55)
     V23        0.01         (15 45) (25 55)
     V23        0.13         (20 45) (30 55)
     V23        0.35         (25 45) (35 55)
     V23        0.39         (30 45) (40 55)
     V23        0.33         (35 45) (45 55)
     V23        0.31         (40 45) (50 55)
     V23        0.23         (45 45) (55 55)
     V23        0.12         (50 45) (60 55)
     V23        0.08         (54.115 45) (64.115 55)
     V23        0.08         (0 50) (10 60)
     V23       *0.00         (5 50) (15 60)
     V23       *0.00         (10 50) (20 60)
     V23       *0.00         (15 50) (25 60)
     V23        0.04         (20 50) (30 60)
     V23        0.13         (25 50) (35 60)
     V23        0.13         (30 50) (40 60)
     V23        0.09         (35 50) (45 60)
     V23        0.08         (40 50) (50 60)
     V23        0.02         (45 50) (55 60)
     V23        0.03         (50 50) (60 60)
     V23        0.10         (54.115 50) (64.115 60)
     V23        0.04         (0 54.115) (10 64.115)
     V23       *0.00         (5 54.115) (15 64.115)
     V23       *0.00         (10 54.115) (20 64.115)
     V23       *0.00         (15 54.115) (25 64.115)
     V23        0.01         (20 54.115) (30 64.115)
     V23        0.06         (25 54.115) (35 64.115)
     V23        0.07         (30 54.115) (40 64.115)
     V23        0.03         (35 54.115) (45 64.115)
     V23        0.01         (40 54.115) (50 64.115)
     V23       *0.00         (45 54.115) (55 64.115)
     V23        0.03         (50 54.115) (60 64.115)
     V23        0.10         (54.115 54.115) (64.115 64.115)

     V23        0.16         (global density)

     V34        0.05         (0 0) (10 10)
     V34       *0.00         (5 0) (15 10)
     V34       *0.00         (10 0) (20 10)
     V34       *0.00         (15 0) (25 10)
     V34        0.01         (20 0) (30 10)
     V34        0.07         (25 0) (35 10)
     V34        0.06         (30 0) (40 10)
     V34       *0.00         (35 0) (45 10)
     V34       *0.00         (40 0) (50 10)
     V34       *0.00         (45 0) (55 10)
     V34        0.01         (50 0) (60 10)
     V34        0.04         (54.115 0) (64.115 10)
     V34        0.04         (0 5) (10 15)
     V34       *0.00         (5 5) (15 15)
     V34       *0.00         (10 5) (20 15)
     V34       *0.00         (15 5) (25 15)
     V34       *0.00         (20 5) (30 15)
     V34        0.06         (25 5) (35 15)
     V34        0.09         (30 5) (40 15)
     V34        0.04         (35 5) (45 15)
     V34        0.02         (40 5) (50 15)
     V34        0.01         (45 5) (55 15)
     V34        0.03         (50 5) (60 15)
     V34        0.05         (54.115 5) (64.115 15)
     V34        0.04         (0 10) (10 20)
     V34       *0.00         (5 10) (15 20)
     V34       *0.00         (10 10) (20 20)
     V34       *0.00         (15 10) (25 20)
     V34        0.01         (20 10) (30 20)
     V34        0.08         (25 10) (35 20)
     V34        0.10         (30 10) (40 20)
     V34        0.05         (35 10) (45 20)
     V34        0.03         (40 10) (50 20)
     V34        0.03         (45 10) (55 20)
     V34        0.05         (50 10) (60 20)
     V34        0.06         (54.115 10) (64.115 20)
     V34        0.06         (0 15) (10 25)
     V34       *0.00         (5 15) (15 25)
     V34       *0.00         (10 15) (20 25)
     V34       *0.00         (15 15) (25 25)
     V34        0.03         (20 15) (30 25)
     V34        0.12         (25 15) (35 25)
     V34        0.10         (30 15) (40 25)
     V34        0.04         (35 15) (45 25)
     V34        0.05         (40 15) (50 25)
     V34        0.05         (45 15) (55 25)
     V34        0.06         (50 15) (60 25)
     V34        0.08         (54.115 15) (64.115 25)
     V34        0.06         (0 20) (10 30)
     V34       *0.00         (5 20) (15 30)
     V34       *0.00         (10 20) (20 30)
     V34       *0.00         (15 20) (25 30)
     V34        0.03         (20 20) (30 30)
     V34        0.13         (25 20) (35 30)
     V34        0.13         (30 20) (40 30)
     V34        0.08         (35 20) (45 30)
     V34        0.08         (40 20) (50 30)
     V34        0.08         (45 20) (55 30)
     V34        0.09         (50 20) (60 30)
     V34        0.11         (54.115 20) (64.115 30)
     V34        0.06         (0 25) (10 35)
     V34       *0.00         (5 25) (15 35)
     V34       *0.00         (10 25) (20 35)
     V34       *0.00         (15 25) (25 35)
     V34        0.05         (20 25) (30 35)
     V34        0.15         (25 25) (35 35)
     V34        0.15         (30 25) (40 35)
     V34        0.10         (35 25) (45 35)
     V34        0.11         (40 25) (50 35)
     V34        0.13         (45 25) (55 35)
     V34        0.11         (50 25) (60 35)
     V34        0.12         (54.115 25) (64.115 35)
     V34        0.05         (0 30) (10 40)
     V34       *0.00         (5 30) (15 40)
     V34       *0.00         (10 30) (20 40)
     V34       *0.00         (15 30) (25 40)
     V34        0.05         (20 30) (30 40)
     V34        0.16         (25 30) (35 40)
     V34        0.15         (30 30) (40 40)
     V34        0.10         (35 30) (45 40)
     V34        0.11         (40 30) (50 40)
     V34        0.11         (45 30) (55 40)
     V34        0.08         (50 30) (60 40)
     V34        0.08         (54.115 30) (64.115 40)
     V34        0.05         (0 35) (10 45)
     V34       *0.00         (5 35) (15 45)
     V34       *0.00         (10 35) (20 45)
     V34       *0.00         (15 35) (25 45)
     V34        0.02         (20 35) (30 45)
     V34        0.12         (25 35) (35 45)
     V34        0.14         (30 35) (40 45)
     V34        0.08         (35 35) (45 45)
     V34        0.06         (40 35) (50 45)
     V34        0.06         (45 35) (55 45)
     V34        0.08         (50 35) (60 45)
     V34        0.09         (54.115 35) (64.115 45)
     V34        0.06         (0 40) (10 50)
     V34       *0.00         (5 40) (15 50)
     V34       *0.00         (10 40) (20 50)
     V34       *0.00         (15 40) (25 50)
     V34        0.03         (20 40) (30 50)
     V34        0.14         (25 40) (35 50)
     V34        0.13         (30 40) (40 50)
     V34        0.05         (35 40) (45 50)
     V34        0.06         (40 40) (50 50)
     V34        0.07         (45 40) (55 50)
     V34        0.07         (50 40) (60 50)
     V34        0.08         (54.115 40) (64.115 50)
     V34        0.06         (0 45) (10 55)
     V34       *0.00         (5 45) (15 55)
     V34       *0.00         (10 45) (20 55)
     V34       *0.00         (15 45) (25 55)
     V34        0.05         (20 45) (30 55)
     V34        0.13         (25 45) (35 55)
     V34        0.10         (30 45) (40 55)
     V34        0.04         (35 45) (45 55)
     V34        0.05         (40 45) (50 55)
     V34        0.04         (45 45) (55 55)
     V34        0.03         (50 45) (60 55)
     V34        0.06         (54.115 45) (64.115 55)
     V34        0.04         (0 50) (10 60)
     V34       *0.00         (5 50) (15 60)
     V34       *0.00         (10 50) (20 60)
     V34       *0.00         (15 50) (25 60)
     V34        0.02         (20 50) (30 60)
     V34        0.08         (25 50) (35 60)
     V34        0.07         (30 50) (40 60)
     V34        0.01         (35 50) (45 60)
     V34       *0.00         (40 50) (50 60)
     V34       *0.00         (45 50) (55 60)
     V34        0.02         (50 50) (60 60)
     V34        0.06         (54.115 50) (64.115 60)
     V34        0.04         (0 54.115) (10 64.115)
     V34       *0.00         (5 54.115) (15 64.115)
     V34       *0.00         (10 54.115) (20 64.115)
     V34       *0.00         (15 54.115) (25 64.115)
     V34       *0.00         (20 54.115) (30 64.115)
     V34        0.05         (25 54.115) (35 64.115)
     V34        0.06         (30 54.115) (40 64.115)
     V34        0.01         (35 54.115) (45 64.115)
     V34       *0.00         (40 54.115) (50 64.115)
     V34       *0.00         (45 54.115) (55 64.115)
     V34        0.02         (50 54.115) (60 64.115)
     V34        0.06         (54.115 54.115) (64.115 64.115)

     V34        0.05         (global density)

     V45        0.22         (0 0) (10 10)
     V45       *0.02         (5 0) (15 10)
     V45       *0.00         (10 0) (20 10)
     V45       *0.00         (15 0) (25 10)
     V45       *0.00         (20 0) (30 10)
     V45       *0.02         (25 0) (35 10)
     V45       *0.02         (30 0) (40 10)
     V45       *0.00         (35 0) (45 10)
     V45       *0.00         (40 0) (50 10)
     V45       *0.00         (45 0) (55 10)
     V45        0.09         (50 0) (60 10)
     V45        0.20         (54.115 0) (64.115 10)
     V45        0.06         (0 5) (10 15)
     V45       *0.00         (5 5) (15 15)
     V45       *0.00         (10 5) (20 15)
     V45       *0.00         (15 5) (25 15)
     V45       *0.00         (20 5) (30 15)
     V45       *0.02         (25 5) (35 15)
     V45        0.04         (30 5) (40 15)
     V45        0.06         (35 5) (45 15)
     V45        0.06         (40 5) (50 15)
     V45        0.06         (45 5) (55 15)
     V45        0.09         (50 5) (60 15)
     V45        0.08         (54.115 5) (64.115 15)
     V45       *0.00         (0 10) (10 20)
     V45       *0.00         (5 10) (15 20)
     V45       *0.00         (10 10) (20 20)
     V45       *0.00         (15 10) (25 20)
     V45       *0.02         (20 10) (30 20)
     V45        0.04         (25 10) (35 20)
     V45        0.04         (30 10) (40 20)
     V45        0.06         (35 10) (45 20)
     V45        0.08         (40 10) (50 20)
     V45        0.10         (45 10) (55 20)
     V45        0.08         (50 10) (60 20)
     V45       *0.02         (54.115 10) (64.115 20)
     V45       *0.00         (0 15) (10 25)
     V45       *0.00         (5 15) (15 25)
     V45       *0.00         (10 15) (20 25)
     V45       *0.00         (15 15) (25 25)
     V45        0.04         (20 15) (30 25)
     V45        0.21         (25 15) (35 25)
     V45        0.17         (30 15) (40 25)
     V45        0.04         (35 15) (45 25)
     V45        0.06         (40 15) (50 25)
     V45        0.06         (45 15) (55 25)
     V45        0.04         (50 15) (60 25)
     V45       *0.02         (54.115 15) (64.115 25)
     V45       *0.02         (0 20) (10 30)
     V45       *0.02         (5 20) (15 30)
     V45       *0.00         (10 20) (20 30)
     V45       *0.00         (15 20) (25 30)
     V45        0.04         (20 20) (30 30)
     V45        0.33         (25 20) (35 30)
     V45        0.31         (30 20) (40 30)
     V45        0.10         (35 20) (45 30)
     V45        0.10         (40 20) (50 30)
     V45        0.13         (45 20) (55 30)
     V45        0.16         (50 20) (60 30)
     V45        0.12         (54.115 20) (64.115 30)
     V45       *0.02         (0 25) (10 35)
     V45       *0.02         (5 25) (15 35)
     V45       *0.00         (10 25) (20 35)
     V45       *0.00         (15 25) (25 35)
     V45        0.08         (20 25) (30 35)
     V45        0.22         (25 25) (35 35)
     V45        0.24         (30 25) (40 35)
     V45        0.18         (35 25) (45 35)
     V45        0.18         (40 25) (50 35)
     V45        0.26         (45 25) (55 35)
     V45        0.22         (50 25) (60 35)
     V45        0.20         (54.115 25) (64.115 35)
     V45       *0.00         (0 30) (10 40)
     V45       *0.00         (5 30) (15 40)
     V45       *0.00         (10 30) (20 40)
     V45       *0.00         (15 30) (25 40)
     V45        0.12         (20 30) (30 40)
     V45        0.20         (25 30) (35 40)
     V45        0.20         (30 30) (40 40)
     V45        0.24         (35 30) (45 40)
     V45        0.24         (40 30) (50 40)
     V45        0.28         (45 30) (55 40)
     V45        0.20         (50 30) (60 40)
     V45        0.18         (54.115 30) (64.115 40)
     V45        0.13         (0 35) (10 45)
     V45       *0.00         (5 35) (15 45)
     V45       *0.00         (10 35) (20 45)
     V45       *0.00         (15 35) (25 45)
     V45        0.06         (20 35) (30 45)
     V45        0.14         (25 35) (35 45)
     V45        0.12         (30 35) (40 45)
     V45        0.18         (35 35) (45 45)
     V45        0.22         (40 35) (50 45)
     V45        0.18         (45 35) (55 45)
     V45        0.22         (50 35) (60 45)
     V45        0.25         (54.115 35) (64.115 45)
     V45        0.20         (0 40) (10 50)
     V45       *0.00         (5 40) (15 50)
     V45       *0.00         (10 40) (20 50)
     V45       *0.00         (15 40) (25 50)
     V45        0.06         (20 40) (30 50)
     V45        0.14         (25 40) (35 50)
     V45        0.08         (30 40) (40 50)
     V45        0.12         (35 40) (45 50)
     V45        0.24         (40 40) (50 50)
     V45        0.14         (45 40) (55 50)
     V45        0.17         (50 40) (60 50)
     V45        0.29         (54.115 40) (64.115 50)
     V45        0.06         (0 45) (10 55)
     V45       *0.00         (5 45) (15 55)
     V45       *0.00         (10 45) (20 55)
     V45       *0.00         (15 45) (25 55)
     V45        0.06         (20 45) (30 55)
     V45        0.12         (25 45) (35 55)
     V45        0.06         (30 45) (40 55)
     V45        0.06         (35 45) (45 55)
     V45        0.14         (40 45) (50 55)
     V45        0.10         (45 45) (55 55)
     V45        0.07         (50 45) (60 55)
     V45        0.12         (54.115 45) (64.115 55)
     V45       *0.00         (0 50) (10 60)
     V45       *0.00         (5 50) (15 60)
     V45       *0.00         (10 50) (20 60)
     V45       *0.00         (15 50) (25 60)
     V45       *0.00         (20 50) (30 60)
     V45       *0.00         (25 50) (35 60)
     V45       *0.00         (30 50) (40 60)
     V45       *0.00         (35 50) (45 60)
     V45       *0.00         (40 50) (50 60)
     V45       *0.00         (45 50) (55 60)
     V45       *0.00         (50 50) (60 60)
     V45       *0.00         (54.115 50) (64.115 60)
     V45       *0.00         (0 54.115) (10 64.115)
     V45       *0.00         (5 54.115) (15 64.115)
     V45       *0.00         (10 54.115) (20 64.115)
     V45       *0.00         (15 54.115) (25 64.115)
     V45       *0.00         (20 54.115) (30 64.115)
     V45       *0.00         (25 54.115) (35 64.115)
     V45       *0.00         (30 54.115) (40 64.115)
     V45       *0.00         (35 54.115) (45 64.115)
     V45       *0.00         (40 54.115) (50 64.115)
     V45       *0.00         (45 54.115) (55 64.115)
     V45       *0.00         (50 54.115) (60 64.115)
     V45       *0.00         (54.115 54.115) (64.115 64.115)

     V45        0.07         (global density)

     V56        0.20         (0 0) (10 10)
     V56       *0.00         (5 0) (15 10)
     V56       *0.00         (10 0) (20 10)
     V56       *0.00         (15 0) (25 10)
     V56       *0.00         (20 0) (30 10)
     V56       *0.02         (25 0) (35 10)
     V56       *0.02         (30 0) (40 10)
     V56       *0.00         (35 0) (45 10)
     V56       *0.00         (40 0) (50 10)
     V56       *0.02         (45 0) (55 10)
     V56        0.11         (50 0) (60 10)
     V56        0.20         (54.115 0) (64.115 10)
     V56        0.06         (0 5) (10 15)
     V56       *0.00         (5 5) (15 15)
     V56       *0.00         (10 5) (20 15)
     V56       *0.00         (15 5) (25 15)
     V56       *0.00         (20 5) (30 15)
     V56       *0.00         (25 5) (35 15)
     V56       *0.00         (30 5) (40 15)
     V56       *0.02         (35 5) (45 15)
     V56       *0.02         (40 5) (50 15)
     V56       *0.00         (45 5) (55 15)
     V56       *0.03         (50 5) (60 15)
     V56        0.06         (54.115 5) (64.115 15)
     V56       *0.00         (0 10) (10 20)
     V56       *0.00         (5 10) (15 20)
     V56       *0.00         (10 10) (20 20)
     V56       *0.00         (15 10) (25 20)
     V56       *0.00         (20 10) (30 20)
     V56       *0.02         (25 10) (35 20)
     V56       *0.02         (30 10) (40 20)
     V56       *0.02         (35 10) (45 20)
     V56       *0.02         (40 10) (50 20)
     V56       *0.00         (45 10) (55 20)
     V56       *0.00         (50 10) (60 20)
     V56       *0.00         (54.115 10) (64.115 20)
     V56       *0.00         (0 15) (10 25)
     V56       *0.00         (5 15) (15 25)
     V56       *0.00         (10 15) (20 25)
     V56       *0.00         (15 15) (25 25)
     V56       *0.00         (20 15) (30 25)
     V56        0.17         (25 15) (35 25)
     V56        0.19         (30 15) (40 25)
     V56       *0.02         (35 15) (45 25)
     V56       *0.00         (40 15) (50 25)
     V56       *0.00         (45 15) (55 25)
     V56       *0.00         (50 15) (60 25)
     V56       *0.00         (54.115 15) (64.115 25)
     V56       *0.00         (0 20) (10 30)
     V56       *0.00         (5 20) (15 30)
     V56       *0.00         (10 20) (20 30)
     V56       *0.00         (15 20) (25 30)
     V56       *0.02         (20 20) (30 30)
     V56        0.25         (25 20) (35 30)
     V56        0.25         (30 20) (40 30)
     V56       *0.02         (35 20) (45 30)
     V56       *0.00         (40 20) (50 30)
     V56        0.04         (45 20) (55 30)
     V56        0.04         (50 20) (60 30)
     V56       *0.00         (54.115 20) (64.115 30)
     V56       *0.00         (0 25) (10 35)
     V56       *0.00         (5 25) (15 35)
     V56       *0.00         (10 25) (20 35)
     V56       *0.00         (15 25) (25 35)
     V56        0.04         (20 25) (30 35)
     V56        0.12         (25 25) (35 35)
     V56        0.10         (30 25) (40 35)
     V56        0.04         (35 25) (45 35)
     V56       *0.02         (40 25) (50 35)
     V56        0.06         (45 25) (55 35)
     V56        0.06         (50 25) (60 35)
     V56       *0.00         (54.115 25) (64.115 35)
     V56       *0.00         (0 30) (10 40)
     V56       *0.00         (5 30) (15 40)
     V56       *0.00         (10 30) (20 40)
     V56       *0.00         (15 30) (25 40)
     V56       *0.02         (20 30) (30 40)
     V56       *0.02         (25 30) (35 40)
     V56       *0.02         (30 30) (40 40)
     V56        0.04         (35 30) (45 40)
     V56       *0.02         (40 30) (50 40)
     V56        0.04         (45 30) (55 40)
     V56        0.04         (50 30) (60 40)
     V56       *0.00         (54.115 30) (64.115 40)
     V56        0.13         (0 35) (10 45)
     V56       *0.00         (5 35) (15 45)
     V56       *0.00         (10 35) (20 45)
     V56       *0.00         (15 35) (25 45)
     V56       *0.00         (20 35) (30 45)
     V56       *0.00         (25 35) (35 45)
     V56       *0.00         (30 35) (40 45)
     V56       *0.00         (35 35) (45 45)
     V56       *0.00         (40 35) (50 45)
     V56       *0.02         (45 35) (55 45)
     V56        0.08         (50 35) (60 45)
     V56        0.13         (54.115 35) (64.115 45)
     V56        0.20         (0 40) (10 50)
     V56       *0.00         (5 40) (15 50)
     V56       *0.00         (10 40) (20 50)
     V56       *0.00         (15 40) (25 50)
     V56       *0.00         (20 40) (30 50)
     V56       *0.00         (25 40) (35 50)
     V56       *0.00         (30 40) (40 50)
     V56       *0.00         (35 40) (45 50)
     V56       *0.00         (40 40) (50 50)
     V56       *0.00         (45 40) (55 50)
     V56        0.09         (50 40) (60 50)
     V56        0.20         (54.115 40) (64.115 50)
     V56        0.06         (0 45) (10 55)
     V56       *0.00         (5 45) (15 55)
     V56       *0.00         (10 45) (20 55)
     V56       *0.00         (15 45) (25 55)
     V56       *0.00         (20 45) (30 55)
     V56       *0.00         (25 45) (35 55)
     V56       *0.00         (30 45) (40 55)
     V56       *0.00         (35 45) (45 55)
     V56       *0.00         (40 45) (50 55)
     V56       *0.00         (45 45) (55 55)
     V56       *0.03         (50 45) (60 55)
     V56        0.06         (54.115 45) (64.115 55)
     V56       *0.00         (0 50) (10 60)
     V56       *0.00         (5 50) (15 60)
     V56       *0.00         (10 50) (20 60)
     V56       *0.00         (15 50) (25 60)
     V56       *0.00         (20 50) (30 60)
     V56       *0.00         (25 50) (35 60)
     V56       *0.00         (30 50) (40 60)
     V56       *0.00         (35 50) (45 60)
     V56       *0.00         (40 50) (50 60)
     V56       *0.00         (45 50) (55 60)
     V56       *0.00         (50 50) (60 60)
     V56       *0.00         (54.115 50) (64.115 60)
     V56       *0.00         (0 54.115) (10 64.115)
     V56       *0.00         (5 54.115) (15 64.115)
     V56       *0.00         (10 54.115) (20 64.115)
     V56       *0.00         (15 54.115) (25 64.115)
     V56       *0.00         (20 54.115) (30 64.115)
     V56       *0.00         (25 54.115) (35 64.115)
     V56       *0.00         (30 54.115) (40 64.115)
     V56       *0.00         (35 54.115) (45 64.115)
     V56       *0.00         (40 54.115) (50 64.115)
     V56       *0.00         (45 54.115) (55 64.115)
     V56       *0.00         (50 54.115) (60 64.115)
     V56       *0.00         (54.115 54.115) (64.115 64.115)

     V56        0.03         (global density)

     V67        0.10         (0 0) (10 10)
     V67       *0.00         (5 0) (15 10)
     V67       *0.00         (10 0) (20 10)
     V67       *0.00         (15 0) (25 10)
     V67       *0.00         (20 0) (30 10)
     V67       *0.00         (25 0) (35 10)
     V67       *0.00         (30 0) (40 10)
     V67       *0.00         (35 0) (45 10)
     V67       *0.00         (40 0) (50 10)
     V67       *0.00         (45 0) (55 10)
     V67       *0.00         (50 0) (60 10)
     V67        0.10         (54.115 0) (64.115 10)
     V67       *0.03         (0 5) (10 15)
     V67       *0.00         (5 5) (15 15)
     V67       *0.00         (10 5) (20 15)
     V67       *0.00         (15 5) (25 15)
     V67       *0.00         (20 5) (30 15)
     V67       *0.00         (25 5) (35 15)
     V67       *0.00         (30 5) (40 15)
     V67       *0.00         (35 5) (45 15)
     V67       *0.00         (40 5) (50 15)
     V67       *0.00         (45 5) (55 15)
     V67       *0.00         (50 5) (60 15)
     V67       *0.03         (54.115 5) (64.115 15)
     V67       *0.00         (0 10) (10 20)
     V67       *0.00         (5 10) (15 20)
     V67       *0.00         (10 10) (20 20)
     V67       *0.00         (15 10) (25 20)
     V67       *0.00         (20 10) (30 20)
     V67       *0.00         (25 10) (35 20)
     V67       *0.00         (30 10) (40 20)
     V67       *0.00         (35 10) (45 20)
     V67       *0.00         (40 10) (50 20)
     V67       *0.00         (45 10) (55 20)
     V67       *0.00         (50 10) (60 20)
     V67       *0.00         (54.115 10) (64.115 20)
     V67       *0.00         (0 15) (10 25)
     V67       *0.00         (5 15) (15 25)
     V67       *0.00         (10 15) (20 25)
     V67       *0.00         (15 15) (25 25)
     V67       *0.00         (20 15) (30 25)
     V67        0.07         (25 15) (35 25)
     V67        0.07         (30 15) (40 25)
     V67       *0.00         (35 15) (45 25)
     V67       *0.00         (40 15) (50 25)
     V67       *0.00         (45 15) (55 25)
     V67       *0.00         (50 15) (60 25)
     V67       *0.00         (54.115 15) (64.115 25)
     V67       *0.00         (0 20) (10 30)
     V67       *0.00         (5 20) (15 30)
     V67       *0.00         (10 20) (20 30)
     V67       *0.00         (15 20) (25 30)
     V67       *0.00         (20 20) (30 30)
     V67        0.10         (25 20) (35 30)
     V67        0.10         (30 20) (40 30)
     V67       *0.00         (35 20) (45 30)
     V67       *0.00         (40 20) (50 30)
     V67       *0.00         (45 20) (55 30)
     V67       *0.00         (50 20) (60 30)
     V67       *0.00         (54.115 20) (64.115 30)
     V67       *0.00         (0 25) (10 35)
     V67       *0.00         (5 25) (15 35)
     V67       *0.00         (10 25) (20 35)
     V67       *0.00         (15 25) (25 35)
     V67       *0.00         (20 25) (30 35)
     V67       *0.03         (25 25) (35 35)
     V67       *0.03         (30 25) (40 35)
     V67       *0.00         (35 25) (45 35)
     V67       *0.00         (40 25) (50 35)
     V67       *0.00         (45 25) (55 35)
     V67       *0.00         (50 25) (60 35)
     V67       *0.00         (54.115 25) (64.115 35)
     V67       *0.00         (0 30) (10 40)
     V67       *0.00         (5 30) (15 40)
     V67       *0.00         (10 30) (20 40)
     V67       *0.00         (15 30) (25 40)
     V67       *0.00         (20 30) (30 40)
     V67       *0.00         (25 30) (35 40)
     V67       *0.00         (30 30) (40 40)
     V67       *0.00         (35 30) (45 40)
     V67       *0.00         (40 30) (50 40)
     V67       *0.00         (45 30) (55 40)
     V67       *0.00         (50 30) (60 40)
     V67       *0.00         (54.115 30) (64.115 40)
     V67        0.07         (0 35) (10 45)
     V67       *0.00         (5 35) (15 45)
     V67       *0.00         (10 35) (20 45)
     V67       *0.00         (15 35) (25 45)
     V67       *0.00         (20 35) (30 45)
     V67       *0.00         (25 35) (35 45)
     V67       *0.00         (30 35) (40 45)
     V67       *0.00         (35 35) (45 45)
     V67       *0.00         (40 35) (50 45)
     V67       *0.00         (45 35) (55 45)
     V67       *0.00         (50 35) (60 45)
     V67        0.07         (54.115 35) (64.115 45)
     V67        0.10         (0 40) (10 50)
     V67       *0.00         (5 40) (15 50)
     V67       *0.00         (10 40) (20 50)
     V67       *0.00         (15 40) (25 50)
     V67       *0.00         (20 40) (30 50)
     V67       *0.00         (25 40) (35 50)
     V67       *0.00         (30 40) (40 50)
     V67       *0.00         (35 40) (45 50)
     V67       *0.00         (40 40) (50 50)
     V67       *0.00         (45 40) (55 50)
     V67       *0.00         (50 40) (60 50)
     V67        0.10         (54.115 40) (64.115 50)
     V67       *0.03         (0 45) (10 55)
     V67       *0.00         (5 45) (15 55)
     V67       *0.00         (10 45) (20 55)
     V67       *0.00         (15 45) (25 55)
     V67       *0.00         (20 45) (30 55)
     V67       *0.00         (25 45) (35 55)
     V67       *0.00         (30 45) (40 55)
     V67       *0.00         (35 45) (45 55)
     V67       *0.00         (40 45) (50 55)
     V67       *0.00         (45 45) (55 55)
     V67       *0.00         (50 45) (60 55)
     V67       *0.03         (54.115 45) (64.115 55)
     V67       *0.00         (0 50) (10 60)
     V67       *0.00         (5 50) (15 60)
     V67       *0.00         (10 50) (20 60)
     V67       *0.00         (15 50) (25 60)
     V67       *0.00         (20 50) (30 60)
     V67       *0.00         (25 50) (35 60)
     V67       *0.00         (30 50) (40 60)
     V67       *0.00         (35 50) (45 60)
     V67       *0.00         (40 50) (50 60)
     V67       *0.00         (45 50) (55 60)
     V67       *0.00         (50 50) (60 60)
     V67       *0.00         (54.115 50) (64.115 60)
     V67       *0.00         (0 54.115) (10 64.115)
     V67       *0.00         (5 54.115) (15 64.115)
     V67       *0.00         (10 54.115) (20 64.115)
     V67       *0.00         (15 54.115) (25 64.115)
     V67       *0.00         (20 54.115) (30 64.115)
     V67       *0.00         (25 54.115) (35 64.115)
     V67       *0.00         (30 54.115) (40 64.115)
     V67       *0.00         (35 54.115) (45 64.115)
     V67       *0.00         (40 54.115) (50 64.115)
     V67       *0.00         (45 54.115) (55 64.115)
     V67       *0.00         (50 54.115) (60 64.115)
     V67       *0.00         (54.115 54.115) (64.115 64.115)

     V67        0.01         (global density)

     V78       *0.00         (0 0) (10 10)
     V78       *0.00         (5 0) (15 10)
     V78       *0.00         (10 0) (20 10)
     V78       *0.00         (15 0) (25 10)
     V78       *0.00         (20 0) (30 10)
     V78       *0.00         (25 0) (35 10)
     V78       *0.00         (30 0) (40 10)
     V78       *0.00         (35 0) (45 10)
     V78       *0.00         (40 0) (50 10)
     V78       *0.00         (45 0) (55 10)
     V78       *0.00         (50 0) (60 10)
     V78       *0.00         (54.115 0) (64.115 10)
     V78       *0.00         (0 5) (10 15)
     V78       *0.00         (5 5) (15 15)
     V78       *0.00         (10 5) (20 15)
     V78       *0.00         (15 5) (25 15)
     V78       *0.00         (20 5) (30 15)
     V78       *0.00         (25 5) (35 15)
     V78       *0.00         (30 5) (40 15)
     V78       *0.00         (35 5) (45 15)
     V78       *0.00         (40 5) (50 15)
     V78       *0.00         (45 5) (55 15)
     V78       *0.00         (50 5) (60 15)
     V78       *0.00         (54.115 5) (64.115 15)
     V78       *0.00         (0 10) (10 20)
     V78       *0.00         (5 10) (15 20)
     V78       *0.00         (10 10) (20 20)
     V78       *0.00         (15 10) (25 20)
     V78       *0.00         (20 10) (30 20)
     V78       *0.00         (25 10) (35 20)
     V78       *0.00         (30 10) (40 20)
     V78       *0.00         (35 10) (45 20)
     V78       *0.00         (40 10) (50 20)
     V78       *0.00         (45 10) (55 20)
     V78       *0.00         (50 10) (60 20)
     V78       *0.00         (54.115 10) (64.115 20)
     V78       *0.00         (0 15) (10 25)
     V78       *0.00         (5 15) (15 25)
     V78       *0.00         (10 15) (20 25)
     V78       *0.00         (15 15) (25 25)
     V78       *0.00         (20 15) (30 25)
     V78       *0.00         (25 15) (35 25)
     V78       *0.00         (30 15) (40 25)
     V78       *0.00         (35 15) (45 25)
     V78       *0.00         (40 15) (50 25)
     V78       *0.00         (45 15) (55 25)
     V78       *0.00         (50 15) (60 25)
     V78       *0.00         (54.115 15) (64.115 25)
     V78       *0.00         (0 20) (10 30)
     V78       *0.00         (5 20) (15 30)
     V78       *0.00         (10 20) (20 30)
     V78       *0.00         (15 20) (25 30)
     V78       *0.00         (20 20) (30 30)
     V78       *0.00         (25 20) (35 30)
     V78       *0.00         (30 20) (40 30)
     V78       *0.00         (35 20) (45 30)
     V78       *0.00         (40 20) (50 30)
     V78       *0.00         (45 20) (55 30)
     V78       *0.00         (50 20) (60 30)
     V78       *0.00         (54.115 20) (64.115 30)
     V78       *0.00         (0 25) (10 35)
     V78       *0.00         (5 25) (15 35)
     V78       *0.00         (10 25) (20 35)
     V78       *0.00         (15 25) (25 35)
     V78       *0.00         (20 25) (30 35)
     V78       *0.00         (25 25) (35 35)
     V78       *0.00         (30 25) (40 35)
     V78       *0.00         (35 25) (45 35)
     V78       *0.00         (40 25) (50 35)
     V78       *0.00         (45 25) (55 35)
     V78       *0.00         (50 25) (60 35)
     V78       *0.00         (54.115 25) (64.115 35)
     V78       *0.00         (0 30) (10 40)
     V78       *0.00         (5 30) (15 40)
     V78       *0.00         (10 30) (20 40)
     V78       *0.00         (15 30) (25 40)
     V78       *0.00         (20 30) (30 40)
     V78       *0.00         (25 30) (35 40)
     V78       *0.00         (30 30) (40 40)
     V78       *0.00         (35 30) (45 40)
     V78       *0.00         (40 30) (50 40)
     V78       *0.00         (45 30) (55 40)
     V78       *0.00         (50 30) (60 40)
     V78       *0.00         (54.115 30) (64.115 40)
     V78       *0.00         (0 35) (10 45)
     V78       *0.00         (5 35) (15 45)
     V78       *0.00         (10 35) (20 45)
     V78       *0.00         (15 35) (25 45)
     V78       *0.00         (20 35) (30 45)
     V78       *0.00         (25 35) (35 45)
     V78       *0.00         (30 35) (40 45)
     V78       *0.00         (35 35) (45 45)
     V78       *0.00         (40 35) (50 45)
     V78       *0.00         (45 35) (55 45)
     V78       *0.00         (50 35) (60 45)
     V78       *0.00         (54.115 35) (64.115 45)
     V78       *0.00         (0 40) (10 50)
     V78       *0.00         (5 40) (15 50)
     V78       *0.00         (10 40) (20 50)
     V78       *0.00         (15 40) (25 50)
     V78       *0.00         (20 40) (30 50)
     V78       *0.00         (25 40) (35 50)
     V78       *0.00         (30 40) (40 50)
     V78       *0.00         (35 40) (45 50)
     V78       *0.00         (40 40) (50 50)
     V78       *0.00         (45 40) (55 50)
     V78       *0.00         (50 40) (60 50)
     V78       *0.00         (54.115 40) (64.115 50)
     V78       *0.00         (0 45) (10 55)
     V78       *0.00         (5 45) (15 55)
     V78       *0.00         (10 45) (20 55)
     V78       *0.00         (15 45) (25 55)
     V78       *0.00         (20 45) (30 55)
     V78       *0.00         (25 45) (35 55)
     V78       *0.00         (30 45) (40 55)
     V78       *0.00         (35 45) (45 55)
     V78       *0.00         (40 45) (50 55)
     V78       *0.00         (45 45) (55 55)
     V78       *0.00         (50 45) (60 55)
     V78       *0.00         (54.115 45) (64.115 55)
     V78       *0.00         (0 50) (10 60)
     V78       *0.00         (5 50) (15 60)
     V78       *0.00         (10 50) (20 60)
     V78       *0.00         (15 50) (25 60)
     V78       *0.00         (20 50) (30 60)
     V78       *0.00         (25 50) (35 60)
     V78       *0.00         (30 50) (40 60)
     V78       *0.00         (35 50) (45 60)
     V78       *0.00         (40 50) (50 60)
     V78       *0.00         (45 50) (55 60)
     V78       *0.00         (50 50) (60 60)
     V78       *0.00         (54.115 50) (64.115 60)
     V78       *0.00         (0 54.115) (10 64.115)
     V78       *0.00         (5 54.115) (15 64.115)
     V78       *0.00         (10 54.115) (20 64.115)
     V78       *0.00         (15 54.115) (25 64.115)
     V78       *0.00         (20 54.115) (30 64.115)
     V78       *0.00         (25 54.115) (35 64.115)
     V78       *0.00         (30 54.115) (40 64.115)
     V78       *0.00         (35 54.115) (45 64.115)
     V78       *0.00         (40 54.115) (50 64.115)
     V78       *0.00         (45 54.115) (55 64.115)
     V78       *0.00         (50 54.115) (60 64.115)
     V78       *0.00         (54.115 54.115) (64.115 64.115)

     V78        0.00         (global density)

     V89       *0.00         (0 0) (10 10)
     V89       *0.00         (5 0) (15 10)
     V89       *0.00         (10 0) (20 10)
     V89       *0.00         (15 0) (25 10)
     V89       *0.00         (20 0) (30 10)
     V89       *0.00         (25 0) (35 10)
     V89       *0.00         (30 0) (40 10)
     V89       *0.00         (35 0) (45 10)
     V89       *0.00         (40 0) (50 10)
     V89       *0.00         (45 0) (55 10)
     V89       *0.00         (50 0) (60 10)
     V89       *0.00         (54.115 0) (64.115 10)
     V89       *0.00         (0 5) (10 15)
     V89       *0.00         (5 5) (15 15)
     V89       *0.00         (10 5) (20 15)
     V89       *0.00         (15 5) (25 15)
     V89       *0.00         (20 5) (30 15)
     V89       *0.00         (25 5) (35 15)
     V89       *0.00         (30 5) (40 15)
     V89       *0.00         (35 5) (45 15)
     V89       *0.00         (40 5) (50 15)
     V89       *0.00         (45 5) (55 15)
     V89       *0.00         (50 5) (60 15)
     V89       *0.00         (54.115 5) (64.115 15)
     V89       *0.00         (0 10) (10 20)
     V89       *0.00         (5 10) (15 20)
     V89       *0.00         (10 10) (20 20)
     V89       *0.00         (15 10) (25 20)
     V89       *0.00         (20 10) (30 20)
     V89       *0.00         (25 10) (35 20)
     V89       *0.00         (30 10) (40 20)
     V89       *0.00         (35 10) (45 20)
     V89       *0.00         (40 10) (50 20)
     V89       *0.00         (45 10) (55 20)
     V89       *0.00         (50 10) (60 20)
     V89       *0.00         (54.115 10) (64.115 20)
     V89       *0.00         (0 15) (10 25)
     V89       *0.00         (5 15) (15 25)
     V89       *0.00         (10 15) (20 25)
     V89       *0.00         (15 15) (25 25)
     V89       *0.00         (20 15) (30 25)
     V89       *0.00         (25 15) (35 25)
     V89       *0.00         (30 15) (40 25)
     V89       *0.00         (35 15) (45 25)
     V89       *0.00         (40 15) (50 25)
     V89       *0.00         (45 15) (55 25)
     V89       *0.00         (50 15) (60 25)
     V89       *0.00         (54.115 15) (64.115 25)
     V89       *0.00         (0 20) (10 30)
     V89       *0.00         (5 20) (15 30)
     V89       *0.00         (10 20) (20 30)
     V89       *0.00         (15 20) (25 30)
     V89       *0.00         (20 20) (30 30)
     V89       *0.00         (25 20) (35 30)
     V89       *0.00         (30 20) (40 30)
     V89       *0.00         (35 20) (45 30)
     V89       *0.00         (40 20) (50 30)
     V89       *0.00         (45 20) (55 30)
     V89       *0.00         (50 20) (60 30)
     V89       *0.00         (54.115 20) (64.115 30)
     V89       *0.00         (0 25) (10 35)
     V89       *0.00         (5 25) (15 35)
     V89       *0.00         (10 25) (20 35)
     V89       *0.00         (15 25) (25 35)
     V89       *0.00         (20 25) (30 35)
     V89       *0.00         (25 25) (35 35)
     V89       *0.00         (30 25) (40 35)
     V89       *0.00         (35 25) (45 35)
     V89       *0.00         (40 25) (50 35)
     V89       *0.00         (45 25) (55 35)
     V89       *0.00         (50 25) (60 35)
     V89       *0.00         (54.115 25) (64.115 35)
     V89       *0.00         (0 30) (10 40)
     V89       *0.00         (5 30) (15 40)
     V89       *0.00         (10 30) (20 40)
     V89       *0.00         (15 30) (25 40)
     V89       *0.00         (20 30) (30 40)
     V89       *0.00         (25 30) (35 40)
     V89       *0.00         (30 30) (40 40)
     V89       *0.00         (35 30) (45 40)
     V89       *0.00         (40 30) (50 40)
     V89       *0.00         (45 30) (55 40)
     V89       *0.00         (50 30) (60 40)
     V89       *0.00         (54.115 30) (64.115 40)
     V89       *0.00         (0 35) (10 45)
     V89       *0.00         (5 35) (15 45)
     V89       *0.00         (10 35) (20 45)
     V89       *0.00         (15 35) (25 45)
     V89       *0.00         (20 35) (30 45)
     V89       *0.00         (25 35) (35 45)
     V89       *0.00         (30 35) (40 45)
     V89       *0.00         (35 35) (45 45)
     V89       *0.00         (40 35) (50 45)
     V89       *0.00         (45 35) (55 45)
     V89       *0.00         (50 35) (60 45)
     V89       *0.00         (54.115 35) (64.115 45)
     V89       *0.00         (0 40) (10 50)
     V89       *0.00         (5 40) (15 50)
     V89       *0.00         (10 40) (20 50)
     V89       *0.00         (15 40) (25 50)
     V89       *0.00         (20 40) (30 50)
     V89       *0.00         (25 40) (35 50)
     V89       *0.00         (30 40) (40 50)
     V89       *0.00         (35 40) (45 50)
     V89       *0.00         (40 40) (50 50)
     V89       *0.00         (45 40) (55 50)
     V89       *0.00         (50 40) (60 50)
     V89       *0.00         (54.115 40) (64.115 50)
     V89       *0.00         (0 45) (10 55)
     V89       *0.00         (5 45) (15 55)
     V89       *0.00         (10 45) (20 55)
     V89       *0.00         (15 45) (25 55)
     V89       *0.00         (20 45) (30 55)
     V89       *0.00         (25 45) (35 55)
     V89       *0.00         (30 45) (40 55)
     V89       *0.00         (35 45) (45 55)
     V89       *0.00         (40 45) (50 55)
     V89       *0.00         (45 45) (55 55)
     V89       *0.00         (50 45) (60 55)
     V89       *0.00         (54.115 45) (64.115 55)
     V89       *0.00         (0 50) (10 60)
     V89       *0.00         (5 50) (15 60)
     V89       *0.00         (10 50) (20 60)
     V89       *0.00         (15 50) (25 60)
     V89       *0.00         (20 50) (30 60)
     V89       *0.00         (25 50) (35 60)
     V89       *0.00         (30 50) (40 60)
     V89       *0.00         (35 50) (45 60)
     V89       *0.00         (40 50) (50 60)
     V89       *0.00         (45 50) (55 60)
     V89       *0.00         (50 50) (60 60)
     V89       *0.00         (54.115 50) (64.115 60)
     V89       *0.00         (0 54.115) (10 64.115)
     V89       *0.00         (5 54.115) (15 64.115)
     V89       *0.00         (10 54.115) (20 64.115)
     V89       *0.00         (15 54.115) (25 64.115)
     V89       *0.00         (20 54.115) (30 64.115)
     V89       *0.00         (25 54.115) (35 64.115)
     V89       *0.00         (30 54.115) (40 64.115)
     V89       *0.00         (35 54.115) (45 64.115)
     V89       *0.00         (40 54.115) (50 64.115)
     V89       *0.00         (45 54.115) (55 64.115)
     V89       *0.00         (50 54.115) (60 64.115)
     V89       *0.00         (54.115 54.115) (64.115 64.115)

     V89        0.00         (global density)

    V910       *0.00         (0 0) (10 10)
    V910       *0.00         (5 0) (15 10)
    V910       *0.00         (10 0) (20 10)
    V910       *0.00         (15 0) (25 10)
    V910       *0.00         (20 0) (30 10)
    V910       *0.00         (25 0) (35 10)
    V910       *0.00         (30 0) (40 10)
    V910       *0.00         (35 0) (45 10)
    V910       *0.00         (40 0) (50 10)
    V910       *0.00         (45 0) (55 10)
    V910       *0.00         (50 0) (60 10)
    V910       *0.00         (54.115 0) (64.115 10)
    V910       *0.00         (0 5) (10 15)
    V910       *0.00         (5 5) (15 15)
    V910       *0.00         (10 5) (20 15)
    V910       *0.00         (15 5) (25 15)
    V910       *0.00         (20 5) (30 15)
    V910       *0.00         (25 5) (35 15)
    V910       *0.00         (30 5) (40 15)
    V910       *0.00         (35 5) (45 15)
    V910       *0.00         (40 5) (50 15)
    V910       *0.00         (45 5) (55 15)
    V910       *0.00         (50 5) (60 15)
    V910       *0.00         (54.115 5) (64.115 15)
    V910       *0.00         (0 10) (10 20)
    V910       *0.00         (5 10) (15 20)
    V910       *0.00         (10 10) (20 20)
    V910       *0.00         (15 10) (25 20)
    V910       *0.00         (20 10) (30 20)
    V910       *0.00         (25 10) (35 20)
    V910       *0.00         (30 10) (40 20)
    V910       *0.00         (35 10) (45 20)
    V910       *0.00         (40 10) (50 20)
    V910       *0.00         (45 10) (55 20)
    V910       *0.00         (50 10) (60 20)
    V910       *0.00         (54.115 10) (64.115 20)
    V910       *0.00         (0 15) (10 25)
    V910       *0.00         (5 15) (15 25)
    V910       *0.00         (10 15) (20 25)
    V910       *0.00         (15 15) (25 25)
    V910       *0.00         (20 15) (30 25)
    V910       *0.00         (25 15) (35 25)
    V910       *0.00         (30 15) (40 25)
    V910       *0.00         (35 15) (45 25)
    V910       *0.00         (40 15) (50 25)
    V910       *0.00         (45 15) (55 25)
    V910       *0.00         (50 15) (60 25)
    V910       *0.00         (54.115 15) (64.115 25)
    V910       *0.00         (0 20) (10 30)
    V910       *0.00         (5 20) (15 30)
    V910       *0.00         (10 20) (20 30)
    V910       *0.00         (15 20) (25 30)
    V910       *0.00         (20 20) (30 30)
    V910       *0.00         (25 20) (35 30)
    V910       *0.00         (30 20) (40 30)
    V910       *0.00         (35 20) (45 30)
    V910       *0.00         (40 20) (50 30)
    V910       *0.00         (45 20) (55 30)
    V910       *0.00         (50 20) (60 30)
    V910       *0.00         (54.115 20) (64.115 30)
    V910       *0.00         (0 25) (10 35)
    V910       *0.00         (5 25) (15 35)
    V910       *0.00         (10 25) (20 35)
    V910       *0.00         (15 25) (25 35)
    V910       *0.00         (20 25) (30 35)
    V910       *0.00         (25 25) (35 35)
    V910       *0.00         (30 25) (40 35)
    V910       *0.00         (35 25) (45 35)
    V910       *0.00         (40 25) (50 35)
    V910       *0.00         (45 25) (55 35)
    V910       *0.00         (50 25) (60 35)
    V910       *0.00         (54.115 25) (64.115 35)
    V910       *0.00         (0 30) (10 40)
    V910       *0.00         (5 30) (15 40)
    V910       *0.00         (10 30) (20 40)
    V910       *0.00         (15 30) (25 40)
    V910       *0.00         (20 30) (30 40)
    V910       *0.00         (25 30) (35 40)
    V910       *0.00         (30 30) (40 40)
    V910       *0.00         (35 30) (45 40)
    V910       *0.00         (40 30) (50 40)
    V910       *0.00         (45 30) (55 40)
    V910       *0.00         (50 30) (60 40)
    V910       *0.00         (54.115 30) (64.115 40)
    V910       *0.00         (0 35) (10 45)
    V910       *0.00         (5 35) (15 45)
    V910       *0.00         (10 35) (20 45)
    V910       *0.00         (15 35) (25 45)
    V910       *0.00         (20 35) (30 45)
    V910       *0.00         (25 35) (35 45)
    V910       *0.00         (30 35) (40 45)
    V910       *0.00         (35 35) (45 45)
    V910       *0.00         (40 35) (50 45)
    V910       *0.00         (45 35) (55 45)
    V910       *0.00         (50 35) (60 45)
    V910       *0.00         (54.115 35) (64.115 45)
    V910       *0.00         (0 40) (10 50)
    V910       *0.00         (5 40) (15 50)
    V910       *0.00         (10 40) (20 50)
    V910       *0.00         (15 40) (25 50)
    V910       *0.00         (20 40) (30 50)
    V910       *0.00         (25 40) (35 50)
    V910       *0.00         (30 40) (40 50)
    V910       *0.00         (35 40) (45 50)
    V910       *0.00         (40 40) (50 50)
    V910       *0.00         (45 40) (55 50)
    V910       *0.00         (50 40) (60 50)
    V910       *0.00         (54.115 40) (64.115 50)
    V910       *0.00         (0 45) (10 55)
    V910       *0.00         (5 45) (15 55)
    V910       *0.00         (10 45) (20 55)
    V910       *0.00         (15 45) (25 55)
    V910       *0.00         (20 45) (30 55)
    V910       *0.00         (25 45) (35 55)
    V910       *0.00         (30 45) (40 55)
    V910       *0.00         (35 45) (45 55)
    V910       *0.00         (40 45) (50 55)
    V910       *0.00         (45 45) (55 55)
    V910       *0.00         (50 45) (60 55)
    V910       *0.00         (54.115 45) (64.115 55)
    V910       *0.00         (0 50) (10 60)
    V910       *0.00         (5 50) (15 60)
    V910       *0.00         (10 50) (20 60)
    V910       *0.00         (15 50) (25 60)
    V910       *0.00         (20 50) (30 60)
    V910       *0.00         (25 50) (35 60)
    V910       *0.00         (30 50) (40 60)
    V910       *0.00         (35 50) (45 60)
    V910       *0.00         (40 50) (50 60)
    V910       *0.00         (45 50) (55 60)
    V910       *0.00         (50 50) (60 60)
    V910       *0.00         (54.115 50) (64.115 60)
    V910       *0.00         (0 54.115) (10 64.115)
    V910       *0.00         (5 54.115) (15 64.115)
    V910       *0.00         (10 54.115) (20 64.115)
    V910       *0.00         (15 54.115) (25 64.115)
    V910       *0.00         (20 54.115) (30 64.115)
    V910       *0.00         (25 54.115) (35 64.115)
    V910       *0.00         (30 54.115) (40 64.115)
    V910       *0.00         (35 54.115) (45 64.115)
    V910       *0.00         (40 54.115) (50 64.115)
    V910       *0.00         (45 54.115) (55 64.115)
    V910       *0.00         (50 54.115) (60 64.115)
    V910       *0.00         (54.115 54.115) (64.115 64.115)

    V910        0.00         (global density)


A total of 855 cut density violation(s).
Windows < Min. Density = 855
Windows > Max. Density = 0

* denotes minimum density violation(s)
# denotes maximum density violation(s)
