###############################################################
#  Generated by:      Cadence Innovus 21.11-s130_1
#  OS:                Linux x86_64(Host ID redondo-asia-tpe-desktop-pawanekar-0)
#  Generated on:      Fri Nov  3 03:51:07 2023
#  Design:            gcd
#  Command:           verifyConnectivity -type all -connLoop -append -dividePowerNet -rawViolsMark -useNewOpenVio -removeOldOpenVio -useVirtualConnection -error 1000000 -warning 50000
###############################################################
Verify Connectivity Report is created on Fri Nov  3 03:51:07 2023



Net VSS: dangling Wire at (2.090, 24.715) (2.090, 24.715) on layer: metal7
Net VSS: dangling Wire at (53.960, 24.715) (53.960, 24.715) on layer: metal7
Net VDD: dangling Wire at (2.090, 44.715) (2.090, 44.715) on layer: metal7
Net VDD: dangling Wire at (53.960, 44.715) (53.960, 44.715) on layer: metal7
Net VDD: dangling Wire at (4.090, 2.715) (4.090, 2.715) on layer: metal4
Net VDD: dangling Wire at (4.090, 53.285) (4.090, 53.285) on layer: metal4
Net VDD: dangling Wire at (2.090, 4.715) (2.090, 4.715) on layer: metal7
Net VDD: dangling Wire at (53.960, 4.715) (53.960, 4.715) on layer: metal7

Begin Summary
    8 Problem(s) (IMPVFC-94): The net has dangling wire(s).
    8 total info(s) created.
End Summary
