###############################################################
#  Generated by:      Cadence Innovus 21.11-s130_1
#  OS:                Linux x86_64(Host ID redondo-asia-tpe-desktop-pawanekar-0)
#  Generated on:      Fri Nov  3 02:59:35 2023
#  Design:            gcd
#  Command:           verifyCutDensity -detailed -globalDensity
###############################################################

Verify Cut Density report created on Fri Nov  3 02:59:35 2023

    Layer    Density(%)          Window  
***************************************************

     V01        0.00         (0 0) (10 10)
     V01        0.00         (5 0) (15 10)
     V01        0.00         (10 0) (20 10)
     V01        0.00         (15 0) (25 10)
     V01        0.00         (20 0) (30 10)
     V01        0.00         (25 0) (35 10)
     V01        0.00         (30 0) (40 10)
     V01        0.00         (35 0) (45 10)
     V01        0.00         (40 0) (50 10)
     V01        0.00         (45 0) (55 10)
     V01        0.00         (50 0) (60 10)
     V01        0.00         (55 0) (65 10)
     V01        0.00         (60 0) (70 10)
     V01        0.00         (65 0) (75 10)
     V01        0.00         (70 0) (80 10)
     V01        0.00         (75 0) (85 10)
     V01        0.00         (80 0) (90 10)
     V01        0.00         (85 0) (95 10)
     V01        0.00         (85.285 0) (95.285 10)
     V01        0.00         (0 5) (10 15)
     V01        0.00         (5 5) (15 15)
     V01        0.00         (10 5) (20 15)
     V01        0.00         (15 5) (25 15)
     V01        0.00         (20 5) (30 15)
     V01        0.00         (25 5) (35 15)
     V01        0.00         (30 5) (40 15)
     V01        0.00         (35 5) (45 15)
     V01        0.00         (40 5) (50 15)
     V01        0.00         (45 5) (55 15)
     V01        0.00         (50 5) (60 15)
     V01        0.00         (55 5) (65 15)
     V01        0.00         (60 5) (70 15)
     V01        0.00         (65 5) (75 15)
     V01        0.00         (70 5) (80 15)
     V01        0.00         (75 5) (85 15)
     V01        0.00         (80 5) (90 15)
     V01        0.00         (85 5) (95 15)
     V01        0.00         (85.285 5) (95.285 15)
     V01        0.00         (0 10) (10 20)
     V01        0.00         (5 10) (15 20)
     V01        0.00         (10 10) (20 20)
     V01        0.00         (15 10) (25 20)
     V01        0.00         (20 10) (30 20)
     V01        0.00         (25 10) (35 20)
     V01        0.00         (30 10) (40 20)
     V01        0.00         (35 10) (45 20)
     V01        0.00         (40 10) (50 20)
     V01        0.00         (45 10) (55 20)
     V01        0.00         (50 10) (60 20)
     V01        0.00         (55 10) (65 20)
     V01        0.00         (60 10) (70 20)
     V01        0.00         (65 10) (75 20)
     V01        0.00         (70 10) (80 20)
     V01        0.00         (75 10) (85 20)
     V01        0.00         (80 10) (90 20)
     V01        0.00         (85 10) (95 20)
     V01        0.00         (85.285 10) (95.285 20)
     V01        0.00         (0 15) (10 25)
     V01        0.00         (5 15) (15 25)
     V01        0.00         (10 15) (20 25)
     V01        0.00         (15 15) (25 25)
     V01        0.00         (20 15) (30 25)
     V01        0.00         (25 15) (35 25)
     V01        0.00         (30 15) (40 25)
     V01        0.00         (35 15) (45 25)
     V01        0.00         (40 15) (50 25)
     V01        0.00         (45 15) (55 25)
     V01        0.00         (50 15) (60 25)
     V01        0.00         (55 15) (65 25)
     V01        0.00         (60 15) (70 25)
     V01        0.00         (65 15) (75 25)
     V01        0.00         (70 15) (80 25)
     V01        0.00         (75 15) (85 25)
     V01        0.00         (80 15) (90 25)
     V01        0.00         (85 15) (95 25)
     V01        0.00         (85.285 15) (95.285 25)
     V01        0.00         (0 20) (10 30)
     V01        0.00         (5 20) (15 30)
     V01        0.00         (10 20) (20 30)
     V01        0.00         (15 20) (25 30)
     V01        0.00         (20 20) (30 30)
     V01        0.00         (25 20) (35 30)
     V01        0.00         (30 20) (40 30)
     V01        0.00         (35 20) (45 30)
     V01        0.00         (40 20) (50 30)
     V01        0.00         (45 20) (55 30)
     V01        0.00         (50 20) (60 30)
     V01        0.00         (55 20) (65 30)
     V01        0.00         (60 20) (70 30)
     V01        0.00         (65 20) (75 30)
     V01        0.00         (70 20) (80 30)
     V01        0.00         (75 20) (85 30)
     V01        0.00         (80 20) (90 30)
     V01        0.00         (85 20) (95 30)
     V01        0.00         (85.285 20) (95.285 30)
     V01        0.00         (0 25) (10 35)
     V01        0.00         (5 25) (15 35)
     V01        0.00         (10 25) (20 35)
     V01        0.00         (15 25) (25 35)
     V01        0.00         (20 25) (30 35)
     V01        0.00         (25 25) (35 35)
     V01        0.00         (30 25) (40 35)
     V01        0.00         (35 25) (45 35)
     V01        0.00         (40 25) (50 35)
     V01        0.00         (45 25) (55 35)
     V01        0.00         (50 25) (60 35)
     V01        0.00         (55 25) (65 35)
     V01        0.00         (60 25) (70 35)
     V01        0.00         (65 25) (75 35)
     V01        0.00         (70 25) (80 35)
     V01        0.00         (75 25) (85 35)
     V01        0.00         (80 25) (90 35)
     V01        0.00         (85 25) (95 35)
     V01        0.00         (85.285 25) (95.285 35)
     V01        0.00         (0 30) (10 40)
     V01        0.00         (5 30) (15 40)
     V01        0.00         (10 30) (20 40)
     V01        0.00         (15 30) (25 40)
     V01        0.00         (20 30) (30 40)
     V01        0.00         (25 30) (35 40)
     V01        0.00         (30 30) (40 40)
     V01        0.00         (35 30) (45 40)
     V01        0.00         (40 30) (50 40)
     V01        0.00         (45 30) (55 40)
     V01        0.00         (50 30) (60 40)
     V01        0.00         (55 30) (65 40)
     V01        0.00         (60 30) (70 40)
     V01        0.00         (65 30) (75 40)
     V01        0.00         (70 30) (80 40)
     V01        0.00         (75 30) (85 40)
     V01        0.00         (80 30) (90 40)
     V01        0.00         (85 30) (95 40)
     V01        0.00         (85.285 30) (95.285 40)
     V01        0.00         (0 35) (10 45)
     V01        0.00         (5 35) (15 45)
     V01        0.00         (10 35) (20 45)
     V01        0.00         (15 35) (25 45)
     V01        0.00         (20 35) (30 45)
     V01        0.00         (25 35) (35 45)
     V01        0.00         (30 35) (40 45)
     V01        0.00         (35 35) (45 45)
     V01        0.00         (40 35) (50 45)
     V01        0.00         (45 35) (55 45)
     V01        0.00         (50 35) (60 45)
     V01        0.00         (55 35) (65 45)
     V01        0.00         (60 35) (70 45)
     V01        0.00         (65 35) (75 45)
     V01        0.00         (70 35) (80 45)
     V01        0.00         (75 35) (85 45)
     V01        0.00         (80 35) (90 45)
     V01        0.00         (85 35) (95 45)
     V01        0.00         (85.285 35) (95.285 45)
     V01        0.00         (0 40) (10 50)
     V01        0.00         (5 40) (15 50)
     V01        0.00         (10 40) (20 50)
     V01        0.00         (15 40) (25 50)
     V01        0.00         (20 40) (30 50)
     V01        0.00         (25 40) (35 50)
     V01        0.00         (30 40) (40 50)
     V01        0.00         (35 40) (45 50)
     V01        0.00         (40 40) (50 50)
     V01        0.00         (45 40) (55 50)
     V01        0.00         (50 40) (60 50)
     V01        0.00         (55 40) (65 50)
     V01        0.00         (60 40) (70 50)
     V01        0.00         (65 40) (75 50)
     V01        0.00         (70 40) (80 50)
     V01        0.00         (75 40) (85 50)
     V01        0.00         (80 40) (90 50)
     V01        0.00         (85 40) (95 50)
     V01        0.00         (85.285 40) (95.285 50)
     V01        0.00         (0 45) (10 55)
     V01        0.00         (5 45) (15 55)
     V01        0.00         (10 45) (20 55)
     V01        0.00         (15 45) (25 55)
     V01        0.00         (20 45) (30 55)
     V01        0.00         (25 45) (35 55)
     V01        0.00         (30 45) (40 55)
     V01        0.00         (35 45) (45 55)
     V01        0.00         (40 45) (50 55)
     V01        0.00         (45 45) (55 55)
     V01        0.00         (50 45) (60 55)
     V01        0.00         (55 45) (65 55)
     V01        0.00         (60 45) (70 55)
     V01        0.00         (65 45) (75 55)
     V01        0.00         (70 45) (80 55)
     V01        0.00         (75 45) (85 55)
     V01        0.00         (80 45) (90 55)
     V01        0.00         (85 45) (95 55)
     V01        0.00         (85.285 45) (95.285 55)
     V01        0.00         (0 50) (10 60)
     V01        0.00         (5 50) (15 60)
     V01        0.00         (10 50) (20 60)
     V01        0.00         (15 50) (25 60)
     V01        0.00         (20 50) (30 60)
     V01        0.00         (25 50) (35 60)
     V01        0.00         (30 50) (40 60)
     V01        0.00         (35 50) (45 60)
     V01        0.00         (40 50) (50 60)
     V01        0.00         (45 50) (55 60)
     V01        0.00         (50 50) (60 60)
     V01        0.00         (55 50) (65 60)
     V01        0.00         (60 50) (70 60)
     V01        0.00         (65 50) (75 60)
     V01        0.00         (70 50) (80 60)
     V01        0.00         (75 50) (85 60)
     V01        0.00         (80 50) (90 60)
     V01        0.00         (85 50) (95 60)
     V01        0.00         (85.285 50) (95.285 60)
     V01        0.00         (0 55) (10 65)
     V01        0.00         (5 55) (15 65)
     V01        0.00         (10 55) (20 65)
     V01        0.00         (15 55) (25 65)
     V01        0.00         (20 55) (30 65)
     V01        0.00         (25 55) (35 65)
     V01        0.00         (30 55) (40 65)
     V01        0.00         (35 55) (45 65)
     V01        0.00         (40 55) (50 65)
     V01        0.00         (45 55) (55 65)
     V01        0.00         (50 55) (60 65)
     V01        0.00         (55 55) (65 65)
     V01        0.00         (60 55) (70 65)
     V01        0.00         (65 55) (75 65)
     V01        0.00         (70 55) (80 65)
     V01        0.00         (75 55) (85 65)
     V01        0.00         (80 55) (90 65)
     V01        0.00         (85 55) (95 65)
     V01        0.00         (85.285 55) (95.285 65)
     V01        0.00         (0 60) (10 70)
     V01        0.00         (5 60) (15 70)
     V01        0.00         (10 60) (20 70)
     V01        0.00         (15 60) (25 70)
     V01        0.00         (20 60) (30 70)
     V01        0.00         (25 60) (35 70)
     V01        0.00         (30 60) (40 70)
     V01        0.00         (35 60) (45 70)
     V01        0.00         (40 60) (50 70)
     V01        0.00         (45 60) (55 70)
     V01        0.00         (50 60) (60 70)
     V01        0.00         (55 60) (65 70)
     V01        0.00         (60 60) (70 70)
     V01        0.00         (65 60) (75 70)
     V01        0.00         (70 60) (80 70)
     V01        0.00         (75 60) (85 70)
     V01        0.00         (80 60) (90 70)
     V01        0.00         (85 60) (95 70)
     V01        0.00         (85.285 60) (95.285 70)
     V01        0.00         (0 65) (10 75)
     V01        0.00         (5 65) (15 75)
     V01        0.00         (10 65) (20 75)
     V01        0.00         (15 65) (25 75)
     V01        0.00         (20 65) (30 75)
     V01        0.00         (25 65) (35 75)
     V01        0.00         (30 65) (40 75)
     V01        0.00         (35 65) (45 75)
     V01        0.00         (40 65) (50 75)
     V01        0.00         (45 65) (55 75)
     V01        0.00         (50 65) (60 75)
     V01        0.00         (55 65) (65 75)
     V01        0.00         (60 65) (70 75)
     V01        0.00         (65 65) (75 75)
     V01        0.00         (70 65) (80 75)
     V01        0.00         (75 65) (85 75)
     V01        0.00         (80 65) (90 75)
     V01        0.00         (85 65) (95 75)
     V01        0.00         (85.285 65) (95.285 75)
     V01        0.00         (0 70) (10 80)
     V01        0.00         (5 70) (15 80)
     V01        0.00         (10 70) (20 80)
     V01        0.00         (15 70) (25 80)
     V01        0.00         (20 70) (30 80)
     V01        0.00         (25 70) (35 80)
     V01        0.00         (30 70) (40 80)
     V01        0.00         (35 70) (45 80)
     V01        0.00         (40 70) (50 80)
     V01        0.00         (45 70) (55 80)
     V01        0.00         (50 70) (60 80)
     V01        0.00         (55 70) (65 80)
     V01        0.00         (60 70) (70 80)
     V01        0.00         (65 70) (75 80)
     V01        0.00         (70 70) (80 80)
     V01        0.00         (75 70) (85 80)
     V01        0.00         (80 70) (90 80)
     V01        0.00         (85 70) (95 80)
     V01        0.00         (85.285 70) (95.285 80)
     V01        0.00         (0 75) (10 85)
     V01        0.00         (5 75) (15 85)
     V01        0.00         (10 75) (20 85)
     V01        0.00         (15 75) (25 85)
     V01        0.00         (20 75) (30 85)
     V01        0.00         (25 75) (35 85)
     V01        0.00         (30 75) (40 85)
     V01        0.00         (35 75) (45 85)
     V01        0.00         (40 75) (50 85)
     V01        0.00         (45 75) (55 85)
     V01        0.00         (50 75) (60 85)
     V01        0.00         (55 75) (65 85)
     V01        0.00         (60 75) (70 85)
     V01        0.00         (65 75) (75 85)
     V01        0.00         (70 75) (80 85)
     V01        0.00         (75 75) (85 85)
     V01        0.00         (80 75) (90 85)
     V01        0.00         (85 75) (95 85)
     V01        0.00         (85.285 75) (95.285 85)
     V01        0.00         (0 80) (10 90)
     V01        0.00         (5 80) (15 90)
     V01        0.00         (10 80) (20 90)
     V01        0.00         (15 80) (25 90)
     V01        0.00         (20 80) (30 90)
     V01        0.00         (25 80) (35 90)
     V01        0.00         (30 80) (40 90)
     V01        0.00         (35 80) (45 90)
     V01        0.00         (40 80) (50 90)
     V01        0.00         (45 80) (55 90)
     V01        0.00         (50 80) (60 90)
     V01        0.00         (55 80) (65 90)
     V01        0.00         (60 80) (70 90)
     V01        0.00         (65 80) (75 90)
     V01        0.00         (70 80) (80 90)
     V01        0.00         (75 80) (85 90)
     V01        0.00         (80 80) (90 90)
     V01        0.00         (85 80) (95 90)
     V01        0.00         (85.285 80) (95.285 90)
     V01        0.00         (0 85) (10 95)
     V01        0.00         (5 85) (15 95)
     V01        0.00         (10 85) (20 95)
     V01        0.00         (15 85) (25 95)
     V01        0.00         (20 85) (30 95)
     V01        0.00         (25 85) (35 95)
     V01        0.00         (30 85) (40 95)
     V01        0.00         (35 85) (45 95)
     V01        0.00         (40 85) (50 95)
     V01        0.00         (45 85) (55 95)
     V01        0.00         (50 85) (60 95)
     V01        0.00         (55 85) (65 95)
     V01        0.00         (60 85) (70 95)
     V01        0.00         (65 85) (75 95)
     V01        0.00         (70 85) (80 95)
     V01        0.00         (75 85) (85 95)
     V01        0.00         (80 85) (90 95)
     V01        0.00         (85 85) (95 95)
     V01        0.00         (85.285 85) (95.285 95)
     V01        0.00         (0 85.285) (10 95.285)
     V01        0.00         (5 85.285) (15 95.285)
     V01        0.00         (10 85.285) (20 95.285)
     V01        0.00         (15 85.285) (25 95.285)
     V01        0.00         (20 85.285) (30 95.285)
     V01        0.00         (25 85.285) (35 95.285)
     V01        0.00         (30 85.285) (40 95.285)
     V01        0.00         (35 85.285) (45 95.285)
     V01        0.00         (40 85.285) (50 95.285)
     V01        0.00         (45 85.285) (55 95.285)
     V01        0.00         (50 85.285) (60 95.285)
     V01        0.00         (55 85.285) (65 95.285)
     V01        0.00         (60 85.285) (70 95.285)
     V01        0.00         (65 85.285) (75 95.285)
     V01        0.00         (70 85.285) (80 95.285)
     V01        0.00         (75 85.285) (85 95.285)
     V01        0.00         (80 85.285) (90 95.285)
     V01        0.00         (85 85.285) (95 95.285)
     V01        0.00         (85.285 85.285) (95.285 95.285)

     V01        0.00         (global density)

     V12       *0.00         (0 0) (10 10)
     V12       *0.00         (5 0) (15 10)
     V12        0.06         (10 0) (20 10)
     V12        0.32         (15 0) (25 10)
     V12        0.49         (20 0) (30 10)
     V12        0.35         (25 0) (35 10)
     V12        0.36         (30 0) (40 10)
     V12        0.36         (35 0) (45 10)
     V12        0.32         (40 0) (50 10)
     V12        0.49         (45 0) (55 10)
     V12        0.36         (50 0) (60 10)
     V12        0.27         (55 0) (65 10)
     V12        0.49         (60 0) (70 10)
     V12        0.49         (65 0) (75 10)
     V12        0.35         (70 0) (80 10)
     V12        0.35         (75 0) (85 10)
     V12        0.20         (80 0) (90 10)
     V12       *0.00         (85 0) (95 10)
     V12       *0.00         (85.285 0) (95.285 10)
     V12       *0.00         (0 5) (10 15)
     V12       *0.00         (5 5) (15 15)
     V12       *0.05         (10 5) (20 15)
     V12        0.32         (15 5) (25 15)
     V12        0.68         (20 5) (30 15)
     V12        0.58         (25 5) (35 15)
     V12        0.46         (30 5) (40 15)
     V12        0.38         (35 5) (45 15)
     V12        0.32         (40 5) (50 15)
     V12        0.72         (45 5) (55 15)
     V12        0.74         (50 5) (60 15)
     V12        0.59         (55 5) (65 15)
     V12        0.71         (60 5) (70 15)
     V12        0.64         (65 5) (75 15)
     V12        0.46         (70 5) (80 15)
     V12        0.49         (75 5) (85 15)
     V12        0.29         (80 5) (90 15)
     V12       *0.00         (85 5) (95 15)
     V12       *0.00         (85.285 5) (95.285 15)
     V12       *0.00         (0 10) (10 20)
     V12        0.08         (5 10) (15 20)
     V12        0.27         (10 10) (20 20)
     V12        0.50         (15 10) (25 20)
     V12        0.59         (20 10) (30 20)
     V12        0.46         (25 10) (35 20)
     V12        0.40         (30 10) (40 20)
     V12        0.37         (35 10) (45 20)
     V12        0.40         (40 10) (50 20)
     V12        0.76         (45 10) (55 20)
     V12        0.80         (50 10) (60 20)
     V12        0.65         (55 10) (65 20)
     V12        0.58         (60 10) (70 20)
     V12        0.40         (65 10) (75 20)
     V12        0.35         (70 10) (80 20)
     V12        0.32         (75 10) (85 20)
     V12        0.14         (80 10) (90 20)
     V12       *0.00         (85 10) (95 20)
     V12       *0.00         (85.285 10) (95.285 20)
     V12        0.06         (0 15) (10 25)
     V12        0.14         (5 15) (15 25)
     V12        0.45         (10 15) (20 25)
     V12        0.53         (15 15) (25 25)
     V12        0.39         (20 15) (30 25)
     V12        0.32         (25 15) (35 25)
     V12        0.40         (30 15) (40 25)
     V12        0.49         (35 15) (45 25)
     V12        0.46         (40 15) (50 25)
     V12        0.63         (45 15) (55 25)
     V12        0.65         (50 15) (60 25)
     V12        0.59         (55 15) (65 25)
     V12        0.54         (60 15) (70 25)
     V12        0.32         (65 15) (75 25)
     V12        0.33         (70 15) (80 25)
     V12        0.25         (75 15) (85 25)
     V12       *0.03         (80 15) (90 25)
     V12       *0.02         (85 15) (95 25)
     V12       *0.02         (85.285 15) (95.285 25)
     V12        0.06         (0 20) (10 30)
     V12        0.06         (5 20) (15 30)
     V12        0.17         (10 20) (20 30)
     V12        0.26         (15 20) (25 30)
     V12        0.40         (20 20) (30 30)
     V12        0.46         (25 20) (35 30)
     V12        0.43         (30 20) (40 30)
     V12        0.40         (35 20) (45 30)
     V12        0.46         (40 20) (50 30)
     V12        0.60         (45 20) (55 30)
     V12        0.59         (50 20) (60 30)
     V12        0.59         (55 20) (65 30)
     V12        0.60         (60 20) (70 30)
     V12        0.35         (65 20) (75 30)
     V12        0.43         (70 20) (80 30)
     V12        0.43         (75 20) (85 30)
     V12        0.06         (80 20) (90 30)
     V12        0.06         (85 20) (95 30)
     V12        0.06         (85.285 20) (95.285 30)
     V12        0.12         (0 25) (10 35)
     V12       *0.00         (5 25) (15 35)
     V12       *0.05         (10 25) (20 35)
     V12        0.32         (15 25) (25 35)
     V12        0.56         (20 25) (30 35)
     V12        0.55         (25 25) (35 35)
     V12        0.46         (30 25) (40 35)
     V12        0.38         (35 25) (45 35)
     V12        0.61         (40 25) (50 35)
     V12        0.68         (45 25) (55 35)
     V12        0.49         (50 25) (60 35)
     V12        0.56         (55 25) (65 35)
     V12        0.64         (60 25) (70 35)
     V12        0.35         (65 25) (75 35)
     V12        0.48         (70 25) (80 35)
     V12        0.53         (75 25) (85 35)
     V12        0.09         (80 25) (90 35)
     V12        0.10         (85 25) (95 35)
     V12        0.10         (85.285 25) (95.285 35)
     V12        0.12         (0 30) (10 40)
     V12       *0.05         (5 30) (15 40)
     V12        0.10         (10 30) (20 40)
     V12        0.32         (15 30) (25 40)
     V12        0.56         (20 30) (30 40)
     V12        0.60         (25 30) (35 40)
     V12        0.65         (30 30) (40 40)
     V12        0.51         (35 30) (45 40)
     V12        0.64         (40 30) (50 40)
     V12        0.74         (45 30) (55 40)
     V12        0.44         (50 30) (60 40)
     V12        0.55         (55 30) (65 40)
     V12        0.65         (60 30) (70 40)
     V12        0.29         (65 30) (75 40)
     V12        0.35         (70 30) (80 40)
     V12        0.46         (75 30) (85 40)
     V12        0.14         (80 30) (90 40)
     V12        0.06         (85 30) (95 40)
     V12        0.06         (85.285 30) (95.285 40)
     V12        0.07         (0 35) (10 45)
     V12        0.18         (5 35) (15 45)
     V12        0.31         (10 35) (20 45)
     V12        0.46         (15 35) (25 45)
     V12        0.53         (20 35) (30 45)
     V12        0.57         (25 35) (35 45)
     V12        0.62         (30 35) (40 45)
     V12        0.53         (35 35) (45 45)
     V12        0.62         (40 35) (50 45)
     V12        0.68         (45 35) (55 45)
     V12        0.48         (50 35) (60 45)
     V12        0.58         (55 35) (65 45)
     V12        0.73         (60 35) (70 45)
     V12        0.39         (65 35) (75 45)
     V12        0.28         (70 35) (80 45)
     V12        0.32         (75 35) (85 45)
     V12        0.12         (80 35) (90 45)
     V12       *0.03         (85 35) (95 45)
     V12       *0.03         (85.285 35) (95.285 45)
     V12        0.29         (0 40) (10 50)
     V12        0.27         (5 40) (15 50)
     V12        0.34         (10 40) (20 50)
     V12        0.75         (15 40) (25 50)
     V12        0.68         (20 40) (30 50)
     V12        0.38         (25 40) (35 50)
     V12        0.45         (30 40) (40 50)
     V12        0.53         (35 40) (45 50)
     V12        0.52         (40 40) (50 50)
     V12        0.56         (45 40) (55 50)
     V12        0.49         (50 40) (60 50)
     V12        0.43         (55 40) (65 50)
     V12        0.64         (60 40) (70 50)
     V12        0.49         (65 40) (75 50)
     V12        0.38         (70 40) (80 50)
     V12        0.26         (75 40) (85 50)
     V12       *0.03         (80 40) (90 50)
     V12        0.12         (85 40) (95 50)
     V12        0.12         (85.285 40) (95.285 50)
     V12        0.28         (0 45) (10 55)
     V12        0.17         (5 45) (15 55)
     V12        0.17         (10 45) (20 55)
     V12        0.68         (15 45) (25 55)
     V12        0.70         (20 45) (30 55)
     V12        0.38         (25 45) (35 55)
     V12        0.42         (30 45) (40 55)
     V12        0.39         (35 45) (45 55)
     V12        0.30         (40 45) (50 55)
     V12        0.56         (45 45) (55 55)
     V12        0.52         (50 45) (60 55)
     V12        0.31         (55 45) (65 55)
     V12        0.53         (60 45) (70 55)
     V12        0.50         (65 45) (75 55)
     V12        0.53         (70 45) (80 55)
     V12        0.34         (75 45) (85 55)
     V12       *0.03         (80 45) (90 55)
     V12        0.14         (85 45) (95 55)
     V12        0.14         (85.285 45) (95.285 55)
     V12        0.12         (0 50) (10 60)
     V12        0.09         (5 50) (15 60)
     V12        0.20         (10 50) (20 60)
     V12        0.55         (15 50) (25 60)
     V12        0.64         (20 50) (30 60)
     V12        0.64         (25 50) (35 60)
     V12        0.49         (30 50) (40 60)
     V12        0.22         (35 50) (45 60)
     V12        0.23         (40 50) (50 60)
     V12        0.40         (45 50) (55 60)
     V12        0.41         (50 50) (60 60)
     V12        0.49         (55 50) (65 60)
     V12        0.60         (60 50) (70 60)
     V12        0.35         (65 50) (75 60)
     V12        0.43         (70 50) (80 60)
     V12        0.32         (75 50) (85 60)
     V12       *0.03         (80 50) (90 60)
     V12        0.12         (85 50) (95 60)
     V12        0.12         (85.285 50) (95.285 60)
     V12        0.12         (0 55) (10 65)
     V12        0.12         (5 55) (15 65)
     V12        0.26         (10 55) (20 65)
     V12        0.44         (15 55) (25 65)
     V12        0.49         (20 55) (30 65)
     V12        0.58         (25 55) (35 65)
     V12        0.49         (30 55) (40 65)
     V12        0.28         (35 55) (45 65)
     V12        0.29         (40 55) (50 65)
     V12        0.41         (45 55) (55 65)
     V12        0.50         (50 55) (60 65)
     V12        0.48         (55 55) (65 65)
     V12        0.54         (60 55) (70 65)
     V12        0.29         (65 55) (75 65)
     V12        0.26         (70 55) (80 65)
     V12        0.26         (75 55) (85 65)
     V12       *0.03         (80 55) (90 65)
     V12        0.12         (85 55) (95 65)
     V12        0.12         (85.285 55) (95.285 65)
     V12        0.12         (0 60) (10 70)
     V12        0.06         (5 60) (15 70)
     V12        0.19         (10 60) (20 70)
     V12        0.41         (15 60) (25 70)
     V12        0.48         (20 60) (30 70)
     V12        0.46         (25 60) (35 70)
     V12        0.40         (30 60) (40 70)
     V12        0.43         (35 60) (45 70)
     V12        0.58         (40 60) (50 70)
     V12        0.62         (45 60) (55 70)
     V12        0.61         (50 60) (60 70)
     V12        0.48         (55 60) (65 70)
     V12        0.58         (60 60) (70 70)
     V12        0.46         (65 60) (75 70)
     V12        0.38         (70 60) (80 70)
     V12        0.38         (75 60) (85 70)
     V12        0.09         (80 60) (90 70)
     V12        0.12         (85 60) (95 70)
     V12        0.12         (85.285 60) (95.285 70)
     V12        0.06         (0 65) (10 75)
     V12       *0.00         (5 65) (15 75)
     V12       *0.04         (10 65) (20 75)
     V12        0.29         (15 65) (25 75)
     V12        0.57         (20 65) (30 75)
     V12        0.60         (25 65) (35 75)
     V12        0.51         (30 65) (40 75)
     V12        0.45         (35 65) (45 75)
     V12        0.58         (40 65) (50 75)
     V12        0.58         (45 65) (55 75)
     V12        0.34         (50 65) (60 75)
     V12        0.32         (55 65) (65 75)
     V12        0.53         (60 65) (70 75)
     V12        0.49         (65 65) (75 75)
     V12        0.49         (70 65) (80 75)
     V12        0.51         (75 65) (85 75)
     V12        0.19         (80 65) (90 75)
     V12        0.09         (85 65) (95 75)
     V12        0.09         (85.285 65) (95.285 75)
     V12       *0.00         (0 70) (10 80)
     V12       *0.00         (5 70) (15 80)
     V12       *0.03         (10 70) (20 80)
     V12        0.14         (15 70) (25 80)
     V12        0.38         (20 70) (30 80)
     V12        0.47         (25 70) (35 80)
     V12        0.59         (30 70) (40 80)
     V12        0.53         (35 70) (45 80)
     V12        0.41         (40 70) (50 80)
     V12        0.38         (45 70) (55 80)
     V12        0.12         (50 70) (60 80)
     V12        0.12         (55 70) (65 80)
     V12        0.32         (60 70) (70 80)
     V12        0.41         (65 70) (75 80)
     V12        0.46         (70 70) (80 80)
     V12        0.43         (75 70) (85 80)
     V12        0.17         (80 70) (90 80)
     V12        0.12         (85 70) (95 80)
     V12        0.12         (85.285 70) (95.285 80)
     V12       *0.00         (0 75) (10 85)
     V12       *0.00         (5 75) (15 85)
     V12       *0.03         (10 75) (20 85)
     V12        0.26         (15 75) (25 85)
     V12        0.38         (20 75) (30 85)
     V12        0.32         (25 75) (35 85)
     V12        0.53         (30 75) (40 85)
     V12        0.59         (35 75) (45 85)
     V12        0.49         (40 75) (50 85)
     V12        0.40         (45 75) (55 85)
     V12        0.24         (50 75) (60 85)
     V12        0.41         (55 75) (65 85)
     V12        0.51         (60 75) (70 85)
     V12        0.32         (65 75) (75 85)
     V12        0.40         (70 75) (80 85)
     V12        0.36         (75 75) (85 85)
     V12        0.07         (80 75) (90 85)
     V12        0.09         (85 75) (95 85)
     V12        0.09         (85.285 75) (95.285 85)
     V12       *0.00         (0 80) (10 90)
     V12       *0.00         (5 80) (15 90)
     V12       *0.03         (10 80) (20 90)
     V12        0.29         (15 80) (25 90)
     V12        0.46         (20 80) (30 90)
     V12        0.54         (25 80) (35 90)
     V12        0.63         (30 80) (40 90)
     V12        0.49         (35 80) (45 90)
     V12        0.52         (40 80) (50 90)
     V12        0.53         (45 80) (55 90)
     V12        0.45         (50 80) (60 90)
     V12        0.70         (55 80) (65 90)
     V12        0.72         (60 80) (70 90)
     V12        0.39         (65 80) (75 90)
     V12        0.37         (70 80) (80 90)
     V12        0.27         (75 80) (85 90)
     V12       *0.03         (80 80) (90 90)
     V12       *0.00         (85 80) (95 90)
     V12       *0.00         (85.285 80) (95.285 90)
     V12       *0.00         (0 85) (10 95)
     V12       *0.00         (5 85) (15 95)
     V12       *0.03         (10 85) (20 95)
     V12        0.12         (15 85) (25 95)
     V12        0.26         (20 85) (30 95)
     V12        0.49         (25 85) (35 95)
     V12        0.52         (30 85) (40 95)
     V12        0.35         (35 85) (45 95)
     V12        0.40         (40 85) (50 95)
     V12        0.43         (45 85) (55 95)
     V12        0.31         (50 85) (60 95)
     V12        0.38         (55 85) (65 95)
     V12        0.41         (60 85) (70 95)
     V12        0.34         (65 85) (75 95)
     V12        0.26         (70 85) (80 95)
     V12        0.16         (75 85) (85 95)
     V12        0.06         (80 85) (90 95)
     V12       *0.00         (85 85) (95 95)
     V12       *0.00         (85.285 85) (95.285 95)
     V12       *0.00         (0 85.285) (10 95.285)
     V12       *0.00         (5 85.285) (15 95.285)
     V12       *0.03         (10 85.285) (20 95.285)
     V12        0.12         (15 85.285) (25 95.285)
     V12        0.26         (20 85.285) (30 95.285)
     V12        0.40         (25 85.285) (35 95.285)
     V12        0.40         (30 85.285) (40 95.285)
     V12        0.32         (35 85.285) (45 95.285)
     V12        0.40         (40 85.285) (50 95.285)
     V12        0.43         (45 85.285) (55 95.285)
     V12        0.31         (50 85.285) (60 95.285)
     V12        0.29         (55 85.285) (65 95.285)
     V12        0.33         (60 85.285) (70 95.285)
     V12        0.34         (65 85.285) (75 95.285)
     V12        0.26         (70 85.285) (80 95.285)
     V12        0.16         (75 85.285) (85 95.285)
     V12        0.06         (80 85.285) (90 95.285)
     V12       *0.00         (85 85.285) (95 95.285)
     V12       *0.00         (85.285 85.285) (95.285 95.285)

     V12        0.33         (global density)

     V23       *0.00         (0 0) (10 10)
     V23       *0.00         (5 0) (15 10)
     V23        0.11         (10 0) (20 10)
     V23        0.32         (15 0) (25 10)
     V23        0.52         (20 0) (30 10)
     V23        0.43         (25 0) (35 10)
     V23        0.37         (30 0) (40 10)
     V23        0.48         (35 0) (45 10)
     V23        0.34         (40 0) (50 10)
     V23        0.34         (45 0) (55 10)
     V23        0.51         (50 0) (60 10)
     V23        0.48         (55 0) (65 10)
     V23        0.39         (60 0) (70 10)
     V23        0.41         (65 0) (75 10)
     V23        0.26         (70 0) (80 10)
     V23        0.32         (75 0) (85 10)
     V23        0.28         (80 0) (90 10)
     V23       *0.00         (85 0) (95 10)
     V23       *0.00         (85.285 0) (95.285 10)
     V23       *0.00         (0 5) (10 15)
     V23       *0.02         (5 5) (15 15)
     V23        0.25         (10 5) (20 15)
     V23        0.52         (15 5) (25 15)
     V23        0.65         (20 5) (30 15)
     V23        0.59         (25 5) (35 15)
     V23        0.50         (30 5) (40 15)
     V23        0.54         (35 5) (45 15)
     V23        0.45         (40 5) (50 15)
     V23        0.47         (45 5) (55 15)
     V23        0.61         (50 5) (60 15)
     V23        0.65         (55 5) (65 15)
     V23        0.68         (60 5) (70 15)
     V23        0.65         (65 5) (75 15)
     V23        0.45         (70 5) (80 15)
     V23        0.45         (75 5) (85 15)
     V23        0.32         (80 5) (90 15)
     V23       *0.00         (85 5) (95 15)
     V23       *0.00         (85.285 5) (95.285 15)
     V23       *0.00         (0 10) (10 20)
     V23        0.07         (5 10) (15 20)
     V23        0.40         (10 10) (20 20)
     V23        0.56         (15 10) (25 20)
     V23        0.58         (20 10) (30 20)
     V23        0.65         (25 10) (35 20)
     V23        0.60         (30 10) (40 20)
     V23        0.62         (35 10) (45 20)
     V23        0.54         (40 10) (50 20)
     V23        0.63         (45 10) (55 20)
     V23        0.73         (50 10) (60 20)
     V23        0.71         (55 10) (65 20)
     V23        0.66         (60 10) (70 20)
     V23        0.51         (65 10) (75 20)
     V23        0.44         (70 10) (80 20)
     V23        0.49         (75 10) (85 20)
     V23        0.29         (80 10) (90 20)
     V23       *0.00         (85 10) (95 20)
     V23       *0.00         (85.285 10) (95.285 20)
     V23        0.07         (0 15) (10 25)
     V23        0.07         (5 15) (15 25)
     V23        0.47         (10 15) (20 25)
     V23        0.54         (15 15) (25 25)
     V23        0.43         (20 15) (30 25)
     V23        0.49         (25 15) (35 25)
     V23        0.47         (30 15) (40 25)
     V23        0.61         (35 15) (45 25)
     V23        0.61         (40 15) (50 25)
     V23        0.63         (45 15) (55 25)
     V23        0.76         (50 15) (60 25)
     V23        0.77         (55 15) (65 25)
     V23        0.56         (60 15) (70 25)
     V23        0.38         (65 15) (75 25)
     V23        0.43         (70 15) (80 25)
     V23        0.48         (75 15) (85 25)
     V23        0.25         (80 15) (90 25)
     V23       *0.00         (85 15) (95 25)
     V23       *0.00         (85.285 15) (95.285 25)
     V23        0.07         (0 20) (10 30)
     V23       *0.02         (5 20) (15 30)
     V23        0.29         (10 20) (20 30)
     V23        0.38         (15 20) (25 30)
     V23        0.43         (20 20) (30 30)
     V23        0.54         (25 20) (35 30)
     V23        0.45         (30 20) (40 30)
     V23        0.56         (35 20) (45 30)
     V23        0.61         (40 20) (50 30)
     V23        0.34         (45 20) (55 30)
     V23        0.50         (50 20) (60 30)
     V23        0.72         (55 20) (65 30)
     V23        0.54         (60 20) (70 30)
     V23        0.47         (65 20) (75 30)
     V23        0.45         (70 20) (80 30)
     V23        0.47         (75 20) (85 30)
     V23        0.25         (80 20) (90 30)
     V23       *0.02         (85 20) (95 30)
     V23       *0.02         (85.285 20) (95.285 30)
     V23        0.04         (0 25) (10 35)
     V23       *0.00         (5 25) (15 35)
     V23        0.21         (10 25) (20 35)
     V23        0.45         (15 25) (25 35)
     V23        0.55         (20 25) (30 35)
     V23        0.63         (25 25) (35 35)
     V23        0.61         (30 25) (40 35)
     V23        0.65         (35 25) (45 35)
     V23        0.65         (40 25) (50 35)
     V23        0.38         (45 25) (55 35)
     V23        0.36         (50 25) (60 35)
     V23        0.49         (55 25) (65 35)
     V23        0.47         (60 25) (70 35)
     V23        0.50         (65 25) (75 35)
     V23        0.51         (70 25) (80 35)
     V23        0.47         (75 25) (85 35)
     V23        0.20         (80 25) (90 35)
     V23        0.09         (85 25) (95 35)
     V23        0.09         (85.285 25) (95.285 35)
     V23        0.04         (0 30) (10 40)
     V23       *0.04         (5 30) (15 40)
     V23        0.29         (10 30) (20 40)
     V23        0.54         (15 30) (25 40)
     V23        0.59         (20 30) (30 40)
     V23        0.56         (25 30) (35 40)
     V23        0.58         (30 30) (40 40)
     V23        0.65         (35 30) (45 40)
     V23        0.65         (40 30) (50 40)
     V23        0.53         (45 30) (55 40)
     V23        0.43         (50 30) (60 40)
     V23        0.45         (55 30) (65 40)
     V23        0.42         (60 30) (70 40)
     V23        0.36         (65 30) (75 40)
     V23        0.45         (70 30) (80 40)
     V23        0.50         (75 30) (85 40)
     V23        0.22         (80 30) (90 40)
     V23        0.07         (85 30) (95 40)
     V23        0.07         (85.285 30) (95.285 40)
     V23       *0.03         (0 35) (10 45)
     V23        0.11         (5 35) (15 45)
     V23        0.36         (10 35) (20 45)
     V23        0.50         (15 35) (25 45)
     V23        0.64         (20 35) (30 45)
     V23        0.57         (25 35) (35 45)
     V23        0.39         (30 35) (40 45)
     V23        0.62         (35 35) (45 45)
     V23        0.69         (40 35) (50 45)
     V23        0.52         (45 35) (55 45)
     V23        0.52         (50 35) (60 45)
     V23        0.55         (55 35) (65 45)
     V23        0.53         (60 35) (70 45)
     V23        0.41         (65 35) (75 45)
     V23        0.36         (70 35) (80 45)
     V23        0.48         (75 35) (85 45)
     V23        0.25         (80 35) (90 45)
     V23       *0.00         (85 35) (95 45)
     V23       *0.00         (85.285 35) (95.285 45)
     V23        0.11         (0 40) (10 50)
     V23        0.12         (5 40) (15 50)
     V23        0.29         (10 40) (20 50)
     V23        0.56         (15 40) (25 50)
     V23        0.75         (20 40) (30 50)
     V23        0.54         (25 40) (35 50)
     V23        0.30         (30 40) (40 50)
     V23        0.70         (35 40) (45 50)
     V23        0.77         (40 40) (50 50)
     V23        0.45         (45 40) (55 50)
     V23        0.45         (50 40) (60 50)
     V23        0.43         (55 40) (65 50)
     V23        0.57         (60 40) (70 50)
     V23        0.54         (65 40) (75 50)
     V23        0.38         (70 40) (80 50)
     V23        0.43         (75 40) (85 50)
     V23        0.20         (80 40) (90 50)
     V23        0.04         (85 40) (95 50)
     V23        0.04         (85.285 40) (95.285 50)
     V23        0.13         (0 45) (10 55)
     V23        0.09         (5 45) (15 55)
     V23        0.26         (10 45) (20 55)
     V23        0.54         (15 45) (25 55)
     V23        0.66         (20 45) (30 55)
     V23        0.53         (25 45) (35 55)
     V23        0.33         (30 45) (40 55)
     V23        0.55         (35 45) (45 55)
     V23        0.57         (40 45) (50 55)
     V23        0.44         (45 45) (55 55)
     V23        0.49         (50 45) (60 55)
     V23        0.38         (55 45) (65 55)
     V23        0.49         (60 45) (70 55)
     V23        0.56         (65 45) (75 55)
     V23        0.47         (70 45) (80 55)
     V23        0.49         (75 45) (85 55)
     V23        0.25         (80 45) (90 55)
     V23        0.11         (85 45) (95 55)
     V23        0.11         (85.285 45) (95.285 55)
     V23        0.07         (0 50) (10 60)
     V23        0.09         (5 50) (15 60)
     V23        0.29         (10 50) (20 60)
     V23        0.52         (15 50) (25 60)
     V23        0.68         (20 50) (30 60)
     V23        0.58         (25 50) (35 60)
     V23        0.36         (30 50) (40 60)
     V23        0.43         (35 50) (45 60)
     V23        0.36         (40 50) (50 60)
     V23        0.34         (45 50) (55 60)
     V23        0.50         (50 50) (60 60)
     V23        0.52         (55 50) (65 60)
     V23        0.50         (60 50) (70 60)
     V23        0.47         (65 50) (75 60)
     V23        0.47         (70 50) (80 60)
     V23        0.50         (75 50) (85 60)
     V23        0.27         (80 50) (90 60)
     V23        0.09         (85 50) (95 60)
     V23        0.09         (85.285 50) (95.285 60)
     V23        0.04         (0 55) (10 65)
     V23        0.06         (5 55) (15 65)
     V23        0.21         (10 55) (20 65)
     V23        0.46         (15 55) (25 65)
     V23        0.71         (20 55) (30 65)
     V23        0.58         (25 55) (35 65)
     V23        0.34         (30 55) (40 65)
     V23        0.40         (35 55) (45 65)
     V23        0.38         (40 55) (50 65)
     V23        0.35         (45 55) (55 65)
     V23        0.48         (50 55) (60 65)
     V23        0.55         (55 55) (65 65)
     V23        0.48         (60 55) (70 65)
     V23        0.38         (65 55) (75 65)
     V23        0.39         (70 55) (80 65)
     V23        0.43         (75 55) (85 65)
     V23        0.22         (80 55) (90 65)
     V23        0.07         (85 55) (95 65)
     V23        0.07         (85.285 55) (95.285 65)
     V23        0.04         (0 60) (10 70)
     V23       *0.02         (5 60) (15 70)
     V23        0.22         (10 60) (20 70)
     V23        0.52         (15 60) (25 70)
     V23        0.63         (20 60) (30 70)
     V23        0.54         (25 60) (35 70)
     V23        0.34         (30 60) (40 70)
     V23        0.47         (35 60) (45 70)
     V23        0.63         (40 60) (50 70)
     V23        0.50         (45 60) (55 70)
     V23        0.49         (50 60) (60 70)
     V23        0.53         (55 60) (65 70)
     V23        0.51         (60 60) (70 70)
     V23        0.45         (65 60) (75 70)
     V23        0.48         (70 60) (80 70)
     V23        0.54         (75 60) (85 70)
     V23        0.27         (80 60) (90 70)
     V23        0.09         (85 60) (95 70)
     V23        0.09         (85.285 60) (95.285 70)
     V23       *0.02         (0 65) (10 75)
     V23       *0.00         (5 65) (15 75)
     V23        0.23         (10 65) (20 75)
     V23        0.47         (15 65) (25 75)
     V23        0.58         (20 65) (30 75)
     V23        0.58         (25 65) (35 75)
     V23        0.44         (30 65) (40 75)
     V23        0.60         (35 65) (45 75)
     V23        0.74         (40 65) (50 75)
     V23        0.56         (45 65) (55 75)
     V23        0.42         (50 65) (60 75)
     V23        0.43         (55 65) (65 75)
     V23        0.51         (60 65) (70 75)
     V23        0.52         (65 65) (75 75)
     V23        0.56         (70 65) (80 75)
     V23        0.69         (75 65) (85 75)
     V23        0.38         (80 65) (90 75)
     V23        0.04         (85 65) (95 75)
     V23        0.04         (85.285 65) (95.285 75)
     V23       *0.00         (0 70) (10 80)
     V23       *0.00         (5 70) (15 80)
     V23        0.18         (10 70) (20 80)
     V23        0.34         (15 70) (25 80)
     V23        0.50         (20 70) (30 80)
     V23        0.52         (25 70) (35 80)
     V23        0.47         (30 70) (40 80)
     V23        0.59         (35 70) (45 80)
     V23        0.59         (40 70) (50 80)
     V23        0.45         (45 70) (55 80)
     V23        0.34         (50 70) (60 80)
     V23        0.29         (55 70) (65 80)
     V23        0.31         (60 70) (70 80)
     V23        0.47         (65 70) (75 80)
     V23        0.52         (70 70) (80 80)
     V23        0.61         (75 70) (85 80)
     V23        0.36         (80 70) (90 80)
     V23        0.04         (85 70) (95 80)
     V23        0.04         (85.285 70) (95.285 80)
     V23       *0.00         (0 75) (10 85)
     V23       *0.00         (5 75) (15 85)
     V23        0.18         (10 75) (20 85)
     V23        0.40         (15 75) (25 85)
     V23        0.50         (20 75) (30 85)
     V23        0.40         (25 75) (35 85)
     V23        0.48         (30 75) (40 85)
     V23        0.66         (35 75) (45 85)
     V23        0.59         (40 75) (50 85)
     V23        0.37         (45 75) (55 85)
     V23        0.41         (50 75) (60 85)
     V23        0.58         (55 75) (65 85)
     V23        0.45         (60 75) (70 85)
     V23        0.38         (65 75) (75 85)
     V23        0.47         (70 75) (80 85)
     V23        0.52         (75 75) (85 85)
     V23        0.25         (80 75) (90 85)
     V23        0.04         (85 75) (95 85)
     V23        0.04         (85.285 75) (95.285 85)
     V23       *0.00         (0 80) (10 90)
     V23       *0.00         (5 80) (15 90)
     V23        0.18         (10 80) (20 90)
     V23        0.45         (15 80) (25 90)
     V23        0.50         (20 80) (30 90)
     V23        0.40         (25 80) (35 90)
     V23        0.47         (30 80) (40 90)
     V23        0.56         (35 80) (45 90)
     V23        0.54         (40 80) (50 90)
     V23        0.40         (45 80) (55 90)
     V23        0.52         (50 80) (60 90)
     V23        0.76         (55 80) (65 90)
     V23        0.60         (60 80) (70 90)
     V23        0.38         (65 80) (75 90)
     V23        0.40         (70 80) (80 90)
     V23        0.45         (75 80) (85 90)
     V23        0.20         (80 80) (90 90)
     V23       *0.00         (85 80) (95 90)
     V23       *0.00         (85.285 80) (95.285 90)
     V23       *0.00         (0 85) (10 95)
     V23       *0.00         (5 85) (15 95)
     V23        0.18         (10 85) (20 95)
     V23        0.34         (15 85) (25 95)
     V23        0.32         (20 85) (30 95)
     V23        0.29         (25 85) (35 95)
     V23        0.29         (30 85) (40 95)
     V23        0.47         (35 85) (45 95)
     V23        0.52         (40 85) (50 95)
     V23        0.34         (45 85) (55 95)
     V23        0.30         (50 85) (60 95)
     V23        0.36         (55 85) (65 95)
     V23        0.36         (60 85) (70 95)
     V23        0.34         (65 85) (75 95)
     V23        0.29         (70 85) (80 95)
     V23        0.25         (75 85) (85 95)
     V23        0.14         (80 85) (90 95)
     V23       *0.00         (85 85) (95 95)
     V23       *0.00         (85.285 85) (95.285 95)
     V23       *0.00         (0 85.285) (10 95.285)
     V23       *0.00         (5 85.285) (15 95.285)
     V23        0.18         (10 85.285) (20 95.285)
     V23        0.29         (15 85.285) (25 95.285)
     V23        0.27         (20 85.285) (30 95.285)
     V23        0.25         (25 85.285) (35 95.285)
     V23        0.22         (30 85.285) (40 95.285)
     V23        0.45         (35 85.285) (45 95.285)
     V23        0.52         (40 85.285) (50 95.285)
     V23        0.32         (45 85.285) (55 95.285)
     V23        0.28         (50 85.285) (60 95.285)
     V23        0.34         (55 85.285) (65 95.285)
     V23        0.33         (60 85.285) (70 95.285)
     V23        0.34         (65 85.285) (75 95.285)
     V23        0.29         (70 85.285) (80 95.285)
     V23        0.25         (75 85.285) (85 95.285)
     V23        0.14         (80 85.285) (90 95.285)
     V23       *0.00         (85 85.285) (95 95.285)
     V23       *0.00         (85.285 85.285) (95.285 95.285)

     V23        0.36         (global density)

     V34       *0.00         (0 0) (10 10)
     V34       *0.00         (5 0) (15 10)
     V34        0.16         (10 0) (20 10)
     V34        0.16         (15 0) (25 10)
     V34        0.26         (20 0) (30 10)
     V34        0.32         (25 0) (35 10)
     V34       *0.06         (30 0) (40 10)
     V34        0.16         (35 0) (45 10)
     V34        0.16         (40 0) (50 10)
     V34       *0.00         (45 0) (55 10)
     V34        0.33         (50 0) (60 10)
     V34        0.36         (55 0) (65 10)
     V34        0.10         (60 0) (70 10)
     V34        0.16         (65 0) (75 10)
     V34        0.09         (70 0) (80 10)
     V34        0.32         (75 0) (85 10)
     V34        0.32         (80 0) (90 10)
     V34       *0.00         (85 0) (95 10)
     V34       *0.00         (85.285 0) (95.285 10)
     V34       *0.00         (0 5) (10 15)
     V34       *0.00         (5 5) (15 15)
     V34        0.36         (10 5) (20 15)
     V34        0.36         (15 5) (25 15)
     V34        0.30         (20 5) (30 15)
     V34        0.36         (25 5) (35 15)
     V34        0.10         (30 5) (40 15)
     V34        0.36         (35 5) (45 15)
     V34        0.40         (40 5) (50 15)
     V34        0.08         (45 5) (55 15)
     V34        0.35         (50 5) (60 15)
     V34        0.40         (55 5) (65 15)
     V34        0.19         (60 5) (70 15)
     V34        0.32         (65 5) (75 15)
     V34        0.18         (70 5) (80 15)
     V34        0.32         (75 5) (85 15)
     V34        0.32         (80 5) (90 15)
     V34       *0.00         (85 5) (95 15)
     V34       *0.00         (85.285 5) (95.285 15)
     V34       *0.00         (0 10) (10 20)
     V34       *0.00         (5 10) (15 20)
     V34        0.36         (10 10) (20 20)
     V34        0.36         (15 10) (25 20)
     V34        0.31         (20 10) (30 20)
     V34        0.37         (25 10) (35 20)
     V34        0.10         (30 10) (40 20)
     V34        0.36         (35 10) (45 20)
     V34        0.40         (40 10) (50 20)
     V34        0.16         (45 10) (55 20)
     V34        0.41         (50 10) (60 20)
     V34        0.41         (55 10) (65 20)
     V34        0.22         (60 10) (70 20)
     V34        0.33         (65 10) (75 20)
     V34        0.18         (70 10) (80 20)
     V34        0.32         (75 10) (85 20)
     V34        0.32         (80 10) (90 20)
     V34       *0.00         (85 10) (95 20)
     V34       *0.00         (85.285 10) (95.285 20)
     V34       *0.04         (0 15) (10 25)
     V34       *0.00         (5 15) (15 25)
     V34        0.32         (10 15) (20 25)
     V34        0.33         (15 15) (25 25)
     V34        0.30         (20 15) (30 25)
     V34        0.35         (25 15) (35 25)
     V34       *0.06         (30 15) (40 25)
     V34        0.32         (35 15) (45 25)
     V34        0.32         (40 15) (50 25)
     V34        0.08         (45 15) (55 25)
     V34        0.40         (50 15) (60 25)
     V34        0.40         (55 15) (65 25)
     V34        0.26         (60 15) (70 25)
     V34        0.36         (65 15) (75 25)
     V34        0.18         (70 15) (80 25)
     V34        0.32         (75 15) (85 25)
     V34        0.32         (80 15) (90 25)
     V34       *0.04         (85 15) (95 25)
     V34       *0.04         (85.285 15) (95.285 25)
     V34       *0.04         (0 20) (10 30)
     V34       *0.00         (5 20) (15 30)
     V34        0.32         (10 20) (20 30)
     V34        0.32         (15 20) (25 30)
     V34        0.28         (20 20) (30 30)
     V34        0.33         (25 20) (35 30)
     V34       *0.05         (30 20) (40 30)
     V34        0.32         (35 20) (45 30)
     V34        0.32         (40 20) (50 30)
     V34       *0.00         (45 20) (55 30)
     V34        0.30         (50 20) (60 30)
     V34        0.34         (55 20) (65 30)
     V34        0.20         (60 20) (70 30)
     V34        0.35         (65 20) (75 30)
     V34        0.18         (70 20) (80 30)
     V34        0.30         (75 20) (85 30)
     V34        0.30         (80 20) (90 30)
     V34       *0.04         (85 20) (95 30)
     V34       *0.04         (85.285 20) (95.285 30)
     V34        0.08         (0 25) (10 35)
     V34       *0.00         (5 25) (15 35)
     V34        0.32         (10 25) (20 35)
     V34        0.32         (15 25) (25 35)
     V34        0.13         (20 25) (30 35)
     V34        0.16         (25 25) (35 35)
     V34       *0.03         (30 25) (40 35)
     V34        0.32         (35 25) (45 35)
     V34        0.32         (40 25) (50 35)
     V34       *0.02         (45 25) (55 35)
     V34        0.18         (50 25) (60 35)
     V34        0.16         (55 25) (65 35)
     V34        0.14         (60 25) (70 35)
     V34        0.32         (65 25) (75 35)
     V34        0.18         (70 25) (80 35)
     V34        0.16         (75 25) (85 35)
     V34        0.16         (80 25) (90 35)
     V34       *0.04         (85 25) (95 35)
     V34       *0.04         (85.285 25) (95.285 35)
     V34        0.08         (0 30) (10 40)
     V34       *0.00         (5 30) (15 40)
     V34        0.32         (10 30) (20 40)
     V34        0.33         (15 30) (25 40)
     V34        0.19         (20 30) (30 40)
     V34        0.21         (25 30) (35 40)
     V34       *0.03         (30 30) (40 40)
     V34        0.32         (35 30) (45 40)
     V34        0.36         (40 30) (50 40)
     V34        0.11         (45 30) (55 40)
     V34        0.30         (50 30) (60 40)
     V34        0.23         (55 30) (65 40)
     V34        0.14         (60 30) (70 40)
     V34        0.32         (65 30) (75 40)
     V34        0.18         (70 30) (80 40)
     V34        0.18         (75 30) (85 40)
     V34        0.18         (80 30) (90 40)
     V34       *0.04         (85 30) (95 40)
     V34       *0.04         (85.285 30) (95.285 40)
     V34        0.08         (0 35) (10 45)
     V34       *0.04         (5 35) (15 45)
     V34        0.32         (10 35) (20 45)
     V34        0.33         (15 35) (25 45)
     V34        0.30         (20 35) (30 45)
     V34        0.35         (25 35) (35 45)
     V34       *0.06         (30 35) (40 45)
     V34        0.32         (35 35) (45 45)
     V34        0.36         (40 35) (50 45)
     V34        0.13         (45 35) (55 45)
     V34        0.46         (50 35) (60 45)
     V34        0.37         (55 35) (65 45)
     V34        0.18         (60 35) (70 45)
     V34        0.36         (65 35) (75 45)
     V34        0.18         (70 35) (80 45)
     V34        0.32         (75 35) (85 45)
     V34        0.32         (80 35) (90 45)
     V34       *0.04         (85 35) (95 45)
     V34       *0.04         (85.285 35) (95.285 45)
     V34        0.28         (0 40) (10 50)
     V34        0.16         (5 40) (15 50)
     V34        0.32         (10 40) (20 50)
     V34        0.32         (15 40) (25 50)
     V34        0.26         (20 40) (30 50)
     V34        0.32         (25 40) (35 50)
     V34       *0.06         (30 40) (40 50)
     V34        0.40         (35 40) (45 50)
     V34        0.40         (40 40) (50 50)
     V34        0.08         (45 40) (55 50)
     V34        0.40         (50 40) (60 50)
     V34        0.32         (55 40) (65 50)
     V34        0.18         (60 40) (70 50)
     V34        0.36         (65 40) (75 50)
     V34        0.18         (70 40) (80 50)
     V34        0.32         (75 40) (85 50)
     V34        0.32         (80 40) (90 50)
     V34        0.08         (85 40) (95 50)
     V34        0.08         (85.285 40) (95.285 50)
     V34        0.24         (0 45) (10 55)
     V34        0.12         (5 45) (15 55)
     V34        0.32         (10 45) (20 55)
     V34        0.32         (15 45) (25 55)
     V34        0.26         (20 45) (30 55)
     V34        0.32         (25 45) (35 55)
     V34       *0.06         (30 45) (40 55)
     V34        0.40         (35 45) (45 55)
     V34        0.40         (40 45) (50 55)
     V34       *0.04         (45 45) (55 55)
     V34        0.36         (50 45) (60 55)
     V34        0.32         (55 45) (65 55)
     V34        0.14         (60 45) (70 55)
     V34        0.32         (65 45) (75 55)
     V34        0.18         (70 45) (80 55)
     V34        0.32         (75 45) (85 55)
     V34        0.32         (80 45) (90 55)
     V34        0.08         (85 45) (95 55)
     V34        0.08         (85.285 45) (95.285 55)
     V34       *0.04         (0 50) (10 60)
     V34       *0.00         (5 50) (15 60)
     V34        0.32         (10 50) (20 60)
     V34        0.32         (15 50) (25 60)
     V34        0.26         (20 50) (30 60)
     V34        0.32         (25 50) (35 60)
     V34       *0.06         (30 50) (40 60)
     V34        0.32         (35 50) (45 60)
     V34        0.32         (40 50) (50 60)
     V34       *0.00         (45 50) (55 60)
     V34        0.32         (50 50) (60 60)
     V34        0.36         (55 50) (65 60)
     V34        0.18         (60 50) (70 60)
     V34        0.32         (65 50) (75 60)
     V34        0.18         (70 50) (80 60)
     V34        0.32         (75 50) (85 60)
     V34        0.32         (80 50) (90 60)
     V34        0.08         (85 50) (95 60)
     V34        0.08         (85.285 50) (95.285 60)
     V34        0.08         (0 55) (10 65)
     V34       *0.00         (5 55) (15 65)
     V34        0.16         (10 55) (20 65)
     V34        0.16         (15 55) (25 65)
     V34        0.26         (20 55) (30 65)
     V34        0.32         (25 55) (35 65)
     V34       *0.06         (30 55) (40 65)
     V34        0.16         (35 55) (45 65)
     V34        0.16         (40 55) (50 65)
     V34       *0.00         (45 55) (55 65)
     V34        0.32         (50 55) (60 65)
     V34        0.36         (55 55) (65 65)
     V34        0.11         (60 55) (70 65)
     V34        0.16         (65 55) (75 65)
     V34        0.09         (70 55) (80 65)
     V34        0.32         (75 55) (85 65)
     V34        0.32         (80 55) (90 65)
     V34        0.08         (85 55) (95 65)
     V34        0.08         (85.285 55) (95.285 65)
     V34        0.08         (0 60) (10 70)
     V34       *0.00         (5 60) (15 70)
     V34        0.16         (10 60) (20 70)
     V34        0.16         (15 60) (25 70)
     V34        0.26         (20 60) (30 70)
     V34        0.32         (25 60) (35 70)
     V34       *0.06         (30 60) (40 70)
     V34        0.16         (35 60) (45 70)
     V34        0.16         (40 60) (50 70)
     V34       *0.00         (45 60) (55 70)
     V34        0.32         (50 60) (60 70)
     V34        0.32         (55 60) (65 70)
     V34       *0.07         (60 60) (70 70)
     V34        0.16         (65 60) (75 70)
     V34        0.09         (70 60) (80 70)
     V34        0.32         (75 60) (85 70)
     V34        0.32         (80 60) (90 70)
     V34        0.08         (85 60) (95 70)
     V34        0.08         (85.285 60) (95.285 70)
     V34       *0.00         (0 65) (10 75)
     V34       *0.00         (5 65) (15 75)
     V34        0.32         (10 65) (20 75)
     V34        0.32         (15 65) (25 75)
     V34        0.26         (20 65) (30 75)
     V34        0.32         (25 65) (35 75)
     V34       *0.06         (30 65) (40 75)
     V34        0.32         (35 65) (45 75)
     V34        0.32         (40 65) (50 75)
     V34       *0.00         (45 65) (55 75)
     V34        0.32         (50 65) (60 75)
     V34        0.32         (55 65) (65 75)
     V34        0.14         (60 65) (70 75)
     V34        0.32         (65 65) (75 75)
     V34        0.18         (70 65) (80 75)
     V34        0.32         (75 65) (85 75)
     V34        0.32         (80 65) (90 75)
     V34       *0.04         (85 65) (95 75)
     V34       *0.04         (85.285 65) (95.285 75)
     V34       *0.00         (0 70) (10 80)
     V34       *0.00         (5 70) (15 80)
     V34        0.32         (10 70) (20 80)
     V34        0.32         (15 70) (25 80)
     V34        0.26         (20 70) (30 80)
     V34        0.32         (25 70) (35 80)
     V34       *0.06         (30 70) (40 80)
     V34        0.32         (35 70) (45 80)
     V34        0.32         (40 70) (50 80)
     V34       *0.00         (45 70) (55 80)
     V34        0.32         (50 70) (60 80)
     V34        0.32         (55 70) (65 80)
     V34        0.14         (60 70) (70 80)
     V34        0.32         (65 70) (75 80)
     V34        0.18         (70 70) (80 80)
     V34        0.32         (75 70) (85 80)
     V34        0.32         (80 70) (90 80)
     V34        0.08         (85 70) (95 80)
     V34        0.08         (85.285 70) (95.285 80)
     V34       *0.00         (0 75) (10 85)
     V34       *0.00         (5 75) (15 85)
     V34        0.32         (10 75) (20 85)
     V34        0.32         (15 75) (25 85)
     V34        0.26         (20 75) (30 85)
     V34        0.32         (25 75) (35 85)
     V34       *0.06         (30 75) (40 85)
     V34        0.32         (35 75) (45 85)
     V34        0.32         (40 75) (50 85)
     V34       *0.00         (45 75) (55 85)
     V34        0.32         (50 75) (60 85)
     V34        0.32         (55 75) (65 85)
     V34        0.14         (60 75) (70 85)
     V34        0.32         (65 75) (75 85)
     V34        0.18         (70 75) (80 85)
     V34        0.32         (75 75) (85 85)
     V34        0.32         (80 75) (90 85)
     V34        0.08         (85 75) (95 85)
     V34        0.08         (85.285 75) (95.285 85)
     V34       *0.00         (0 80) (10 90)
     V34       *0.00         (5 80) (15 90)
     V34        0.32         (10 80) (20 90)
     V34        0.32         (15 80) (25 90)
     V34        0.26         (20 80) (30 90)
     V34        0.32         (25 80) (35 90)
     V34       *0.06         (30 80) (40 90)
     V34        0.32         (35 80) (45 90)
     V34        0.32         (40 80) (50 90)
     V34       *0.00         (45 80) (55 90)
     V34        0.32         (50 80) (60 90)
     V34        0.32         (55 80) (65 90)
     V34        0.14         (60 80) (70 90)
     V34        0.32         (65 80) (75 90)
     V34        0.18         (70 80) (80 90)
     V34        0.32         (75 80) (85 90)
     V34        0.32         (80 80) (90 90)
     V34       *0.00         (85 80) (95 90)
     V34       *0.00         (85.285 80) (95.285 90)
     V34       *0.00         (0 85) (10 95)
     V34       *0.00         (5 85) (15 95)
     V34        0.32         (10 85) (20 95)
     V34        0.32         (15 85) (25 95)
     V34        0.13         (20 85) (30 95)
     V34        0.16         (25 85) (35 95)
     V34       *0.03         (30 85) (40 95)
     V34        0.32         (35 85) (45 95)
     V34        0.32         (40 85) (50 95)
     V34       *0.00         (45 85) (55 95)
     V34        0.16         (50 85) (60 95)
     V34        0.16         (55 85) (65 95)
     V34        0.14         (60 85) (70 95)
     V34        0.32         (65 85) (75 95)
     V34        0.18         (70 85) (80 95)
     V34        0.16         (75 85) (85 95)
     V34        0.16         (80 85) (90 95)
     V34       *0.00         (85 85) (95 95)
     V34       *0.00         (85.285 85) (95.285 95)
     V34       *0.00         (0 85.285) (10 95.285)
     V34       *0.00         (5 85.285) (15 95.285)
     V34        0.32         (10 85.285) (20 95.285)
     V34        0.32         (15 85.285) (25 95.285)
     V34        0.13         (20 85.285) (30 95.285)
     V34        0.16         (25 85.285) (35 95.285)
     V34       *0.03         (30 85.285) (40 95.285)
     V34        0.32         (35 85.285) (45 95.285)
     V34        0.32         (40 85.285) (50 95.285)
     V34       *0.00         (45 85.285) (55 95.285)
     V34        0.16         (50 85.285) (60 95.285)
     V34        0.16         (55 85.285) (65 95.285)
     V34        0.14         (60 85.285) (70 95.285)
     V34        0.32         (65 85.285) (75 95.285)
     V34        0.18         (70 85.285) (80 95.285)
     V34        0.16         (75 85.285) (85 95.285)
     V34        0.16         (80 85.285) (90 95.285)
     V34       *0.00         (85 85.285) (95 95.285)
     V34       *0.00         (85.285 85.285) (95.285 95.285)

     V34        0.20         (global density)

     V45       *0.00         (0 0) (10 10)
     V45       *0.00         (5 0) (15 10)
     V45        0.16         (10 0) (20 10)
     V45        0.16         (15 0) (25 10)
     V45        0.26         (20 0) (30 10)
     V45        0.32         (25 0) (35 10)
     V45       *0.06         (30 0) (40 10)
     V45        0.16         (35 0) (45 10)
     V45        0.16         (40 0) (50 10)
     V45       *0.04         (45 0) (55 10)
     V45        0.36         (50 0) (60 10)
     V45        0.32         (55 0) (65 10)
     V45       *0.07         (60 0) (70 10)
     V45        0.16         (65 0) (75 10)
     V45        0.09         (70 0) (80 10)
     V45        0.32         (75 0) (85 10)
     V45        0.32         (80 0) (90 10)
     V45       *0.00         (85 0) (95 10)
     V45       *0.00         (85.285 0) (95.285 10)
     V45       *0.00         (0 5) (10 15)
     V45       *0.00         (5 5) (15 15)
     V45        0.32         (10 5) (20 15)
     V45        0.32         (15 5) (25 15)
     V45        0.26         (20 5) (30 15)
     V45        0.32         (25 5) (35 15)
     V45       *0.06         (30 5) (40 15)
     V45        0.32         (35 5) (45 15)
     V45        0.32         (40 5) (50 15)
     V45       *0.04         (45 5) (55 15)
     V45        0.36         (50 5) (60 15)
     V45        0.32         (55 5) (65 15)
     V45        0.14         (60 5) (70 15)
     V45        0.32         (65 5) (75 15)
     V45        0.18         (70 5) (80 15)
     V45        0.32         (75 5) (85 15)
     V45        0.32         (80 5) (90 15)
     V45       *0.00         (85 5) (95 15)
     V45       *0.00         (85.285 5) (95.285 15)
     V45       *0.00         (0 10) (10 20)
     V45       *0.00         (5 10) (15 20)
     V45        0.32         (10 10) (20 20)
     V45        0.32         (15 10) (25 20)
     V45        0.26         (20 10) (30 20)
     V45        0.32         (25 10) (35 20)
     V45       *0.06         (30 10) (40 20)
     V45        0.32         (35 10) (45 20)
     V45        0.32         (40 10) (50 20)
     V45       *0.00         (45 10) (55 20)
     V45        0.32         (50 10) (60 20)
     V45        0.32         (55 10) (65 20)
     V45        0.14         (60 10) (70 20)
     V45        0.32         (65 10) (75 20)
     V45        0.18         (70 10) (80 20)
     V45        0.32         (75 10) (85 20)
     V45        0.32         (80 10) (90 20)
     V45       *0.00         (85 10) (95 20)
     V45       *0.00         (85.285 10) (95.285 20)
     V45       *0.00         (0 15) (10 25)
     V45       *0.00         (5 15) (15 25)
     V45        0.32         (10 15) (20 25)
     V45        0.32         (15 15) (25 25)
     V45        0.26         (20 15) (30 25)
     V45        0.32         (25 15) (35 25)
     V45       *0.06         (30 15) (40 25)
     V45        0.32         (35 15) (45 25)
     V45        0.32         (40 15) (50 25)
     V45       *0.00         (45 15) (55 25)
     V45        0.32         (50 15) (60 25)
     V45        0.32         (55 15) (65 25)
     V45        0.14         (60 15) (70 25)
     V45        0.32         (65 15) (75 25)
     V45        0.18         (70 15) (80 25)
     V45        0.32         (75 15) (85 25)
     V45        0.32         (80 15) (90 25)
     V45       *0.00         (85 15) (95 25)
     V45       *0.00         (85.285 15) (95.285 25)
     V45       *0.00         (0 20) (10 30)
     V45       *0.00         (5 20) (15 30)
     V45        0.32         (10 20) (20 30)
     V45        0.32         (15 20) (25 30)
     V45        0.25         (20 20) (30 30)
     V45        0.30         (25 20) (35 30)
     V45       *0.05         (30 20) (40 30)
     V45        0.32         (35 20) (45 30)
     V45        0.32         (40 20) (50 30)
     V45       *0.00         (45 20) (55 30)
     V45        0.30         (50 20) (60 30)
     V45        0.30         (55 20) (65 30)
     V45        0.14         (60 20) (70 30)
     V45        0.32         (65 20) (75 30)
     V45        0.18         (70 20) (80 30)
     V45        0.30         (75 20) (85 30)
     V45        0.30         (80 20) (90 30)
     V45       *0.00         (85 20) (95 30)
     V45       *0.00         (85.285 20) (95.285 30)
     V45       *0.00         (0 25) (10 35)
     V45       *0.00         (5 25) (15 35)
     V45        0.32         (10 25) (20 35)
     V45        0.32         (15 25) (25 35)
     V45        0.13         (20 25) (30 35)
     V45        0.16         (25 25) (35 35)
     V45       *0.03         (30 25) (40 35)
     V45        0.32         (35 25) (45 35)
     V45        0.32         (40 25) (50 35)
     V45       *0.02         (45 25) (55 35)
     V45        0.18         (50 25) (60 35)
     V45        0.16         (55 25) (65 35)
     V45        0.14         (60 25) (70 35)
     V45        0.32         (65 25) (75 35)
     V45        0.18         (70 25) (80 35)
     V45        0.16         (75 25) (85 35)
     V45        0.16         (80 25) (90 35)
     V45       *0.00         (85 25) (95 35)
     V45       *0.00         (85.285 25) (95.285 35)
     V45       *0.00         (0 30) (10 40)
     V45       *0.00         (5 30) (15 40)
     V45        0.32         (10 30) (20 40)
     V45        0.32         (15 30) (25 40)
     V45        0.15         (20 30) (30 40)
     V45        0.18         (25 30) (35 40)
     V45       *0.03         (30 30) (40 40)
     V45        0.32         (35 30) (45 40)
     V45        0.32         (40 30) (50 40)
     V45       *0.04         (45 30) (55 40)
     V45        0.22         (50 30) (60 40)
     V45        0.22         (55 30) (65 40)
     V45        0.18         (60 30) (70 40)
     V45        0.32         (65 30) (75 40)
     V45        0.18         (70 30) (80 40)
     V45        0.18         (75 30) (85 40)
     V45        0.18         (80 30) (90 40)
     V45       *0.00         (85 30) (95 40)
     V45       *0.00         (85.285 30) (95.285 40)
     V45       *0.00         (0 35) (10 45)
     V45       *0.00         (5 35) (15 45)
     V45        0.32         (10 35) (20 45)
     V45        0.32         (15 35) (25 45)
     V45        0.26         (20 35) (30 45)
     V45        0.32         (25 35) (35 45)
     V45       *0.06         (30 35) (40 45)
     V45        0.32         (35 35) (45 45)
     V45        0.32         (40 35) (50 45)
     V45       *0.02         (45 35) (55 45)
     V45        0.34         (50 35) (60 45)
     V45        0.36         (55 35) (65 45)
     V45        0.18         (60 35) (70 45)
     V45        0.32         (65 35) (75 45)
     V45        0.18         (70 35) (80 45)
     V45        0.32         (75 35) (85 45)
     V45        0.32         (80 35) (90 45)
     V45       *0.00         (85 35) (95 45)
     V45       *0.00         (85.285 35) (95.285 45)
     V45       *0.00         (0 40) (10 50)
     V45       *0.00         (5 40) (15 50)
     V45        0.32         (10 40) (20 50)
     V45        0.32         (15 40) (25 50)
     V45        0.26         (20 40) (30 50)
     V45        0.32         (25 40) (35 50)
     V45       *0.06         (30 40) (40 50)
     V45        0.32         (35 40) (45 50)
     V45        0.32         (40 40) (50 50)
     V45       *0.00         (45 40) (55 50)
     V45        0.32         (50 40) (60 50)
     V45        0.32         (55 40) (65 50)
     V45        0.14         (60 40) (70 50)
     V45        0.32         (65 40) (75 50)
     V45        0.18         (70 40) (80 50)
     V45        0.32         (75 40) (85 50)
     V45        0.32         (80 40) (90 50)
     V45       *0.00         (85 40) (95 50)
     V45       *0.00         (85.285 40) (95.285 50)
     V45       *0.00         (0 45) (10 55)
     V45       *0.00         (5 45) (15 55)
     V45        0.32         (10 45) (20 55)
     V45        0.32         (15 45) (25 55)
     V45        0.26         (20 45) (30 55)
     V45        0.32         (25 45) (35 55)
     V45       *0.06         (30 45) (40 55)
     V45        0.32         (35 45) (45 55)
     V45        0.32         (40 45) (50 55)
     V45       *0.00         (45 45) (55 55)
     V45        0.32         (50 45) (60 55)
     V45        0.32         (55 45) (65 55)
     V45        0.14         (60 45) (70 55)
     V45        0.32         (65 45) (75 55)
     V45        0.18         (70 45) (80 55)
     V45        0.32         (75 45) (85 55)
     V45        0.32         (80 45) (90 55)
     V45       *0.00         (85 45) (95 55)
     V45       *0.00         (85.285 45) (95.285 55)
     V45       *0.00         (0 50) (10 60)
     V45       *0.00         (5 50) (15 60)
     V45        0.32         (10 50) (20 60)
     V45        0.32         (15 50) (25 60)
     V45        0.26         (20 50) (30 60)
     V45        0.32         (25 50) (35 60)
     V45       *0.06         (30 50) (40 60)
     V45        0.32         (35 50) (45 60)
     V45        0.32         (40 50) (50 60)
     V45       *0.00         (45 50) (55 60)
     V45        0.32         (50 50) (60 60)
     V45        0.36         (55 50) (65 60)
     V45        0.18         (60 50) (70 60)
     V45        0.32         (65 50) (75 60)
     V45        0.18         (70 50) (80 60)
     V45        0.32         (75 50) (85 60)
     V45        0.32         (80 50) (90 60)
     V45       *0.00         (85 50) (95 60)
     V45       *0.00         (85.285 50) (95.285 60)
     V45       *0.00         (0 55) (10 65)
     V45       *0.00         (5 55) (15 65)
     V45        0.16         (10 55) (20 65)
     V45        0.16         (15 55) (25 65)
     V45        0.26         (20 55) (30 65)
     V45        0.32         (25 55) (35 65)
     V45       *0.06         (30 55) (40 65)
     V45        0.16         (35 55) (45 65)
     V45        0.16         (40 55) (50 65)
     V45       *0.00         (45 55) (55 65)
     V45        0.32         (50 55) (60 65)
     V45        0.36         (55 55) (65 65)
     V45        0.11         (60 55) (70 65)
     V45        0.16         (65 55) (75 65)
     V45        0.09         (70 55) (80 65)
     V45        0.32         (75 55) (85 65)
     V45        0.32         (80 55) (90 65)
     V45       *0.00         (85 55) (95 65)
     V45       *0.00         (85.285 55) (95.285 65)
     V45       *0.00         (0 60) (10 70)
     V45       *0.00         (5 60) (15 70)
     V45        0.16         (10 60) (20 70)
     V45        0.16         (15 60) (25 70)
     V45        0.26         (20 60) (30 70)
     V45        0.32         (25 60) (35 70)
     V45       *0.06         (30 60) (40 70)
     V45        0.16         (35 60) (45 70)
     V45        0.16         (40 60) (50 70)
     V45       *0.00         (45 60) (55 70)
     V45        0.32         (50 60) (60 70)
     V45        0.32         (55 60) (65 70)
     V45       *0.07         (60 60) (70 70)
     V45        0.16         (65 60) (75 70)
     V45        0.09         (70 60) (80 70)
     V45        0.32         (75 60) (85 70)
     V45        0.32         (80 60) (90 70)
     V45       *0.00         (85 60) (95 70)
     V45       *0.00         (85.285 60) (95.285 70)
     V45       *0.00         (0 65) (10 75)
     V45       *0.00         (5 65) (15 75)
     V45        0.32         (10 65) (20 75)
     V45        0.32         (15 65) (25 75)
     V45        0.26         (20 65) (30 75)
     V45        0.32         (25 65) (35 75)
     V45       *0.06         (30 65) (40 75)
     V45        0.32         (35 65) (45 75)
     V45        0.32         (40 65) (50 75)
     V45       *0.00         (45 65) (55 75)
     V45        0.32         (50 65) (60 75)
     V45        0.32         (55 65) (65 75)
     V45        0.14         (60 65) (70 75)
     V45        0.32         (65 65) (75 75)
     V45        0.18         (70 65) (80 75)
     V45        0.32         (75 65) (85 75)
     V45        0.32         (80 65) (90 75)
     V45       *0.00         (85 65) (95 75)
     V45       *0.00         (85.285 65) (95.285 75)
     V45       *0.00         (0 70) (10 80)
     V45       *0.00         (5 70) (15 80)
     V45        0.32         (10 70) (20 80)
     V45        0.32         (15 70) (25 80)
     V45        0.26         (20 70) (30 80)
     V45        0.32         (25 70) (35 80)
     V45       *0.06         (30 70) (40 80)
     V45        0.32         (35 70) (45 80)
     V45        0.32         (40 70) (50 80)
     V45       *0.00         (45 70) (55 80)
     V45        0.32         (50 70) (60 80)
     V45        0.32         (55 70) (65 80)
     V45        0.14         (60 70) (70 80)
     V45        0.32         (65 70) (75 80)
     V45        0.18         (70 70) (80 80)
     V45        0.32         (75 70) (85 80)
     V45        0.32         (80 70) (90 80)
     V45       *0.00         (85 70) (95 80)
     V45       *0.00         (85.285 70) (95.285 80)
     V45       *0.00         (0 75) (10 85)
     V45       *0.00         (5 75) (15 85)
     V45        0.32         (10 75) (20 85)
     V45        0.32         (15 75) (25 85)
     V45        0.26         (20 75) (30 85)
     V45        0.32         (25 75) (35 85)
     V45       *0.06         (30 75) (40 85)
     V45        0.32         (35 75) (45 85)
     V45        0.32         (40 75) (50 85)
     V45       *0.00         (45 75) (55 85)
     V45        0.32         (50 75) (60 85)
     V45        0.32         (55 75) (65 85)
     V45        0.14         (60 75) (70 85)
     V45        0.32         (65 75) (75 85)
     V45        0.18         (70 75) (80 85)
     V45        0.32         (75 75) (85 85)
     V45        0.32         (80 75) (90 85)
     V45       *0.00         (85 75) (95 85)
     V45       *0.00         (85.285 75) (95.285 85)
     V45       *0.00         (0 80) (10 90)
     V45       *0.00         (5 80) (15 90)
     V45        0.32         (10 80) (20 90)
     V45        0.32         (15 80) (25 90)
     V45        0.26         (20 80) (30 90)
     V45        0.32         (25 80) (35 90)
     V45       *0.06         (30 80) (40 90)
     V45        0.32         (35 80) (45 90)
     V45        0.32         (40 80) (50 90)
     V45       *0.00         (45 80) (55 90)
     V45        0.32         (50 80) (60 90)
     V45        0.32         (55 80) (65 90)
     V45        0.14         (60 80) (70 90)
     V45        0.32         (65 80) (75 90)
     V45        0.18         (70 80) (80 90)
     V45        0.32         (75 80) (85 90)
     V45        0.32         (80 80) (90 90)
     V45       *0.00         (85 80) (95 90)
     V45       *0.00         (85.285 80) (95.285 90)
     V45       *0.00         (0 85) (10 95)
     V45       *0.00         (5 85) (15 95)
     V45        0.32         (10 85) (20 95)
     V45        0.32         (15 85) (25 95)
     V45        0.13         (20 85) (30 95)
     V45        0.16         (25 85) (35 95)
     V45       *0.03         (30 85) (40 95)
     V45        0.32         (35 85) (45 95)
     V45        0.32         (40 85) (50 95)
     V45       *0.00         (45 85) (55 95)
     V45        0.16         (50 85) (60 95)
     V45        0.16         (55 85) (65 95)
     V45        0.14         (60 85) (70 95)
     V45        0.32         (65 85) (75 95)
     V45        0.18         (70 85) (80 95)
     V45        0.16         (75 85) (85 95)
     V45        0.16         (80 85) (90 95)
     V45       *0.00         (85 85) (95 95)
     V45       *0.00         (85.285 85) (95.285 95)
     V45       *0.00         (0 85.285) (10 95.285)
     V45       *0.00         (5 85.285) (15 95.285)
     V45        0.32         (10 85.285) (20 95.285)
     V45        0.32         (15 85.285) (25 95.285)
     V45        0.13         (20 85.285) (30 95.285)
     V45        0.16         (25 85.285) (35 95.285)
     V45       *0.03         (30 85.285) (40 95.285)
     V45        0.32         (35 85.285) (45 95.285)
     V45        0.32         (40 85.285) (50 95.285)
     V45       *0.00         (45 85.285) (55 95.285)
     V45        0.16         (50 85.285) (60 95.285)
     V45        0.16         (55 85.285) (65 95.285)
     V45        0.14         (60 85.285) (70 95.285)
     V45        0.32         (65 85.285) (75 95.285)
     V45        0.18         (70 85.285) (80 95.285)
     V45        0.16         (75 85.285) (85 95.285)
     V45        0.16         (80 85.285) (90 95.285)
     V45       *0.00         (85 85.285) (95 95.285)
     V45       *0.00         (85.285 85.285) (95.285 95.285)

     V45        0.18         (global density)

     V56       *0.00         (0 0) (10 10)
     V56       *0.00         (5 0) (15 10)
     V56       *0.00         (10 0) (20 10)
     V56       *0.00         (15 0) (25 10)
     V56       *0.00         (20 0) (30 10)
     V56       *0.00         (25 0) (35 10)
     V56       *0.00         (30 0) (40 10)
     V56       *0.00         (35 0) (45 10)
     V56       *0.00         (40 0) (50 10)
     V56       *0.00         (45 0) (55 10)
     V56       *0.00         (50 0) (60 10)
     V56       *0.00         (55 0) (65 10)
     V56       *0.00         (60 0) (70 10)
     V56       *0.00         (65 0) (75 10)
     V56       *0.00         (70 0) (80 10)
     V56       *0.00         (75 0) (85 10)
     V56       *0.00         (80 0) (90 10)
     V56       *0.00         (85 0) (95 10)
     V56       *0.00         (85.285 0) (95.285 10)
     V56       *0.00         (0 5) (10 15)
     V56       *0.00         (5 5) (15 15)
     V56       *0.00         (10 5) (20 15)
     V56       *0.00         (15 5) (25 15)
     V56       *0.00         (20 5) (30 15)
     V56       *0.00         (25 5) (35 15)
     V56       *0.00         (30 5) (40 15)
     V56       *0.00         (35 5) (45 15)
     V56       *0.00         (40 5) (50 15)
     V56       *0.00         (45 5) (55 15)
     V56       *0.00         (50 5) (60 15)
     V56       *0.00         (55 5) (65 15)
     V56       *0.00         (60 5) (70 15)
     V56       *0.00         (65 5) (75 15)
     V56       *0.00         (70 5) (80 15)
     V56       *0.00         (75 5) (85 15)
     V56       *0.00         (80 5) (90 15)
     V56       *0.00         (85 5) (95 15)
     V56       *0.00         (85.285 5) (95.285 15)
     V56       *0.00         (0 10) (10 20)
     V56       *0.00         (5 10) (15 20)
     V56       *0.64         (10 10) (20 20)
     V56       *0.64         (15 10) (25 20)
     V56       *0.00         (20 10) (30 20)
     V56       *0.00         (25 10) (35 20)
     V56       *0.00         (30 10) (40 20)
     V56       *0.64         (35 10) (45 20)
     V56       *0.64         (40 10) (50 20)
     V56       *0.00         (45 10) (55 20)
     V56       *0.00         (50 10) (60 20)
     V56       *0.00         (55 10) (65 20)
     V56       *0.20         (60 10) (70 20)
     V56       *0.64         (65 10) (75 20)
     V56       *0.44         (70 10) (80 20)
     V56       *0.00         (75 10) (85 20)
     V56       *0.00         (80 10) (90 20)
     V56       *0.00         (85 10) (95 20)
     V56       *0.00         (85.285 10) (95.285 20)
     V56       *0.00         (0 15) (10 25)
     V56       *0.00         (5 15) (15 25)
     V56       *0.64         (10 15) (20 25)
     V56       *0.64         (15 15) (25 25)
     V56       *0.00         (20 15) (30 25)
     V56       *0.00         (25 15) (35 25)
     V56       *0.00         (30 15) (40 25)
     V56       *0.64         (35 15) (45 25)
     V56       *0.64         (40 15) (50 25)
     V56       *0.00         (45 15) (55 25)
     V56       *0.00         (50 15) (60 25)
     V56       *0.00         (55 15) (65 25)
     V56       *0.20         (60 15) (70 25)
     V56       *0.64         (65 15) (75 25)
     V56       *0.44         (70 15) (80 25)
     V56       *0.00         (75 15) (85 25)
     V56       *0.00         (80 15) (90 25)
     V56       *0.00         (85 15) (95 25)
     V56       *0.00         (85.285 15) (95.285 25)
     V56       *0.00         (0 20) (10 30)
     V56       *0.00         (5 20) (15 30)
     V56       *0.00         (10 20) (20 30)
     V56       *0.00         (15 20) (25 30)
     V56       *0.58         (20 20) (30 30)
     V56       *0.58         (25 20) (35 30)
     V56       *0.00         (30 20) (40 30)
     V56       *0.00         (35 20) (45 30)
     V56       *0.00         (40 20) (50 30)
     V56       *0.00         (45 20) (55 30)
     V56       *0.58         (50 20) (60 30)
     V56       *0.58         (55 20) (65 30)
     V56       *0.00         (60 20) (70 30)
     V56       *0.00         (65 20) (75 30)
     V56       *0.00         (70 20) (80 30)
     V56       *0.58         (75 20) (85 30)
     V56       *0.58         (80 20) (90 30)
     V56       *0.00         (85 20) (95 30)
     V56       *0.00         (85.285 20) (95.285 30)
     V56       *0.00         (0 25) (10 35)
     V56       *0.00         (5 25) (15 35)
     V56       *0.00         (10 25) (20 35)
     V56       *0.00         (15 25) (25 35)
     V56       *0.64         (20 25) (30 35)
     V56       *0.64         (25 25) (35 35)
     V56       *0.00         (30 25) (40 35)
     V56       *0.00         (35 25) (45 35)
     V56       *0.00         (40 25) (50 35)
     V56       *0.00         (45 25) (55 35)
     V56       *0.64         (50 25) (60 35)
     V56       *0.64         (55 25) (65 35)
     V56       *0.00         (60 25) (70 35)
     V56       *0.00         (65 25) (75 35)
     V56       *0.00         (70 25) (80 35)
     V56       *0.64         (75 25) (85 35)
     V56       *0.64         (80 25) (90 35)
     V56       *0.00         (85 25) (95 35)
     V56       *0.00         (85.285 25) (95.285 35)
     V56       *0.00         (0 30) (10 40)
     V56       *0.00         (5 30) (15 40)
     V56       *0.00         (10 30) (20 40)
     V56       *0.00         (15 30) (25 40)
     V56       *0.06         (20 30) (30 40)
     V56       *0.06         (25 30) (35 40)
     V56       *0.00         (30 30) (40 40)
     V56       *0.00         (35 30) (45 40)
     V56       *0.00         (40 30) (50 40)
     V56       *0.00         (45 30) (55 40)
     V56       *0.06         (50 30) (60 40)
     V56       *0.06         (55 30) (65 40)
     V56       *0.00         (60 30) (70 40)
     V56       *0.00         (65 30) (75 40)
     V56       *0.00         (70 30) (80 40)
     V56       *0.06         (75 30) (85 40)
     V56       *0.06         (80 30) (90 40)
     V56       *0.00         (85 30) (95 40)
     V56       *0.00         (85.285 30) (95.285 40)
     V56       *0.00         (0 35) (10 45)
     V56       *0.00         (5 35) (15 45)
     V56       *0.64         (10 35) (20 45)
     V56       *0.64         (15 35) (25 45)
     V56       *0.00         (20 35) (30 45)
     V56       *0.00         (25 35) (35 45)
     V56       *0.00         (30 35) (40 45)
     V56       *0.64         (35 35) (45 45)
     V56       *0.64         (40 35) (50 45)
     V56       *0.00         (45 35) (55 45)
     V56       *0.00         (50 35) (60 45)
     V56       *0.00         (55 35) (65 45)
     V56       *0.20         (60 35) (70 45)
     V56       *0.64         (65 35) (75 45)
     V56       *0.44         (70 35) (80 45)
     V56       *0.00         (75 35) (85 45)
     V56       *0.00         (80 35) (90 45)
     V56       *0.00         (85 35) (95 45)
     V56       *0.00         (85.285 35) (95.285 45)
     V56       *0.00         (0 40) (10 50)
     V56       *0.00         (5 40) (15 50)
     V56       *0.64         (10 40) (20 50)
     V56       *0.64         (15 40) (25 50)
     V56       *0.00         (20 40) (30 50)
     V56       *0.00         (25 40) (35 50)
     V56       *0.00         (30 40) (40 50)
     V56       *0.64         (35 40) (45 50)
     V56       *0.64         (40 40) (50 50)
     V56       *0.00         (45 40) (55 50)
     V56       *0.00         (50 40) (60 50)
     V56       *0.00         (55 40) (65 50)
     V56       *0.20         (60 40) (70 50)
     V56       *0.64         (65 40) (75 50)
     V56       *0.44         (70 40) (80 50)
     V56       *0.00         (75 40) (85 50)
     V56       *0.00         (80 40) (90 50)
     V56       *0.00         (85 40) (95 50)
     V56       *0.00         (85.285 40) (95.285 50)
     V56       *0.00         (0 45) (10 55)
     V56       *0.00         (5 45) (15 55)
     V56       *0.00         (10 45) (20 55)
     V56       *0.00         (15 45) (25 55)
     V56       *0.00         (20 45) (30 55)
     V56       *0.00         (25 45) (35 55)
     V56       *0.00         (30 45) (40 55)
     V56       *0.00         (35 45) (45 55)
     V56       *0.00         (40 45) (50 55)
     V56       *0.00         (45 45) (55 55)
     V56       *0.00         (50 45) (60 55)
     V56       *0.00         (55 45) (65 55)
     V56       *0.00         (60 45) (70 55)
     V56       *0.00         (65 45) (75 55)
     V56       *0.00         (70 45) (80 55)
     V56       *0.00         (75 45) (85 55)
     V56       *0.00         (80 45) (90 55)
     V56       *0.00         (85 45) (95 55)
     V56       *0.00         (85.285 45) (95.285 55)
     V56       *0.00         (0 50) (10 60)
     V56       *0.00         (5 50) (15 60)
     V56       *0.00         (10 50) (20 60)
     V56       *0.00         (15 50) (25 60)
     V56       *0.64         (20 50) (30 60)
     V56       *0.64         (25 50) (35 60)
     V56       *0.00         (30 50) (40 60)
     V56       *0.00         (35 50) (45 60)
     V56       *0.00         (40 50) (50 60)
     V56       *0.00         (45 50) (55 60)
     V56       *0.64         (50 50) (60 60)
     V56       *0.64         (55 50) (65 60)
     V56       *0.00         (60 50) (70 60)
     V56       *0.00         (65 50) (75 60)
     V56       *0.00         (70 50) (80 60)
     V56       *0.64         (75 50) (85 60)
     V56       *0.64         (80 50) (90 60)
     V56       *0.00         (85 50) (95 60)
     V56       *0.00         (85.285 50) (95.285 60)
     V56       *0.00         (0 55) (10 65)
     V56       *0.00         (5 55) (15 65)
     V56       *0.00         (10 55) (20 65)
     V56       *0.00         (15 55) (25 65)
     V56       *0.64         (20 55) (30 65)
     V56       *0.64         (25 55) (35 65)
     V56       *0.00         (30 55) (40 65)
     V56       *0.00         (35 55) (45 65)
     V56       *0.00         (40 55) (50 65)
     V56       *0.00         (45 55) (55 65)
     V56       *0.64         (50 55) (60 65)
     V56       *0.64         (55 55) (65 65)
     V56       *0.00         (60 55) (70 65)
     V56       *0.00         (65 55) (75 65)
     V56       *0.00         (70 55) (80 65)
     V56       *0.64         (75 55) (85 65)
     V56       *0.64         (80 55) (90 65)
     V56       *0.00         (85 55) (95 65)
     V56       *0.00         (85.285 55) (95.285 65)
     V56       *0.00         (0 60) (10 70)
     V56       *0.00         (5 60) (15 70)
     V56       *0.00         (10 60) (20 70)
     V56       *0.00         (15 60) (25 70)
     V56       *0.00         (20 60) (30 70)
     V56       *0.00         (25 60) (35 70)
     V56       *0.00         (30 60) (40 70)
     V56       *0.00         (35 60) (45 70)
     V56       *0.00         (40 60) (50 70)
     V56       *0.00         (45 60) (55 70)
     V56       *0.00         (50 60) (60 70)
     V56       *0.00         (55 60) (65 70)
     V56       *0.00         (60 60) (70 70)
     V56       *0.00         (65 60) (75 70)
     V56       *0.00         (70 60) (80 70)
     V56       *0.00         (75 60) (85 70)
     V56       *0.00         (80 60) (90 70)
     V56       *0.00         (85 60) (95 70)
     V56       *0.00         (85.285 60) (95.285 70)
     V56       *0.00         (0 65) (10 75)
     V56       *0.00         (5 65) (15 75)
     V56       *0.64         (10 65) (20 75)
     V56       *0.64         (15 65) (25 75)
     V56       *0.00         (20 65) (30 75)
     V56       *0.00         (25 65) (35 75)
     V56       *0.00         (30 65) (40 75)
     V56       *0.64         (35 65) (45 75)
     V56       *0.64         (40 65) (50 75)
     V56       *0.00         (45 65) (55 75)
     V56       *0.00         (50 65) (60 75)
     V56       *0.00         (55 65) (65 75)
     V56       *0.20         (60 65) (70 75)
     V56       *0.64         (65 65) (75 75)
     V56       *0.44         (70 65) (80 75)
     V56       *0.00         (75 65) (85 75)
     V56       *0.00         (80 65) (90 75)
     V56       *0.00         (85 65) (95 75)
     V56       *0.00         (85.285 65) (95.285 75)
     V56       *0.00         (0 70) (10 80)
     V56       *0.00         (5 70) (15 80)
     V56       *0.64         (10 70) (20 80)
     V56       *0.64         (15 70) (25 80)
     V56       *0.00         (20 70) (30 80)
     V56       *0.00         (25 70) (35 80)
     V56       *0.00         (30 70) (40 80)
     V56       *0.64         (35 70) (45 80)
     V56       *0.64         (40 70) (50 80)
     V56       *0.00         (45 70) (55 80)
     V56       *0.00         (50 70) (60 80)
     V56       *0.00         (55 70) (65 80)
     V56       *0.20         (60 70) (70 80)
     V56       *0.64         (65 70) (75 80)
     V56       *0.44         (70 70) (80 80)
     V56       *0.00         (75 70) (85 80)
     V56       *0.00         (80 70) (90 80)
     V56       *0.00         (85 70) (95 80)
     V56       *0.00         (85.285 70) (95.285 80)
     V56       *0.00         (0 75) (10 85)
     V56       *0.00         (5 75) (15 85)
     V56       *0.00         (10 75) (20 85)
     V56       *0.00         (15 75) (25 85)
     V56       *0.64         (20 75) (30 85)
     V56       *0.64         (25 75) (35 85)
     V56       *0.00         (30 75) (40 85)
     V56       *0.00         (35 75) (45 85)
     V56       *0.00         (40 75) (50 85)
     V56       *0.00         (45 75) (55 85)
     V56       *0.64         (50 75) (60 85)
     V56       *0.64         (55 75) (65 85)
     V56       *0.00         (60 75) (70 85)
     V56       *0.00         (65 75) (75 85)
     V56       *0.00         (70 75) (80 85)
     V56       *0.64         (75 75) (85 85)
     V56       *0.64         (80 75) (90 85)
     V56       *0.00         (85 75) (95 85)
     V56       *0.00         (85.285 75) (95.285 85)
     V56       *0.00         (0 80) (10 90)
     V56       *0.00         (5 80) (15 90)
     V56       *0.00         (10 80) (20 90)
     V56       *0.00         (15 80) (25 90)
     V56       *0.64         (20 80) (30 90)
     V56       *0.64         (25 80) (35 90)
     V56       *0.00         (30 80) (40 90)
     V56       *0.00         (35 80) (45 90)
     V56       *0.00         (40 80) (50 90)
     V56       *0.00         (45 80) (55 90)
     V56       *0.64         (50 80) (60 90)
     V56       *0.64         (55 80) (65 90)
     V56       *0.00         (60 80) (70 90)
     V56       *0.00         (65 80) (75 90)
     V56       *0.00         (70 80) (80 90)
     V56       *0.64         (75 80) (85 90)
     V56       *0.64         (80 80) (90 90)
     V56       *0.00         (85 80) (95 90)
     V56       *0.00         (85.285 80) (95.285 90)
     V56       *0.00         (0 85) (10 95)
     V56       *0.00         (5 85) (15 95)
     V56       *0.00         (10 85) (20 95)
     V56       *0.00         (15 85) (25 95)
     V56       *0.00         (20 85) (30 95)
     V56       *0.00         (25 85) (35 95)
     V56       *0.00         (30 85) (40 95)
     V56       *0.00         (35 85) (45 95)
     V56       *0.00         (40 85) (50 95)
     V56       *0.00         (45 85) (55 95)
     V56       *0.00         (50 85) (60 95)
     V56       *0.00         (55 85) (65 95)
     V56       *0.00         (60 85) (70 95)
     V56       *0.00         (65 85) (75 95)
     V56       *0.00         (70 85) (80 95)
     V56       *0.00         (75 85) (85 95)
     V56       *0.00         (80 85) (90 95)
     V56       *0.00         (85 85) (95 95)
     V56       *0.00         (85.285 85) (95.285 95)
     V56       *0.00         (0 85.285) (10 95.285)
     V56       *0.00         (5 85.285) (15 95.285)
     V56       *0.00         (10 85.285) (20 95.285)
     V56       *0.00         (15 85.285) (25 95.285)
     V56       *0.00         (20 85.285) (30 95.285)
     V56       *0.00         (25 85.285) (35 95.285)
     V56       *0.00         (30 85.285) (40 95.285)
     V56       *0.00         (35 85.285) (45 95.285)
     V56       *0.00         (40 85.285) (50 95.285)
     V56       *0.00         (45 85.285) (55 95.285)
     V56       *0.00         (50 85.285) (60 95.285)
     V56       *0.00         (55 85.285) (65 95.285)
     V56       *0.00         (60 85.285) (70 95.285)
     V56       *0.00         (65 85.285) (75 95.285)
     V56       *0.00         (70 85.285) (80 95.285)
     V56       *0.00         (75 85.285) (85 95.285)
     V56       *0.00         (80 85.285) (90 95.285)
     V56       *0.00         (85 85.285) (95 95.285)
     V56       *0.00         (85.285 85.285) (95.285 95.285)

     V56        0.13         (global density)


A total of 649 cut density violation(s).
Windows < Min. Density = 649
Windows > Max. Density = 0

* denotes minimum density violation(s)
# denotes maximum density violation(s)
