###############################################################
#  Generated by:      Cadence Innovus 21.11-s130_1
#  OS:                Linux x86_64(Host ID redondo-asia-tpe-desktop-pawanekar-0)
#  Generated on:      Fri Nov  3 04:11:08 2023
#  Design:            jpeg_encoder
#  Command:           verifyConnectivity -type all -connLoop -append -dividePowerNet -rawViolsMark -useNewOpenVio -removeOldOpenVio -useVirtualConnection -error 1000000 -warning 50000
###############################################################
Verify Connectivity Report is created on Fri Nov  3 04:11:08 2023



Net VSS: dangling Wire at (2.090, 504.715) (2.090, 504.715) on layer: metal7
Net VSS: dangling Wire at (703.380, 504.715) (703.380, 504.715) on layer: metal7
Net VSS: dangling Wire at (2.090, 464.715) (2.090, 464.715) on layer: metal7
Net VSS: dangling Wire at (703.380, 464.715) (703.380, 464.715) on layer: metal7
Net VSS: dangling Wire at (2.090, 424.715) (2.090, 424.715) on layer: metal7
Net VSS: dangling Wire at (703.380, 424.715) (703.380, 424.715) on layer: metal7
Net VSS: dangling Wire at (2.090, 384.715) (2.090, 384.715) on layer: metal7
Net VSS: dangling Wire at (703.380, 384.715) (703.380, 384.715) on layer: metal7
Net VSS: dangling Wire at (2.090, 584.715) (2.090, 584.715) on layer: metal7
Net VSS: dangling Wire at (703.380, 584.715) (703.380, 584.715) on layer: metal7
Net VSS: dangling Wire at (2.090, 544.715) (2.090, 544.715) on layer: metal7
Net VSS: dangling Wire at (703.380, 544.715) (703.380, 544.715) on layer: metal7
Net VSS: dangling Wire at (2.090, 624.715) (2.090, 624.715) on layer: metal7
Net VSS: dangling Wire at (703.380, 624.715) (703.380, 624.715) on layer: metal7
Net VSS: dangling Wire at (2.090, 664.715) (2.090, 664.715) on layer: metal7
Net VSS: dangling Wire at (703.380, 664.715) (703.380, 664.715) on layer: metal7
Net VSS: dangling Wire at (2.090, 144.715) (2.090, 144.715) on layer: metal7
Net VSS: dangling Wire at (703.380, 144.715) (703.380, 144.715) on layer: metal7
Net VSS: dangling Wire at (2.090, 104.715) (2.090, 104.715) on layer: metal7
Net VSS: dangling Wire at (703.380, 104.715) (703.380, 104.715) on layer: metal7
Net VSS: dangling Wire at (2.090, 64.715) (2.090, 64.715) on layer: metal7
Net VSS: dangling Wire at (703.380, 64.715) (703.380, 64.715) on layer: metal7
Net VSS: dangling Wire at (2.090, 24.715) (2.090, 24.715) on layer: metal7
Net VSS: dangling Wire at (703.380, 24.715) (703.380, 24.715) on layer: metal7
Net VSS: dangling Wire at (2.090, 264.715) (2.090, 264.715) on layer: metal7
Net VSS: dangling Wire at (703.380, 264.715) (703.380, 264.715) on layer: metal7
Net VSS: dangling Wire at (2.090, 224.715) (2.090, 224.715) on layer: metal7
Net VSS: dangling Wire at (703.380, 224.715) (703.380, 224.715) on layer: metal7
Net VSS: dangling Wire at (2.090, 184.715) (2.090, 184.715) on layer: metal7
Net VSS: dangling Wire at (703.380, 184.715) (703.380, 184.715) on layer: metal7
Net VSS: dangling Wire at (2.090, 304.715) (2.090, 304.715) on layer: metal7
Net VSS: dangling Wire at (703.380, 304.715) (703.380, 304.715) on layer: metal7
Net VSS: dangling Wire at (2.090, 344.715) (2.090, 344.715) on layer: metal7
Net VSS: dangling Wire at (703.380, 344.715) (703.380, 344.715) on layer: metal7
Net VDD: dangling Wire at (396.090, 2.715) (396.090, 2.715) on layer: metal4
Net VDD: dangling Wire at (396.090, 702.885) (396.090, 702.885) on layer: metal4
Net VDD: dangling Wire at (452.090, 2.715) (452.090, 2.715) on layer: metal4
Net VDD: dangling Wire at (452.090, 702.885) (452.090, 702.885) on layer: metal4
Net VDD: dangling Wire at (508.090, 2.715) (508.090, 2.715) on layer: metal4
Net VDD: dangling Wire at (508.090, 702.885) (508.090, 702.885) on layer: metal4
Net VDD: dangling Wire at (564.090, 2.715) (564.090, 2.715) on layer: metal4
Net VDD: dangling Wire at (564.090, 702.885) (564.090, 702.885) on layer: metal4
Net VDD: dangling Wire at (620.090, 2.715) (620.090, 2.715) on layer: metal4
Net VDD: dangling Wire at (620.090, 702.885) (620.090, 702.885) on layer: metal4
Net VDD: dangling Wire at (676.090, 2.715) (676.090, 2.715) on layer: metal4
Net VDD: dangling Wire at (676.090, 702.885) (676.090, 702.885) on layer: metal4
Net VDD: dangling Wire at (2.090, 484.715) (2.090, 484.715) on layer: metal7
Net VDD: dangling Wire at (703.380, 484.715) (703.380, 484.715) on layer: metal7
Net VDD: dangling Wire at (2.090, 524.715) (2.090, 524.715) on layer: metal7
Net VDD: dangling Wire at (703.380, 524.715) (703.380, 524.715) on layer: metal7
Net VDD: dangling Wire at (2.090, 444.715) (2.090, 444.715) on layer: metal7
Net VDD: dangling Wire at (703.380, 444.715) (703.380, 444.715) on layer: metal7
Net VDD: dangling Wire at (2.090, 404.715) (2.090, 404.715) on layer: metal7
Net VDD: dangling Wire at (703.380, 404.715) (703.380, 404.715) on layer: metal7
Net VDD: dangling Wire at (2.090, 364.715) (2.090, 364.715) on layer: metal7
Net VDD: dangling Wire at (703.380, 364.715) (703.380, 364.715) on layer: metal7
Net VDD: dangling Wire at (2.090, 604.715) (2.090, 604.715) on layer: metal7
Net VDD: dangling Wire at (703.380, 604.715) (703.380, 604.715) on layer: metal7
Net VDD: dangling Wire at (2.090, 564.715) (2.090, 564.715) on layer: metal7
Net VDD: dangling Wire at (703.380, 564.715) (703.380, 564.715) on layer: metal7
Net VDD: dangling Wire at (2.090, 644.715) (2.090, 644.715) on layer: metal7
Net VDD: dangling Wire at (703.380, 644.715) (703.380, 644.715) on layer: metal7
Net VDD: dangling Wire at (2.090, 684.715) (2.090, 684.715) on layer: metal7
Net VDD: dangling Wire at (703.380, 684.715) (703.380, 684.715) on layer: metal7
Net VDD: dangling Wire at (4.090, 2.715) (4.090, 2.715) on layer: metal4
Net VDD: dangling Wire at (4.090, 702.885) (4.090, 702.885) on layer: metal4
Net VDD: dangling Wire at (2.090, 164.715) (2.090, 164.715) on layer: metal7
Net VDD: dangling Wire at (703.380, 164.715) (703.380, 164.715) on layer: metal7
Net VDD: dangling Wire at (60.090, 2.715) (60.090, 2.715) on layer: metal4
Net VDD: dangling Wire at (60.090, 702.885) (60.090, 702.885) on layer: metal4
Net VDD: dangling Wire at (2.090, 124.715) (2.090, 124.715) on layer: metal7
Net VDD: dangling Wire at (703.380, 124.715) (703.380, 124.715) on layer: metal7
Net VDD: dangling Wire at (116.090, 2.715) (116.090, 2.715) on layer: metal4
Net VDD: dangling Wire at (116.090, 702.885) (116.090, 702.885) on layer: metal4
Net VDD: dangling Wire at (2.090, 44.715) (2.090, 44.715) on layer: metal7
Net VDD: dangling Wire at (703.380, 44.715) (703.380, 44.715) on layer: metal7
Net VDD: dangling Wire at (172.090, 2.715) (172.090, 2.715) on layer: metal4
Net VDD: dangling Wire at (172.090, 702.885) (172.090, 702.885) on layer: metal4
Net VDD: dangling Wire at (2.090, 84.715) (2.090, 84.715) on layer: metal7
Net VDD: dangling Wire at (703.380, 84.715) (703.380, 84.715) on layer: metal7
Net VDD: dangling Wire at (228.090, 2.715) (228.090, 2.715) on layer: metal4
Net VDD: dangling Wire at (228.090, 702.885) (228.090, 702.885) on layer: metal4
Net VDD: dangling Wire at (2.090, 4.715) (2.090, 4.715) on layer: metal7
Net VDD: dangling Wire at (703.380, 4.715) (703.380, 4.715) on layer: metal7
Net VDD: dangling Wire at (284.090, 2.715) (284.090, 2.715) on layer: metal4
Net VDD: dangling Wire at (284.090, 702.885) (284.090, 702.885) on layer: metal4
Net VDD: dangling Wire at (340.090, 2.715) (340.090, 2.715) on layer: metal4
Net VDD: dangling Wire at (340.090, 702.885) (340.090, 702.885) on layer: metal4
Net VDD: dangling Wire at (2.090, 244.715) (2.090, 244.715) on layer: metal7
Net VDD: dangling Wire at (703.380, 244.715) (703.380, 244.715) on layer: metal7
Net VDD: dangling Wire at (2.090, 204.715) (2.090, 204.715) on layer: metal7
Net VDD: dangling Wire at (703.380, 204.715) (703.380, 204.715) on layer: metal7
Net VDD: dangling Wire at (2.090, 284.715) (2.090, 284.715) on layer: metal7
Net VDD: dangling Wire at (703.380, 284.715) (703.380, 284.715) on layer: metal7
Net VDD: dangling Wire at (2.090, 324.715) (2.090, 324.715) on layer: metal7
Net VDD: dangling Wire at (703.380, 324.715) (703.380, 324.715) on layer: metal7

Begin Summary
    96 Problem(s) (IMPVFC-94): The net has dangling wire(s).
    96 total info(s) created.
End Summary
