###############################################################
#  Generated by:      Cadence Innovus 21.11-s130_1
#  OS:                Linux x86_64(Host ID redondo-asia-tpe-desktop-pawanekar-0)
#  Generated on:      Fri Nov  3 03:07:48 2023
#  Design:            jpeg_encoder
#  Command:           verifyProcessAntenna -report jpeg_encoder_1.sky130hd.antenna.rpt -error 1000000
###############################################################
rle.rz4.size[2] (3)
  _71858_  (sky130_fd_sc_hd__mux2_1) A1
[1]      met3:  Area:298.4748  S.Area:1.5923e+03  G.Area:  0.2520  D.Area:  0.8910
                Fact:  1.0000     PAR:6.3188e+03   Ratio:2.9564e+03       (S.Area)
  _71841_  (sky130_fd_sc_hd__mux2_1) A1
[1]      met3:  Area:298.4748  S.Area:1.5923e+03  G.Area:  0.2520  D.Area:  0.8910
                Fact:  1.0000     PAR:6.3188e+03   Ratio:2.9564e+03       (S.Area)
rle.rz4.size[0] (3)
  _71839_  (sky130_fd_sc_hd__mux2_1) A1
[1]      met1:  Area: 49.5748  S.Area:247.7965  G.Area:  0.1260  D.Area:  0.0000
                Fact:  1.0000     PAR:1.9666e+03   Ratio:400.0000       (S.Area)
rle.rz4.rlen[3] (3)
  _71863_  (sky130_fd_sc_hd__mux2_1) A1
[1]      met3:  Area:218.9868  S.Area:1.1684e+03  G.Area:  0.2520  D.Area:  0.8910
                Fact:  1.0000     PAR:4.6365e+03   Ratio:2.9564e+03       (S.Area)
  _71837_  (sky130_fd_sc_hd__mux2_1) A1
[1]      met3:  Area:218.9868  S.Area:1.1684e+03  G.Area:  0.2520  D.Area:  0.8910
                Fact:  1.0000     PAR:4.6365e+03   Ratio:2.9564e+03       (S.Area)
rle.rz4.amp[2] (3)
  _57996_  (sky130_fd_sc_hd__mux2_1) A0
[1]      met3:  Area:248.1048  S.Area:1.3237e+03  G.Area:  0.2520  D.Area:  0.8910
                Fact:  1.0000     PAR:5.2528e+03   Ratio:2.9564e+03       (S.Area)
  _71845_  (sky130_fd_sc_hd__mux2_1) A1
[1]      met3:  Area:248.1048  S.Area:1.3237e+03  G.Area:  0.2520  D.Area:  0.8910
                Fact:  1.0000     PAR:5.2528e+03   Ratio:2.9564e+03       (S.Area)
qnr.dep[2] (3)
  _72088_  (sky130_fd_sc_hd__mux2_1) A1
[1]      met3:  Area: 11.2330  S.Area: 60.3760  G.Area:  0.1260  D.Area:  0.0000
                Fact:  1.0000     PAR:479.1746   Ratio:400.0000       (S.Area)
net99 (41)
  _56891_  (sky130_fd_sc_hd__and2_1) A
[1]      met1:  Area: 13.1030  S.Area: 65.2890  G.Area:  0.1260  D.Area:  0.0000
                Fact:  1.0000     PAR:518.1667   Ratio:400.0000       (S.Area)
net98 (65)
  _79814_  (sky130_fd_sc_hd__and2_0) A
[1]      met1:  Area: 16.0271  S.Area: 79.8420  G.Area:  0.1260  D.Area:  0.0000
                Fact:  1.0000     PAR:633.6667   Ratio:400.0000       (S.Area)
net80 (29)
  _68707_  (sky130_fd_sc_hd__a22oi_1) B1
[1]      met1:  Area: 22.8368  S.Area:113.9985  G.Area:  0.2475  D.Area:  0.0000
                Fact:  1.0000     PAR:460.6000   Ratio:400.0000       (S.Area)
net67 (109)
  _59948_  (sky130_fd_sc_hd__o22ai_1) B2
[1]      met1:  Area: 32.8790  S.Area:164.2095  G.Area:  0.2475  D.Area:  0.0000
                Fact:  1.0000     PAR:663.4727   Ratio:400.0000       (S.Area)
net47 (3)
  _66543_  (sky130_fd_sc_hd__nand2b_2) B
[1]      met3:  Area:162.0670  S.Area:864.8240  G.Area:  0.9900  D.Area:  0.0000
                Fact:  1.0000     PAR:873.5596   Ratio:400.0000       (S.Area)
  _66535_  (sky130_fd_sc_hd__nand2_2) B
[1]      met3:  Area:162.0670  S.Area:864.8240  G.Area:  0.9900  D.Area:  0.0000
                Fact:  1.0000     PAR:873.5596   Ratio:400.0000       (S.Area)
net46 (4)
  _66811_  (sky130_fd_sc_hd__nand2_2) B
[1]      met3:  Area:187.1830  S.Area:998.7760  G.Area:  0.9900  D.Area:  0.0000
                Fact:  1.0000     PAR:1.0089e+03   Ratio:400.0000       (S.Area)
  _66547_  (sky130_fd_sc_hd__nand2b_1) B
[1]      met3:  Area:187.1830  S.Area:998.7760  G.Area:  0.9900  D.Area:  0.0000
                Fact:  1.0000     PAR:1.0089e+03   Ratio:400.0000       (S.Area)
  _66540_  (sky130_fd_sc_hd__nand2b_1) B
[1]      met3:  Area:187.1830  S.Area:998.7760  G.Area:  0.9900  D.Area:  0.0000
                Fact:  1.0000     PAR:1.0089e+03   Ratio:400.0000       (S.Area)
net32 (4)
  output32  (sky130_fd_sc_hd__clkbuf_1) A
[1]      met1:  Area: 36.7858  S.Area:183.8515  G.Area:  0.1965  D.Area:  0.0000
                Fact:  1.0000     PAR:935.6310   Ratio:400.0000       (S.Area)
net26 (3)
  _71848_  (sky130_fd_sc_hd__mux2_1) A0
[1]      met1:  Area: 22.2824  S.Area:111.2265  G.Area:  0.1260  D.Area:  0.0000
                Fact:  1.0000     PAR:882.7500   Ratio:400.0000       (S.Area)
net186 (197)
  _63221_  (sky130_fd_sc_hd__o21ai_0) A1
[1]      met1:  Area: 12.8693  S.Area: 64.2285  G.Area:  0.1590  D.Area:  0.0000
                Fact:  1.0000     PAR:403.9528   Ratio:400.0000       (S.Area)
net179 (196)
  _66037_  (sky130_fd_sc_hd__o21ai_0) A1
[1]      met1:  Area: 16.8623  S.Area: 84.1260  G.Area:  0.1590  D.Area:  0.0000
                Fact:  1.0000     PAR:529.0943   Ratio:400.0000       (S.Area)
net172 (186)
  _69213_  (sky130_fd_sc_hd__o21ai_0) A1
[1]      met1:  Area: 14.5852  S.Area: 72.7405  G.Area:  0.1590  D.Area:  0.0000
                Fact:  1.0000     PAR:457.4874   Ratio:400.0000       (S.Area)
net160 (28)
  _86856_  (sky130_fd_sc_hd__dfrtp_4) RESET_B
[1]      met1:  Area: 30.6603  S.Area:152.6245  G.Area:  0.2520  D.Area:  0.0000
                Fact:  1.0000     PAR:605.6528   Ratio:400.0000       (S.Area)
net145 (32)
  _62660_  (sky130_fd_sc_hd__and3_1) B
[1]      met1:  Area: 16.5403  S.Area: 82.5160  G.Area:  0.1260  D.Area:  0.0000
                Fact:  1.0000     PAR:654.8889   Ratio:400.0000       (S.Area)
net143 (37)
  _55733_  (sky130_fd_sc_hd__and2_0) A
[1]      met3:  Area: 15.6490  S.Area: 83.9280  G.Area:  0.1260  D.Area:  0.0000
                Fact:  1.0000     PAR:666.0952   Ratio:400.0000       (S.Area)
net140 (69)
  _57189_  (sky130_fd_sc_hd__and2_0) A
[1]      met1:  Area: 13.6378  S.Area: 67.9630  G.Area:  0.1260  D.Area:  0.0000
                Fact:  1.0000     PAR:539.3889   Ratio:400.0000       (S.Area)
net138 (64)
  _54499_  (sky130_fd_sc_hd__and2_2) A
[1]      met1:  Area: 12.0755  S.Area: 59.9760  G.Area:  0.1260  D.Area:  0.0000
                Fact:  1.0000     PAR:476.0000   Ratio:400.0000       (S.Area)
net135 (42)
  _55464_  (sky130_fd_sc_hd__and2_4) A
[1]      met1:  Area: 35.9981  S.Area:179.6970  G.Area:  0.2475  D.Area:  0.0000
                Fact:  1.0000     PAR:726.0485   Ratio:400.0000       (S.Area)
net134 (82)
  _57475_  (sky130_fd_sc_hd__and2_0) A
[1]      met1:  Area: 14.0551  S.Area: 69.8740  G.Area:  0.1260  D.Area:  0.0000
                Fact:  1.0000     PAR:554.5556   Ratio:400.0000       (S.Area)
net133 (84)
  _55675_  (sky130_fd_sc_hd__and2_0) A
[1]      met1:  Area: 20.5364  S.Area:102.2805  G.Area:  0.1260  D.Area:  0.0000
                Fact:  1.0000     PAR:811.7500   Ratio:400.0000       (S.Area)
  _55642_  (sky130_fd_sc_hd__and2_0) A
[1]      met1:  Area: 11.5818  S.Area: 57.5785  G.Area:  0.1260  D.Area:  0.0000
                Fact:  1.0000     PAR:456.9722   Ratio:400.0000       (S.Area)
net131 (42)
  _56432_  (sky130_fd_sc_hd__and2_2) A
[1]      met1:  Area: 10.9631  S.Area: 54.5895  G.Area:  0.1260  D.Area:  0.0000
                Fact:  1.0000     PAR:433.2500   Ratio:400.0000       (S.Area)
  _55254_  (sky130_fd_sc_hd__and2_2) A
[1]      met1:  Area: 27.0188  S.Area:134.9390  G.Area:  0.1260  D.Area:  0.0000
                Fact:  1.0000     PAR:1.0709e+03   Ratio:400.0000       (S.Area)
net129 (46)
  _54987_  (sky130_fd_sc_hd__and2_0) A
[1]      met1:  Area: 15.9577  S.Area: 79.6705  G.Area:  0.1260  D.Area:  0.0000
                Fact:  1.0000     PAR:632.3056   Ratio:400.0000       (S.Area)
net127 (58)
  _54411_  (sky130_fd_sc_hd__and2_0) A
[1]      met1:  Area: 11.9356  S.Area: 59.3845  G.Area:  0.1260  D.Area:  0.0000
                Fact:  1.0000     PAR:471.3056   Ratio:400.0000       (S.Area)
net123 (48)
  _57296_  (sky130_fd_sc_hd__and2_0) A
[1]      met1:  Area: 20.3343  S.Area:101.3040  G.Area:  0.1260  D.Area:  0.0000
                Fact:  1.0000     PAR:804.0000   Ratio:400.0000       (S.Area)
net122 (49)
  _61638_  (sky130_fd_sc_hd__mux2_1) A1
[1]      met1:  Area: 24.7940  S.Area:123.7845  G.Area:  0.1260  D.Area:  0.0000
                Fact:  1.0000     PAR:982.4167   Ratio:400.0000       (S.Area)
net121 (78)
  _55687_  (sky130_fd_sc_hd__and2_0) A
[1]      met1:  Area: 17.7933  S.Area: 88.7810  G.Area:  0.1260  D.Area:  0.0000
                Fact:  1.0000     PAR:704.6111   Ratio:400.0000       (S.Area)
net118 (57)
  _55130_  (sky130_fd_sc_hd__and2_1) A
[1]      met1:  Area: 16.2925  S.Area: 81.2770  G.Area:  0.1260  D.Area:  0.0000
                Fact:  1.0000     PAR:645.0556   Ratio:400.0000       (S.Area)
net106 (52)
  _55488_  (sky130_fd_sc_hd__nand2_1) A
[1]      met1:  Area: 31.5252  S.Area:157.4335  G.Area:  0.2475  D.Area:  0.0000
                Fact:  1.0000     PAR:636.0949   Ratio:400.0000       (S.Area)
  _78983_  (sky130_fd_sc_hd__and2_0) A
[1]      met1:  Area: 15.0381  S.Area: 75.0050  G.Area:  0.1260  D.Area:  0.0000
                Fact:  1.0000     PAR:595.2778   Ratio:400.0000       (S.Area)
net105 (70)
  _78000_  (sky130_fd_sc_hd__and2_0) A
[1]      met1:  Area: 18.5971  S.Area: 92.8305  G.Area:  0.1260  D.Area:  0.0000
                Fact:  1.0000     PAR:736.7500   Ratio:400.0000       (S.Area)
net103 (68)
  _55688_  (sky130_fd_sc_hd__nand2_1) A
[1]      met1:  Area: 24.7813  S.Area:123.4310  G.Area:  0.2475  D.Area:  0.0000
                Fact:  1.0000     PAR:498.7111   Ratio:400.0000       (S.Area)
fdct_zigzag.zigzag_mod.sresult[56][7] (3)
  _60366_  (sky130_fd_sc_hd__nor2_1) A
[1]      met2:  Area: 27.5279  S.Area:137.3505  G.Area:  0.2475  D.Area:  0.0000
                Fact:  1.0000     PAR:554.9515   Ratio:400.0000       (S.Area)
fdct_zigzag.zigzag_mod.sresult[45][0] (3)
  _59865_  (sky130_fd_sc_hd__o22ai_1) A2
[1]      met1:  Area: 31.5378  S.Area:157.5035  G.Area:  0.2475  D.Area:  0.0000
                Fact:  1.0000     PAR:636.3778   Ratio:400.0000       (S.Area)
fdct_zigzag.zigzag_mod.sresult[43][5] (3)
  _59841_  (sky130_fd_sc_hd__nor2_1) A
[1]      met1:  Area: 21.1940  S.Area:105.8925  G.Area:  0.2475  D.Area:  0.0000
                Fact:  1.0000     PAR:427.8485   Ratio:400.0000       (S.Area)
fdct_zigzag.zigzag_mod.sresult[43][3] (3)
  _59834_  (sky130_fd_sc_hd__nor2_1) A
[1]      met3:  Area: 28.6210  S.Area:153.1120  G.Area:  0.2475  D.Area:  0.0000
                Fact:  1.0000     PAR:618.6343   Ratio:400.0000       (S.Area)
fdct_zigzag.zigzag_mod.sresult[32][3] (3)
  _59395_  (sky130_fd_sc_hd__nor2_1) A
[1]      met3:  Area: 42.5590  S.Area:227.4480  G.Area:  0.2475  D.Area:  0.0000
                Fact:  1.0000     PAR:918.9818   Ratio:400.0000       (S.Area)
fdct_zigzag.zigzag_mod.sresult[32][0] (3)
  _59345_  (sky130_fd_sc_hd__o22ai_1) A2
[1]      met1:  Area: 21.0292  S.Area:105.0280  G.Area:  0.2475  D.Area:  0.0000
                Fact:  1.0000     PAR:424.3556   Ratio:400.0000       (S.Area)
fdct_zigzag.zigzag_mod.sresult[21][5] (3)
  _58962_  (sky130_fd_sc_hd__nor2_1) A
[1]      met1:  Area: 28.0750  S.Area:140.2975  G.Area:  0.2475  D.Area:  0.0000
                Fact:  1.0000     PAR:566.8586   Ratio:400.0000       (S.Area)
fdct_zigzag.dct_mod.dct_block_7.dct_unit_3.dout[0] (5)
  _58627_  (sky130_fd_sc_hd__o22ai_1) B1
[1]      met1:  Area: 21.1940  S.Area:105.8925  G.Area:  0.2475  D.Area:  0.0000
                Fact:  1.0000     PAR:427.8485   Ratio:400.0000       (S.Area)
fdct_zigzag.dct_mod.dct_block_6.dct_unit_5.coef[28] (10)
  _57534_  (sky130_fd_sc_hd__and2_0) B
[1]      met1:  Area: 17.8017  S.Area: 88.8230  G.Area:  0.1260  D.Area:  0.0000
                Fact:  1.0000     PAR:704.9444   Ratio:400.0000       (S.Area)
fdct_zigzag.dct_mod.dct_block_6.dct_unit_3.dout[1] (4)
  _58710_  (sky130_fd_sc_hd__o22ai_1) B1
[1]      met1:  Area: 25.4990  S.Area:127.4175  G.Area:  0.2475  D.Area:  0.0000
                Fact:  1.0000     PAR:514.8182   Ratio:400.0000       (S.Area)
fdct_zigzag.dct_mod.dct_block_4.dct_unit_5.macu.ext_mult_res[17] (4)
  _66195_  (sky130_fd_sc_hd__a221o_1) B1
[1]      met3:  Area: 38.9710  S.Area:208.3120  G.Area:  0.4995  D.Area:  0.0000
                Fact:  1.0000     PAR:417.0410   Ratio:400.0000       (S.Area)
  _94967_  (sky130_fd_sc_hd__ha_1) B
[1]      met3:  Area: 38.9710  S.Area:208.3120  G.Area:  0.4995  D.Area:  0.0000
                Fact:  1.0000     PAR:417.0410   Ratio:400.0000       (S.Area)
fdct_zigzag.dct_mod.dct_block_4.dct_unit_5.macu.ext_mult_res[16] (5)
  _65965_  (sky130_fd_sc_hd__nor2_1) B
[1]      met1:  Area: 29.5799  S.Area:147.7140  G.Area:  0.2475  D.Area:  0.0000
                Fact:  1.0000     PAR:596.8242   Ratio:400.0000       (S.Area)
fdct_zigzag.dct_mod.dct_block_4.dct_unit_2.dout[1] (4)
  _59668_  (sky130_fd_sc_hd__o22ai_1) B1
[1]      met1:  Area: 25.2824  S.Area:126.2975  G.Area:  0.2475  D.Area:  0.0000
                Fact:  1.0000     PAR:510.2929   Ratio:400.0000       (S.Area)
fdct_zigzag.dct_mod.dct_block_3.dct_unit_5.coef[24] (10)
  _53875_  (sky130_fd_sc_hd__and2_1) B
[1]      met1:  Area: 21.8792  S.Area:109.2105  G.Area:  0.1260  D.Area:  0.0000
                Fact:  1.0000     PAR:866.7500   Ratio:400.0000       (S.Area)
fdct_zigzag.dct_mod.dct_block_3.dct_unit_3.macu.ext_mult_res[15] (4)
  _94851_  (sky130_fd_sc_hd__ha_1) B
[1]      met1:  Area: 25.4160  S.Area:126.8575  G.Area:  0.2520  D.Area:  0.0000
                Fact:  1.0000     PAR:503.4028   Ratio:400.0000       (S.Area)
fdct_zigzag.dct_mod.dct_block_3.dct_unit_3.dout[3] (4)
  _59635_  (sky130_fd_sc_hd__o22ai_1) B1
[1]      met3:  Area: 57.3250  S.Area:306.2000  G.Area:  0.2475  D.Area:  0.0000
                Fact:  1.0000     PAR:1.2372e+03   Ratio:400.0000       (S.Area)
fdct_zigzag.dct_mod.dct_block_3.dct_unit_3.dout[1] (4)
  _59629_  (sky130_fd_sc_hd__o22ai_1) B1
[1]      met1:  Area: 30.4788  S.Area:152.3165  G.Area:  0.2475  D.Area:  0.0000
                Fact:  1.0000     PAR:615.4202   Ratio:400.0000       (S.Area)
fdct_zigzag.dct_mod.dct_block_3.dct_unit_2.coef[28] (10)
  _54972_  (sky130_fd_sc_hd__and2_1) B
[1]      met1:  Area: 10.8976  S.Area: 54.3025  G.Area:  0.1260  D.Area:  0.0000
                Fact:  1.0000     PAR:430.9722   Ratio:400.0000       (S.Area)
fdct_zigzag.dct_mod.dct_block_2.dct_unit_3.coef[25] (10)
  _69380_  (sky130_fd_sc_hd__o22a_1) A2
[1]      met1:  Area: 27.3861  S.Area:136.7450  G.Area:  0.2475  D.Area:  0.0000
                Fact:  1.0000     PAR:552.5051   Ratio:400.0000       (S.Area)
fdct_zigzag.dct_mod.dct_block_2.dct_unit_3.coef[15] (11)
  _54069_  (sky130_fd_sc_hd__and2_0) B
[1]      met1:  Area: 23.4928  S.Area:117.2010  G.Area:  0.1260  D.Area:  0.0000
                Fact:  1.0000     PAR:930.1667   Ratio:400.0000       (S.Area)
fdct_zigzag.dct_mod.dct_block_2.dct_unit_0.macu.ext_mult_res[13] (4)
  _94754_  (sky130_fd_sc_hd__ha_1) B
[1]      met1:  Area: 26.0211  S.Area:129.9200  G.Area:  0.2520  D.Area:  0.0000
                Fact:  1.0000     PAR:515.5556   Ratio:400.0000       (S.Area)
fdct_zigzag.dct_mod.dct_block_1.dct_unit_7.coef[8] (10)
  _53900_  (sky130_fd_sc_hd__and2_2) B
[1]      met1:  Area: 27.8492  S.Area:139.0235  G.Area:  0.1260  D.Area:  0.0000
                Fact:  1.0000     PAR:1.1034e+03   Ratio:400.0000       (S.Area)
fdct_zigzag.dct_mod.dct_block_1.dct_unit_4.coef[7] (10)
  _55458_  (sky130_fd_sc_hd__and2_2) B
[1]      met1:  Area: 10.6188  S.Area: 52.6925  G.Area:  0.1260  D.Area:  0.0000
                Fact:  1.0000     PAR:418.1944   Ratio:400.0000       (S.Area)
fdct_zigzag.dct_mod.dct_block_1.dct_unit_2.macu.ext_mult_res[17] (4)
  _62890_  (sky130_fd_sc_hd__a221o_1) B1
[1]      met1:  Area: 34.4204  S.Area:171.9165  G.Area:  0.2475  D.Area:  0.0000
                Fact:  1.0000     PAR:694.6121   Ratio:400.0000       (S.Area)
fdct_zigzag.dct_mod.dct_block_1.dct_unit_2.dout[5] (4)
  _60321_  (sky130_fd_sc_hd__o22ai_1) B1
[1]      met1:  Area: 34.4940  S.Area:172.3925  G.Area:  0.2475  D.Area:  0.0000
                Fact:  1.0000     PAR:696.5354   Ratio:400.0000       (S.Area)
fdct_zigzag.dct_mod.dct_block_1.dct_unit_2.dout[1] (4)
  _60308_  (sky130_fd_sc_hd__o22ai_1) B1
[1]      met1:  Area: 30.6314  S.Area:153.0795  G.Area:  0.2475  D.Area:  0.0000
                Fact:  1.0000     PAR:618.5030   Ratio:400.0000       (S.Area)
fdct_zigzag.dct_mod.dct_block_1.dct_unit_2.dout[0] (5)
  _60305_  (sky130_fd_sc_hd__o22ai_1) B1
[1]      met3:  Area: 69.1930  S.Area:369.4960  G.Area:  0.2475  D.Area:  0.0000
                Fact:  1.0000     PAR:1.4929e+03   Ratio:400.0000       (S.Area)
fdct_zigzag.dct_mod.dct_block_1.dct_unit_1.coef[23] (10)
  _54664_  (sky130_fd_sc_hd__and2_0) B
[1]      met1:  Area: 10.7856  S.Area: 53.7425  G.Area:  0.1260  D.Area:  0.0000
                Fact:  1.0000     PAR:426.5278   Ratio:400.0000       (S.Area)
fdct_zigzag.dct_mod.dct_block_0.dct_unit_7.macu.ext_mult_res[18] (8)
  _63195_  (sky130_fd_sc_hd__nor2_1) B
[1]      met1:  Area: 58.7176  S.Area:293.4330  G.Area:  0.2475  D.Area:  0.0000
                Fact:  1.0000     PAR:1.1856e+03   Ratio:400.0000       (S.Area)
fdct_zigzag.dct_mod.dct_block_0.dct_unit_0.ddin[7] (54)
  _55230_  (sky130_fd_sc_hd__and2_0) A
[1]      met1:  Area: 10.1752  S.Area: 50.6905  G.Area:  0.1260  D.Area:  0.0000
                Fact:  1.0000     PAR:402.3056   Ratio:400.0000       (S.Area)
fdct_zigzag.dct_mod.dct_block_0.dct_unit_0.ddin[5] (54)
  _56613_  (sky130_fd_sc_hd__and2_1) A
[1]      met1:  Area: 24.1987  S.Area:120.7710  G.Area:  0.1260  D.Area:  0.0000
                Fact:  1.0000     PAR:958.5000   Ratio:400.0000       (S.Area)
  _55684_  (sky130_fd_sc_hd__and2_0) A
[1]      met1:  Area: 12.8604  S.Area: 64.1165  G.Area:  0.1260  D.Area:  0.0000
                Fact:  1.0000     PAR:508.8611   Ratio:400.0000       (S.Area)
clknet_opt_73_1_clk (2)
  _86706_  (sky130_fd_sc_hd__dfxtp_1) CLK
[1]      met1:  Area: 13.8244  S.Area: 69.0445  G.Area:  0.1590  D.Area:  0.0000
                Fact:  1.0000     PAR:434.2421   Ratio:400.0000       (S.Area)
_48553_ (3)
  _98062_  (sky130_fd_sc_hd__ha_1) A
[1]      met3:  Area: 30.4150  S.Area:162.6800  G.Area:  0.2520  D.Area:  0.0000
                Fact:  1.0000     PAR:645.5556   Ratio:400.0000       (S.Area)
_37058_ (2)
  _70090_  (sky130_fd_sc_hd__mux2_1) A1
[1]      met1:  Area: 16.9814  S.Area: 84.8295  G.Area:  0.1260  D.Area:  0.0000
                Fact:  1.0000     PAR:673.2500   Ratio:400.0000       (S.Area)
_34279_ (2)
  _66575_  (sky130_fd_sc_hd__mux2_1) A1
[1]      met1:  Area: 17.1704  S.Area: 85.7745  G.Area:  0.1260  D.Area:  0.0000
                Fact:  1.0000     PAR:680.7500   Ratio:400.0000       (S.Area)
_33784_ (2)
  _97788_  (sky130_fd_sc_hd__ha_1) B
[1]      met3:  Area: 22.5490  S.Area:120.7280  G.Area:  0.2520  D.Area:  0.0000
                Fact:  1.0000     PAR:479.0794   Ratio:400.0000       (S.Area)
_17654_ (3)
  _77778_  (sky130_fd_sc_hd__a21o_1) A2
[1]      met1:  Area: 19.9346  S.Area: 99.4875  G.Area:  0.2475  D.Area:  0.0000
                Fact:  1.0000     PAR:401.9697   Ratio:400.0000       (S.Area)
_17112_ (3)
  _87413_  (sky130_fd_sc_hd__fa_1) CIN
[1]      met1:  Area: 35.1216  S.Area:175.4900  G.Area:  0.3780  D.Area:  0.0000
                Fact:  1.0000     PAR:464.2593   Ratio:400.0000       (S.Area)
_13571_ (2)
  _70628_  (sky130_fd_sc_hd__a21oi_1) A2
[1]      met4:  Area:170.0508  S.Area:907.4080  G.Area:  0.2475  D.Area:  1.7210
                Fact:  1.0000     PAR:3.6663e+03   Ratio:3.2884e+03       (S.Area)
_12491_ (3)
  _68917_  (sky130_fd_sc_hd__a21oi_1) A2
[1]      met3:  Area: 41.3170  S.Area:220.8240  G.Area:  0.4950  D.Area:  0.0000
                Fact:  1.0000     PAR:446.1091   Ratio:400.0000       (S.Area)
  _68915_  (sky130_fd_sc_hd__a21oi_1) A2
[1]      met3:  Area: 41.3170  S.Area:220.8240  G.Area:  0.4950  D.Area:  0.0000
                Fact:  1.0000     PAR:446.1091   Ratio:400.0000       (S.Area)
_11671_ (6)
  _70214_  (sky130_fd_sc_hd__o32a_1) A2
[1]      met1:  Area: 52.7976  S.Area:263.6270  G.Area:  0.4950  D.Area:  0.0000
                Fact:  1.0000     PAR:532.5798   Ratio:400.0000       (S.Area)
  _70213_  (sky130_fd_sc_hd__o32a_1) A2
[1]      met1:  Area: 52.7976  S.Area:263.6270  G.Area:  0.4950  D.Area:  0.0000
                Fact:  1.0000     PAR:532.5798   Ratio:400.0000       (S.Area)
_11069_ (3)
  _66704_  (sky130_fd_sc_hd__o22a_1) B1
[1]      met3:  Area: 54.5650  S.Area:291.4800  G.Area:  0.4950  D.Area:  0.0000
                Fact:  1.0000     PAR:588.8485   Ratio:400.0000       (S.Area)
  _66699_  (sky130_fd_sc_hd__o21ai_1) A2
[1]      met3:  Area: 54.5650  S.Area:291.4800  G.Area:  0.4950  D.Area:  0.0000
                Fact:  1.0000     PAR:588.8485   Ratio:400.0000       (S.Area)
_11068_ (3)
  _66703_  (sky130_fd_sc_hd__o21ai_1) A1
[1]      met3:  Area: 92.5150  S.Area:493.8800  G.Area:  0.4950  D.Area:  0.0000
                Fact:  1.0000     PAR:997.7374   Ratio:400.0000       (S.Area)
  _66699_  (sky130_fd_sc_hd__o21ai_1) A1
[1]      met3:  Area: 92.5150  S.Area:493.8800  G.Area:  0.4950  D.Area:  0.0000
                Fact:  1.0000     PAR:997.7374   Ratio:400.0000       (S.Area)
_10853_ (2)
  _66382_  (sky130_fd_sc_hd__nor2_1) B
[1]      met1:  Area: 29.5674  S.Area:147.7595  G.Area:  0.2475  D.Area:  0.0000
                Fact:  1.0000     PAR:597.0081   Ratio:400.0000       (S.Area)
_10603_ (2)
  _66009_  (sky130_fd_sc_hd__a21oi_1) A2
[1]      met3:  Area: 19.5130  S.Area:104.5360  G.Area:  0.2475  D.Area:  0.0000
                Fact:  1.0000     PAR:422.3677   Ratio:400.0000       (S.Area)
_09932_ (3)
  _65005_  (sky130_fd_sc_hd__nor3b_1) C_N
[1]      met3:  Area: 33.4318  S.Area:179.2400  G.Area:  0.3735  D.Area:  0.0000
                Fact:  1.0000     PAR:479.8929   Ratio:400.0000       (S.Area)
  _65003_  (sky130_fd_sc_hd__nand2_1) B
[1]      met3:  Area: 33.4318  S.Area:179.2400  G.Area:  0.3735  D.Area:  0.0000
                Fact:  1.0000     PAR:479.8929   Ratio:400.0000       (S.Area)
_09149_ (2)
  _63828_  (sky130_fd_sc_hd__a21oi_1) A2
[1]      met4:  Area:173.5188  S.Area:925.9040  G.Area:  0.2475  D.Area:  1.7210
                Fact:  1.0000     PAR:3.7410e+03   Ratio:3.2884e+03       (S.Area)
_09122_ (13)
  _70065_  (sky130_fd_sc_hd__a22o_1) B2
[1]      met1:  Area: 24.2376  S.Area:121.1105  G.Area:  0.2475  D.Area:  0.0000
                Fact:  1.0000     PAR:489.3354   Ratio:400.0000       (S.Area)
  _66708_  (sky130_fd_sc_hd__a21o_1) B1
[1]      met3:  Area: 52.7710  S.Area:281.9120  G.Area:  0.2475  D.Area:  0.0000
                Fact:  1.0000     PAR:1.1390e+03   Ratio:400.0000       (S.Area)
  _63783_  (sky130_fd_sc_hd__a22o_1) B2
[1]      met1:  Area: 26.7061  S.Area:133.3080  G.Area:  0.2475  D.Area:  0.0000
                Fact:  1.0000     PAR:538.6182   Ratio:400.0000       (S.Area)
_09115_ (6)
  _69377_  (sky130_fd_sc_hd__o22a_1) B1
[1]      met1:  Area: 21.8869  S.Area:109.2490  G.Area:  0.2475  D.Area:  0.0000
                Fact:  1.0000     PAR:441.4101   Ratio:400.0000       (S.Area)
_08891_ (3)
  _68758_  (sky130_fd_sc_hd__a31oi_1) A2
[1]      met2:  Area: 43.9863  S.Area:219.6425  G.Area:  0.3735  D.Area:  0.0000
                Fact:  1.0000     PAR:588.0656   Ratio:400.0000       (S.Area)
  _63444_  (sky130_fd_sc_hd__and2_2) B
[1]      met2:  Area: 43.9863  S.Area:219.6425  G.Area:  0.3735  D.Area:  0.0000
                Fact:  1.0000     PAR:588.0656   Ratio:400.0000       (S.Area)
_08863_ (4)
  _66947_  (sky130_fd_sc_hd__o21ai_0) A2
[1]      met2:  Area: 16.8655  S.Area: 84.0385  G.Area:  0.1590  D.Area:  0.0000
                Fact:  1.0000     PAR:528.5440   Ratio:400.0000       (S.Area)
_07998_ (4)
  _67291_  (sky130_fd_sc_hd__and2_0) B
[1]      met3:  Area:143.2798  S.Area:765.0960  G.Area:  1.6110  D.Area:  0.0000
                Fact:  1.0000     PAR:474.9199   Ratio:400.0000       (S.Area)
  _62222_  (sky130_fd_sc_hd__nand2_2) B
[1]      met3:  Area:143.2798  S.Area:765.0960  G.Area:  1.6110  D.Area:  0.0000
                Fact:  1.0000     PAR:474.9199   Ratio:400.0000       (S.Area)
  _62190_  (sky130_fd_sc_hd__nand2_4) B
[1]      met3:  Area:143.2798  S.Area:765.0960  G.Area:  1.6110  D.Area:  0.0000
                Fact:  1.0000     PAR:474.9199   Ratio:400.0000       (S.Area)
_07660_ (3)
  _61740_  (sky130_fd_sc_hd__o32a_1) A1
[1]      met3:  Area: 62.7070  S.Area:334.9040  G.Area:  0.4950  D.Area:  0.0000
                Fact:  1.0000     PAR:676.5737   Ratio:400.0000       (S.Area)
  _61728_  (sky130_fd_sc_hd__o32a_1) A1
[1]      met3:  Area: 62.7070  S.Area:334.9040  G.Area:  0.4950  D.Area:  0.0000
                Fact:  1.0000     PAR:676.5737   Ratio:400.0000       (S.Area)
_07446_ (5)
  _61742_  (sky130_fd_sc_hd__a41oi_1) A2
[1]      met3:  Area: 89.8930  S.Area:479.8960  G.Area:  0.9900  D.Area:  0.0000
                Fact:  1.0000     PAR:484.7434   Ratio:400.0000       (S.Area)
  _61731_  (sky130_fd_sc_hd__a41oi_1) A2
[1]      met3:  Area: 89.8930  S.Area:479.8960  G.Area:  0.9900  D.Area:  0.0000
                Fact:  1.0000     PAR:484.7434   Ratio:400.0000       (S.Area)
  _61717_  (sky130_fd_sc_hd__nand2_1) A
[1]      met3:  Area: 89.8930  S.Area:479.8960  G.Area:  0.9900  D.Area:  0.0000
                Fact:  1.0000     PAR:484.7434   Ratio:400.0000       (S.Area)
  _61426_  (sky130_fd_sc_hd__a41oi_1) A2
[1]      met3:  Area: 89.8930  S.Area:479.8960  G.Area:  0.9900  D.Area:  0.0000
                Fact:  1.0000     PAR:484.7434   Ratio:400.0000       (S.Area)
_06817_ (2)
  _60553_  (sky130_fd_sc_hd__nor2_1) A
[1]      met1:  Area: 20.6690  S.Area:103.2675  G.Area:  0.2475  D.Area:  0.0000
                Fact:  1.0000     PAR:417.2424   Ratio:400.0000       (S.Area)
_06681_ (2)
  _60359_  (sky130_fd_sc_hd__nor2_1) A
[1]      met3:  Area: 41.8690  S.Area:223.7680  G.Area:  0.2475  D.Area:  0.0000
                Fact:  1.0000     PAR:904.1131   Ratio:400.0000       (S.Area)
_06447_ (2)
  _60023_  (sky130_fd_sc_hd__nor2_1) A
[1]      met1:  Area: 33.6320  S.Area:168.0455  G.Area:  0.2475  D.Area:  0.0000
                Fact:  1.0000     PAR:678.9717   Ratio:400.0000       (S.Area)
_06443_ (2)
  _60020_  (sky130_fd_sc_hd__nor2_1) A
[1]      met1:  Area: 27.2966  S.Area:136.4055  G.Area:  0.2475  D.Area:  0.0000
                Fact:  1.0000     PAR:551.1333   Ratio:400.0000       (S.Area)
_06439_ (2)
  _60012_  (sky130_fd_sc_hd__nor2_1) A
[1]      met1:  Area: 27.3498  S.Area:136.6715  G.Area:  0.2475  D.Area:  0.0000
                Fact:  1.0000     PAR:552.2081   Ratio:400.0000       (S.Area)
_06435_ (2)
  _60006_  (sky130_fd_sc_hd__nor2_1) A
[1]      met1:  Area: 33.5910  S.Area:167.8775  G.Area:  0.2475  D.Area:  0.0000
                Fact:  1.0000     PAR:678.2929   Ratio:400.0000       (S.Area)
_06337_ (2)
  _59866_  (sky130_fd_sc_hd__nor2_1) A
[1]      met2:  Area: 31.3403  S.Area:156.5305  G.Area:  0.2475  D.Area:  0.0000
                Fact:  1.0000     PAR:632.4465   Ratio:400.0000       (S.Area)
_06071_ (2)
  _59487_  (sky130_fd_sc_hd__nor2_1) A
[1]      met2:  Area: 47.0819  S.Area:235.2385  G.Area:  0.2475  D.Area:  0.0000
                Fact:  1.0000     PAR:950.4586   Ratio:400.0000       (S.Area)
[1]      met3:  Area:110.3170  S.Area:588.8240  G.Area:  0.2475  D.Area:  0.0000
                Fact:  1.0000     PAR:2.3791e+03   Ratio:400.0000       (S.Area)
_06069_ (2)
  _59483_  (sky130_fd_sc_hd__nor2_1) A
[1]      met3:  Area:108.1090  S.Area:577.0480  G.Area:  0.2475  D.Area:  0.0000
                Fact:  1.0000     PAR:2.3315e+03   Ratio:400.0000       (S.Area)
_06067_ (2)
  _59480_  (sky130_fd_sc_hd__nor2_1) A
[1]      met2:  Area: 29.2487  S.Area:146.0725  G.Area:  0.2475  D.Area:  0.0000
                Fact:  1.0000     PAR:590.1919   Ratio:400.0000       (S.Area)
[1]      met3:  Area:130.3270  S.Area:695.5440  G.Area:  0.2475  D.Area:  0.0000
                Fact:  1.0000     PAR:2.8103e+03   Ratio:400.0000       (S.Area)
_06065_ (2)
  _59477_  (sky130_fd_sc_hd__nor2_1) A
[1]      met3:  Area:135.2950  S.Area:722.0400  G.Area:  0.2475  D.Area:  0.0000
                Fact:  1.0000     PAR:2.9173e+03   Ratio:400.0000       (S.Area)
_06060_ (2)
  _59470_  (sky130_fd_sc_hd__nor2_1) A
[1]      met3:  Area:156.2710  S.Area:833.9120  G.Area:  0.2475  D.Area:  0.0000
                Fact:  1.0000     PAR:3.3693e+03   Ratio:400.0000       (S.Area)
_05918_ (2)
  _59267_  (sky130_fd_sc_hd__nor2_1) A
[1]      met1:  Area: 61.3642  S.Area:306.7435  G.Area:  0.2475  D.Area:  0.0000
                Fact:  1.0000     PAR:1.2394e+03   Ratio:400.0000       (S.Area)
_05880_ (2)
  _59213_  (sky130_fd_sc_hd__nor2_1) A
[1]      met1:  Area: 43.3546  S.Area:216.6955  G.Area:  0.2475  D.Area:  0.0000
                Fact:  1.0000     PAR:875.5374   Ratio:400.0000       (S.Area)
_05869_ (2)
  _59197_  (sky130_fd_sc_hd__nor2_1) A
[1]      met1:  Area: 45.1046  S.Area:225.4455  G.Area:  0.2475  D.Area:  0.0000
                Fact:  1.0000     PAR:910.8909   Ratio:400.0000       (S.Area)
_05866_ (2)
  _59194_  (sky130_fd_sc_hd__nor2_1) A
[1]      met1:  Area: 46.1042  S.Area:230.4435  G.Area:  0.2475  D.Area:  0.0000
                Fact:  1.0000     PAR:931.0848   Ratio:400.0000       (S.Area)
_05861_ (2)
  _59187_  (sky130_fd_sc_hd__nor2_1) A
[1]      met1:  Area: 35.3624  S.Area:176.6975  G.Area:  0.2475  D.Area:  0.0000
                Fact:  1.0000     PAR:713.9293   Ratio:400.0000       (S.Area)
_05661_ (2)
  _58900_  (sky130_fd_sc_hd__nor2_1) A
[1]      met1:  Area: 21.1622  S.Area:105.6965  G.Area:  0.2475  D.Area:  0.0000
                Fact:  1.0000     PAR:427.0566   Ratio:400.0000       (S.Area)
_05651_ (2)
  _58887_  (sky130_fd_sc_hd__nor2_1) A
[1]      met1:  Area: 29.6164  S.Area:148.0045  G.Area:  0.2475  D.Area:  0.0000
                Fact:  1.0000     PAR:597.9980   Ratio:400.0000       (S.Area)
_05645_ (2)
  _58877_  (sky130_fd_sc_hd__nor2_1) A
[1]      met1:  Area: 29.0858  S.Area:145.3515  G.Area:  0.2475  D.Area:  0.0000
                Fact:  1.0000     PAR:587.2788   Ratio:400.0000       (S.Area)

Total number of process antenna violations: 135
   Number of pins violated: 133
   Number of nets violated: 108
