###############################################################
#  Generated by:      Cadence Innovus 21.11-s130_1
#  OS:                Linux x86_64(Host ID redondo-asia-tpe-desktop-pawanekar-0)
#  Generated on:      Fri Nov  3 03:07:42 2023
#  Design:            jpeg_encoder
#  Command:           verifyConnectivity -type all -connLoop -append -dividePowerNet -rawViolsMark -useNewOpenVio -removeOldOpenVio -useVirtualConnection -error 1000000 -warning 50000
###############################################################
Verify Connectivity Report is created on Fri Nov  3 03:07:42 2023



Net net159: loop at (677.280, 284.750) (677.420, 285.160)
Net fdct_zigzag.dct_mod.dct_block_7.dct_unit_0.macu.ext_mult_res[6]: loop at (912.340, 118.080) (912.480, 118.900)
Net fdct_zigzag.dct_mod.dct_block_6.dct_unit_4.macu.ext_mult_res[18]: loop at (587.120, 836.570) (587.260, 836.980)
Net fdct_zigzag.dct_mod.dct_block_6.dct_unit_3.macu.ext_mult_res[4]: loop at (771.580, 1198.330) (771.720, 1199.080)
Net fdct_zigzag.dct_mod.dct_block_6.dct_unit_0.macu.ext_mult_res[2]: loop at (462.000, 88.840) (462.140, 89.320)
Net fdct_zigzag.dct_mod.dct_block_5.dct_unit_4.dout[2]: loop at (416.460, 808.280) (421.660, 808.420)
Net fdct_zigzag.dct_mod.dct_block_5.dct_unit_0.macu.ext_mult_res[2]: loop at (710.400, 94.010) (710.540, 94.760)
Net fdct_zigzag.dct_mod.dct_block_4.dct_unit_7.macu.result[6]: loop at (243.960, 559.740) (248.240, 559.880)
Net fdct_zigzag.dct_mod.dct_block_4.dct_unit_2.macu.ext_mult_res[18]: loop at (635.880, 472.020) (636.020, 472.840)
Net fdct_zigzag.dct_mod.dct_block_3.dct_unit_4.macu.ext_mult_res[12]: loop at (293.640, 740.280) (293.780, 741.030)
Net fdct_zigzag.dct_mod.dct_block_1.dct_unit_1.macu.ext_mult_res[6]: loop at (1222.380, 699.480) (1227.580, 699.620)
Net _41715_: loop at (498.340, 1194.520) (503.540, 1194.660)
Net _40520_: loop at (110.330, 1086.740) (110.470, 1087.560)
Net _40110_: loop at (535.600, 419.320) (535.740, 420.070)
Net _39750_: loop at (605.980, 658.750) (606.120, 659.500)
Net _39321_: loop at (1029.180, 732.120) (1034.380, 732.260)
Net _39226_: loop at (1037.920, 730.490) (1038.060, 731.240)
Net _38501_: loop at (439.000, 695.060) (439.140, 697.240)
Net _38413_: loop at (440.840, 703.220) (440.980, 705.060)
Net _36030_: loop at (487.760, 664.120) (487.900, 664.870)
Net _34705_: loop at (672.220, 1143.930) (672.360, 1144.680)
Net _30499_: loop at (583.440, 178.330) (583.580, 179.080)
Net _29286_: loop at (985.480, 288.760) (989.760, 288.900)
Net _29285_: loop at (985.020, 290.460) (990.220, 290.600)
Net _25477_: loop at (1222.380, 879.000) (1227.580, 879.140)
Net _25077_: loop at (887.960, 199.680) (888.100, 199.825)
Net _25007_: loop at (823.560, 248.980) (823.700, 249.460)
Net _24711_: loop at (1051.260, 862.680) (1056.460, 862.820)
Net _24504_: loop at (1052.180, 851.800) (1057.380, 851.940)
Net _23701_: loop at (413.240, 969.850) (413.380, 970.600)
Net _23569_: loop at (353.050, 1012.620) (355.420, 1012.760)
Net _23185_: loop at (1194.780, 340.440) (1199.980, 340.580)
Net _22934_: loop at (1096.800, 462.840) (1096.940, 463.660)
Net _21911_: loop at (903.140, 774.620) (908.340, 774.760)
Net _20695_: loop at (1022.280, 1091.160) (1022.420, 1091.980)
Net _19626_: loop at (1167.180, 521.660) (1172.380, 521.800)
Net _18903_: loop at (1001.120, 677.720) (1006.320, 677.860)
Net VSS: dangling Wire at (762.220, 1496.240) (762.220, 1496.240) on layer: met4
Net VSS: dangling Wire at (789.360, 1496.240) (789.360, 1496.240) on layer: met4
Net VSS: dangling Wire at (843.640, 1496.240) (843.640, 1496.240) on layer: met4
Net VSS: dangling Wire at (870.780, 1496.240) (870.780, 1496.240) on layer: met4
Net VSS: dangling Wire at (897.920, 1496.240) (897.920, 1496.240) on layer: met4
Net VSS: dangling Wire at (925.060, 1496.240) (925.060, 1496.240) on layer: met4
Net VSS: dangling Wire at (952.200, 1496.240) (952.200, 1496.240) on layer: met4
Net VSS: dangling Wire at (979.340, 1496.240) (979.340, 1496.240) on layer: met4
Net VSS: dangling Wire at (1006.480, 1496.240) (1006.480, 1496.240) on layer: met4
Net VSS: dangling Wire at (1033.620, 1496.240) (1033.620, 1496.240) on layer: met4
Net VSS: dangling Wire at (1060.760, 1496.240) (1060.760, 1496.240) on layer: met4
Net VSS: dangling Wire at (1087.900, 1496.240) (1087.900, 1496.240) on layer: met4
Net VSS: dangling Wire at (1115.040, 1496.240) (1115.040, 1496.240) on layer: met4
Net VSS: dangling Wire at (1142.180, 1496.240) (1142.180, 1496.240) on layer: met4
Net VSS: dangling Wire at (1169.320, 1496.240) (1169.320, 1496.240) on layer: met4
Net VSS: dangling Wire at (1196.460, 1496.240) (1196.460, 1496.240) on layer: met4
Net VSS: dangling Wire at (1223.600, 1496.240) (1223.600, 1496.240) on layer: met4
Net VSS: dangling Wire at (1250.740, 1496.240) (1250.740, 1496.240) on layer: met4
Net VSS: dangling Wire at (1277.880, 1496.240) (1277.880, 1496.240) on layer: met4
Net VSS: dangling Wire at (1305.020, 1496.240) (1305.020, 1496.240) on layer: met4
Net VSS: dangling Wire at (1332.160, 1496.240) (1332.160, 1496.240) on layer: met4
Net VSS: dangling Wire at (1359.300, 1496.240) (1359.300, 1496.240) on layer: met4
Net VSS: dangling Wire at (1386.440, 1496.240) (1386.440, 1496.240) on layer: met4
Net VSS: dangling Wire at (1413.580, 1496.240) (1413.580, 1496.240) on layer: met4
Net VSS: dangling Wire at (1440.720, 1496.240) (1440.720, 1496.240) on layer: met4
Net VSS: dangling Wire at (1467.860, 1496.240) (1467.860, 1496.240) on layer: met4
Net VSS: dangling Wire at (1495.000, 1496.240) (1495.000, 1496.240) on layer: met4
Net VSS: dangling Wire at (816.500, 1496.240) (816.500, 1496.240) on layer: met4
Net VSS: dangling Wire at (2.300, 1308.080) (2.300, 1308.080) on layer: met5
Net VSS: dangling Wire at (1497.300, 1308.080) (1497.300, 1308.080) on layer: met5
Net VSS: dangling Wire at (2.300, 1280.880) (2.300, 1280.880) on layer: met5
Net VSS: dangling Wire at (1497.300, 1280.880) (1497.300, 1280.880) on layer: met5
Net VSS: dangling Wire at (2.300, 1253.680) (2.300, 1253.680) on layer: met5
Net VSS: dangling Wire at (1497.300, 1253.680) (1497.300, 1253.680) on layer: met5
Net VSS: dangling Wire at (2.300, 1226.480) (2.300, 1226.480) on layer: met5
Net VSS: dangling Wire at (1497.300, 1226.480) (1497.300, 1226.480) on layer: met5
Net VSS: dangling Wire at (2.300, 1172.080) (2.300, 1172.080) on layer: met5
Net VSS: dangling Wire at (1497.300, 1172.080) (1497.300, 1172.080) on layer: met5
Net VSS: dangling Wire at (2.300, 1199.280) (2.300, 1199.280) on layer: met5
Net VSS: dangling Wire at (1497.300, 1199.280) (1497.300, 1199.280) on layer: met5
Net VSS: dangling Wire at (2.300, 1144.880) (2.300, 1144.880) on layer: met5
Net VSS: dangling Wire at (1497.300, 1144.880) (1497.300, 1144.880) on layer: met5
Net VSS: dangling Wire at (2.300, 1389.680) (2.300, 1389.680) on layer: met5
Net VSS: dangling Wire at (1497.300, 1389.680) (1497.300, 1389.680) on layer: met5
Net VSS: dangling Wire at (2.300, 1362.480) (2.300, 1362.480) on layer: met5
Net VSS: dangling Wire at (1497.300, 1362.480) (1497.300, 1362.480) on layer: met5
Net VSS: dangling Wire at (2.300, 1117.680) (2.300, 1117.680) on layer: met5
Net VSS: dangling Wire at (1497.300, 1117.680) (1497.300, 1117.680) on layer: met5
Net VSS: dangling Wire at (2.300, 1335.280) (2.300, 1335.280) on layer: met5
Net VSS: dangling Wire at (1497.300, 1335.280) (1497.300, 1335.280) on layer: met5
Net VSS: dangling Wire at (2.300, 1444.080) (2.300, 1444.080) on layer: met5
Net VSS: dangling Wire at (1497.300, 1444.080) (1497.300, 1444.080) on layer: met5
Net VSS: dangling Wire at (2.300, 1416.880) (2.300, 1416.880) on layer: met5
Net VSS: dangling Wire at (1497.300, 1416.880) (1497.300, 1416.880) on layer: met5
Net VSS: dangling Wire at (2.300, 1471.280) (2.300, 1471.280) on layer: met5
Net VSS: dangling Wire at (1497.300, 1471.280) (1497.300, 1471.280) on layer: met5
Net VSS: dangling Wire at (2.300, 764.080) (2.300, 764.080) on layer: met5
Net VSS: dangling Wire at (1497.300, 764.080) (1497.300, 764.080) on layer: met5
Net VSS: dangling Wire at (2.300, 791.280) (2.300, 791.280) on layer: met5
Net VSS: dangling Wire at (1497.300, 791.280) (1497.300, 791.280) on layer: met5
Net VSS: dangling Wire at (2.300, 818.480) (2.300, 818.480) on layer: met5
Net VSS: dangling Wire at (1497.300, 818.480) (1497.300, 818.480) on layer: met5
Net VSS: dangling Wire at (2.300, 845.680) (2.300, 845.680) on layer: met5
Net VSS: dangling Wire at (1497.300, 845.680) (1497.300, 845.680) on layer: met5
Net VSS: dangling Wire at (2.300, 872.880) (2.300, 872.880) on layer: met5
Net VSS: dangling Wire at (1497.300, 872.880) (1497.300, 872.880) on layer: met5
Net VSS: dangling Wire at (2.300, 900.080) (2.300, 900.080) on layer: met5
Net VSS: dangling Wire at (1497.300, 900.080) (1497.300, 900.080) on layer: met5
Net VSS: dangling Wire at (2.300, 927.280) (2.300, 927.280) on layer: met5
Net VSS: dangling Wire at (1497.300, 927.280) (1497.300, 927.280) on layer: met5
Net VSS: dangling Wire at (2.300, 954.480) (2.300, 954.480) on layer: met5
Net VSS: dangling Wire at (1497.300, 954.480) (1497.300, 954.480) on layer: met5
Net VSS: dangling Wire at (2.300, 981.680) (2.300, 981.680) on layer: met5
Net VSS: dangling Wire at (1497.300, 981.680) (1497.300, 981.680) on layer: met5
Net VSS: dangling Wire at (2.300, 1008.880) (2.300, 1008.880) on layer: met5
Net VSS: dangling Wire at (1497.300, 1008.880) (1497.300, 1008.880) on layer: met5
Net VSS: dangling Wire at (2.300, 1036.080) (2.300, 1036.080) on layer: met5
Net VSS: dangling Wire at (1497.300, 1036.080) (1497.300, 1036.080) on layer: met5
Net VSS: dangling Wire at (2.300, 1063.280) (2.300, 1063.280) on layer: met5
Net VSS: dangling Wire at (1497.300, 1063.280) (1497.300, 1063.280) on layer: met5
Net VSS: dangling Wire at (2.300, 1090.480) (2.300, 1090.480) on layer: met5
Net VSS: dangling Wire at (1497.300, 1090.480) (1497.300, 1090.480) on layer: met5
Net VSS: dangling Wire at (29.440, 1496.240) (29.440, 1496.240) on layer: met4
Net VSS: dangling Wire at (56.580, 1496.240) (56.580, 1496.240) on layer: met4
Net VSS: dangling Wire at (83.720, 1496.240) (83.720, 1496.240) on layer: met4
Net VSS: dangling Wire at (2.300, 328.880) (2.300, 328.880) on layer: met5
Net VSS: dangling Wire at (1497.300, 328.880) (1497.300, 328.880) on layer: met5
Net VSS: dangling Wire at (138.000, 1496.240) (138.000, 1496.240) on layer: met4
Net VSS: dangling Wire at (2.300, 356.080) (2.300, 356.080) on layer: met5
Net VSS: dangling Wire at (1497.300, 356.080) (1497.300, 356.080) on layer: met5
Net VSS: dangling Wire at (165.140, 1496.240) (165.140, 1496.240) on layer: met4
Net VSS: dangling Wire at (192.280, 1496.240) (192.280, 1496.240) on layer: met4
Net VSS: dangling Wire at (219.420, 1496.240) (219.420, 1496.240) on layer: met4
Net VSS: dangling Wire at (246.560, 1496.240) (246.560, 1496.240) on layer: met4
Net VSS: dangling Wire at (273.700, 1496.240) (273.700, 1496.240) on layer: met4
Net VSS: dangling Wire at (300.840, 1496.240) (300.840, 1496.240) on layer: met4
Net VSS: dangling Wire at (327.980, 1496.240) (327.980, 1496.240) on layer: met4
Net VSS: dangling Wire at (355.120, 1496.240) (355.120, 1496.240) on layer: met4
Net VSS: dangling Wire at (2.300, 301.680) (2.300, 301.680) on layer: met5
Net VSS: dangling Wire at (1497.300, 301.680) (1497.300, 301.680) on layer: met5
Net VSS: dangling Wire at (382.260, 1496.240) (382.260, 1496.240) on layer: met4
Net VSS: dangling Wire at (409.400, 1496.240) (409.400, 1496.240) on layer: met4
Net VSS: dangling Wire at (436.540, 1496.240) (436.540, 1496.240) on layer: met4
Net VSS: dangling Wire at (463.680, 1496.240) (463.680, 1496.240) on layer: met4
Net VSS: dangling Wire at (490.820, 1496.240) (490.820, 1496.240) on layer: met4
Net VSS: dangling Wire at (517.960, 1496.240) (517.960, 1496.240) on layer: met4
Net VSS: dangling Wire at (545.100, 1496.240) (545.100, 1496.240) on layer: met4
Net VSS: dangling Wire at (572.240, 1496.240) (572.240, 1496.240) on layer: met4
Net VSS: dangling Wire at (599.380, 1496.240) (599.380, 1496.240) on layer: met4
Net VSS: dangling Wire at (626.520, 1496.240) (626.520, 1496.240) on layer: met4
Net VSS: dangling Wire at (2.300, 274.480) (2.300, 274.480) on layer: met5
Net VSS: dangling Wire at (1497.300, 274.480) (1497.300, 274.480) on layer: met5
Net VSS: dangling Wire at (653.660, 1496.240) (653.660, 1496.240) on layer: met4
Net VSS: dangling Wire at (680.800, 1496.240) (680.800, 1496.240) on layer: met4
Net VSS: dangling Wire at (707.940, 1496.240) (707.940, 1496.240) on layer: met4
Net VSS: dangling Wire at (2.300, 247.280) (2.300, 247.280) on layer: met5
Net VSS: dangling Wire at (1497.300, 247.280) (1497.300, 247.280) on layer: met5
Net VSS: dangling Wire at (735.080, 1496.240) (735.080, 1496.240) on layer: met4
Net VSS: dangling Wire at (2.300, 220.080) (2.300, 220.080) on layer: met5
Net VSS: dangling Wire at (1497.300, 220.080) (1497.300, 220.080) on layer: met5
Net VSS: dangling Wire at (2.300, 192.880) (2.300, 192.880) on layer: met5
Net VSS: dangling Wire at (1497.300, 192.880) (1497.300, 192.880) on layer: met5
Net VSS: dangling Wire at (2.300, 138.480) (2.300, 138.480) on layer: met5
Net VSS: dangling Wire at (1497.300, 138.480) (1497.300, 138.480) on layer: met5
Net VSS: dangling Wire at (2.300, 165.680) (2.300, 165.680) on layer: met5
Net VSS: dangling Wire at (1497.300, 165.680) (1497.300, 165.680) on layer: met5
Net VSS: dangling Wire at (2.300, 111.280) (2.300, 111.280) on layer: met5
Net VSS: dangling Wire at (1497.300, 111.280) (1497.300, 111.280) on layer: met5
Net VSS: dangling Wire at (2.300, 84.080) (2.300, 84.080) on layer: met5
Net VSS: dangling Wire at (1497.300, 84.080) (1497.300, 84.080) on layer: met5
Net VSS: dangling Wire at (2.300, 56.880) (2.300, 56.880) on layer: met5
Net VSS: dangling Wire at (1497.300, 56.880) (1497.300, 56.880) on layer: met5
Net VSS: dangling Wire at (2.300, 29.680) (2.300, 29.680) on layer: met5
Net VSS: dangling Wire at (1497.300, 29.680) (1497.300, 29.680) on layer: met5
Net VSS: dangling Wire at (2.300, 519.280) (2.300, 519.280) on layer: met5
Net VSS: dangling Wire at (1497.300, 519.280) (1497.300, 519.280) on layer: met5
Net VSS: dangling Wire at (2.300, 546.480) (2.300, 546.480) on layer: met5
Net VSS: dangling Wire at (1497.300, 546.480) (1497.300, 546.480) on layer: met5
Net VSS: dangling Wire at (2.300, 492.080) (2.300, 492.080) on layer: met5
Net VSS: dangling Wire at (1497.300, 492.080) (1497.300, 492.080) on layer: met5
Net VSS: dangling Wire at (2.300, 464.880) (2.300, 464.880) on layer: met5
Net VSS: dangling Wire at (1497.300, 464.880) (1497.300, 464.880) on layer: met5
Net VSS: dangling Wire at (2.300, 437.680) (2.300, 437.680) on layer: met5
Net VSS: dangling Wire at (1497.300, 437.680) (1497.300, 437.680) on layer: met5
Net VSS: dangling Wire at (2.300, 410.480) (2.300, 410.480) on layer: met5
Net VSS: dangling Wire at (1497.300, 410.480) (1497.300, 410.480) on layer: met5
Net VSS: dangling Wire at (2.300, 383.280) (2.300, 383.280) on layer: met5
Net VSS: dangling Wire at (1497.300, 383.280) (1497.300, 383.280) on layer: met5
Net VSS: dangling Wire at (2.300, 655.280) (2.300, 655.280) on layer: met5
Net VSS: dangling Wire at (1497.300, 655.280) (1497.300, 655.280) on layer: met5
Net VSS: dangling Wire at (2.300, 628.080) (2.300, 628.080) on layer: met5
Net VSS: dangling Wire at (1497.300, 628.080) (1497.300, 628.080) on layer: met5
Net VSS: dangling Wire at (2.300, 600.880) (2.300, 600.880) on layer: met5
Net VSS: dangling Wire at (1497.300, 600.880) (1497.300, 600.880) on layer: met5
Net VSS: dangling Wire at (2.300, 573.680) (2.300, 573.680) on layer: met5
Net VSS: dangling Wire at (1497.300, 573.680) (1497.300, 573.680) on layer: met5
Net VSS: dangling Wire at (2.300, 709.680) (2.300, 709.680) on layer: met5
Net VSS: dangling Wire at (1497.300, 709.680) (1497.300, 709.680) on layer: met5
Net VSS: dangling Wire at (2.300, 682.480) (2.300, 682.480) on layer: met5
Net VSS: dangling Wire at (1497.300, 682.480) (1497.300, 682.480) on layer: met5
Net VSS: dangling Wire at (2.300, 736.880) (2.300, 736.880) on layer: met5
Net VSS: dangling Wire at (1497.300, 736.880) (1497.300, 736.880) on layer: met5
Net VSS: dangling Wire at (110.860, 1496.240) (110.860, 1496.240) on layer: met4
Net VDD: dangling Wire at (2.300, 1076.880) (2.300, 1076.880) on layer: met5
Net VDD: dangling Wire at (1497.300, 1076.880) (1497.300, 1076.880) on layer: met5
Net VDD: dangling Wire at (2.300, 1104.080) (2.300, 1104.080) on layer: met5
Net VDD: dangling Wire at (1497.300, 1104.080) (1497.300, 1104.080) on layer: met5
Net VDD: dangling Wire at (2.300, 1049.680) (2.300, 1049.680) on layer: met5
Net VDD: dangling Wire at (1497.300, 1049.680) (1497.300, 1049.680) on layer: met5
Net VDD: dangling Wire at (2.300, 1022.480) (2.300, 1022.480) on layer: met5
Net VDD: dangling Wire at (1497.300, 1022.480) (1497.300, 1022.480) on layer: met5
Net VDD: dangling Wire at (2.300, 995.280) (2.300, 995.280) on layer: met5
Net VDD: dangling Wire at (1497.300, 995.280) (1497.300, 995.280) on layer: met5
Net VDD: dangling Wire at (2.300, 968.080) (2.300, 968.080) on layer: met5
Net VDD: dangling Wire at (1497.300, 968.080) (1497.300, 968.080) on layer: met5
Net VDD: dangling Wire at (2.300, 940.880) (2.300, 940.880) on layer: met5
Net VDD: dangling Wire at (1497.300, 940.880) (1497.300, 940.880) on layer: met5
Net VDD: dangling Wire at (2.300, 1212.880) (2.300, 1212.880) on layer: met5
Net VDD: dangling Wire at (1497.300, 1212.880) (1497.300, 1212.880) on layer: met5
Net VDD: dangling Wire at (2.300, 1267.280) (2.300, 1267.280) on layer: met5
Net VDD: dangling Wire at (1497.300, 1267.280) (1497.300, 1267.280) on layer: met5
Net VDD: dangling Wire at (2.300, 1294.480) (2.300, 1294.480) on layer: met5
Net VDD: dangling Wire at (1497.300, 1294.480) (1497.300, 1294.480) on layer: met5
Net VDD: dangling Wire at (2.300, 1240.080) (2.300, 1240.080) on layer: met5
Net VDD: dangling Wire at (1497.300, 1240.080) (1497.300, 1240.080) on layer: met5
Net VDD: dangling Wire at (2.300, 1185.680) (2.300, 1185.680) on layer: met5
Net VDD: dangling Wire at (1497.300, 1185.680) (1497.300, 1185.680) on layer: met5
Net VDD: dangling Wire at (2.300, 1158.480) (2.300, 1158.480) on layer: met5
Net VDD: dangling Wire at (1497.300, 1158.480) (1497.300, 1158.480) on layer: met5
Net VDD: dangling Wire at (2.300, 1131.280) (2.300, 1131.280) on layer: met5
Net VDD: dangling Wire at (1497.300, 1131.280) (1497.300, 1131.280) on layer: met5
Net VDD: dangling Wire at (2.300, 1403.280) (2.300, 1403.280) on layer: met5
Net VDD: dangling Wire at (1497.300, 1403.280) (1497.300, 1403.280) on layer: met5
Net VDD: dangling Wire at (2.300, 1376.080) (2.300, 1376.080) on layer: met5
Net VDD: dangling Wire at (1497.300, 1376.080) (1497.300, 1376.080) on layer: met5
Net VDD: dangling Wire at (2.300, 1348.880) (2.300, 1348.880) on layer: met5
Net VDD: dangling Wire at (1497.300, 1348.880) (1497.300, 1348.880) on layer: met5
Net VDD: dangling Wire at (2.300, 1321.680) (2.300, 1321.680) on layer: met5
Net VDD: dangling Wire at (1497.300, 1321.680) (1497.300, 1321.680) on layer: met5
Net VDD: dangling Wire at (2.300, 1457.680) (2.300, 1457.680) on layer: met5
Net VDD: dangling Wire at (1497.300, 1457.680) (1497.300, 1457.680) on layer: met5
Net VDD: dangling Wire at (2.300, 1430.480) (2.300, 1430.480) on layer: met5
Net VDD: dangling Wire at (1497.300, 1430.480) (1497.300, 1430.480) on layer: met5
Net VDD: dangling Wire at (802.930, 2.480) (802.930, 2.480) on layer: met4
Net VDD: dangling Wire at (775.790, 2.480) (775.790, 2.480) on layer: met4
Net VDD: dangling Wire at (830.070, 2.480) (830.070, 2.480) on layer: met4
Net VDD: dangling Wire at (857.210, 2.480) (857.210, 2.480) on layer: met4
Net VDD: dangling Wire at (884.350, 2.480) (884.350, 2.480) on layer: met4
Net VDD: dangling Wire at (911.490, 2.480) (911.490, 2.480) on layer: met4
Net VDD: dangling Wire at (938.630, 2.480) (938.630, 2.480) on layer: met4
Net VDD: dangling Wire at (965.770, 2.480) (965.770, 2.480) on layer: met4
Net VDD: dangling Wire at (992.910, 2.480) (992.910, 2.480) on layer: met4
Net VDD: dangling Wire at (1020.050, 2.480) (1020.050, 2.480) on layer: met4
Net VDD: dangling Wire at (1047.190, 2.480) (1047.190, 2.480) on layer: met4
Net VDD: dangling Wire at (1074.330, 2.480) (1074.330, 2.480) on layer: met4
Net VDD: dangling Wire at (1101.470, 2.480) (1101.470, 2.480) on layer: met4
Net VDD: dangling Wire at (1128.610, 2.480) (1128.610, 2.480) on layer: met4
Net VDD: dangling Wire at (1155.750, 2.480) (1155.750, 2.480) on layer: met4
Net VDD: dangling Wire at (1182.890, 2.480) (1182.890, 2.480) on layer: met4
Net VDD: dangling Wire at (1210.030, 2.480) (1210.030, 2.480) on layer: met4
Net VDD: dangling Wire at (1237.170, 2.480) (1237.170, 2.480) on layer: met4
Net VDD: dangling Wire at (1264.310, 2.480) (1264.310, 2.480) on layer: met4
Net VDD: dangling Wire at (1291.450, 2.480) (1291.450, 2.480) on layer: met4
Net VDD: dangling Wire at (1318.590, 2.480) (1318.590, 2.480) on layer: met4
Net VDD: dangling Wire at (1345.730, 2.480) (1345.730, 2.480) on layer: met4
Net VDD: dangling Wire at (1372.870, 2.480) (1372.870, 2.480) on layer: met4
Net VDD: dangling Wire at (1400.010, 2.480) (1400.010, 2.480) on layer: met4
Net VDD: dangling Wire at (1427.150, 2.480) (1427.150, 2.480) on layer: met4
Net VDD: dangling Wire at (1454.290, 2.480) (1454.290, 2.480) on layer: met4
Net VDD: dangling Wire at (1481.430, 2.480) (1481.430, 2.480) on layer: met4
Net VDD: dangling Wire at (2.300, 886.480) (2.300, 886.480) on layer: met5
Net VDD: dangling Wire at (1497.300, 886.480) (1497.300, 886.480) on layer: met5
Net VDD: dangling Wire at (2.300, 913.680) (2.300, 913.680) on layer: met5
Net VDD: dangling Wire at (1497.300, 913.680) (1497.300, 913.680) on layer: met5
Net VDD: dangling Wire at (2.300, 859.280) (2.300, 859.280) on layer: met5
Net VDD: dangling Wire at (1497.300, 859.280) (1497.300, 859.280) on layer: met5
Net VDD: dangling Wire at (2.300, 832.080) (2.300, 832.080) on layer: met5
Net VDD: dangling Wire at (1497.300, 832.080) (1497.300, 832.080) on layer: met5
Net VDD: dangling Wire at (2.300, 804.880) (2.300, 804.880) on layer: met5
Net VDD: dangling Wire at (1497.300, 804.880) (1497.300, 804.880) on layer: met5
Net VDD: dangling Wire at (2.300, 777.680) (2.300, 777.680) on layer: met5
Net VDD: dangling Wire at (1497.300, 777.680) (1497.300, 777.680) on layer: met5
Net VDD: dangling Wire at (2.300, 750.480) (2.300, 750.480) on layer: met5
Net VDD: dangling Wire at (1497.300, 750.480) (1497.300, 750.480) on layer: met5
Net VDD: dangling Wire at (2.300, 1484.880) (2.300, 1484.880) on layer: met5
Net VDD: dangling Wire at (1497.300, 1484.880) (1497.300, 1484.880) on layer: met5
Net VDD: dangling Wire at (2.300, 505.680) (2.300, 505.680) on layer: met5
Net VDD: dangling Wire at (1497.300, 505.680) (1497.300, 505.680) on layer: met5
Net VDD: dangling Wire at (43.010, 2.480) (43.010, 2.480) on layer: met4
Net VDD: dangling Wire at (70.150, 2.480) (70.150, 2.480) on layer: met4
Net VDD: dangling Wire at (97.290, 2.480) (97.290, 2.480) on layer: met4
Net VDD: dangling Wire at (124.430, 2.480) (124.430, 2.480) on layer: met4
Net VDD: dangling Wire at (151.570, 2.480) (151.570, 2.480) on layer: met4
Net VDD: dangling Wire at (178.710, 2.480) (178.710, 2.480) on layer: met4
Net VDD: dangling Wire at (2.300, 369.680) (2.300, 369.680) on layer: met5
Net VDD: dangling Wire at (1497.300, 369.680) (1497.300, 369.680) on layer: met5
Net VDD: dangling Wire at (205.850, 2.480) (205.850, 2.480) on layer: met4
Net VDD: dangling Wire at (232.990, 2.480) (232.990, 2.480) on layer: met4
Net VDD: dangling Wire at (2.300, 342.480) (2.300, 342.480) on layer: met5
Net VDD: dangling Wire at (1497.300, 342.480) (1497.300, 342.480) on layer: met5
Net VDD: dangling Wire at (260.130, 2.480) (260.130, 2.480) on layer: met4
Net VDD: dangling Wire at (287.270, 2.480) (287.270, 2.480) on layer: met4
Net VDD: dangling Wire at (314.410, 2.480) (314.410, 2.480) on layer: met4
Net VDD: dangling Wire at (341.550, 2.480) (341.550, 2.480) on layer: met4
Net VDD: dangling Wire at (2.300, 315.280) (2.300, 315.280) on layer: met5
Net VDD: dangling Wire at (1497.300, 315.280) (1497.300, 315.280) on layer: met5
Net VDD: dangling Wire at (368.690, 2.480) (368.690, 2.480) on layer: met4
Net VDD: dangling Wire at (395.830, 2.480) (395.830, 2.480) on layer: met4
Net VDD: dangling Wire at (422.970, 2.480) (422.970, 2.480) on layer: met4
Net VDD: dangling Wire at (450.110, 2.480) (450.110, 2.480) on layer: met4
Net VDD: dangling Wire at (477.250, 2.480) (477.250, 2.480) on layer: met4
Net VDD: dangling Wire at (504.390, 2.480) (504.390, 2.480) on layer: met4
Net VDD: dangling Wire at (2.300, 288.080) (2.300, 288.080) on layer: met5
Net VDD: dangling Wire at (1497.300, 288.080) (1497.300, 288.080) on layer: met5
Net VDD: dangling Wire at (531.530, 2.480) (531.530, 2.480) on layer: met4
Net VDD: dangling Wire at (2.300, 233.680) (2.300, 233.680) on layer: met5
Net VDD: dangling Wire at (1497.300, 233.680) (1497.300, 233.680) on layer: met5
Net VDD: dangling Wire at (558.670, 2.480) (558.670, 2.480) on layer: met4
Net VDD: dangling Wire at (2.300, 260.880) (2.300, 260.880) on layer: met5
Net VDD: dangling Wire at (1497.300, 260.880) (1497.300, 260.880) on layer: met5
Net VDD: dangling Wire at (585.810, 2.480) (585.810, 2.480) on layer: met4
Net VDD: dangling Wire at (612.950, 2.480) (612.950, 2.480) on layer: met4
Net VDD: dangling Wire at (640.090, 2.480) (640.090, 2.480) on layer: met4
Net VDD: dangling Wire at (667.230, 2.480) (667.230, 2.480) on layer: met4
Net VDD: dangling Wire at (694.370, 2.480) (694.370, 2.480) on layer: met4
Net VDD: dangling Wire at (721.510, 2.480) (721.510, 2.480) on layer: met4
Net VDD: dangling Wire at (748.650, 2.480) (748.650, 2.480) on layer: met4
Net VDD: dangling Wire at (2.300, 206.480) (2.300, 206.480) on layer: met5
Net VDD: dangling Wire at (1497.300, 206.480) (1497.300, 206.480) on layer: met5
Net VDD: dangling Wire at (2.300, 97.680) (2.300, 97.680) on layer: met5
Net VDD: dangling Wire at (1497.300, 97.680) (1497.300, 97.680) on layer: met5
Net VDD: dangling Wire at (2.300, 179.280) (2.300, 179.280) on layer: met5
Net VDD: dangling Wire at (1497.300, 179.280) (1497.300, 179.280) on layer: met5
Net VDD: dangling Wire at (2.300, 152.080) (2.300, 152.080) on layer: met5
Net VDD: dangling Wire at (1497.300, 152.080) (1497.300, 152.080) on layer: met5
Net VDD: dangling Wire at (2.300, 124.880) (2.300, 124.880) on layer: met5
Net VDD: dangling Wire at (1497.300, 124.880) (1497.300, 124.880) on layer: met5
Net VDD: dangling Wire at (2.300, 43.280) (2.300, 43.280) on layer: met5
Net VDD: dangling Wire at (1497.300, 43.280) (1497.300, 43.280) on layer: met5
Net VDD: dangling Wire at (2.300, 70.480) (2.300, 70.480) on layer: met5
Net VDD: dangling Wire at (1497.300, 70.480) (1497.300, 70.480) on layer: met5
Net VDD: dangling Wire at (2.300, 16.080) (2.300, 16.080) on layer: met5
Net VDD: dangling Wire at (1497.300, 16.080) (1497.300, 16.080) on layer: met5
Net VDD: dangling Wire at (2.300, 560.080) (2.300, 560.080) on layer: met5
Net VDD: dangling Wire at (1497.300, 560.080) (1497.300, 560.080) on layer: met5
Net VDD: dangling Wire at (2.300, 532.880) (2.300, 532.880) on layer: met5
Net VDD: dangling Wire at (1497.300, 532.880) (1497.300, 532.880) on layer: met5
Net VDD: dangling Wire at (2.300, 478.480) (2.300, 478.480) on layer: met5
Net VDD: dangling Wire at (1497.300, 478.480) (1497.300, 478.480) on layer: met5
Net VDD: dangling Wire at (2.300, 424.080) (2.300, 424.080) on layer: met5
Net VDD: dangling Wire at (1497.300, 424.080) (1497.300, 424.080) on layer: met5
Net VDD: dangling Wire at (2.300, 451.280) (2.300, 451.280) on layer: met5
Net VDD: dangling Wire at (1497.300, 451.280) (1497.300, 451.280) on layer: met5
Net VDD: dangling Wire at (2.300, 396.880) (2.300, 396.880) on layer: met5
Net VDD: dangling Wire at (1497.300, 396.880) (1497.300, 396.880) on layer: met5
Net VDD: dangling Wire at (2.300, 614.480) (2.300, 614.480) on layer: met5
Net VDD: dangling Wire at (1497.300, 614.480) (1497.300, 614.480) on layer: met5
Net VDD: dangling Wire at (2.300, 641.680) (2.300, 641.680) on layer: met5
Net VDD: dangling Wire at (1497.300, 641.680) (1497.300, 641.680) on layer: met5
Net VDD: dangling Wire at (2.300, 587.280) (2.300, 587.280) on layer: met5
Net VDD: dangling Wire at (1497.300, 587.280) (1497.300, 587.280) on layer: met5
Net VDD: dangling Wire at (2.300, 696.080) (2.300, 696.080) on layer: met5
Net VDD: dangling Wire at (1497.300, 696.080) (1497.300, 696.080) on layer: met5
Net VDD: dangling Wire at (2.300, 668.880) (2.300, 668.880) on layer: met5
Net VDD: dangling Wire at (1497.300, 668.880) (1497.300, 668.880) on layer: met5
Net VDD: dangling Wire at (2.300, 723.280) (2.300, 723.280) on layer: met5
Net VDD: dangling Wire at (1497.300, 723.280) (1497.300, 723.280) on layer: met5
Net VDD: dangling Wire at (15.870, 2.480) (15.870, 2.480) on layer: met4

Begin Summary
    37 Problem(s) (IMPVFC-93): The net has a loop.
    328 Problem(s) (IMPVFC-94): The net has dangling wire(s).
    365 total info(s) created.
End Summary
